[0.080s] DEBUG:colcon:Command line arguments: ['/usr/bin/colcon', 'build']
[0.080s] DEBUG:colcon:Parsed command line arguments: Namespace(log_base=None, log_level=None, verb_name='build', build_base='build', install_base='install', merge_install=False, symlink_install=False, test_result_base=None, continue_on_error=False, executor='parallel', parallel_workers=16, event_handlers=None, ignore_user_meta=False, metas=['./colcon.meta'], base_paths=['.'], packages_ignore=None, packages_ignore_regex=None, paths=None, packages_up_to=None, packages_up_to_regex=None, packages_above=None, packages_above_and_dependencies=None, packages_above_depth=None, packages_select_by_dep=None, packages_skip_by_dep=None, packages_skip_up_to=None, packages_select_build_failed=False, packages_skip_build_finished=False, packages_select_test_failures=False, packages_skip_test_passed=False, packages_select=None, packages_skip=None, packages_select_regex=None, packages_skip_regex=None, packages_start=None, packages_end=None, allow_overriding=[], cmake_args=None, cmake_target=None, cmake_target_skip_unavailable=False, cmake_clean_cache=False, cmake_clean_first=False, cmake_force_configure=False, ament_cmake_args=None, catkin_cmake_args=None, catkin_skip_building_tests=False, mixin_files=None, mixin=None, verb_parser=<colcon_mixin.mixin.mixin_argument.MixinArgumentDecorator object at 0x7b6e2a46f070>, verb_extension=<colcon_core.verb.build.BuildVerb object at 0x7b6e2a5b0700>, main=<bound method BuildVerb.main of <colcon_core.verb.build.BuildVerb object at 0x7b6e2a5b0700>>, mixin_verb=('build',))
[0.228s] Level 1:colcon.colcon_core.package_discovery:discover_packages(colcon_meta) check parameters
[0.228s] Level 1:colcon.colcon_core.package_discovery:discover_packages(recursive) check parameters
[0.228s] Level 1:colcon.colcon_core.package_discovery:discover_packages(ignore) check parameters
[0.228s] Level 1:colcon.colcon_core.package_discovery:discover_packages(path) check parameters
[0.228s] Level 1:colcon.colcon_core.package_discovery:discover_packages(colcon_meta) discover
[0.228s] Level 1:colcon.colcon_core.package_discovery:discover_packages(recursive) discover
[0.228s] INFO:colcon.colcon_core.package_discovery:Crawling recursively for packages in '/home/bojithakash68/sid_ws'
[0.228s] Level 1:colcon.colcon_core.package_identification:_identify(.) by extensions ['ignore', 'ignore_ament_install']
[0.228s] Level 1:colcon.colcon_core.package_identification:_identify(.) by extension 'ignore'
[0.228s] Level 1:colcon.colcon_core.package_identification:_identify(.) by extension 'ignore_ament_install'
[0.228s] Level 1:colcon.colcon_core.package_identification:_identify(.) by extensions ['colcon_pkg']
[0.228s] Level 1:colcon.colcon_core.package_identification:_identify(.) by extension 'colcon_pkg'
[0.228s] Level 1:colcon.colcon_core.package_identification:_identify(.) by extensions ['colcon_meta']
[0.228s] Level 1:colcon.colcon_core.package_identification:_identify(.) by extension 'colcon_meta'
[0.228s] Level 1:colcon.colcon_core.package_identification:_identify(.) by extensions ['ros']
[0.229s] Level 1:colcon.colcon_core.package_identification:_identify(.) by extension 'ros'
[0.237s] Level 1:colcon.colcon_core.package_identification:_identify(.) by extensions ['cmake', 'python']
[0.237s] Level 1:colcon.colcon_core.package_identification:_identify(.) by extension 'cmake'
[0.237s] Level 1:colcon.colcon_core.package_identification:_identify(.) by extension 'python'
[0.237s] Level 1:colcon.colcon_core.package_identification:_identify(.) by extensions ['python_setup_py']
[0.237s] Level 1:colcon.colcon_core.package_identification:_identify(.) by extension 'python_setup_py'
[0.237s] Level 1:colcon.colcon_core.package_identification:_identify(build) by extensions ['ignore', 'ignore_ament_install']
[0.237s] Level 1:colcon.colcon_core.package_identification:_identify(build) by extension 'ignore'
[0.237s] Level 1:colcon.colcon_core.package_identification:_identify(build) ignored
[0.237s] Level 1:colcon.colcon_core.package_identification:_identify(install) by extensions ['ignore', 'ignore_ament_install']
[0.237s] Level 1:colcon.colcon_core.package_identification:_identify(install) by extension 'ignore'
[0.237s] Level 1:colcon.colcon_core.package_identification:_identify(install) ignored
[0.237s] Level 1:colcon.colcon_core.package_identification:_identify(log) by extensions ['ignore', 'ignore_ament_install']
[0.237s] Level 1:colcon.colcon_core.package_identification:_identify(log) by extension 'ignore'
[0.237s] Level 1:colcon.colcon_core.package_identification:_identify(log) ignored
[0.238s] Level 1:colcon.colcon_core.package_identification:_identify(src) by extensions ['ignore', 'ignore_ament_install']
[0.238s] Level 1:colcon.colcon_core.package_identification:_identify(src) by extension 'ignore'
[0.238s] Level 1:colcon.colcon_core.package_identification:_identify(src) by extension 'ignore_ament_install'
[0.238s] Level 1:colcon.colcon_core.package_identification:_identify(src) by extensions ['colcon_pkg']
[0.238s] Level 1:colcon.colcon_core.package_identification:_identify(src) by extension 'colcon_pkg'
[0.238s] Level 1:colcon.colcon_core.package_identification:_identify(src) by extensions ['colcon_meta']
[0.238s] Level 1:colcon.colcon_core.package_identification:_identify(src) by extension 'colcon_meta'
[0.238s] Level 1:colcon.colcon_core.package_identification:_identify(src) by extensions ['ros']
[0.238s] Level 1:colcon.colcon_core.package_identification:_identify(src) by extension 'ros'
[0.238s] Level 1:colcon.colcon_core.package_identification:_identify(src) by extensions ['cmake', 'python']
[0.238s] Level 1:colcon.colcon_core.package_identification:_identify(src) by extension 'cmake'
[0.238s] Level 1:colcon.colcon_core.package_identification:_identify(src) by extension 'python'
[0.238s] Level 1:colcon.colcon_core.package_identification:_identify(src) by extensions ['python_setup_py']
[0.238s] Level 1:colcon.colcon_core.package_identification:_identify(src) by extension 'python_setup_py'
[0.238s] Level 1:colcon.colcon_core.package_identification:_identify(src/walle_controller) by extensions ['ignore', 'ignore_ament_install']
[0.238s] Level 1:colcon.colcon_core.package_identification:_identify(src/walle_controller) by extension 'ignore'
[0.238s] Level 1:colcon.colcon_core.package_identification:_identify(src/walle_controller) by extension 'ignore_ament_install'
[0.238s] Level 1:colcon.colcon_core.package_identification:_identify(src/walle_controller) by extensions ['colcon_pkg']
[0.238s] Level 1:colcon.colcon_core.package_identification:_identify(src/walle_controller) by extension 'colcon_pkg'
[0.238s] Level 1:colcon.colcon_core.package_identification:_identify(src/walle_controller) by extensions ['colcon_meta']
[0.238s] Level 1:colcon.colcon_core.package_identification:_identify(src/walle_controller) by extension 'colcon_meta'
[0.238s] Level 1:colcon.colcon_core.package_identification:_identify(src/walle_controller) by extensions ['ros']
[0.238s] Level 1:colcon.colcon_core.package_identification:_identify(src/walle_controller) by extension 'ros'
[0.250s] DEBUG:colcon.colcon_core.package_identification:Package 'src/walle_controller' with type 'ros.ament_cmake' and name 'walle_controller'
[0.250s] Level 1:colcon.colcon_core.package_identification:_identify(src/walle_description) by extensions ['ignore', 'ignore_ament_install']
[0.250s] Level 1:colcon.colcon_core.package_identification:_identify(src/walle_description) by extension 'ignore'
[0.250s] Level 1:colcon.colcon_core.package_identification:_identify(src/walle_description) by extension 'ignore_ament_install'
[0.250s] Level 1:colcon.colcon_core.package_identification:_identify(src/walle_description) by extensions ['colcon_pkg']
[0.250s] Level 1:colcon.colcon_core.package_identification:_identify(src/walle_description) by extension 'colcon_pkg'
[0.250s] Level 1:colcon.colcon_core.package_identification:_identify(src/walle_description) by extensions ['colcon_meta']
[0.250s] Level 1:colcon.colcon_core.package_identification:_identify(src/walle_description) by extension 'colcon_meta'
[0.250s] Level 1:colcon.colcon_core.package_identification:_identify(src/walle_description) by extensions ['ros']
[0.250s] Level 1:colcon.colcon_core.package_identification:_identify(src/walle_description) by extension 'ros'
[0.251s] DEBUG:colcon.colcon_core.package_identification:Package 'src/walle_description' with type 'ros.ament_python' and name 'walle_description'
[0.251s] Level 1:colcon.colcon_core.package_identification:_identify(src/walle_msg) by extensions ['ignore', 'ignore_ament_install']
[0.251s] Level 1:colcon.colcon_core.package_identification:_identify(src/walle_msg) by extension 'ignore'
[0.251s] Level 1:colcon.colcon_core.package_identification:_identify(src/walle_msg) by extension 'ignore_ament_install'
[0.251s] Level 1:colcon.colcon_core.package_identification:_identify(src/walle_msg) by extensions ['colcon_pkg']
[0.251s] Level 1:colcon.colcon_core.package_identification:_identify(src/walle_msg) by extension 'colcon_pkg'
[0.251s] Level 1:colcon.colcon_core.package_identification:_identify(src/walle_msg) by extensions ['colcon_meta']
[0.251s] Level 1:colcon.colcon_core.package_identification:_identify(src/walle_msg) by extension 'colcon_meta'
[0.251s] Level 1:colcon.colcon_core.package_identification:_identify(src/walle_msg) by extensions ['ros']
[0.251s] Level 1:colcon.colcon_core.package_identification:_identify(src/walle_msg) by extension 'ros'
[0.251s] DEBUG:colcon.colcon_core.package_identification:Package 'src/walle_msg' with type 'ros.ament_cmake' and name 'walle_msg'
[0.252s] Level 1:colcon.colcon_core.package_discovery:discover_packages(recursive) using defaults
[0.252s] Level 1:colcon.colcon_core.package_discovery:discover_packages(ignore) discover
[0.252s] Level 1:colcon.colcon_core.package_discovery:discover_packages(ignore) using defaults
[0.252s] Level 1:colcon.colcon_core.package_discovery:discover_packages(path) discover
[0.252s] Level 1:colcon.colcon_core.package_discovery:discover_packages(path) using defaults
[0.268s] Level 1:colcon.colcon_core.package_discovery:discover_packages(prefix_path) check parameters
[0.268s] Level 1:colcon.colcon_core.package_discovery:discover_packages(prefix_path) discover
[0.270s] DEBUG:colcon.colcon_installed_package_information.package_discovery:Found 392 installed packages in /opt/ros/humble
[0.272s] Level 1:colcon.colcon_core.package_discovery:discover_packages(prefix_path) using defaults
[0.308s] Level 5:colcon.colcon_core.verb:set package 'walle_description' build argument 'cmake_args' from command line to 'None'
[0.308s] Level 5:colcon.colcon_core.verb:set package 'walle_description' build argument 'cmake_target' from command line to 'None'
[0.308s] Level 5:colcon.colcon_core.verb:set package 'walle_description' build argument 'cmake_target_skip_unavailable' from command line to 'False'
[0.308s] Level 5:colcon.colcon_core.verb:set package 'walle_description' build argument 'cmake_clean_cache' from command line to 'False'
[0.308s] Level 5:colcon.colcon_core.verb:set package 'walle_description' build argument 'cmake_clean_first' from command line to 'False'
[0.308s] Level 5:colcon.colcon_core.verb:set package 'walle_description' build argument 'cmake_force_configure' from command line to 'False'
[0.308s] Level 5:colcon.colcon_core.verb:set package 'walle_description' build argument 'ament_cmake_args' from command line to 'None'
[0.308s] Level 5:colcon.colcon_core.verb:set package 'walle_description' build argument 'catkin_cmake_args' from command line to 'None'
[0.308s] Level 5:colcon.colcon_core.verb:set package 'walle_description' build argument 'catkin_skip_building_tests' from command line to 'False'
[0.308s] DEBUG:colcon.colcon_core.verb:Building package 'walle_description' with the following arguments: {'ament_cmake_args': None, 'build_base': '/home/bojithakash68/sid_ws/build/walle_description', 'catkin_cmake_args': None, 'catkin_skip_building_tests': False, 'cmake_args': None, 'cmake_clean_cache': False, 'cmake_clean_first': False, 'cmake_force_configure': False, 'cmake_target': None, 'cmake_target_skip_unavailable': False, 'install_base': '/home/bojithakash68/sid_ws/install/walle_description', 'merge_install': False, 'path': '/home/bojithakash68/sid_ws/src/walle_description', 'symlink_install': False, 'test_result_base': None}
[0.308s] Level 5:colcon.colcon_core.verb:set package 'walle_msg' build argument 'cmake_args' from command line to 'None'
[0.308s] Level 5:colcon.colcon_core.verb:set package 'walle_msg' build argument 'cmake_target' from command line to 'None'
[0.308s] Level 5:colcon.colcon_core.verb:set package 'walle_msg' build argument 'cmake_target_skip_unavailable' from command line to 'False'
[0.308s] Level 5:colcon.colcon_core.verb:set package 'walle_msg' build argument 'cmake_clean_cache' from command line to 'False'
[0.308s] Level 5:colcon.colcon_core.verb:set package 'walle_msg' build argument 'cmake_clean_first' from command line to 'False'
[0.308s] Level 5:colcon.colcon_core.verb:set package 'walle_msg' build argument 'cmake_force_configure' from command line to 'False'
[0.308s] Level 5:colcon.colcon_core.verb:set package 'walle_msg' build argument 'ament_cmake_args' from command line to 'None'
[0.308s] Level 5:colcon.colcon_core.verb:set package 'walle_msg' build argument 'catkin_cmake_args' from command line to 'None'
[0.308s] Level 5:colcon.colcon_core.verb:set package 'walle_msg' build argument 'catkin_skip_building_tests' from command line to 'False'
[0.308s] DEBUG:colcon.colcon_core.verb:Building package 'walle_msg' with the following arguments: {'ament_cmake_args': None, 'build_base': '/home/bojithakash68/sid_ws/build/walle_msg', 'catkin_cmake_args': None, 'catkin_skip_building_tests': False, 'cmake_args': None, 'cmake_clean_cache': False, 'cmake_clean_first': False, 'cmake_force_configure': False, 'cmake_target': None, 'cmake_target_skip_unavailable': False, 'install_base': '/home/bojithakash68/sid_ws/install/walle_msg', 'merge_install': False, 'path': '/home/bojithakash68/sid_ws/src/walle_msg', 'symlink_install': False, 'test_result_base': None}
[0.309s] Level 5:colcon.colcon_core.verb:set package 'walle_controller' build argument 'cmake_args' from command line to 'None'
[0.309s] Level 5:colcon.colcon_core.verb:set package 'walle_controller' build argument 'cmake_target' from command line to 'None'
[0.309s] Level 5:colcon.colcon_core.verb:set package 'walle_controller' build argument 'cmake_target_skip_unavailable' from command line to 'False'
[0.309s] Level 5:colcon.colcon_core.verb:set package 'walle_controller' build argument 'cmake_clean_cache' from command line to 'False'
[0.309s] Level 5:colcon.colcon_core.verb:set package 'walle_controller' build argument 'cmake_clean_first' from command line to 'False'
[0.309s] Level 5:colcon.colcon_core.verb:set package 'walle_controller' build argument 'cmake_force_configure' from command line to 'False'
[0.309s] Level 5:colcon.colcon_core.verb:set package 'walle_controller' build argument 'ament_cmake_args' from command line to 'None'
[0.309s] Level 5:colcon.colcon_core.verb:set package 'walle_controller' build argument 'catkin_cmake_args' from command line to 'None'
[0.309s] Level 5:colcon.colcon_core.verb:set package 'walle_controller' build argument 'catkin_skip_building_tests' from command line to 'False'
[0.309s] DEBUG:colcon.colcon_core.verb:Building package 'walle_controller' with the following arguments: {'ament_cmake_args': None, 'build_base': '/home/bojithakash68/sid_ws/build/walle_controller', 'catkin_cmake_args': None, 'catkin_skip_building_tests': False, 'cmake_args': None, 'cmake_clean_cache': False, 'cmake_clean_first': False, 'cmake_force_configure': False, 'cmake_target': None, 'cmake_target_skip_unavailable': False, 'install_base': '/home/bojithakash68/sid_ws/install/walle_controller', 'merge_install': False, 'path': '/home/bojithakash68/sid_ws/src/walle_controller', 'symlink_install': False, 'test_result_base': None}
[0.309s] INFO:colcon.colcon_core.executor:Executing jobs using 'parallel' executor
[0.310s] DEBUG:colcon.colcon_parallel_executor.executor.parallel:run_until_complete
[0.310s] INFO:colcon.colcon_ros.task.ament_cmake.build:Building ROS package in '/home/bojithakash68/sid_ws/src/walle_msg' with build type 'ament_cmake'
[0.310s] INFO:colcon.colcon_cmake.task.cmake.build:Building CMake package in '/home/bojithakash68/sid_ws/src/walle_msg'
[0.312s] INFO:colcon.colcon_core.plugin_system:Skipping extension 'colcon_core.shell.bat': Not used on non-Windows systems
[0.312s] INFO:colcon.colcon_core.shell:Skip shell extension 'powershell' for command environment: Not usable outside of PowerShell
[0.312s] DEBUG:colcon.colcon_core.shell:Skip shell extension 'dsv' for command environment
[0.314s] INFO:colcon.colcon_ros.task.ament_python.build:Building ROS package in '/home/bojithakash68/sid_ws/src/walle_description' with build type 'ament_python'
[0.315s] Level 1:colcon.colcon_core.shell:create_environment_hook('walle_description', 'ament_prefix_path')
[0.315s] INFO:colcon.colcon_core.shell:Creating environment hook '/home/bojithakash68/sid_ws/install/walle_description/share/walle_description/hook/ament_prefix_path.ps1'
[0.315s] INFO:colcon.colcon_core.shell:Creating environment descriptor '/home/bojithakash68/sid_ws/install/walle_description/share/walle_description/hook/ament_prefix_path.dsv'
[0.316s] INFO:colcon.colcon_core.shell:Creating environment hook '/home/bojithakash68/sid_ws/install/walle_description/share/walle_description/hook/ament_prefix_path.sh'
[0.316s] INFO:colcon.colcon_core.shell:Skip shell extension 'powershell' for command environment: Not usable outside of PowerShell
[0.316s] DEBUG:colcon.colcon_core.shell:Skip shell extension 'dsv' for command environment
[0.323s] DEBUG:colcon.colcon_core.event_handler.log_command:Invoking command in '/home/bojithakash68/sid_ws/build/walle_msg': CMAKE_PREFIX_PATH=/opt/ros/humble /usr/bin/cmake --build /home/bojithakash68/sid_ws/build/walle_msg -- -j16 -l16
[0.577s] INFO:colcon.colcon_core.task.python.build:Building Python package in '/home/bojithakash68/sid_ws/src/walle_description'
[0.577s] INFO:colcon.colcon_core.shell:Skip shell extension 'powershell' for command environment: Not usable outside of PowerShell
[0.577s] DEBUG:colcon.colcon_core.shell:Skip shell extension 'dsv' for command environment
[0.701s] DEBUG:colcon.colcon_core.event_handler.log_command:Invoked command in '/home/bojithakash68/sid_ws/build/walle_msg' returned '0': CMAKE_PREFIX_PATH=/opt/ros/humble /usr/bin/cmake --build /home/bojithakash68/sid_ws/build/walle_msg -- -j16 -l16
[0.713s] DEBUG:colcon.colcon_core.event_handler.log_command:Invoking command in '/home/bojithakash68/sid_ws/build/walle_msg': CMAKE_PREFIX_PATH=/opt/ros/humble /usr/bin/cmake --install /home/bojithakash68/sid_ws/build/walle_msg
[0.763s] Level 1:colcon.colcon_core.environment:create_environment_scripts_only(walle_msg)
[0.764s] DEBUG:colcon.colcon_core.event_handler.log_command:Invoked command in '/home/bojithakash68/sid_ws/build/walle_msg' returned '0': CMAKE_PREFIX_PATH=/opt/ros/humble /usr/bin/cmake --install /home/bojithakash68/sid_ws/build/walle_msg
[0.765s] Level 1:colcon.colcon_core.environment:checking '/home/bojithakash68/sid_ws/install/walle_msg' for CMake module files
[0.766s] Level 1:colcon.colcon_core.environment:checking '/home/bojithakash68/sid_ws/install/walle_msg' for CMake config files
[0.766s] Level 1:colcon.colcon_core.shell:create_environment_hook('walle_msg', 'cmake_prefix_path')
[0.766s] INFO:colcon.colcon_core.shell:Creating environment hook '/home/bojithakash68/sid_ws/install/walle_msg/share/walle_msg/hook/cmake_prefix_path.ps1'
[0.767s] INFO:colcon.colcon_core.shell:Creating environment descriptor '/home/bojithakash68/sid_ws/install/walle_msg/share/walle_msg/hook/cmake_prefix_path.dsv'
[0.767s] INFO:colcon.colcon_core.shell:Creating environment hook '/home/bojithakash68/sid_ws/install/walle_msg/share/walle_msg/hook/cmake_prefix_path.sh'
[0.768s] Level 1:colcon.colcon_core.environment:checking '/home/bojithakash68/sid_ws/install/walle_msg/lib'
[0.768s] Level 1:colcon.colcon_core.shell:create_environment_hook('walle_msg', 'ld_library_path_lib')
[0.768s] INFO:colcon.colcon_core.shell:Creating environment hook '/home/bojithakash68/sid_ws/install/walle_msg/share/walle_msg/hook/ld_library_path_lib.ps1'
[0.768s] INFO:colcon.colcon_core.shell:Creating environment descriptor '/home/bojithakash68/sid_ws/install/walle_msg/share/walle_msg/hook/ld_library_path_lib.dsv'
[0.768s] INFO:colcon.colcon_core.shell:Creating environment hook '/home/bojithakash68/sid_ws/install/walle_msg/share/walle_msg/hook/ld_library_path_lib.sh'
[0.769s] Level 1:colcon.colcon_core.environment:checking '/home/bojithakash68/sid_ws/install/walle_msg/bin'
[0.769s] Level 1:colcon.colcon_core.environment:checking '/home/bojithakash68/sid_ws/install/walle_msg/lib/pkgconfig/walle_msg.pc'
[0.769s] Level 1:colcon.colcon_core.environment:checking '/home/bojithakash68/sid_ws/install/walle_msg/lib/python3.10/site-packages'
[0.769s] Level 1:colcon.colcon_core.environment:checking '/home/bojithakash68/sid_ws/install/walle_msg/bin'
[0.769s] INFO:colcon.colcon_core.shell:Creating package script '/home/bojithakash68/sid_ws/install/walle_msg/share/walle_msg/package.ps1'
[0.770s] INFO:colcon.colcon_core.shell:Creating package descriptor '/home/bojithakash68/sid_ws/install/walle_msg/share/walle_msg/package.dsv'
[0.770s] INFO:colcon.colcon_core.shell:Creating package script '/home/bojithakash68/sid_ws/install/walle_msg/share/walle_msg/package.sh'
[0.771s] INFO:colcon.colcon_core.shell:Creating package script '/home/bojithakash68/sid_ws/install/walle_msg/share/walle_msg/package.bash'
[0.772s] INFO:colcon.colcon_core.shell:Creating package script '/home/bojithakash68/sid_ws/install/walle_msg/share/walle_msg/package.zsh'
[0.772s] Level 1:colcon.colcon_core.environment:create_file_with_runtime_dependencies(/home/bojithakash68/sid_ws/install/walle_msg/share/colcon-core/packages/walle_msg)
[0.773s] Level 1:colcon.colcon_core.environment:create_environment_scripts_only(walle_msg)
[0.773s] Level 1:colcon.colcon_core.environment:checking '/home/bojithakash68/sid_ws/install/walle_msg' for CMake module files
[0.773s] Level 1:colcon.colcon_core.environment:checking '/home/bojithakash68/sid_ws/install/walle_msg' for CMake config files
[0.774s] Level 1:colcon.colcon_core.shell:create_environment_hook('walle_msg', 'cmake_prefix_path')
[0.774s] INFO:colcon.colcon_core.shell:Creating environment hook '/home/bojithakash68/sid_ws/install/walle_msg/share/walle_msg/hook/cmake_prefix_path.ps1'
[0.774s] INFO:colcon.colcon_core.shell:Creating environment descriptor '/home/bojithakash68/sid_ws/install/walle_msg/share/walle_msg/hook/cmake_prefix_path.dsv'
[0.775s] INFO:colcon.colcon_core.shell:Creating environment hook '/home/bojithakash68/sid_ws/install/walle_msg/share/walle_msg/hook/cmake_prefix_path.sh'
[0.775s] Level 1:colcon.colcon_core.environment:checking '/home/bojithakash68/sid_ws/install/walle_msg/lib'
[0.775s] Level 1:colcon.colcon_core.shell:create_environment_hook('walle_msg', 'ld_library_path_lib')
[0.775s] INFO:colcon.colcon_core.shell:Creating environment hook '/home/bojithakash68/sid_ws/install/walle_msg/share/walle_msg/hook/ld_library_path_lib.ps1'
[0.776s] INFO:colcon.colcon_core.shell:Creating environment descriptor '/home/bojithakash68/sid_ws/install/walle_msg/share/walle_msg/hook/ld_library_path_lib.dsv'
[0.776s] INFO:colcon.colcon_core.shell:Creating environment hook '/home/bojithakash68/sid_ws/install/walle_msg/share/walle_msg/hook/ld_library_path_lib.sh'
[0.776s] Level 1:colcon.colcon_core.environment:checking '/home/bojithakash68/sid_ws/install/walle_msg/bin'
[0.776s] Level 1:colcon.colcon_core.environment:checking '/home/bojithakash68/sid_ws/install/walle_msg/lib/pkgconfig/walle_msg.pc'
[0.776s] Level 1:colcon.colcon_core.environment:checking '/home/bojithakash68/sid_ws/install/walle_msg/lib/python3.10/site-packages'
[0.777s] Level 1:colcon.colcon_core.environment:checking '/home/bojithakash68/sid_ws/install/walle_msg/bin'
[0.777s] INFO:colcon.colcon_core.shell:Creating package script '/home/bojithakash68/sid_ws/install/walle_msg/share/walle_msg/package.ps1'
[0.777s] INFO:colcon.colcon_core.shell:Creating package descriptor '/home/bojithakash68/sid_ws/install/walle_msg/share/walle_msg/package.dsv'
[0.778s] INFO:colcon.colcon_core.shell:Creating package script '/home/bojithakash68/sid_ws/install/walle_msg/share/walle_msg/package.sh'
[0.778s] INFO:colcon.colcon_core.shell:Creating package script '/home/bojithakash68/sid_ws/install/walle_msg/share/walle_msg/package.bash'
[0.778s] INFO:colcon.colcon_core.shell:Creating package script '/home/bojithakash68/sid_ws/install/walle_msg/share/walle_msg/package.zsh'
[0.779s] Level 1:colcon.colcon_core.environment:create_file_with_runtime_dependencies(/home/bojithakash68/sid_ws/install/walle_msg/share/colcon-core/packages/walle_msg)
[0.779s] INFO:colcon.colcon_ros.task.ament_cmake.build:Building ROS package in '/home/bojithakash68/sid_ws/src/walle_controller' with build type 'ament_cmake'
[0.779s] INFO:colcon.colcon_cmake.task.cmake.build:Building CMake package in '/home/bojithakash68/sid_ws/src/walle_controller'
[0.779s] INFO:colcon.colcon_core.shell:Skip shell extension 'powershell' for command environment: Not usable outside of PowerShell
[0.779s] DEBUG:colcon.colcon_core.shell:Skip shell extension 'dsv' for command environment
[0.793s] DEBUG:colcon.colcon_core.event_handler.log_command:Invoking command in '/home/bojithakash68/sid_ws/build/walle_controller': AMENT_PREFIX_PATH=/home/bojithakash68/sid_ws/install/walle_msg:${AMENT_PREFIX_PATH} CMAKE_PREFIX_PATH=/home/bojithakash68/sid_ws/install/walle_msg:/opt/ros/humble LD_LIBRARY_PATH=/home/bojithakash68/sid_ws/install/walle_msg/lib:${LD_LIBRARY_PATH} PYTHONPATH=/home/bojithakash68/sid_ws/install/walle_msg/local/lib/python3.10/dist-packages:${PYTHONPATH} /usr/bin/cmake --build /home/bojithakash68/sid_ws/build/walle_controller -- -j16 -l16
[0.987s] DEBUG:colcon.colcon_core.event_handler.log_command:Invoking command in '/home/bojithakash68/sid_ws/src/walle_description': PYTHONPATH=/home/bojithakash68/sid_ws/build/walle_description/prefix_override:/usr/lib/python3/dist-packages/colcon_core/task/python/colcon_distutils_commands:/home/bojithakash68/sid_ws/install/walle_description/lib/python3.10/site-packages:${PYTHONPATH} /usr/bin/python3 -W ignore:setup.py install is deprecated -W ignore:easy_install command is deprecated setup.py egg_info --egg-base ../../build/walle_description build --build-base /home/bojithakash68/sid_ws/build/walle_description/build install --record /home/bojithakash68/sid_ws/build/walle_description/install.log --single-version-externally-managed install_data
[1.209s] DEBUG:colcon.colcon_core.event_handler.log_command:Invoked command in '/home/bojithakash68/sid_ws/build/walle_controller' returned '0': AMENT_PREFIX_PATH=/home/bojithakash68/sid_ws/install/walle_msg:${AMENT_PREFIX_PATH} CMAKE_PREFIX_PATH=/home/bojithakash68/sid_ws/install/walle_msg:/opt/ros/humble LD_LIBRARY_PATH=/home/bojithakash68/sid_ws/install/walle_msg/lib:${LD_LIBRARY_PATH} PYTHONPATH=/home/bojithakash68/sid_ws/install/walle_msg/local/lib/python3.10/dist-packages:${PYTHONPATH} /usr/bin/cmake --build /home/bojithakash68/sid_ws/build/walle_controller -- -j16 -l16
[1.211s] DEBUG:colcon.colcon_core.event_handler.log_command:Invoking command in '/home/bojithakash68/sid_ws/build/walle_controller': AMENT_PREFIX_PATH=/home/bojithakash68/sid_ws/install/walle_msg:${AMENT_PREFIX_PATH} CMAKE_PREFIX_PATH=/home/bojithakash68/sid_ws/install/walle_msg:/opt/ros/humble LD_LIBRARY_PATH=/home/bojithakash68/sid_ws/install/walle_msg/lib:${LD_LIBRARY_PATH} PYTHONPATH=/home/bojithakash68/sid_ws/install/walle_msg/local/lib/python3.10/dist-packages:${PYTHONPATH} /usr/bin/cmake --install /home/bojithakash68/sid_ws/build/walle_controller
[1.267s] Level 1:colcon.colcon_core.environment:create_environment_scripts_only(walle_controller)
[1.268s] Level 1:colcon.colcon_core.environment:checking '/home/bojithakash68/sid_ws/install/walle_controller' for CMake module files
[1.268s] DEBUG:colcon.colcon_core.event_handler.log_command:Invoked command in '/home/bojithakash68/sid_ws/build/walle_controller' returned '0': AMENT_PREFIX_PATH=/home/bojithakash68/sid_ws/install/walle_msg:${AMENT_PREFIX_PATH} CMAKE_PREFIX_PATH=/home/bojithakash68/sid_ws/install/walle_msg:/opt/ros/humble LD_LIBRARY_PATH=/home/bojithakash68/sid_ws/install/walle_msg/lib:${LD_LIBRARY_PATH} PYTHONPATH=/home/bojithakash68/sid_ws/install/walle_msg/local/lib/python3.10/dist-packages:${PYTHONPATH} /usr/bin/cmake --install /home/bojithakash68/sid_ws/build/walle_controller
[1.268s] Level 1:colcon.colcon_core.environment:checking '/home/bojithakash68/sid_ws/install/walle_controller' for CMake config files
[1.269s] Level 1:colcon.colcon_core.shell:create_environment_hook('walle_controller', 'cmake_prefix_path')
[1.269s] INFO:colcon.colcon_core.shell:Creating environment hook '/home/bojithakash68/sid_ws/install/walle_controller/share/walle_controller/hook/cmake_prefix_path.ps1'
[1.270s] INFO:colcon.colcon_core.shell:Creating environment descriptor '/home/bojithakash68/sid_ws/install/walle_controller/share/walle_controller/hook/cmake_prefix_path.dsv'
[1.270s] INFO:colcon.colcon_core.shell:Creating environment hook '/home/bojithakash68/sid_ws/install/walle_controller/share/walle_controller/hook/cmake_prefix_path.sh'
[1.271s] Level 1:colcon.colcon_core.environment:checking '/home/bojithakash68/sid_ws/install/walle_controller/lib'
[1.271s] Level 1:colcon.colcon_core.environment:checking '/home/bojithakash68/sid_ws/install/walle_controller/bin'
[1.271s] Level 1:colcon.colcon_core.environment:checking '/home/bojithakash68/sid_ws/install/walle_controller/lib/pkgconfig/walle_controller.pc'
[1.271s] Level 1:colcon.colcon_core.environment:checking '/home/bojithakash68/sid_ws/install/walle_controller/lib/python3.10/site-packages'
[1.271s] Level 1:colcon.colcon_core.environment:checking '/home/bojithakash68/sid_ws/install/walle_controller/bin'
[1.271s] INFO:colcon.colcon_core.shell:Creating package script '/home/bojithakash68/sid_ws/install/walle_controller/share/walle_controller/package.ps1'
[1.272s] INFO:colcon.colcon_core.shell:Creating package descriptor '/home/bojithakash68/sid_ws/install/walle_controller/share/walle_controller/package.dsv'
[1.272s] INFO:colcon.colcon_core.shell:Creating package script '/home/bojithakash68/sid_ws/install/walle_controller/share/walle_controller/package.sh'
[1.273s] INFO:colcon.colcon_core.shell:Creating package script '/home/bojithakash68/sid_ws/install/walle_controller/share/walle_controller/package.bash'
[1.273s] INFO:colcon.colcon_core.shell:Creating package script '/home/bojithakash68/sid_ws/install/walle_controller/share/walle_controller/package.zsh'
[1.273s] Level 1:colcon.colcon_core.environment:create_file_with_runtime_dependencies(/home/bojithakash68/sid_ws/install/walle_controller/share/colcon-core/packages/walle_controller)
[1.274s] Level 1:colcon.colcon_core.environment:create_environment_scripts_only(walle_controller)
[1.274s] Level 1:colcon.colcon_core.environment:checking '/home/bojithakash68/sid_ws/install/walle_controller' for CMake module files
[1.275s] Level 1:colcon.colcon_core.environment:checking '/home/bojithakash68/sid_ws/install/walle_controller' for CMake config files
[1.275s] Level 1:colcon.colcon_core.shell:create_environment_hook('walle_controller', 'cmake_prefix_path')
[1.275s] INFO:colcon.colcon_core.shell:Creating environment hook '/home/bojithakash68/sid_ws/install/walle_controller/share/walle_controller/hook/cmake_prefix_path.ps1'
[1.276s] INFO:colcon.colcon_core.shell:Creating environment descriptor '/home/bojithakash68/sid_ws/install/walle_controller/share/walle_controller/hook/cmake_prefix_path.dsv'
[1.276s] INFO:colcon.colcon_core.shell:Creating environment hook '/home/bojithakash68/sid_ws/install/walle_controller/share/walle_controller/hook/cmake_prefix_path.sh'
[1.277s] Level 1:colcon.colcon_core.environment:checking '/home/bojithakash68/sid_ws/install/walle_controller/lib'
[1.277s] Level 1:colcon.colcon_core.environment:checking '/home/bojithakash68/sid_ws/install/walle_controller/bin'
[1.277s] Level 1:colcon.colcon_core.environment:checking '/home/bojithakash68/sid_ws/install/walle_controller/lib/pkgconfig/walle_controller.pc'
[1.277s] Level 1:colcon.colcon_core.environment:checking '/home/bojithakash68/sid_ws/install/walle_controller/lib/python3.10/site-packages'
[1.277s] Level 1:colcon.colcon_core.environment:checking '/home/bojithakash68/sid_ws/install/walle_controller/bin'
[1.278s] INFO:colcon.colcon_core.shell:Creating package script '/home/bojithakash68/sid_ws/install/walle_controller/share/walle_controller/package.ps1'
[1.278s] INFO:colcon.colcon_core.shell:Creating package descriptor '/home/bojithakash68/sid_ws/install/walle_controller/share/walle_controller/package.dsv'
[1.279s] INFO:colcon.colcon_core.shell:Creating package script '/home/bojithakash68/sid_ws/install/walle_controller/share/walle_controller/package.sh'
[1.279s] INFO:colcon.colcon_core.shell:Creating package script '/home/bojithakash68/sid_ws/install/walle_controller/share/walle_controller/package.bash'
[1.280s] INFO:colcon.colcon_core.shell:Creating package script '/home/bojithakash68/sid_ws/install/walle_controller/share/walle_controller/package.zsh'
[1.280s] Level 1:colcon.colcon_core.environment:create_file_with_runtime_dependencies(/home/bojithakash68/sid_ws/install/walle_controller/share/colcon-core/packages/walle_controller)
[1.298s] Level 1:colcon.colcon_core.environment:checking '/home/bojithakash68/sid_ws/install/walle_description' for CMake module files
[1.299s] DEBUG:colcon.colcon_core.event_handler.log_command:Invoked command in '/home/bojithakash68/sid_ws/src/walle_description' returned '0': PYTHONPATH=/home/bojithakash68/sid_ws/build/walle_description/prefix_override:/usr/lib/python3/dist-packages/colcon_core/task/python/colcon_distutils_commands:/home/bojithakash68/sid_ws/install/walle_description/lib/python3.10/site-packages:${PYTHONPATH} /usr/bin/python3 -W ignore:setup.py install is deprecated -W ignore:easy_install command is deprecated setup.py egg_info --egg-base ../../build/walle_description build --build-base /home/bojithakash68/sid_ws/build/walle_description/build install --record /home/bojithakash68/sid_ws/build/walle_description/install.log --single-version-externally-managed install_data
[1.299s] Level 1:colcon.colcon_core.environment:checking '/home/bojithakash68/sid_ws/install/walle_description' for CMake config files
[1.300s] Level 1:colcon.colcon_core.shell:create_environment_hook('walle_description', 'cmake_prefix_path')
[1.300s] INFO:colcon.colcon_core.shell:Creating environment hook '/home/bojithakash68/sid_ws/install/walle_description/share/walle_description/hook/cmake_prefix_path.ps1'
[1.300s] INFO:colcon.colcon_core.shell:Creating environment descriptor '/home/bojithakash68/sid_ws/install/walle_description/share/walle_description/hook/cmake_prefix_path.dsv'
[1.301s] INFO:colcon.colcon_core.shell:Creating environment hook '/home/bojithakash68/sid_ws/install/walle_description/share/walle_description/hook/cmake_prefix_path.sh'
[1.301s] Level 1:colcon.colcon_core.environment:checking '/home/bojithakash68/sid_ws/install/walle_description/lib'
[1.301s] Level 1:colcon.colcon_core.environment:checking '/home/bojithakash68/sid_ws/install/walle_description/bin'
[1.301s] Level 1:colcon.colcon_core.environment:checking '/home/bojithakash68/sid_ws/install/walle_description/lib/pkgconfig/walle_description.pc'
[1.301s] Level 1:colcon.colcon_core.environment:checking '/home/bojithakash68/sid_ws/install/walle_description/lib/python3.10/site-packages'
[1.302s] Level 1:colcon.colcon_core.shell:create_environment_hook('walle_description', 'pythonpath')
[1.302s] INFO:colcon.colcon_core.shell:Creating environment hook '/home/bojithakash68/sid_ws/install/walle_description/share/walle_description/hook/pythonpath.ps1'
[1.302s] INFO:colcon.colcon_core.shell:Creating environment descriptor '/home/bojithakash68/sid_ws/install/walle_description/share/walle_description/hook/pythonpath.dsv'
[1.302s] INFO:colcon.colcon_core.shell:Creating environment hook '/home/bojithakash68/sid_ws/install/walle_description/share/walle_description/hook/pythonpath.sh'
[1.303s] Level 1:colcon.colcon_core.environment:checking '/home/bojithakash68/sid_ws/install/walle_description/bin'
[1.303s] Level 1:colcon.colcon_core.environment:create_environment_scripts_only(walle_description)
[1.303s] INFO:colcon.colcon_core.shell:Creating package script '/home/bojithakash68/sid_ws/install/walle_description/share/walle_description/package.ps1'
[1.304s] INFO:colcon.colcon_core.shell:Creating package descriptor '/home/bojithakash68/sid_ws/install/walle_description/share/walle_description/package.dsv'
[1.304s] INFO:colcon.colcon_core.shell:Creating package script '/home/bojithakash68/sid_ws/install/walle_description/share/walle_description/package.sh'
[1.304s] INFO:colcon.colcon_core.shell:Creating package script '/home/bojithakash68/sid_ws/install/walle_description/share/walle_description/package.bash'
[1.305s] INFO:colcon.colcon_core.shell:Creating package script '/home/bojithakash68/sid_ws/install/walle_description/share/walle_description/package.zsh'
[1.305s] Level 1:colcon.colcon_core.environment:create_file_with_runtime_dependencies(/home/bojithakash68/sid_ws/install/walle_description/share/colcon-core/packages/walle_description)
[1.306s] DEBUG:colcon.colcon_parallel_executor.executor.parallel:closing loop
[1.306s] DEBUG:colcon.colcon_parallel_executor.executor.parallel:loop closed
[1.306s] DEBUG:colcon.colcon_parallel_executor.executor.parallel:run_until_complete finished with '0'
[1.306s] DEBUG:colcon.colcon_core.event_reactor:joining thread
[1.312s] INFO:colcon.colcon_core.plugin_system:Skipping extension 'colcon_notification.desktop_notification.terminal_notifier': Not used on non-Darwin systems
[1.312s] INFO:colcon.colcon_core.plugin_system:Skipping extension 'colcon_notification.desktop_notification.win32': Not used on non-Windows systems
[1.312s] INFO:colcon.colcon_notification.desktop_notification:Sending desktop notification using 'notify2'
[1.322s] DEBUG:colcon.colcon_core.event_reactor:joined thread
[1.323s] INFO:colcon.colcon_core.shell:Creating prefix script '/home/bojithakash68/sid_ws/install/local_setup.ps1'
[1.324s] INFO:colcon.colcon_core.shell:Creating prefix util module '/home/bojithakash68/sid_ws/install/_local_setup_util_ps1.py'
[1.325s] INFO:colcon.colcon_core.shell:Creating prefix chain script '/home/bojithakash68/sid_ws/install/setup.ps1'
[1.326s] INFO:colcon.colcon_core.shell:Creating prefix script '/home/bojithakash68/sid_ws/install/local_setup.sh'
[1.326s] INFO:colcon.colcon_core.shell:Creating prefix util module '/home/bojithakash68/sid_ws/install/_local_setup_util_sh.py'
[1.327s] INFO:colcon.colcon_core.shell:Creating prefix chain script '/home/bojithakash68/sid_ws/install/setup.sh'
[1.328s] INFO:colcon.colcon_core.shell:Creating prefix script '/home/bojithakash68/sid_ws/install/local_setup.bash'
[1.328s] INFO:colcon.colcon_core.shell:Creating prefix chain script '/home/bojithakash68/sid_ws/install/setup.bash'
[1.329s] INFO:colcon.colcon_core.shell:Creating prefix script '/home/bojithakash68/sid_ws/install/local_setup.zsh'
[1.329s] INFO:colcon.colcon_core.shell:Creating prefix chain script '/home/bojithakash68/sid_ws/install/setup.zsh'
