[0.013s] Invoking command in '/home/bojithakash68/sid_ws/build/walle_msg': CMAKE_PREFIX_PATH=/opt/ros/humble /usr/bin/cmake --build /home/bojithakash68/sid_ws/build/walle_msg -- -j16 -l16
[0.082s] [  5%] Built target walle_msg__cpp
[0.082s] [ 12%] Built target walle_msg__rosidl_generator_c
[0.093s] [ 12%] Built target ament_cmake_python_copy_walle_msg
[0.114s] [ 43%] Built target walle_msg__rosidl_typesupport_c
[0.114s] [ 43%] Built target walle_msg__rosidl_typesupport_fastrtps_c
[0.114s] [ 43%] Built target walle_msg__rosidl_typesupport_introspection_c
[0.115s] [ 53%] Built target walle_msg__rosidl_typesupport_introspection_cpp
[0.128s] [ 64%] Built target walle_msg__rosidl_typesupport_cpp
[0.128s] [ 74%] Built target walle_msg__rosidl_typesupport_fastrtps_cpp
[0.159s] [ 74%] Built target walle_msg
[0.187s] [ 76%] Built target walle_msg__py
[0.217s] [ 84%] Built target walle_msg__rosidl_generator_py
[0.251s] [ 97%] Built target walle_msg__rosidl_typesupport_fastrtps_c__pyext
[0.251s] [100%] Built target walle_msg__rosidl_typesupport_c__pyext
[0.251s] [100%] Built target walle_msg__rosidl_typesupport_introspection_c__pyext
[0.335s] running egg_info
[0.336s] writing walle_msg.egg-info/PKG-INFO
[0.336s] writing dependency_links to walle_msg.egg-info/dependency_links.txt
[0.336s] writing top-level names to walle_msg.egg-info/top_level.txt
[0.338s] reading manifest file 'walle_msg.egg-info/SOURCES.txt'
[0.338s] writing manifest file 'walle_msg.egg-info/SOURCES.txt'
[0.372s] [100%] Built target ament_cmake_python_build_walle_msg_egg
[0.390s] Invoked command in '/home/bojithakash68/sid_ws/build/walle_msg' returned '0': CMAKE_PREFIX_PATH=/opt/ros/humble /usr/bin/cmake --build /home/bojithakash68/sid_ws/build/walle_msg -- -j16 -l16
[0.402s] Invoking command in '/home/bojithakash68/sid_ws/build/walle_msg': CMAKE_PREFIX_PATH=/opt/ros/humble /usr/bin/cmake --install /home/bojithakash68/sid_ws/build/walle_msg
[0.411s] -- Install configuration: ""
[0.411s] -- Up-to-date: /home/bojithakash68/sid_ws/install/walle_msg/share/ament_index/resource_index/rosidl_interfaces/walle_msg
[0.411s] -- Up-to-date: /home/bojithakash68/sid_ws/install/walle_msg/include/walle_msg/walle_msg
[0.412s] -- Up-to-date: /home/bojithakash68/sid_ws/install/walle_msg/include/walle_msg/walle_msg/srv
[0.412s] -- Up-to-date: /home/bojithakash68/sid_ws/install/walle_msg/include/walle_msg/walle_msg/srv/add_two_ints.h
[0.412s] -- Up-to-date: /home/bojithakash68/sid_ws/install/walle_msg/include/walle_msg/walle_msg/srv/detail
[0.412s] -- Up-to-date: /home/bojithakash68/sid_ws/install/walle_msg/include/walle_msg/walle_msg/srv/detail/add_two_ints__functions.c
[0.412s] -- Up-to-date: /home/bojithakash68/sid_ws/install/walle_msg/include/walle_msg/walle_msg/srv/detail/add_two_ints__struct.h
[0.412s] -- Up-to-date: /home/bojithakash68/sid_ws/install/walle_msg/include/walle_msg/walle_msg/srv/detail/get_transform__struct.h
[0.412s] -- Up-to-date: /home/bojithakash68/sid_ws/install/walle_msg/include/walle_msg/walle_msg/srv/detail/get_transform__type_support.h
[0.412s] -- Up-to-date: /home/bojithakash68/sid_ws/install/walle_msg/include/walle_msg/walle_msg/srv/detail/add_two_ints__type_support.h
[0.412s] -- Up-to-date: /home/bojithakash68/sid_ws/install/walle_msg/include/walle_msg/walle_msg/srv/detail/add_two_ints__functions.h
[0.412s] -- Up-to-date: /home/bojithakash68/sid_ws/install/walle_msg/include/walle_msg/walle_msg/srv/detail/get_transform__functions.c
[0.412s] -- Up-to-date: /home/bojithakash68/sid_ws/install/walle_msg/include/walle_msg/walle_msg/srv/detail/get_transform__functions.h
[0.412s] -- Up-to-date: /home/bojithakash68/sid_ws/install/walle_msg/include/walle_msg/walle_msg/srv/get_transform.h
[0.412s] -- Up-to-date: /home/bojithakash68/sid_ws/install/walle_msg/include/walle_msg/walle_msg/msg
[0.412s] -- Up-to-date: /home/bojithakash68/sid_ws/install/walle_msg/include/walle_msg/walle_msg/msg/rosidl_generator_c__visibility_control.h
[0.413s] -- Up-to-date: /home/bojithakash68/sid_ws/install/walle_msg/share/walle_msg/environment/library_path.sh
[0.413s] -- Up-to-date: /home/bojithakash68/sid_ws/install/walle_msg/share/walle_msg/environment/library_path.dsv
[0.413s] -- Up-to-date: /home/bojithakash68/sid_ws/install/walle_msg/lib/libwalle_msg__rosidl_generator_c.so
[0.413s] -- Up-to-date: /home/bojithakash68/sid_ws/install/walle_msg/include/walle_msg/walle_msg
[0.413s] -- Up-to-date: /home/bojithakash68/sid_ws/install/walle_msg/include/walle_msg/walle_msg/srv
[0.413s] -- Up-to-date: /home/bojithakash68/sid_ws/install/walle_msg/include/walle_msg/walle_msg/srv/detail
[0.413s] -- Up-to-date: /home/bojithakash68/sid_ws/install/walle_msg/include/walle_msg/walle_msg/srv/detail/get_transform__rosidl_typesupport_fastrtps_c.h
[0.413s] -- Up-to-date: /home/bojithakash68/sid_ws/install/walle_msg/include/walle_msg/walle_msg/srv/detail/add_two_ints__rosidl_typesupport_fastrtps_c.h
[0.413s] -- Up-to-date: /home/bojithakash68/sid_ws/install/walle_msg/include/walle_msg/walle_msg/msg
[0.413s] -- Up-to-date: /home/bojithakash68/sid_ws/install/walle_msg/include/walle_msg/walle_msg/msg/rosidl_typesupport_fastrtps_c__visibility_control.h
[0.413s] -- Up-to-date: /home/bojithakash68/sid_ws/install/walle_msg/lib/libwalle_msg__rosidl_typesupport_fastrtps_c.so
[0.413s] -- Up-to-date: /home/bojithakash68/sid_ws/install/walle_msg/include/walle_msg/walle_msg
[0.413s] -- Up-to-date: /home/bojithakash68/sid_ws/install/walle_msg/include/walle_msg/walle_msg/srv
[0.413s] -- Up-to-date: /home/bojithakash68/sid_ws/install/walle_msg/include/walle_msg/walle_msg/srv/add_two_ints.hpp
[0.413s] -- Up-to-date: /home/bojithakash68/sid_ws/install/walle_msg/include/walle_msg/walle_msg/srv/get_transform.hpp
[0.413s] -- Up-to-date: /home/bojithakash68/sid_ws/install/walle_msg/include/walle_msg/walle_msg/srv/detail
[0.413s] -- Up-to-date: /home/bojithakash68/sid_ws/install/walle_msg/include/walle_msg/walle_msg/srv/detail/add_two_ints__type_support.hpp
[0.413s] -- Up-to-date: /home/bojithakash68/sid_ws/install/walle_msg/include/walle_msg/walle_msg/srv/detail/add_two_ints__traits.hpp
[0.414s] -- Up-to-date: /home/bojithakash68/sid_ws/install/walle_msg/include/walle_msg/walle_msg/srv/detail/get_transform__traits.hpp
[0.414s] -- Up-to-date: /home/bojithakash68/sid_ws/install/walle_msg/include/walle_msg/walle_msg/srv/detail/add_two_ints__struct.hpp
[0.414s] -- Up-to-date: /home/bojithakash68/sid_ws/install/walle_msg/include/walle_msg/walle_msg/srv/detail/get_transform__type_support.hpp
[0.414s] -- Up-to-date: /home/bojithakash68/sid_ws/install/walle_msg/include/walle_msg/walle_msg/srv/detail/add_two_ints__builder.hpp
[0.414s] -- Up-to-date: /home/bojithakash68/sid_ws/install/walle_msg/include/walle_msg/walle_msg/srv/detail/get_transform__builder.hpp
[0.414s] -- Up-to-date: /home/bojithakash68/sid_ws/install/walle_msg/include/walle_msg/walle_msg/srv/detail/get_transform__struct.hpp
[0.414s] -- Up-to-date: /home/bojithakash68/sid_ws/install/walle_msg/include/walle_msg/walle_msg/msg
[0.414s] -- Up-to-date: /home/bojithakash68/sid_ws/install/walle_msg/include/walle_msg/walle_msg/msg/rosidl_generator_cpp__visibility_control.hpp
[0.414s] -- Up-to-date: /home/bojithakash68/sid_ws/install/walle_msg/include/walle_msg/walle_msg
[0.414s] -- Up-to-date: /home/bojithakash68/sid_ws/install/walle_msg/include/walle_msg/walle_msg/srv
[0.414s] -- Up-to-date: /home/bojithakash68/sid_ws/install/walle_msg/include/walle_msg/walle_msg/srv/detail
[0.414s] -- Up-to-date: /home/bojithakash68/sid_ws/install/walle_msg/include/walle_msg/walle_msg/srv/detail/dds_fastrtps
[0.414s] -- Up-to-date: /home/bojithakash68/sid_ws/install/walle_msg/include/walle_msg/walle_msg/srv/detail/get_transform__rosidl_typesupport_fastrtps_cpp.hpp
[0.414s] -- Up-to-date: /home/bojithakash68/sid_ws/install/walle_msg/include/walle_msg/walle_msg/srv/detail/add_two_ints__rosidl_typesupport_fastrtps_cpp.hpp
[0.414s] -- Up-to-date: /home/bojithakash68/sid_ws/install/walle_msg/include/walle_msg/walle_msg/msg
[0.414s] -- Up-to-date: /home/bojithakash68/sid_ws/install/walle_msg/include/walle_msg/walle_msg/msg/rosidl_typesupport_fastrtps_cpp__visibility_control.h
[0.414s] -- Up-to-date: /home/bojithakash68/sid_ws/install/walle_msg/lib/libwalle_msg__rosidl_typesupport_fastrtps_cpp.so
[0.414s] -- Up-to-date: /home/bojithakash68/sid_ws/install/walle_msg/include/walle_msg/walle_msg
[0.414s] -- Up-to-date: /home/bojithakash68/sid_ws/install/walle_msg/include/walle_msg/walle_msg/srv
[0.414s] -- Up-to-date: /home/bojithakash68/sid_ws/install/walle_msg/include/walle_msg/walle_msg/srv/detail
[0.415s] -- Up-to-date: /home/bojithakash68/sid_ws/install/walle_msg/include/walle_msg/walle_msg/srv/detail/add_two_ints__type_support.c
[0.415s] -- Up-to-date: /home/bojithakash68/sid_ws/install/walle_msg/include/walle_msg/walle_msg/srv/detail/get_transform__type_support.c
[0.415s] -- Up-to-date: /home/bojithakash68/sid_ws/install/walle_msg/include/walle_msg/walle_msg/srv/detail/get_transform__rosidl_typesupport_introspection_c.h
[0.415s] -- Up-to-date: /home/bojithakash68/sid_ws/install/walle_msg/include/walle_msg/walle_msg/srv/detail/add_two_ints__rosidl_typesupport_introspection_c.h
[0.415s] -- Up-to-date: /home/bojithakash68/sid_ws/install/walle_msg/include/walle_msg/walle_msg/msg
[0.415s] -- Up-to-date: /home/bojithakash68/sid_ws/install/walle_msg/include/walle_msg/walle_msg/msg/rosidl_typesupport_introspection_c__visibility_control.h
[0.415s] -- Up-to-date: /home/bojithakash68/sid_ws/install/walle_msg/lib/libwalle_msg__rosidl_typesupport_introspection_c.so
[0.415s] -- Up-to-date: /home/bojithakash68/sid_ws/install/walle_msg/lib/libwalle_msg__rosidl_typesupport_c.so
[0.415s] -- Up-to-date: /home/bojithakash68/sid_ws/install/walle_msg/include/walle_msg/walle_msg
[0.415s] -- Up-to-date: /home/bojithakash68/sid_ws/install/walle_msg/include/walle_msg/walle_msg/srv
[0.415s] -- Up-to-date: /home/bojithakash68/sid_ws/install/walle_msg/include/walle_msg/walle_msg/srv/detail
[0.415s] -- Up-to-date: /home/bojithakash68/sid_ws/install/walle_msg/include/walle_msg/walle_msg/srv/detail/get_transform__rosidl_typesupport_introspection_cpp.hpp
[0.415s] -- Up-to-date: /home/bojithakash68/sid_ws/install/walle_msg/include/walle_msg/walle_msg/srv/detail/add_two_ints__type_support.cpp
[0.415s] -- Up-to-date: /home/bojithakash68/sid_ws/install/walle_msg/include/walle_msg/walle_msg/srv/detail/get_transform__type_support.cpp
[0.415s] -- Up-to-date: /home/bojithakash68/sid_ws/install/walle_msg/include/walle_msg/walle_msg/srv/detail/add_two_ints__rosidl_typesupport_introspection_cpp.hpp
[0.415s] -- Up-to-date: /home/bojithakash68/sid_ws/install/walle_msg/lib/libwalle_msg__rosidl_typesupport_introspection_cpp.so
[0.415s] -- Up-to-date: /home/bojithakash68/sid_ws/install/walle_msg/lib/libwalle_msg__rosidl_typesupport_cpp.so
[0.415s] -- Up-to-date: /home/bojithakash68/sid_ws/install/walle_msg/share/walle_msg/environment/pythonpath.sh
[0.415s] -- Up-to-date: /home/bojithakash68/sid_ws/install/walle_msg/share/walle_msg/environment/pythonpath.dsv
[0.415s] -- Up-to-date: /home/bojithakash68/sid_ws/install/walle_msg/local/lib/python3.10/dist-packages/walle_msg-0.0.0-py3.10.egg-info
[0.415s] -- Installing: /home/bojithakash68/sid_ws/install/walle_msg/local/lib/python3.10/dist-packages/walle_msg-0.0.0-py3.10.egg-info/PKG-INFO
[0.416s] -- Installing: /home/bojithakash68/sid_ws/install/walle_msg/local/lib/python3.10/dist-packages/walle_msg-0.0.0-py3.10.egg-info/dependency_links.txt
[0.416s] -- Installing: /home/bojithakash68/sid_ws/install/walle_msg/local/lib/python3.10/dist-packages/walle_msg-0.0.0-py3.10.egg-info/top_level.txt
[0.416s] -- Installing: /home/bojithakash68/sid_ws/install/walle_msg/local/lib/python3.10/dist-packages/walle_msg-0.0.0-py3.10.egg-info/SOURCES.txt
[0.416s] -- Up-to-date: /home/bojithakash68/sid_ws/install/walle_msg/local/lib/python3.10/dist-packages/walle_msg
[0.416s] -- Up-to-date: /home/bojithakash68/sid_ws/install/walle_msg/local/lib/python3.10/dist-packages/walle_msg/srv
[0.416s] -- Up-to-date: /home/bojithakash68/sid_ws/install/walle_msg/local/lib/python3.10/dist-packages/walle_msg/srv/_add_two_ints.py
[0.416s] -- Up-to-date: /home/bojithakash68/sid_ws/install/walle_msg/local/lib/python3.10/dist-packages/walle_msg/srv/_get_transform.py
[0.416s] -- Up-to-date: /home/bojithakash68/sid_ws/install/walle_msg/local/lib/python3.10/dist-packages/walle_msg/srv/__init__.py
[0.416s] -- Up-to-date: /home/bojithakash68/sid_ws/install/walle_msg/local/lib/python3.10/dist-packages/walle_msg/srv/_get_transform_s.c
[0.416s] -- Up-to-date: /home/bojithakash68/sid_ws/install/walle_msg/local/lib/python3.10/dist-packages/walle_msg/srv/_add_two_ints_s.c
[0.416s] -- Up-to-date: /home/bojithakash68/sid_ws/install/walle_msg/local/lib/python3.10/dist-packages/walle_msg/_walle_msg_s.ep.rosidl_typesupport_introspection_c.c
[0.416s] -- Up-to-date: /home/bojithakash68/sid_ws/install/walle_msg/local/lib/python3.10/dist-packages/walle_msg/walle_msg_s__rosidl_typesupport_c.cpython-310-x86_64-linux-gnu.so
[0.416s] -- Up-to-date: /home/bojithakash68/sid_ws/install/walle_msg/local/lib/python3.10/dist-packages/walle_msg/walle_msg_s__rosidl_typesupport_introspection_c.cpython-310-x86_64-linux-gnu.so
[0.416s] -- Up-to-date: /home/bojithakash68/sid_ws/install/walle_msg/local/lib/python3.10/dist-packages/walle_msg/_walle_msg_s.ep.rosidl_typesupport_c.c
[0.416s] -- Up-to-date: /home/bojithakash68/sid_ws/install/walle_msg/local/lib/python3.10/dist-packages/walle_msg/_walle_msg_s.ep.rosidl_typesupport_fastrtps_c.c
[0.416s] -- Up-to-date: /home/bojithakash68/sid_ws/install/walle_msg/local/lib/python3.10/dist-packages/walle_msg/libwalle_msg__rosidl_generator_py.so
[0.416s] -- Up-to-date: /home/bojithakash68/sid_ws/install/walle_msg/local/lib/python3.10/dist-packages/walle_msg/__init__.py
[0.416s] -- Up-to-date: /home/bojithakash68/sid_ws/install/walle_msg/local/lib/python3.10/dist-packages/walle_msg/walle_msg_s__rosidl_typesupport_fastrtps_c.cpython-310-x86_64-linux-gnu.so
[0.443s] Listing '/home/bojithakash68/sid_ws/install/walle_msg/local/lib/python3.10/dist-packages/walle_msg'...
[0.443s] Listing '/home/bojithakash68/sid_ws/install/walle_msg/local/lib/python3.10/dist-packages/walle_msg/srv'...
[0.447s] -- Up-to-date: /home/bojithakash68/sid_ws/install/walle_msg/local/lib/python3.10/dist-packages/walle_msg/walle_msg_s__rosidl_typesupport_fastrtps_c.cpython-310-x86_64-linux-gnu.so
[0.447s] -- Up-to-date: /home/bojithakash68/sid_ws/install/walle_msg/local/lib/python3.10/dist-packages/walle_msg/walle_msg_s__rosidl_typesupport_introspection_c.cpython-310-x86_64-linux-gnu.so
[0.447s] -- Up-to-date: /home/bojithakash68/sid_ws/install/walle_msg/local/lib/python3.10/dist-packages/walle_msg/walle_msg_s__rosidl_typesupport_c.cpython-310-x86_64-linux-gnu.so
[0.448s] -- Up-to-date: /home/bojithakash68/sid_ws/install/walle_msg/lib/libwalle_msg__rosidl_generator_py.so
[0.448s] -- Up-to-date: /home/bojithakash68/sid_ws/install/walle_msg/share/walle_msg/srv/AddTwoInts.idl
[0.448s] -- Up-to-date: /home/bojithakash68/sid_ws/install/walle_msg/share/walle_msg/srv/GetTransform.idl
[0.448s] -- Up-to-date: /home/bojithakash68/sid_ws/install/walle_msg/share/walle_msg/srv/AddTwoInts.srv
[0.448s] -- Up-to-date: /home/bojithakash68/sid_ws/install/walle_msg/share/walle_msg/srv/AddTwoInts_Request.msg
[0.448s] -- Up-to-date: /home/bojithakash68/sid_ws/install/walle_msg/share/walle_msg/srv/AddTwoInts_Response.msg
[0.448s] -- Up-to-date: /home/bojithakash68/sid_ws/install/walle_msg/share/walle_msg/srv/GetTransform.srv
[0.448s] -- Up-to-date: /home/bojithakash68/sid_ws/install/walle_msg/share/walle_msg/srv/GetTransform_Request.msg
[0.448s] -- Up-to-date: /home/bojithakash68/sid_ws/install/walle_msg/share/walle_msg/srv/GetTransform_Response.msg
[0.448s] -- Up-to-date: /home/bojithakash68/sid_ws/install/walle_msg/share/ament_index/resource_index/package_run_dependencies/walle_msg
[0.449s] -- Up-to-date: /home/bojithakash68/sid_ws/install/walle_msg/share/ament_index/resource_index/parent_prefix_path/walle_msg
[0.449s] -- Up-to-date: /home/bojithakash68/sid_ws/install/walle_msg/share/walle_msg/environment/ament_prefix_path.sh
[0.449s] -- Up-to-date: /home/bojithakash68/sid_ws/install/walle_msg/share/walle_msg/environment/ament_prefix_path.dsv
[0.449s] -- Up-to-date: /home/bojithakash68/sid_ws/install/walle_msg/share/walle_msg/environment/path.sh
[0.449s] -- Up-to-date: /home/bojithakash68/sid_ws/install/walle_msg/share/walle_msg/environment/path.dsv
[0.449s] -- Up-to-date: /home/bojithakash68/sid_ws/install/walle_msg/share/walle_msg/local_setup.bash
[0.449s] -- Up-to-date: /home/bojithakash68/sid_ws/install/walle_msg/share/walle_msg/local_setup.sh
[0.449s] -- Up-to-date: /home/bojithakash68/sid_ws/install/walle_msg/share/walle_msg/local_setup.zsh
[0.449s] -- Up-to-date: /home/bojithakash68/sid_ws/install/walle_msg/share/walle_msg/local_setup.dsv
[0.449s] -- Installing: /home/bojithakash68/sid_ws/install/walle_msg/share/walle_msg/package.dsv
[0.449s] -- Up-to-date: /home/bojithakash68/sid_ws/install/walle_msg/share/ament_index/resource_index/packages/walle_msg
[0.449s] -- Up-to-date: /home/bojithakash68/sid_ws/install/walle_msg/share/walle_msg/cmake/export_walle_msg__rosidl_generator_cExport.cmake
[0.449s] -- Up-to-date: /home/bojithakash68/sid_ws/install/walle_msg/share/walle_msg/cmake/export_walle_msg__rosidl_generator_cExport-noconfig.cmake
[0.449s] -- Up-to-date: /home/bojithakash68/sid_ws/install/walle_msg/share/walle_msg/cmake/export_walle_msg__rosidl_typesupport_fastrtps_cExport.cmake
[0.449s] -- Up-to-date: /home/bojithakash68/sid_ws/install/walle_msg/share/walle_msg/cmake/export_walle_msg__rosidl_typesupport_fastrtps_cExport-noconfig.cmake
[0.449s] -- Up-to-date: /home/bojithakash68/sid_ws/install/walle_msg/share/walle_msg/cmake/export_walle_msg__rosidl_generator_cppExport.cmake
[0.449s] -- Up-to-date: /home/bojithakash68/sid_ws/install/walle_msg/share/walle_msg/cmake/export_walle_msg__rosidl_typesupport_fastrtps_cppExport.cmake
[0.449s] -- Up-to-date: /home/bojithakash68/sid_ws/install/walle_msg/share/walle_msg/cmake/export_walle_msg__rosidl_typesupport_fastrtps_cppExport-noconfig.cmake
[0.450s] -- Up-to-date: /home/bojithakash68/sid_ws/install/walle_msg/share/walle_msg/cmake/walle_msg__rosidl_typesupport_introspection_cExport.cmake
[0.450s] -- Up-to-date: /home/bojithakash68/sid_ws/install/walle_msg/share/walle_msg/cmake/walle_msg__rosidl_typesupport_introspection_cExport-noconfig.cmake
[0.450s] -- Up-to-date: /home/bojithakash68/sid_ws/install/walle_msg/share/walle_msg/cmake/walle_msg__rosidl_typesupport_cExport.cmake
[0.450s] -- Up-to-date: /home/bojithakash68/sid_ws/install/walle_msg/share/walle_msg/cmake/walle_msg__rosidl_typesupport_cExport-noconfig.cmake
[0.450s] -- Up-to-date: /home/bojithakash68/sid_ws/install/walle_msg/share/walle_msg/cmake/walle_msg__rosidl_typesupport_introspection_cppExport.cmake
[0.450s] -- Up-to-date: /home/bojithakash68/sid_ws/install/walle_msg/share/walle_msg/cmake/walle_msg__rosidl_typesupport_introspection_cppExport-noconfig.cmake
[0.450s] -- Up-to-date: /home/bojithakash68/sid_ws/install/walle_msg/share/walle_msg/cmake/walle_msg__rosidl_typesupport_cppExport.cmake
[0.450s] -- Up-to-date: /home/bojithakash68/sid_ws/install/walle_msg/share/walle_msg/cmake/walle_msg__rosidl_typesupport_cppExport-noconfig.cmake
[0.450s] -- Up-to-date: /home/bojithakash68/sid_ws/install/walle_msg/share/walle_msg/cmake/export_walle_msg__rosidl_generator_pyExport.cmake
[0.450s] -- Up-to-date: /home/bojithakash68/sid_ws/install/walle_msg/share/walle_msg/cmake/export_walle_msg__rosidl_generator_pyExport-noconfig.cmake
[0.450s] -- Up-to-date: /home/bojithakash68/sid_ws/install/walle_msg/share/walle_msg/cmake/rosidl_cmake-extras.cmake
[0.450s] -- Up-to-date: /home/bojithakash68/sid_ws/install/walle_msg/share/walle_msg/cmake/ament_cmake_export_dependencies-extras.cmake
[0.450s] -- Up-to-date: /home/bojithakash68/sid_ws/install/walle_msg/share/walle_msg/cmake/ament_cmake_export_include_directories-extras.cmake
[0.450s] -- Up-to-date: /home/bojithakash68/sid_ws/install/walle_msg/share/walle_msg/cmake/ament_cmake_export_libraries-extras.cmake
[0.450s] -- Up-to-date: /home/bojithakash68/sid_ws/install/walle_msg/share/walle_msg/cmake/ament_cmake_export_targets-extras.cmake
[0.450s] -- Up-to-date: /home/bojithakash68/sid_ws/install/walle_msg/share/walle_msg/cmake/rosidl_cmake_export_typesupport_targets-extras.cmake
[0.450s] -- Up-to-date: /home/bojithakash68/sid_ws/install/walle_msg/share/walle_msg/cmake/rosidl_cmake_export_typesupport_libraries-extras.cmake
[0.450s] -- Up-to-date: /home/bojithakash68/sid_ws/install/walle_msg/share/walle_msg/cmake/walle_msgConfig.cmake
[0.450s] -- Up-to-date: /home/bojithakash68/sid_ws/install/walle_msg/share/walle_msg/cmake/walle_msgConfig-version.cmake
[0.451s] -- Up-to-date: /home/bojithakash68/sid_ws/install/walle_msg/share/walle_msg/package.xml
[0.453s] Invoked command in '/home/bojithakash68/sid_ws/build/walle_msg' returned '0': CMAKE_PREFIX_PATH=/opt/ros/humble /usr/bin/cmake --install /home/bojithakash68/sid_ws/build/walle_msg
