-- The C compiler identification is GNU 11.4.0
-- The CXX compiler identification is GNU 11.4.0
-- Detecting C compiler ABI info
-- Detecting C compiler ABI info - done
-- Check for working C compiler: /usr/bin/cc - skipped
-- Detecting C compile features
-- Detecting C compile features - done
-- Detecting CXX compiler ABI info
-- Detecting CXX compiler ABI info - done
-- Check for working CXX compiler: /usr/bin/c++ - skipped
-- Detecting CXX compile features
-- Detecting CXX compile features - done
-- Found ament_cmake: 1.3.11 (/opt/ros/humble/share/ament_cmake/cmake)
-- Found Python3: /usr/bin/python3 (found version "3.10.12") found components: Interpreter 
-- Found rclpy: 3.3.16 (/opt/ros/humble/share/rclpy/cmake)
-- Found std_msgs: 4.9.0 (/opt/ros/humble/share/std_msgs/cmake)
-- Found rosidl_generator_c: 3.1.6 (/opt/ros/humble/share/rosidl_generator_c/cmake)
-- Found rosidl_adapter: 3.1.6 (/opt/ros/humble/share/rosidl_adapter/cmake)
-- Found rosidl_generator_cpp: 3.1.6 (/opt/ros/humble/share/rosidl_generator_cpp/cmake)
-- Using all available rosidl_typesupport_c: rosidl_typesupport_fastrtps_c;rosidl_typesupport_introspection_c
-- Using all available rosidl_typesupport_cpp: rosidl_typesupport_fastrtps_cpp;rosidl_typesupport_introspection_cpp
-- Found geometry_msgs: 4.9.0 (/opt/ros/humble/share/geometry_msgs/cmake)
-- Found rclcpp: 16.0.12 (/opt/ros/humble/share/rclcpp/cmake)
-- Found rmw_implementation_cmake: 6.1.2 (/opt/ros/humble/share/rmw_implementation_cmake/cmake)
-- Found rmw_fastrtps_cpp: 6.2.7 (/opt/ros/humble/share/rmw_fastrtps_cpp/cmake)
-- Found OpenSSL: /usr/lib/x86_64-linux-gnu/libcrypto.so (found version "3.0.2")  
-- Found FastRTPS: /opt/ros/humble/include  
-- Using RMW implementation 'rmw_fastrtps_cpp' as default
-- Looking for pthread.h
-- Looking for pthread.h - found
-- Performing Test CMAKE_HAVE_LIBC_PTHREAD
-- Performing Test CMAKE_HAVE_LIBC_PTHREAD - Success
-- Found Threads: TRUE  
-- Found walle_msg: 0.0.0 (/home/bojithakash68/sid_ws/install/walle_msg/share/walle_msg/cmake)
-- Found tf2_ros: 0.25.13 (/opt/ros/humble/share/tf2_ros/cmake)
-- Found sensor_msgs: 4.9.0 (/opt/ros/humble/share/sensor_msgs/cmake)
-- Found ament_lint_auto: 0.12.12 (/opt/ros/humble/share/ament_lint_auto/cmake)
-- Added test 'cppcheck' to perform static code analysis on C / C++ code
-- Configured cppcheck include dirs: /home/bojithakash68/sid_ws/src/walle_controller/include
-- Configured cppcheck exclude dirs and/or files: 
-- Added test 'flake8' to check Python code syntax and style conventions
-- Added test 'lint_cmake' to check CMake code style
-- Added test 'pep257' to check Python code against some of the docstring style conventions in PEP 257
-- Added test 'uncrustify' to check C / C++ code style
-- Configured uncrustify additional arguments: 
-- Added test 'xmllint' to check XML markup files
-- Configuring done
-- Generating done
-- Build files have been written to: /home/bojithakash68/sid_ws/build/walle_controller
[ 37%] [32mBuilding CXX object CMakeFiles/simple_controller.dir/src/simple_controller.cpp.o[0m
[ 37%] [32mBuilding CXX object CMakeFiles/simple_service_server.dir/src/simple_service_server.cpp.o[0m
[ 37%] [32mBuilding CXX object CMakeFiles/simple_tf_kinematics.dir/src/simple_tf_kinematics.cpp.o[0m
[ 50%] [32mBuilding CXX object CMakeFiles/simple_client_server.dir/src/simple_client_server.cpp.o[0m
[ 50%] Built target ament_cmake_python_copy_walle_controller
running egg_info
creating walle_controller.egg-info
writing walle_controller.egg-info/PKG-INFO
writing dependency_links to walle_controller.egg-info/dependency_links.txt
writing top-level names to walle_controller.egg-info/top_level.txt
writing manifest file 'walle_controller.egg-info/SOURCES.txt'
reading manifest file 'walle_controller.egg-info/SOURCES.txt'
writing manifest file 'walle_controller.egg-info/SOURCES.txt'
[ 50%] Built target ament_cmake_python_build_walle_controller_egg
[ 62%] [32m[1mLinking CXX executable simple_service_server[0m
[ 75%] [32m[1mLinking CXX executable simple_client_server[0m
[ 75%] Built target simple_service_server
[ 75%] Built target simple_client_server
[ 87%] [32m[1mLinking CXX executable simple_tf_kinematics[0m
[ 87%] Built target simple_tf_kinematics
[100%] [32m[1mLinking CXX executable simple_controller[0m
[100%] Built target simple_controller
-- Install configuration: ""
-- Installing: /home/bojithakash68/sid_ws/install/walle_controller/share/walle_controller/environment/pythonpath.sh
-- Installing: /home/bojithakash68/sid_ws/install/walle_controller/share/walle_controller/environment/pythonpath.dsv
-- Installing: /home/bojithakash68/sid_ws/install/walle_controller/local/lib/python3.10/dist-packages/walle_controller-0.0.0-py3.10.egg-info
-- Installing: /home/bojithakash68/sid_ws/install/walle_controller/local/lib/python3.10/dist-packages/walle_controller-0.0.0-py3.10.egg-info/PKG-INFO
-- Installing: /home/bojithakash68/sid_ws/install/walle_controller/local/lib/python3.10/dist-packages/walle_controller-0.0.0-py3.10.egg-info/dependency_links.txt
-- Installing: /home/bojithakash68/sid_ws/install/walle_controller/local/lib/python3.10/dist-packages/walle_controller-0.0.0-py3.10.egg-info/top_level.txt
-- Installing: /home/bojithakash68/sid_ws/install/walle_controller/local/lib/python3.10/dist-packages/walle_controller-0.0.0-py3.10.egg-info/SOURCES.txt
-- Installing: /home/bojithakash68/sid_ws/install/walle_controller/local/lib/python3.10/dist-packages/walle_controller
-- Installing: /home/bojithakash68/sid_ws/install/walle_controller/local/lib/python3.10/dist-packages/walle_controller/__init__.py
Listing '/home/bojithakash68/sid_ws/install/walle_controller/local/lib/python3.10/dist-packages/walle_controller'...
Compiling '/home/bojithakash68/sid_ws/install/walle_controller/local/lib/python3.10/dist-packages/walle_controller/__init__.py'...
-- Installing: /home/bojithakash68/sid_ws/install/walle_controller/include/include
-- Installing: /home/bojithakash68/sid_ws/install/walle_controller/include/include/walle_controller
-- Installing: /home/bojithakash68/sid_ws/install/walle_controller/include/include/walle_controller/simple_tf_kinematics.hpp
-- Installing: /home/bojithakash68/sid_ws/install/walle_controller/include/include/walle_controller/simple_controller.hpp
-- Installing: /home/bojithakash68/sid_ws/install/walle_controller/lib/walle_controller/simple_controller
-- Set runtime path of "/home/bojithakash68/sid_ws/install/walle_controller/lib/walle_controller/simple_controller" to ""
-- Installing: /home/bojithakash68/sid_ws/install/walle_controller/lib/walle_controller/simple_tf_kinematics
-- Set runtime path of "/home/bojithakash68/sid_ws/install/walle_controller/lib/walle_controller/simple_tf_kinematics" to ""
-- Installing: /home/bojithakash68/sid_ws/install/walle_controller/lib/walle_controller/simple_service_server
-- Set runtime path of "/home/bojithakash68/sid_ws/install/walle_controller/lib/walle_controller/simple_service_server" to ""
-- Installing: /home/bojithakash68/sid_ws/install/walle_controller/lib/walle_controller/simple_client_server
-- Set runtime path of "/home/bojithakash68/sid_ws/install/walle_controller/lib/walle_controller/simple_client_server" to ""
-- Installing: /home/bojithakash68/sid_ws/install/walle_controller/share/walle_controller/config
-- Installing: /home/bojithakash68/sid_ws/install/walle_controller/share/walle_controller/config/joy_config.yaml
-- Installing: /home/bojithakash68/sid_ws/install/walle_controller/share/walle_controller/config/walle_controllers.yaml
-- Installing: /home/bojithakash68/sid_ws/install/walle_controller/share/walle_controller/config/joy_teleop.yaml
-- Installing: /home/bojithakash68/sid_ws/install/walle_controller/share/walle_controller/launch
-- Installing: /home/bojithakash68/sid_ws/install/walle_controller/share/walle_controller/launch/controller.launch.py
-- Installing: /home/bojithakash68/sid_ws/install/walle_controller/share/walle_controller/launch/keyboard.launch.py
-- Installing: /home/bojithakash68/sid_ws/install/walle_controller/share/walle_controller/launch/joy_teleop.launch.py
-- Installing: /home/bojithakash68/sid_ws/install/walle_controller/share/ament_index/resource_index/package_run_dependencies/walle_controller
-- Installing: /home/bojithakash68/sid_ws/install/walle_controller/share/ament_index/resource_index/parent_prefix_path/walle_controller
-- Installing: /home/bojithakash68/sid_ws/install/walle_controller/share/walle_controller/environment/ament_prefix_path.sh
-- Installing: /home/bojithakash68/sid_ws/install/walle_controller/share/walle_controller/environment/ament_prefix_path.dsv
-- Installing: /home/bojithakash68/sid_ws/install/walle_controller/share/walle_controller/environment/path.sh
-- Installing: /home/bojithakash68/sid_ws/install/walle_controller/share/walle_controller/environment/path.dsv
-- Installing: /home/bojithakash68/sid_ws/install/walle_controller/share/walle_controller/local_setup.bash
-- Installing: /home/bojithakash68/sid_ws/install/walle_controller/share/walle_controller/local_setup.sh
-- Installing: /home/bojithakash68/sid_ws/install/walle_controller/share/walle_controller/local_setup.zsh
-- Installing: /home/bojithakash68/sid_ws/install/walle_controller/share/walle_controller/local_setup.dsv
-- Installing: /home/bojithakash68/sid_ws/install/walle_controller/share/walle_controller/package.dsv
-- Installing: /home/bojithakash68/sid_ws/install/walle_controller/share/ament_index/resource_index/packages/walle_controller
-- Installing: /home/bojithakash68/sid_ws/install/walle_controller/share/walle_controller/cmake/walle_controllerConfig.cmake
-- Installing: /home/bojithakash68/sid_ws/install/walle_controller/share/walle_controller/cmake/walle_controllerConfig-version.cmake
-- Installing: /home/bojithakash68/sid_ws/install/walle_controller/share/walle_controller/package.xml
