[0.037s] Invoking command in '/home/bojithakash68/sid_ws/build/walle_controller': AMENT_PREFIX_PATH=/home/bojithakash68/sid_ws/install/walle_msg:${AMENT_PREFIX_PATH} CMAKE_PREFIX_PATH=/home/bojithakash68/sid_ws/install/walle_msg:/opt/ros/humble LD_LIBRARY_PATH=/home/bojithakash68/sid_ws/install/walle_msg/lib:${LD_LIBRARY_PATH} PYTHONPATH=/home/bojithakash68/sid_ws/install/walle_msg/local/lib/python3.10/dist-packages:${PYTHONPATH} /usr/bin/cmake --build /home/bojithakash68/sid_ws/build/walle_controller -- -j16 -l16
[0.226s] [ 75%] Built target simple_client_server
[0.226s] [ 75%] Built target simple_service_server
[0.227s] [ 75%] Built target simple_tf_kinematics
[0.227s] [ 87%] [32mBuilding CXX object CMakeFiles/simple_controller.dir/src/simple_controller.cpp.o[0m
[0.237s] [ 87%] Built target ament_cmake_python_copy_walle_controller
[0.951s] running egg_info
[0.953s] writing walle_controller.egg-info/PKG-INFO
[0.953s] writing dependency_links to walle_controller.egg-info/dependency_links.txt
[0.954s] writing top-level names to walle_controller.egg-info/top_level.txt
[0.959s] reading manifest file 'walle_controller.egg-info/SOURCES.txt'
[0.961s] writing manifest file 'walle_controller.egg-info/SOURCES.txt'
[1.033s] [ 87%] Built target ament_cmake_python_build_walle_controller_egg
[1.053s] [01m[K/home/bojithakash68/sid_ws/src/walle_controller/src/simple_controller.cpp:3:10:[m[K [01;31m[Kfatal error: [m[Ktf2/LinearMath/Quaternion.h: No such file or directory
[1.054s]     3 | #include [01;31m[K<tf2/LinearMath/Quaternion.h>[m[K
[1.054s]       |          [01;31m[K^~~~~~~~~~~~~~~~~~~~~~~~~~~~~[m[K
[1.054s] compilation terminated.
[1.067s] gmake[2]: *** [CMakeFiles/simple_controller.dir/build.make:76: CMakeFiles/simple_controller.dir/src/simple_controller.cpp.o] Error 1
[1.068s] gmake[1]: *** [CMakeFiles/Makefile2:198: CMakeFiles/simple_controller.dir/all] Error 2
[1.069s] gmake: *** [Makefile:146: all] Error 2
[1.075s] Invoked command in '/home/bojithakash68/sid_ws/build/walle_controller' returned '2': AMENT_PREFIX_PATH=/home/bojithakash68/sid_ws/install/walle_msg:${AMENT_PREFIX_PATH} CMAKE_PREFIX_PATH=/home/bojithakash68/sid_ws/install/walle_msg:/opt/ros/humble LD_LIBRARY_PATH=/home/bojithakash68/sid_ws/install/walle_msg/lib:${LD_LIBRARY_PATH} PYTHONPATH=/home/bojithakash68/sid_ws/install/walle_msg/local/lib/python3.10/dist-packages:${PYTHONPATH} /usr/bin/cmake --build /home/bojithakash68/sid_ws/build/walle_controller -- -j16 -l16
