[0.010s] Invoking command in '/home/bojithakash68/sid_ws/build/walle_description': CMAKE_PREFIX_PATH=/opt/ros/humble /usr/bin/cmake --build /home/bojithakash68/sid_ws/build/walle_description -- -j16 -l16
[0.034s] -- Found ament_cmake: 1.3.11 (/opt/ros/humble/share/ament_cmake/cmake)
[0.156s] -- Found urdf: 2.6.1 (/opt/ros/humble/share/urdf/cmake)
[0.184s] -- Found ament_lint_auto: 0.12.12 (/opt/ros/humble/share/ament_lint_auto/cmake)
[0.260s] -- Added test 'flake8' to check Python code syntax and style conventions
[0.261s] -- Added test 'lint_cmake' to check CMake code style
[0.261s] -- Added test 'pep257' to check Python code against some of the docstring style conventions in PEP 257
[0.263s] -- Added test 'xmllint' to check XML markup files
[0.263s] -- Configuring done
[0.266s] -- Generating done
[0.268s] -- Build files have been written to: /home/bojithakash68/sid_ws/build/walle_description
[0.297s] Invoked command in '/home/bojithakash68/sid_ws/build/walle_description' returned '0': CMAKE_PREFIX_PATH=/opt/ros/humble /usr/bin/cmake --build /home/bojithakash68/sid_ws/build/walle_description -- -j16 -l16
[0.307s] Invoking command in '/home/bojithakash68/sid_ws/build/walle_description': CMAKE_PREFIX_PATH=/opt/ros/humble /usr/bin/cmake --install /home/bojithakash68/sid_ws/build/walle_description
[0.315s] -- Install configuration: ""
[0.315s] -- Up-to-date: /home/bojithakash68/sid_ws/install/walle_description/share/walle_description/launch
[0.315s] -- Up-to-date: /home/bojithakash68/sid_ws/install/walle_description/share/walle_description/launch/display.launch.py
[0.315s] -- Up-to-date: /home/bojithakash68/sid_ws/install/walle_description/share/walle_description/launch/gazebo.launch.py
[0.315s] -- Up-to-date: /home/bojithakash68/sid_ws/install/walle_description/share/walle_description/meshes
[0.315s] -- Up-to-date: /home/bojithakash68/sid_ws/install/walle_description/share/walle_description/meshes/base_link.stl
[0.315s] -- Up-to-date: /home/bojithakash68/sid_ws/install/walle_description/share/walle_description/meshes/lidar_1.stl
[0.315s] -- Up-to-date: /home/bojithakash68/sid_ws/install/walle_description/share/walle_description/meshes/caster_wheel_1.stl
[0.315s] -- Up-to-date: /home/bojithakash68/sid_ws/install/walle_description/share/walle_description/meshes/imu_1.stl
[0.316s] -- Up-to-date: /home/bojithakash68/sid_ws/install/walle_description/share/walle_description/meshes/right_wheel_1.stl
[0.316s] -- Up-to-date: /home/bojithakash68/sid_ws/install/walle_description/share/walle_description/meshes/left_wheel_1.stl
[0.316s] -- Up-to-date: /home/bojithakash68/sid_ws/install/walle_description/share/walle_description/urdf
[0.316s] -- Up-to-date: /home/bojithakash68/sid_ws/install/walle_description/share/walle_description/urdf/walle_gazebo.xacro
[0.316s] -- Up-to-date: /home/bojithakash68/sid_ws/install/walle_description/share/walle_description/urdf/walle_ros2_control.xacro
[0.316s] -- Up-to-date: /home/bojithakash68/sid_ws/install/walle_description/share/walle_description/urdf/walle.xacro
[0.316s] -- Up-to-date: /home/bojithakash68/sid_ws/install/walle_description/share/walle_description/urdf/materials.xacro
[0.316s] -- Installing: /home/bojithakash68/sid_ws/install/walle_description/share/ament_index/resource_index/package_run_dependencies/walle_description
[0.316s] -- Up-to-date: /home/bojithakash68/sid_ws/install/walle_description/share/ament_index/resource_index/parent_prefix_path/walle_description
[0.316s] -- Up-to-date: /home/bojithakash68/sid_ws/install/walle_description/share/walle_description/environment/ament_prefix_path.sh
[0.316s] -- Installing: /home/bojithakash68/sid_ws/install/walle_description/share/walle_description/environment/ament_prefix_path.dsv
[0.316s] -- Up-to-date: /home/bojithakash68/sid_ws/install/walle_description/share/walle_description/environment/path.sh
[0.316s] -- Installing: /home/bojithakash68/sid_ws/install/walle_description/share/walle_description/environment/path.dsv
[0.316s] -- Up-to-date: /home/bojithakash68/sid_ws/install/walle_description/share/walle_description/local_setup.bash
[0.316s] -- Up-to-date: /home/bojithakash68/sid_ws/install/walle_description/share/walle_description/local_setup.sh
[0.316s] -- Up-to-date: /home/bojithakash68/sid_ws/install/walle_description/share/walle_description/local_setup.zsh
[0.317s] -- Installing: /home/bojithakash68/sid_ws/install/walle_description/share/walle_description/local_setup.dsv
[0.317s] -- Installing: /home/bojithakash68/sid_ws/install/walle_description/share/walle_description/package.dsv
[0.317s] -- Installing: /home/bojithakash68/sid_ws/install/walle_description/share/ament_index/resource_index/packages/walle_description
[0.317s] -- Up-to-date: /home/bojithakash68/sid_ws/install/walle_description/share/walle_description/cmake/walle_descriptionConfig.cmake
[0.317s] -- Up-to-date: /home/bojithakash68/sid_ws/install/walle_description/share/walle_description/cmake/walle_descriptionConfig-version.cmake
[0.317s] -- Installing: /home/bojithakash68/sid_ws/install/walle_description/share/walle_description/package.xml
[0.319s] Invoked command in '/home/bojithakash68/sid_ws/build/walle_description' returned '0': CMAKE_PREFIX_PATH=/opt/ros/humble /usr/bin/cmake --install /home/bojithakash68/sid_ws/build/walle_description
