running egg_info
writing ../../build/walle_description/walle_description.egg-info/PKG-INFO
writing dependency_links to ../../build/walle_description/walle_description.egg-info/dependency_links.txt
writing entry points to ../../build/walle_description/walle_description.egg-info/entry_points.txt
writing requirements to ../../build/walle_description/walle_description.egg-info/requires.txt
writing top-level names to ../../build/walle_description/walle_description.egg-info/top_level.txt
reading manifest file '../../build/walle_description/walle_description.egg-info/SOURCES.txt'
writing manifest file '../../build/walle_description/walle_description.egg-info/SOURCES.txt'
running build
running build_py
running install
running install_lib
running install_data
copying launch/gazebo.launch.py -> /home/bojithakash68/sid_ws/install/walle_description/share/walle_description/launch
copying urdf/walle_gazebo.xacro -> /home/bojithakash68/sid_ws/install/walle_description/share/walle_description/urdf
copying urdf/walle_ros2_control.xacro -> /home/bojithakash68/sid_ws/install/walle_description/share/walle_description/urdf
running install_egg_info
removing '/home/bojithakash68/sid_ws/install/walle_description/lib/python3.10/site-packages/walle_description-0.0.0-py3.10.egg-info' (and everything under it)
Copying ../../build/walle_description/walle_description.egg-info to /home/bojithakash68/sid_ws/install/walle_description/lib/python3.10/site-packages/walle_description-0.0.0-py3.10.egg-info
running install_scripts
writing list of installed files to '/home/bojithakash68/sid_ws/build/walle_description/install.log'
