[1.835s] Invoking command in '/home/bojithakash68/sid_ws/src/walle_description': PYTHONPATH=/home/bojithakash68/sid_ws/build/walle_description/prefix_override:/usr/lib/python3/dist-packages/colcon_core/task/python/colcon_distutils_commands:/home/bojithakash68/sid_ws/install/walle_description/lib/python3.10/site-packages:${PYTHONPATH} /usr/bin/python3 -W ignore:setup.py install is deprecated -W ignore:easy_install command is deprecated setup.py egg_info --egg-base ../../build/walle_description build --build-base /home/bojithakash68/sid_ws/build/walle_description/build install --record /home/bojithakash68/sid_ws/build/walle_description/install.log --single-version-externally-managed install_data
[2.468s] running egg_info
[2.470s] writing ../../build/walle_description/walle_description.egg-info/PKG-INFO
[2.471s] writing dependency_links to ../../build/walle_description/walle_description.egg-info/dependency_links.txt
[2.471s] writing entry points to ../../build/walle_description/walle_description.egg-info/entry_points.txt
[2.472s] writing requirements to ../../build/walle_description/walle_description.egg-info/requires.txt
[2.472s] writing top-level names to ../../build/walle_description/walle_description.egg-info/top_level.txt
[2.476s] reading manifest file '../../build/walle_description/walle_description.egg-info/SOURCES.txt'
[2.479s] writing manifest file '../../build/walle_description/walle_description.egg-info/SOURCES.txt'
[2.479s] running build
[2.479s] running build_py
[2.480s] running install
[2.480s] running install_lib
[2.482s] running install_data
[2.483s] copying launch/gazebo.launch.py -> /home/bojithakash68/sid_ws/install/walle_description/share/walle_description/launch
[2.483s] copying urdf/walle_gazebo.xacro -> /home/bojithakash68/sid_ws/install/walle_description/share/walle_description/urdf
[2.484s] copying urdf/walle_ros2_control.xacro -> /home/bojithakash68/sid_ws/install/walle_description/share/walle_description/urdf
[2.485s] running install_egg_info
[2.488s] removing '/home/bojithakash68/sid_ws/install/walle_description/lib/python3.10/site-packages/walle_description-0.0.0-py3.10.egg-info' (and everything under it)
[2.489s] Copying ../../build/walle_description/walle_description.egg-info to /home/bojithakash68/sid_ws/install/walle_description/lib/python3.10/site-packages/walle_description-0.0.0-py3.10.egg-info
[2.492s] running install_scripts
[2.536s] writing list of installed files to '/home/bojithakash68/sid_ws/build/walle_description/install.log'
[2.581s] Invoked command in '/home/bojithakash68/sid_ws/src/walle_description' returned '0': PYTHONPATH=/home/bojithakash68/sid_ws/build/walle_description/prefix_override:/usr/lib/python3/dist-packages/colcon_core/task/python/colcon_distutils_commands:/home/bojithakash68/sid_ws/install/walle_description/lib/python3.10/site-packages:${PYTHONPATH} /usr/bin/python3 -W ignore:setup.py install is deprecated -W ignore:easy_install command is deprecated setup.py egg_info --egg-base ../../build/walle_description build --build-base /home/bojithakash68/sid_ws/build/walle_description/build install --record /home/bojithakash68/sid_ws/build/walle_description/install.log --single-version-externally-managed install_data
