[0.012s] Invoking command in '/home/bojithakash68/sid_ws/build/walle_cpp_examples': CMAKE_PREFIX_PATH=/opt/ros/humble /usr/bin/cmake /home/bojithakash68/sid_ws/src/walle_cpp_examples -DCMAKE_INSTALL_PREFIX=/home/bojithakash68/sid_ws/install/walle_cpp_examples
[0.128s] -- The C compiler identification is GNU 11.4.0
[0.215s] -- The CXX compiler identification is GNU 11.4.0
[0.227s] -- Detecting C compiler ABI info
[0.313s] -- Detecting C compiler ABI info - done
[0.319s] -- Check for working C compiler: /usr/bin/cc - skipped
[0.320s] -- Detecting C compile features
[0.320s] -- Detecting C compile features - done
[0.323s] -- Detecting CXX compiler ABI info
[0.428s] -- Detecting CXX compiler ABI info - done
[0.435s] -- Check for working CXX compiler: /usr/bin/c++ - skipped
[0.435s] -- Detecting CXX compile features
[0.435s] -- Detecting CXX compile features - done
[0.439s] -- Found ament_cmake: 1.3.11 (/opt/ros/humble/share/ament_cmake/cmake)
[0.600s] -- Found Python3: /usr/bin/python3 (found version "3.10.12") found components: Interpreter 
[0.700s] -- Found rclcpp: 16.0.12 (/opt/ros/humble/share/rclcpp/cmake)
[0.752s] -- Found rosidl_generator_c: 3.1.6 (/opt/ros/humble/share/rosidl_generator_c/cmake)
[0.759s] -- Found rosidl_adapter: 3.1.6 (/opt/ros/humble/share/rosidl_adapter/cmake)
[0.769s] -- Found rosidl_generator_cpp: 3.1.6 (/opt/ros/humble/share/rosidl_generator_cpp/cmake)
[0.784s] -- Using all available rosidl_typesupport_c: rosidl_typesupport_fastrtps_c;rosidl_typesupport_introspection_c
[0.803s] -- Using all available rosidl_typesupport_cpp: rosidl_typesupport_fastrtps_cpp;rosidl_typesupport_introspection_cpp
[0.866s] -- Found rmw_implementation_cmake: 6.1.2 (/opt/ros/humble/share/rmw_implementation_cmake/cmake)
[0.870s] -- Found rmw_fastrtps_cpp: 6.2.7 (/opt/ros/humble/share/rmw_fastrtps_cpp/cmake)
[1.014s] -- Found OpenSSL: /usr/lib/x86_64-linux-gnu/libcrypto.so (found version "3.0.2")  
[1.046s] -- Found FastRTPS: /opt/ros/humble/include  
[1.091s] -- Using RMW implementation 'rmw_fastrtps_cpp' as default
[1.101s] -- Looking for pthread.h
[1.195s] -- Looking for pthread.h - found
[1.195s] -- Performing Test CMAKE_HAVE_LIBC_PTHREAD
[1.304s] -- Performing Test CMAKE_HAVE_LIBC_PTHREAD - Success
[1.306s] -- Found Threads: TRUE  
[1.365s] -- Found turtlesim: 1.4.2 (/opt/ros/humble/share/turtlesim/cmake)
[1.417s] [31mCMake Error at CMakeLists.txt:13 (find_package):
[1.417s]   By not providing "Findwalle_msgs.cmake" in CMAKE_MODULE_PATH this project
[1.417s]   has asked CMake to find a package configuration file provided by
[1.417s]   "walle_msgs", but CMake did not find one.
[1.417s] 
[1.418s]   Could not find a package configuration file provided by "walle_msgs" with
[1.418s]   any of the following names:
[1.418s] 
[1.418s]     walle_msgsConfig.cmake
[1.418s]     walle_msgs-config.cmake
[1.418s] 
[1.418s]   Add the installation prefix of "walle_msgs" to CMAKE_PREFIX_PATH or set
[1.418s]   "walle_msgs_DIR" to a directory containing one of the above files.  If
[1.418s]   "walle_msgs" provides a separate development package or SDK, be sure it has
[1.418s]   been installed.
[1.418s] 
[1.418s] [0m
[1.418s] -- Configuring incomplete, errors occurred!
[1.418s] See also "/home/bojithakash68/sid_ws/build/walle_cpp_examples/CMakeFiles/CMakeOutput.log".
[1.427s] Invoked command in '/home/bojithakash68/sid_ws/build/walle_cpp_examples' returned '1': CMAKE_PREFIX_PATH=/opt/ros/humble /usr/bin/cmake /home/bojithakash68/sid_ws/src/walle_cpp_examples -DCMAKE_INSTALL_PREFIX=/home/bojithakash68/sid_ws/install/walle_cpp_examples
