running egg_info
creating ../../build/walle_description/walle_description.egg-info
writing ../../build/walle_description/walle_description.egg-info/PKG-INFO
writing dependency_links to ../../build/walle_description/walle_description.egg-info/dependency_links.txt
writing entry points to ../../build/walle_description/walle_description.egg-info/entry_points.txt
writing requirements to ../../build/walle_description/walle_description.egg-info/requires.txt
writing top-level names to ../../build/walle_description/walle_description.egg-info/top_level.txt
writing manifest file '../../build/walle_description/walle_description.egg-info/SOURCES.txt'
reading manifest file '../../build/walle_description/walle_description.egg-info/SOURCES.txt'
writing manifest file '../../build/walle_description/walle_description.egg-info/SOURCES.txt'
running build
running build_py
creating /home/bojithakash68/sid_ws/build/walle_description/build
creating /home/bojithakash68/sid_ws/build/walle_description/build/lib
creating /home/bojithakash68/sid_ws/build/walle_description/build/lib/walle_description
copying walle_description/__init__.py -> /home/bojithakash68/sid_ws/build/walle_description/build/lib/walle_description
running install
running install_lib
creating /home/bojithakash68/sid_ws/install/walle_description/lib/python3.10/site-packages/walle_description
copying /home/bojithakash68/sid_ws/build/walle_description/build/lib/walle_description/__init__.py -> /home/bojithakash68/sid_ws/install/walle_description/lib/python3.10/site-packages/walle_description
byte-compiling /home/bojithakash68/sid_ws/install/walle_description/lib/python3.10/site-packages/walle_description/__init__.py to __init__.cpython-310.pyc
running install_data
copying resource/walle_description -> /home/bojithakash68/sid_ws/install/walle_description/share/ament_index/resource_index/packages
copying package.xml -> /home/bojithakash68/sid_ws/install/walle_description/share/walle_description
copying launch/display.launch.py -> /home/bojithakash68/sid_ws/install/walle_description/share/walle_description/launch
copying launch/gazebo.launch.py -> /home/bojithakash68/sid_ws/install/walle_description/share/walle_description/launch
copying urdf/walle.gazebo -> /home/bojithakash68/sid_ws/install/walle_description/share/walle_description/urdf
copying urdf/walle.ros2control -> /home/bojithakash68/sid_ws/install/walle_description/share/walle_description/urdf
copying urdf/walle.xacro -> /home/bojithakash68/sid_ws/install/walle_description/share/walle_description/urdf
copying urdf/materials.xacro -> /home/bojithakash68/sid_ws/install/walle_description/share/walle_description/urdf
copying meshes/base_link.stl -> /home/bojithakash68/sid_ws/install/walle_description/share/walle_description/meshes
copying meshes/lidar_1.stl -> /home/bojithakash68/sid_ws/install/walle_description/share/walle_description/meshes
copying meshes/caster_wheel_1.stl -> /home/bojithakash68/sid_ws/install/walle_description/share/walle_description/meshes
copying meshes/imu_1.stl -> /home/bojithakash68/sid_ws/install/walle_description/share/walle_description/meshes
copying meshes/right_wheel_1.stl -> /home/bojithakash68/sid_ws/install/walle_description/share/walle_description/meshes
copying meshes/left_wheel_1.stl -> /home/bojithakash68/sid_ws/install/walle_description/share/walle_description/meshes
creating /home/bojithakash68/sid_ws/install/walle_description/share/walle_description/config
copying config/gazebo.rviz -> /home/bojithakash68/sid_ws/install/walle_description/share/walle_description/config
copying config/display.rviz -> /home/bojithakash68/sid_ws/install/walle_description/share/walle_description/config
copying config/ros_gz_bridge_gazebo.yaml -> /home/bojithakash68/sid_ws/install/walle_description/share/walle_description/config
running install_egg_info
Copying ../../build/walle_description/walle_description.egg-info to /home/bojithakash68/sid_ws/install/walle_description/lib/python3.10/site-packages/walle_description-0.0.0-py3.10.egg-info
running install_scripts
writing list of installed files to '/home/bojithakash68/sid_ws/build/walle_description/install.log'
