[1.912s] Invoking command in '/home/bojithakash68/sid_ws/src/walle_description': PYTHONPATH=/home/bojithakash68/sid_ws/build/walle_description/prefix_override:/usr/lib/python3/dist-packages/colcon_core/task/python/colcon_distutils_commands:/home/bojithakash68/sid_ws/install/walle_description/lib/python3.10/site-packages:${PYTHONPATH} /usr/bin/python3 -W ignore:setup.py install is deprecated -W ignore:easy_install command is deprecated setup.py egg_info --egg-base ../../build/walle_description build --build-base /home/bojithakash68/sid_ws/build/walle_description/build install --record /home/bojithakash68/sid_ws/build/walle_description/install.log --single-version-externally-managed install_data
[2.529s] running egg_info
[2.529s] creating ../../build/walle_description/walle_description.egg-info
[2.530s] writing ../../build/walle_description/walle_description.egg-info/PKG-INFO
[2.531s] writing dependency_links to ../../build/walle_description/walle_description.egg-info/dependency_links.txt
[2.531s] writing entry points to ../../build/walle_description/walle_description.egg-info/entry_points.txt
[2.531s] writing requirements to ../../build/walle_description/walle_description.egg-info/requires.txt
[2.531s] writing top-level names to ../../build/walle_description/walle_description.egg-info/top_level.txt
[2.532s] writing manifest file '../../build/walle_description/walle_description.egg-info/SOURCES.txt'
[2.535s] reading manifest file '../../build/walle_description/walle_description.egg-info/SOURCES.txt'
[2.538s] writing manifest file '../../build/walle_description/walle_description.egg-info/SOURCES.txt'
[2.538s] running build
[2.538s] running build_py
[2.538s] creating /home/bojithakash68/sid_ws/build/walle_description/build
[2.538s] creating /home/bojithakash68/sid_ws/build/walle_description/build/lib
[2.539s] creating /home/bojithakash68/sid_ws/build/walle_description/build/lib/walle_description
[2.539s] copying walle_description/__init__.py -> /home/bojithakash68/sid_ws/build/walle_description/build/lib/walle_description
[2.539s] running install
[2.539s] running install_lib
[2.541s] creating /home/bojithakash68/sid_ws/install/walle_description/lib/python3.10/site-packages/walle_description
[2.541s] copying /home/bojithakash68/sid_ws/build/walle_description/build/lib/walle_description/__init__.py -> /home/bojithakash68/sid_ws/install/walle_description/lib/python3.10/site-packages/walle_description
[2.542s] byte-compiling /home/bojithakash68/sid_ws/install/walle_description/lib/python3.10/site-packages/walle_description/__init__.py to __init__.cpython-310.pyc
[2.543s] running install_data
[2.544s] copying resource/walle_description -> /home/bojithakash68/sid_ws/install/walle_description/share/ament_index/resource_index/packages
[2.544s] copying package.xml -> /home/bojithakash68/sid_ws/install/walle_description/share/walle_description
[2.545s] copying launch/display.launch.py -> /home/bojithakash68/sid_ws/install/walle_description/share/walle_description/launch
[2.545s] copying launch/gazebo.launch.py -> /home/bojithakash68/sid_ws/install/walle_description/share/walle_description/launch
[2.546s] copying urdf/walle.gazebo -> /home/bojithakash68/sid_ws/install/walle_description/share/walle_description/urdf
[2.546s] copying urdf/walle.ros2control -> /home/bojithakash68/sid_ws/install/walle_description/share/walle_description/urdf
[2.547s] copying urdf/walle.xacro -> /home/bojithakash68/sid_ws/install/walle_description/share/walle_description/urdf
[2.547s] copying urdf/materials.xacro -> /home/bojithakash68/sid_ws/install/walle_description/share/walle_description/urdf
[2.548s] copying meshes/base_link.stl -> /home/bojithakash68/sid_ws/install/walle_description/share/walle_description/meshes
[2.548s] copying meshes/lidar_1.stl -> /home/bojithakash68/sid_ws/install/walle_description/share/walle_description/meshes
[2.549s] copying meshes/caster_wheel_1.stl -> /home/bojithakash68/sid_ws/install/walle_description/share/walle_description/meshes
[2.550s] copying meshes/imu_1.stl -> /home/bojithakash68/sid_ws/install/walle_description/share/walle_description/meshes
[2.550s] copying meshes/right_wheel_1.stl -> /home/bojithakash68/sid_ws/install/walle_description/share/walle_description/meshes
[2.550s] copying meshes/left_wheel_1.stl -> /home/bojithakash68/sid_ws/install/walle_description/share/walle_description/meshes
[2.551s] creating /home/bojithakash68/sid_ws/install/walle_description/share/walle_description/config
[2.551s] copying config/gazebo.rviz -> /home/bojithakash68/sid_ws/install/walle_description/share/walle_description/config
[2.552s] copying config/display.rviz -> /home/bojithakash68/sid_ws/install/walle_description/share/walle_description/config
[2.552s] copying config/ros_gz_bridge_gazebo.yaml -> /home/bojithakash68/sid_ws/install/walle_description/share/walle_description/config
[2.552s] running install_egg_info
[2.556s] Copying ../../build/walle_description/walle_description.egg-info to /home/bojithakash68/sid_ws/install/walle_description/lib/python3.10/site-packages/walle_description-0.0.0-py3.10.egg-info
[2.558s] running install_scripts
[2.602s] writing list of installed files to '/home/bojithakash68/sid_ws/build/walle_description/install.log'
[2.648s] Invoked command in '/home/bojithakash68/sid_ws/src/walle_description' returned '0': PYTHONPATH=/home/bojithakash68/sid_ws/build/walle_description/prefix_override:/usr/lib/python3/dist-packages/colcon_core/task/python/colcon_distutils_commands:/home/bojithakash68/sid_ws/install/walle_description/lib/python3.10/site-packages:${PYTHONPATH} /usr/bin/python3 -W ignore:setup.py install is deprecated -W ignore:easy_install command is deprecated setup.py egg_info --egg-base ../../build/walle_description build --build-base /home/bojithakash68/sid_ws/build/walle_description/build install --record /home/bojithakash68/sid_ws/build/walle_description/install.log --single-version-externally-managed install_data
