[0.042s] Invoking command in '/home/bojithakash68/sid_ws/build/walle_msg': CMAKE_PREFIX_PATH=/opt/ros/humble /usr/bin/cmake --build /home/bojithakash68/sid_ws/build/walle_msg -- -j16 -l16
[0.229s] [  5%] Built target walle_msg__cpp
[0.229s] [ 12%] Built target walle_msg__rosidl_generator_c
[0.263s] [ 12%] Built target ament_cmake_python_copy_walle_msg
[0.312s] [ 43%] Built target walle_msg__rosidl_typesupport_introspection_c
[0.312s] [ 43%] Built target walle_msg__rosidl_typesupport_cpp
[0.312s] [ 43%] Built target walle_msg__rosidl_typesupport_c
[0.313s] [ 53%] Built target walle_msg__rosidl_typesupport_introspection_cpp
[0.314s] [ 64%] Built target walle_msg__rosidl_typesupport_fastrtps_cpp
[0.350s] [ 74%] Built target walle_msg__rosidl_typesupport_fastrtps_c
[0.432s] [ 74%] Built target walle_msg
[0.517s] [ 76%] Built target walle_msg__py
[0.608s] [ 84%] Built target walle_msg__rosidl_generator_py
[0.696s] [100%] Built target walle_msg__rosidl_typesupport_fastrtps_c__pyext
[0.696s] [100%] Built target walle_msg__rosidl_typesupport_c__pyext
[0.696s] [100%] Built target walle_msg__rosidl_typesupport_introspection_c__pyext
[1.005s] running egg_info
[1.007s] writing walle_msg.egg-info/PKG-INFO
[1.008s] writing dependency_links to walle_msg.egg-info/dependency_links.txt
[1.008s] writing top-level names to walle_msg.egg-info/top_level.txt
[1.016s] reading manifest file 'walle_msg.egg-info/SOURCES.txt'
[1.017s] writing manifest file 'walle_msg.egg-info/SOURCES.txt'
[1.114s] [100%] Built target ament_cmake_python_build_walle_msg_egg
[1.158s] Invoked command in '/home/bojithakash68/sid_ws/build/walle_msg' returned '0': CMAKE_PREFIX_PATH=/opt/ros/humble /usr/bin/cmake --build /home/bojithakash68/sid_ws/build/walle_msg -- -j16 -l16
[1.193s] Invoking command in '/home/bojithakash68/sid_ws/build/walle_msg': CMAKE_PREFIX_PATH=/opt/ros/humble /usr/bin/cmake --install /home/bojithakash68/sid_ws/build/walle_msg
[1.219s] -- Install configuration: ""
[1.220s] -- Up-to-date: /home/bojithakash68/sid_ws/install/walle_msg/share/ament_index/resource_index/rosidl_interfaces/walle_msg
[1.220s] -- Up-to-date: /home/bojithakash68/sid_ws/install/walle_msg/include/walle_msg/walle_msg
[1.220s] -- Up-to-date: /home/bojithakash68/sid_ws/install/walle_msg/include/walle_msg/walle_msg/srv
[1.221s] -- Up-to-date: /home/bojithakash68/sid_ws/install/walle_msg/include/walle_msg/walle_msg/srv/add_two_ints.h
[1.221s] -- Up-to-date: /home/bojithakash68/sid_ws/install/walle_msg/include/walle_msg/walle_msg/srv/detail
[1.221s] -- Up-to-date: /home/bojithakash68/sid_ws/install/walle_msg/include/walle_msg/walle_msg/srv/detail/add_two_ints__functions.c
[1.221s] -- Up-to-date: /home/bojithakash68/sid_ws/install/walle_msg/include/walle_msg/walle_msg/srv/detail/add_two_ints__struct.h
[1.221s] -- Up-to-date: /home/bojithakash68/sid_ws/install/walle_msg/include/walle_msg/walle_msg/srv/detail/get_transform__struct.h
[1.222s] -- Up-to-date: /home/bojithakash68/sid_ws/install/walle_msg/include/walle_msg/walle_msg/srv/detail/get_transform__type_support.h
[1.222s] -- Up-to-date: /home/bojithakash68/sid_ws/install/walle_msg/include/walle_msg/walle_msg/srv/detail/add_two_ints__type_support.h
[1.222s] -- Up-to-date: /home/bojithakash68/sid_ws/install/walle_msg/include/walle_msg/walle_msg/srv/detail/add_two_ints__functions.h
[1.223s] -- Up-to-date: /home/bojithakash68/sid_ws/install/walle_msg/include/walle_msg/walle_msg/srv/detail/get_transform__functions.c
[1.223s] -- Up-to-date: /home/bojithakash68/sid_ws/install/walle_msg/include/walle_msg/walle_msg/srv/detail/get_transform__functions.h
[1.223s] -- Up-to-date: /home/bojithakash68/sid_ws/install/walle_msg/include/walle_msg/walle_msg/srv/get_transform.h
[1.223s] -- Up-to-date: /home/bojithakash68/sid_ws/install/walle_msg/include/walle_msg/walle_msg/msg
[1.224s] -- Up-to-date: /home/bojithakash68/sid_ws/install/walle_msg/include/walle_msg/walle_msg/msg/rosidl_generator_c__visibility_control.h
[1.224s] -- Up-to-date: /home/bojithakash68/sid_ws/install/walle_msg/share/walle_msg/environment/library_path.sh
[1.224s] -- Up-to-date: /home/bojithakash68/sid_ws/install/walle_msg/share/walle_msg/environment/library_path.dsv
[1.224s] -- Up-to-date: /home/bojithakash68/sid_ws/install/walle_msg/lib/libwalle_msg__rosidl_generator_c.so
[1.224s] -- Up-to-date: /home/bojithakash68/sid_ws/install/walle_msg/include/walle_msg/walle_msg
[1.225s] -- Up-to-date: /home/bojithakash68/sid_ws/install/walle_msg/include/walle_msg/walle_msg/srv
[1.225s] -- Up-to-date: /home/bojithakash68/sid_ws/install/walle_msg/include/walle_msg/walle_msg/srv/detail
[1.225s] -- Up-to-date: /home/bojithakash68/sid_ws/install/walle_msg/include/walle_msg/walle_msg/srv/detail/get_transform__rosidl_typesupport_fastrtps_c.h
[1.225s] -- Up-to-date: /home/bojithakash68/sid_ws/install/walle_msg/include/walle_msg/walle_msg/srv/detail/add_two_ints__rosidl_typesupport_fastrtps_c.h
[1.225s] -- Up-to-date: /home/bojithakash68/sid_ws/install/walle_msg/include/walle_msg/walle_msg/msg
[1.226s] -- Up-to-date: /home/bojithakash68/sid_ws/install/walle_msg/include/walle_msg/walle_msg/msg/rosidl_typesupport_fastrtps_c__visibility_control.h
[1.226s] -- Up-to-date: /home/bojithakash68/sid_ws/install/walle_msg/lib/libwalle_msg__rosidl_typesupport_fastrtps_c.so
[1.226s] -- Up-to-date: /home/bojithakash68/sid_ws/install/walle_msg/include/walle_msg/walle_msg
[1.226s] -- Up-to-date: /home/bojithakash68/sid_ws/install/walle_msg/include/walle_msg/walle_msg/srv
[1.226s] -- Up-to-date: /home/bojithakash68/sid_ws/install/walle_msg/include/walle_msg/walle_msg/srv/add_two_ints.hpp
[1.226s] -- Up-to-date: /home/bojithakash68/sid_ws/install/walle_msg/include/walle_msg/walle_msg/srv/get_transform.hpp
[1.226s] -- Up-to-date: /home/bojithakash68/sid_ws/install/walle_msg/include/walle_msg/walle_msg/srv/detail
[1.227s] -- Up-to-date: /home/bojithakash68/sid_ws/install/walle_msg/include/walle_msg/walle_msg/srv/detail/add_two_ints__type_support.hpp
[1.227s] -- Up-to-date: /home/bojithakash68/sid_ws/install/walle_msg/include/walle_msg/walle_msg/srv/detail/add_two_ints__traits.hpp
[1.227s] -- Up-to-date: /home/bojithakash68/sid_ws/install/walle_msg/include/walle_msg/walle_msg/srv/detail/get_transform__traits.hpp
[1.227s] -- Up-to-date: /home/bojithakash68/sid_ws/install/walle_msg/include/walle_msg/walle_msg/srv/detail/add_two_ints__struct.hpp
[1.227s] -- Up-to-date: /home/bojithakash68/sid_ws/install/walle_msg/include/walle_msg/walle_msg/srv/detail/get_transform__type_support.hpp
[1.228s] -- Up-to-date: /home/bojithakash68/sid_ws/install/walle_msg/include/walle_msg/walle_msg/srv/detail/add_two_ints__builder.hpp
[1.228s] -- Up-to-date: /home/bojithakash68/sid_ws/install/walle_msg/include/walle_msg/walle_msg/srv/detail/get_transform__builder.hpp
[1.228s] -- Up-to-date: /home/bojithakash68/sid_ws/install/walle_msg/include/walle_msg/walle_msg/srv/detail/get_transform__struct.hpp
[1.228s] -- Up-to-date: /home/bojithakash68/sid_ws/install/walle_msg/include/walle_msg/walle_msg/msg
[1.228s] -- Up-to-date: /home/bojithakash68/sid_ws/install/walle_msg/include/walle_msg/walle_msg/msg/rosidl_generator_cpp__visibility_control.hpp
[1.228s] -- Up-to-date: /home/bojithakash68/sid_ws/install/walle_msg/include/walle_msg/walle_msg
[1.229s] -- Up-to-date: /home/bojithakash68/sid_ws/install/walle_msg/include/walle_msg/walle_msg/srv
[1.229s] -- Up-to-date: /home/bojithakash68/sid_ws/install/walle_msg/include/walle_msg/walle_msg/srv/detail
[1.229s] -- Up-to-date: /home/bojithakash68/sid_ws/install/walle_msg/include/walle_msg/walle_msg/srv/detail/dds_fastrtps
[1.229s] -- Up-to-date: /home/bojithakash68/sid_ws/install/walle_msg/include/walle_msg/walle_msg/srv/detail/get_transform__rosidl_typesupport_fastrtps_cpp.hpp
[1.229s] -- Up-to-date: /home/bojithakash68/sid_ws/install/walle_msg/include/walle_msg/walle_msg/srv/detail/add_two_ints__rosidl_typesupport_fastrtps_cpp.hpp
[1.230s] -- Up-to-date: /home/bojithakash68/sid_ws/install/walle_msg/include/walle_msg/walle_msg/msg
[1.230s] -- Up-to-date: /home/bojithakash68/sid_ws/install/walle_msg/include/walle_msg/walle_msg/msg/rosidl_typesupport_fastrtps_cpp__visibility_control.h
[1.230s] -- Up-to-date: /home/bojithakash68/sid_ws/install/walle_msg/lib/libwalle_msg__rosidl_typesupport_fastrtps_cpp.so
[1.230s] -- Up-to-date: /home/bojithakash68/sid_ws/install/walle_msg/include/walle_msg/walle_msg
[1.230s] -- Up-to-date: /home/bojithakash68/sid_ws/install/walle_msg/include/walle_msg/walle_msg/srv
[1.230s] -- Up-to-date: /home/bojithakash68/sid_ws/install/walle_msg/include/walle_msg/walle_msg/srv/detail
[1.230s] -- Up-to-date: /home/bojithakash68/sid_ws/install/walle_msg/include/walle_msg/walle_msg/srv/detail/add_two_ints__type_support.c
[1.231s] -- Up-to-date: /home/bojithakash68/sid_ws/install/walle_msg/include/walle_msg/walle_msg/srv/detail/get_transform__type_support.c
[1.231s] -- Up-to-date: /home/bojithakash68/sid_ws/install/walle_msg/include/walle_msg/walle_msg/srv/detail/get_transform__rosidl_typesupport_introspection_c.h
[1.231s] -- Up-to-date: /home/bojithakash68/sid_ws/install/walle_msg/include/walle_msg/walle_msg/srv/detail/add_two_ints__rosidl_typesupport_introspection_c.h
[1.231s] -- Up-to-date: /home/bojithakash68/sid_ws/install/walle_msg/include/walle_msg/walle_msg/msg
[1.231s] -- Up-to-date: /home/bojithakash68/sid_ws/install/walle_msg/include/walle_msg/walle_msg/msg/rosidl_typesupport_introspection_c__visibility_control.h
[1.232s] -- Up-to-date: /home/bojithakash68/sid_ws/install/walle_msg/lib/libwalle_msg__rosidl_typesupport_introspection_c.so
[1.232s] -- Up-to-date: /home/bojithakash68/sid_ws/install/walle_msg/lib/libwalle_msg__rosidl_typesupport_c.so
[1.232s] -- Up-to-date: /home/bojithakash68/sid_ws/install/walle_msg/include/walle_msg/walle_msg
[1.232s] -- Up-to-date: /home/bojithakash68/sid_ws/install/walle_msg/include/walle_msg/walle_msg/srv
[1.233s] -- Up-to-date: /home/bojithakash68/sid_ws/install/walle_msg/include/walle_msg/walle_msg/srv/detail
[1.233s] -- Up-to-date: /home/bojithakash68/sid_ws/install/walle_msg/include/walle_msg/walle_msg/srv/detail/get_transform__rosidl_typesupport_introspection_cpp.hpp
[1.233s] -- Up-to-date: /home/bojithakash68/sid_ws/install/walle_msg/include/walle_msg/walle_msg/srv/detail/add_two_ints__type_support.cpp
[1.233s] -- Up-to-date: /home/bojithakash68/sid_ws/install/walle_msg/include/walle_msg/walle_msg/srv/detail/get_transform__type_support.cpp
[1.234s] -- Up-to-date: /home/bojithakash68/sid_ws/install/walle_msg/include/walle_msg/walle_msg/srv/detail/add_two_ints__rosidl_typesupport_introspection_cpp.hpp
[1.234s] -- Up-to-date: /home/bojithakash68/sid_ws/install/walle_msg/lib/libwalle_msg__rosidl_typesupport_introspection_cpp.so
[1.234s] -- Up-to-date: /home/bojithakash68/sid_ws/install/walle_msg/lib/libwalle_msg__rosidl_typesupport_cpp.so
[1.235s] -- Up-to-date: /home/bojithakash68/sid_ws/install/walle_msg/share/walle_msg/environment/pythonpath.sh
[1.235s] -- Up-to-date: /home/bojithakash68/sid_ws/install/walle_msg/share/walle_msg/environment/pythonpath.dsv
[1.235s] -- Up-to-date: /home/bojithakash68/sid_ws/install/walle_msg/local/lib/python3.10/dist-packages/walle_msg-0.0.0-py3.10.egg-info
[1.235s] -- Installing: /home/bojithakash68/sid_ws/install/walle_msg/local/lib/python3.10/dist-packages/walle_msg-0.0.0-py3.10.egg-info/PKG-INFO
[1.235s] -- Installing: /home/bojithakash68/sid_ws/install/walle_msg/local/lib/python3.10/dist-packages/walle_msg-0.0.0-py3.10.egg-info/dependency_links.txt
[1.235s] -- Installing: /home/bojithakash68/sid_ws/install/walle_msg/local/lib/python3.10/dist-packages/walle_msg-0.0.0-py3.10.egg-info/top_level.txt
[1.235s] -- Installing: /home/bojithakash68/sid_ws/install/walle_msg/local/lib/python3.10/dist-packages/walle_msg-0.0.0-py3.10.egg-info/SOURCES.txt
[1.236s] -- Up-to-date: /home/bojithakash68/sid_ws/install/walle_msg/local/lib/python3.10/dist-packages/walle_msg
[1.236s] -- Up-to-date: /home/bojithakash68/sid_ws/install/walle_msg/local/lib/python3.10/dist-packages/walle_msg/srv
[1.236s] -- Up-to-date: /home/bojithakash68/sid_ws/install/walle_msg/local/lib/python3.10/dist-packages/walle_msg/srv/_add_two_ints.py
[1.236s] -- Up-to-date: /home/bojithakash68/sid_ws/install/walle_msg/local/lib/python3.10/dist-packages/walle_msg/srv/_get_transform.py
[1.236s] -- Up-to-date: /home/bojithakash68/sid_ws/install/walle_msg/local/lib/python3.10/dist-packages/walle_msg/srv/__init__.py
[1.236s] -- Up-to-date: /home/bojithakash68/sid_ws/install/walle_msg/local/lib/python3.10/dist-packages/walle_msg/srv/_get_transform_s.c
[1.236s] -- Up-to-date: /home/bojithakash68/sid_ws/install/walle_msg/local/lib/python3.10/dist-packages/walle_msg/srv/_add_two_ints_s.c
[1.237s] -- Up-to-date: /home/bojithakash68/sid_ws/install/walle_msg/local/lib/python3.10/dist-packages/walle_msg/_walle_msg_s.ep.rosidl_typesupport_introspection_c.c
[1.237s] -- Up-to-date: /home/bojithakash68/sid_ws/install/walle_msg/local/lib/python3.10/dist-packages/walle_msg/walle_msg_s__rosidl_typesupport_c.cpython-310-x86_64-linux-gnu.so
[1.237s] -- Up-to-date: /home/bojithakash68/sid_ws/install/walle_msg/local/lib/python3.10/dist-packages/walle_msg/walle_msg_s__rosidl_typesupport_introspection_c.cpython-310-x86_64-linux-gnu.so
[1.237s] -- Up-to-date: /home/bojithakash68/sid_ws/install/walle_msg/local/lib/python3.10/dist-packages/walle_msg/_walle_msg_s.ep.rosidl_typesupport_c.c
[1.237s] -- Up-to-date: /home/bojithakash68/sid_ws/install/walle_msg/local/lib/python3.10/dist-packages/walle_msg/_walle_msg_s.ep.rosidl_typesupport_fastrtps_c.c
[1.237s] -- Up-to-date: /home/bojithakash68/sid_ws/install/walle_msg/local/lib/python3.10/dist-packages/walle_msg/libwalle_msg__rosidl_generator_py.so
[1.237s] -- Up-to-date: /home/bojithakash68/sid_ws/install/walle_msg/local/lib/python3.10/dist-packages/walle_msg/__init__.py
[1.237s] -- Up-to-date: /home/bojithakash68/sid_ws/install/walle_msg/local/lib/python3.10/dist-packages/walle_msg/walle_msg_s__rosidl_typesupport_fastrtps_c.cpython-310-x86_64-linux-gnu.so
[1.315s] Listing '/home/bojithakash68/sid_ws/install/walle_msg/local/lib/python3.10/dist-packages/walle_msg'...
[1.315s] Listing '/home/bojithakash68/sid_ws/install/walle_msg/local/lib/python3.10/dist-packages/walle_msg/srv'...
[1.329s] -- Up-to-date: /home/bojithakash68/sid_ws/install/walle_msg/local/lib/python3.10/dist-packages/walle_msg/walle_msg_s__rosidl_typesupport_fastrtps_c.cpython-310-x86_64-linux-gnu.so
[1.330s] -- Up-to-date: /home/bojithakash68/sid_ws/install/walle_msg/local/lib/python3.10/dist-packages/walle_msg/walle_msg_s__rosidl_typesupport_introspection_c.cpython-310-x86_64-linux-gnu.so
[1.331s] -- Up-to-date: /home/bojithakash68/sid_ws/install/walle_msg/local/lib/python3.10/dist-packages/walle_msg/walle_msg_s__rosidl_typesupport_c.cpython-310-x86_64-linux-gnu.so
[1.331s] -- Up-to-date: /home/bojithakash68/sid_ws/install/walle_msg/lib/libwalle_msg__rosidl_generator_py.so
[1.332s] -- Up-to-date: /home/bojithakash68/sid_ws/install/walle_msg/share/walle_msg/srv/AddTwoInts.idl
[1.332s] -- Up-to-date: /home/bojithakash68/sid_ws/install/walle_msg/share/walle_msg/srv/GetTransform.idl
[1.332s] -- Up-to-date: /home/bojithakash68/sid_ws/install/walle_msg/share/walle_msg/srv/AddTwoInts.srv
[1.333s] -- Up-to-date: /home/bojithakash68/sid_ws/install/walle_msg/share/walle_msg/srv/AddTwoInts_Request.msg
[1.333s] -- Up-to-date: /home/bojithakash68/sid_ws/install/walle_msg/share/walle_msg/srv/AddTwoInts_Response.msg
[1.333s] -- Up-to-date: /home/bojithakash68/sid_ws/install/walle_msg/share/walle_msg/srv/GetTransform.srv
[1.334s] -- Up-to-date: /home/bojithakash68/sid_ws/install/walle_msg/share/walle_msg/srv/GetTransform_Request.msg
[1.334s] -- Up-to-date: /home/bojithakash68/sid_ws/install/walle_msg/share/walle_msg/srv/GetTransform_Response.msg
[1.334s] -- Up-to-date: /home/bojithakash68/sid_ws/install/walle_msg/share/ament_index/resource_index/package_run_dependencies/walle_msg
[1.334s] -- Up-to-date: /home/bojithakash68/sid_ws/install/walle_msg/share/ament_index/resource_index/parent_prefix_path/walle_msg
[1.334s] -- Up-to-date: /home/bojithakash68/sid_ws/install/walle_msg/share/walle_msg/environment/ament_prefix_path.sh
[1.335s] -- Up-to-date: /home/bojithakash68/sid_ws/install/walle_msg/share/walle_msg/environment/ament_prefix_path.dsv
[1.335s] -- Up-to-date: /home/bojithakash68/sid_ws/install/walle_msg/share/walle_msg/environment/path.sh
[1.335s] -- Up-to-date: /home/bojithakash68/sid_ws/install/walle_msg/share/walle_msg/environment/path.dsv
[1.335s] -- Up-to-date: /home/bojithakash68/sid_ws/install/walle_msg/share/walle_msg/local_setup.bash
[1.335s] -- Up-to-date: /home/bojithakash68/sid_ws/install/walle_msg/share/walle_msg/local_setup.sh
[1.336s] -- Up-to-date: /home/bojithakash68/sid_ws/install/walle_msg/share/walle_msg/local_setup.zsh
[1.336s] -- Up-to-date: /home/bojithakash68/sid_ws/install/walle_msg/share/walle_msg/local_setup.dsv
[1.336s] -- Installing: /home/bojithakash68/sid_ws/install/walle_msg/share/walle_msg/package.dsv
[1.336s] -- Up-to-date: /home/bojithakash68/sid_ws/install/walle_msg/share/ament_index/resource_index/packages/walle_msg
[1.336s] -- Up-to-date: /home/bojithakash68/sid_ws/install/walle_msg/share/walle_msg/cmake/export_walle_msg__rosidl_generator_cExport.cmake
[1.337s] -- Up-to-date: /home/bojithakash68/sid_ws/install/walle_msg/share/walle_msg/cmake/export_walle_msg__rosidl_generator_cExport-noconfig.cmake
[1.337s] -- Up-to-date: /home/bojithakash68/sid_ws/install/walle_msg/share/walle_msg/cmake/export_walle_msg__rosidl_typesupport_fastrtps_cExport.cmake
[1.337s] -- Up-to-date: /home/bojithakash68/sid_ws/install/walle_msg/share/walle_msg/cmake/export_walle_msg__rosidl_typesupport_fastrtps_cExport-noconfig.cmake
[1.337s] -- Up-to-date: /home/bojithakash68/sid_ws/install/walle_msg/share/walle_msg/cmake/export_walle_msg__rosidl_generator_cppExport.cmake
[1.337s] -- Up-to-date: /home/bojithakash68/sid_ws/install/walle_msg/share/walle_msg/cmake/export_walle_msg__rosidl_typesupport_fastrtps_cppExport.cmake
[1.338s] -- Up-to-date: /home/bojithakash68/sid_ws/install/walle_msg/share/walle_msg/cmake/export_walle_msg__rosidl_typesupport_fastrtps_cppExport-noconfig.cmake
[1.338s] -- Up-to-date: /home/bojithakash68/sid_ws/install/walle_msg/share/walle_msg/cmake/walle_msg__rosidl_typesupport_introspection_cExport.cmake
[1.338s] -- Up-to-date: /home/bojithakash68/sid_ws/install/walle_msg/share/walle_msg/cmake/walle_msg__rosidl_typesupport_introspection_cExport-noconfig.cmake
[1.338s] -- Up-to-date: /home/bojithakash68/sid_ws/install/walle_msg/share/walle_msg/cmake/walle_msg__rosidl_typesupport_cExport.cmake
[1.338s] -- Up-to-date: /home/bojithakash68/sid_ws/install/walle_msg/share/walle_msg/cmake/walle_msg__rosidl_typesupport_cExport-noconfig.cmake
[1.339s] -- Up-to-date: /home/bojithakash68/sid_ws/install/walle_msg/share/walle_msg/cmake/walle_msg__rosidl_typesupport_introspection_cppExport.cmake
[1.339s] -- Up-to-date: /home/bojithakash68/sid_ws/install/walle_msg/share/walle_msg/cmake/walle_msg__rosidl_typesupport_introspection_cppExport-noconfig.cmake
[1.339s] -- Up-to-date: /home/bojithakash68/sid_ws/install/walle_msg/share/walle_msg/cmake/walle_msg__rosidl_typesupport_cppExport.cmake
[1.339s] -- Up-to-date: /home/bojithakash68/sid_ws/install/walle_msg/share/walle_msg/cmake/walle_msg__rosidl_typesupport_cppExport-noconfig.cmake
[1.339s] -- Up-to-date: /home/bojithakash68/sid_ws/install/walle_msg/share/walle_msg/cmake/export_walle_msg__rosidl_generator_pyExport.cmake
[1.339s] -- Up-to-date: /home/bojithakash68/sid_ws/install/walle_msg/share/walle_msg/cmake/export_walle_msg__rosidl_generator_pyExport-noconfig.cmake
[1.339s] -- Up-to-date: /home/bojithakash68/sid_ws/install/walle_msg/share/walle_msg/cmake/rosidl_cmake-extras.cmake
[1.340s] -- Up-to-date: /home/bojithakash68/sid_ws/install/walle_msg/share/walle_msg/cmake/ament_cmake_export_dependencies-extras.cmake
[1.340s] -- Up-to-date: /home/bojithakash68/sid_ws/install/walle_msg/share/walle_msg/cmake/ament_cmake_export_include_directories-extras.cmake
[1.340s] -- Up-to-date: /home/bojithakash68/sid_ws/install/walle_msg/share/walle_msg/cmake/ament_cmake_export_libraries-extras.cmake
[1.340s] -- Up-to-date: /home/bojithakash68/sid_ws/install/walle_msg/share/walle_msg/cmake/ament_cmake_export_targets-extras.cmake
[1.340s] -- Up-to-date: /home/bojithakash68/sid_ws/install/walle_msg/share/walle_msg/cmake/rosidl_cmake_export_typesupport_targets-extras.cmake
[1.340s] -- Up-to-date: /home/bojithakash68/sid_ws/install/walle_msg/share/walle_msg/cmake/rosidl_cmake_export_typesupport_libraries-extras.cmake
[1.340s] -- Up-to-date: /home/bojithakash68/sid_ws/install/walle_msg/share/walle_msg/cmake/walle_msgConfig.cmake
[1.341s] -- Up-to-date: /home/bojithakash68/sid_ws/install/walle_msg/share/walle_msg/cmake/walle_msgConfig-version.cmake
[1.341s] -- Up-to-date: /home/bojithakash68/sid_ws/install/walle_msg/share/walle_msg/package.xml
[1.345s] Invoked command in '/home/bojithakash68/sid_ws/build/walle_msg' returned '0': CMAKE_PREFIX_PATH=/opt/ros/humble /usr/bin/cmake --install /home/bojithakash68/sid_ws/build/walle_msg
