[0.034s] Invoking command in '/home/bojithakash68/sid_ws/build/walle_msg': CMAKE_PREFIX_PATH=/opt/ros/humble /usr/bin/cmake /home/bojithakash68/sid_ws/src/walle_msg -DCMAKE_INSTALL_PREFIX=/home/bojithakash68/sid_ws/install/walle_msg
[0.238s] -- The C compiler identification is GNU 11.4.0
[0.395s] -- The CXX compiler identification is GNU 11.4.0
[0.418s] -- Detecting C compiler ABI info
[0.640s] -- Detecting C compiler ABI info - done
[0.655s] -- Check for working C compiler: /usr/bin/cc - skipped
[0.663s] -- Detecting C compile features
[0.664s] -- Detecting C compile features - done
[0.671s] -- Detecting CXX compiler ABI info
[0.914s] -- Detecting CXX compiler ABI info - done
[0.931s] -- Check for working CXX compiler: /usr/bin/c++ - skipped
[0.932s] -- Detecting CXX compile features
[0.933s] -- Detecting CXX compile features - done
[0.948s] -- Found ament_cmake: 1.3.11 (/opt/ros/humble/share/ament_cmake/cmake)
[1.336s] -- Found Python3: /usr/bin/python3 (found version "3.10.12") found components: Interpreter 
[1.566s] -- Found std_msgs: 4.9.0 (/opt/ros/humble/share/std_msgs/cmake)
[1.652s] -- Found rosidl_generator_c: 3.1.6 (/opt/ros/humble/share/rosidl_generator_c/cmake)
[1.665s] -- Found rosidl_adapter: 3.1.6 (/opt/ros/humble/share/rosidl_adapter/cmake)
[1.687s] -- Found rosidl_generator_cpp: 3.1.6 (/opt/ros/humble/share/rosidl_generator_cpp/cmake)
[1.717s] -- Using all available rosidl_typesupport_c: rosidl_typesupport_fastrtps_c;rosidl_typesupport_introspection_c
[1.755s] -- Using all available rosidl_typesupport_cpp: rosidl_typesupport_fastrtps_cpp;rosidl_typesupport_introspection_cpp
[1.823s] -- Found rosidl_default_generators: 1.2.0 (/opt/ros/humble/share/rosidl_default_generators/cmake)
[1.847s] -- Found geometry_msgs: 4.9.0 (/opt/ros/humble/share/geometry_msgs/cmake)
[2.569s] -- Found ament_cmake_ros: 0.10.0 (/opt/ros/humble/share/ament_cmake_ros/cmake)
[3.580s] -- Using all available rosidl_typesupport_c: rosidl_typesupport_fastrtps_c;rosidl_typesupport_introspection_c
[3.977s] -- Using all available rosidl_typesupport_cpp: rosidl_typesupport_fastrtps_cpp;rosidl_typesupport_introspection_cpp
[4.040s] -- Found PythonInterp: /usr/bin/python3 (found suitable version "3.10.12", minimum required is "3.6") 
[4.045s] -- Found python_cmake_module: 0.10.0 (/opt/ros/humble/share/python_cmake_module/cmake)
[4.110s] -- Found PythonLibs: /usr/lib/x86_64-linux-gnu/libpython3.10.so (found suitable version "3.10.12", minimum required is "3.5") 
[4.110s] -- Using PYTHON_EXECUTABLE: /usr/bin/python3
[4.111s] -- Using PYTHON_INCLUDE_DIRS: /usr/include/python3.10
[4.111s] -- Using PYTHON_LIBRARIES: /usr/lib/x86_64-linux-gnu/libpython3.10.so
[4.164s] -- Found PythonExtra: .so  
[4.304s] -- Found ament_lint_auto: 0.12.12 (/opt/ros/humble/share/ament_lint_auto/cmake)
[4.357s] -- Added test 'lint_cmake' to check CMake code style
[4.359s] -- Added test 'xmllint' to check XML markup files
[4.365s] -- Configuring done
[4.455s] -- Generating done
[4.481s] -- Build files have been written to: /home/bojithakash68/sid_ws/build/walle_msg
[4.496s] Invoked command in '/home/bojithakash68/sid_ws/build/walle_msg' returned '0': CMAKE_PREFIX_PATH=/opt/ros/humble /usr/bin/cmake /home/bojithakash68/sid_ws/src/walle_msg -DCMAKE_INSTALL_PREFIX=/home/bojithakash68/sid_ws/install/walle_msg
[4.499s] Invoking command in '/home/bojithakash68/sid_ws/build/walle_msg': CMAKE_PREFIX_PATH=/opt/ros/humble /usr/bin/cmake --build /home/bojithakash68/sid_ws/build/walle_msg -- -j16 -l16
[4.623s] [  2%] [34m[1mGenerating C code for ROS interfaces[0m
[4.658s] [  5%] [34m[1mGenerating C++ code for ROS interfaces[0m
[4.686s] [  5%] Built target ament_cmake_python_copy_walle_msg
[5.332s] running egg_info
[5.333s] creating walle_msg.egg-info
[5.334s] writing walle_msg.egg-info/PKG-INFO
[5.334s] writing dependency_links to walle_msg.egg-info/dependency_links.txt
[5.335s] writing top-level names to walle_msg.egg-info/top_level.txt
[5.335s] writing manifest file 'walle_msg.egg-info/SOURCES.txt'
[5.339s] reading manifest file 'walle_msg.egg-info/SOURCES.txt'
[5.340s] writing manifest file 'walle_msg.egg-info/SOURCES.txt'
[5.404s] [  5%] Built target ament_cmake_python_build_walle_msg_egg
[5.496s] [  5%] Built target walle_msg__cpp
[5.507s] [  7%] [32mBuilding C object CMakeFiles/walle_msg__rosidl_generator_c.dir/rosidl_generator_c/walle_msg/srv/detail/add_two_ints__functions.c.o[0m
[5.507s] [ 10%] [32mBuilding C object CMakeFiles/walle_msg__rosidl_generator_c.dir/rosidl_generator_c/walle_msg/srv/detail/get_transform__functions.c.o[0m
[5.532s] [ 17%] [34m[1mGenerating C++ introspection for ROS interfaces[0m
[5.532s] [ 17%] [34m[1mGenerating C++ type support for eProsima Fast-RTPS[0m
[5.532s] [ 17%] [34m[1mGenerating C++ type support dispatch for ROS interfaces[0m
[5.667s] [ 20%] [32m[1mLinking C shared library libwalle_msg__rosidl_generator_c.so[0m
[5.779s] [ 20%] Built target walle_msg__rosidl_generator_c
[5.815s] [ 28%] [34m[1mGenerating C introspection for ROS interfaces[0m
[5.815s] [ 28%] [34m[1mGenerating C type support for eProsima Fast-RTPS[0m
[5.815s] [ 28%] [34m[1mGenerating C type support dispatch for ROS interfaces[0m
[6.208s] [ 30%] [32mBuilding CXX object CMakeFiles/walle_msg__rosidl_typesupport_cpp.dir/rosidl_typesupport_cpp/walle_msg/srv/add_two_ints__type_support.cpp.o[0m
[6.213s] [ 33%] [32mBuilding CXX object CMakeFiles/walle_msg__rosidl_typesupport_cpp.dir/rosidl_typesupport_cpp/walle_msg/srv/get_transform__type_support.cpp.o[0m
[6.268s] [ 35%] [32mBuilding CXX object CMakeFiles/walle_msg__rosidl_typesupport_introspection_cpp.dir/rosidl_typesupport_introspection_cpp/walle_msg/srv/detail/add_two_ints__type_support.cpp.o[0m
[6.272s] [ 38%] [32mBuilding CXX object CMakeFiles/walle_msg__rosidl_typesupport_introspection_cpp.dir/rosidl_typesupport_introspection_cpp/walle_msg/srv/detail/get_transform__type_support.cpp.o[0m
[6.321s] [ 41%] [32mBuilding CXX object CMakeFiles/walle_msg__rosidl_typesupport_fastrtps_cpp.dir/rosidl_typesupport_fastrtps_cpp/walle_msg/srv/detail/dds_fastrtps/add_two_ints__type_support.cpp.o[0m
[6.330s] [ 43%] [32mBuilding CXX object CMakeFiles/walle_msg__rosidl_typesupport_fastrtps_cpp.dir/rosidl_typesupport_fastrtps_cpp/walle_msg/srv/detail/dds_fastrtps/get_transform__type_support.cpp.o[0m
[6.507s] [ 46%] [32mBuilding CXX object CMakeFiles/walle_msg__rosidl_typesupport_c.dir/rosidl_typesupport_c/walle_msg/srv/add_two_ints__type_support.cpp.o[0m
[6.520s] [ 48%] [32mBuilding CXX object CMakeFiles/walle_msg__rosidl_typesupport_c.dir/rosidl_typesupport_c/walle_msg/srv/get_transform__type_support.cpp.o[0m
[6.619s] [ 51%] [32mBuilding CXX object CMakeFiles/walle_msg__rosidl_typesupport_fastrtps_c.dir/rosidl_typesupport_fastrtps_c/walle_msg/srv/detail/get_transform__type_support_c.cpp.o[0m
[6.619s] [ 53%] [32mBuilding C object CMakeFiles/walle_msg__rosidl_typesupport_introspection_c.dir/rosidl_typesupport_introspection_c/walle_msg/srv/detail/get_transform__type_support.c.o[0m
[6.626s] [ 56%] [32mBuilding C object CMakeFiles/walle_msg__rosidl_typesupport_introspection_c.dir/rosidl_typesupport_introspection_c/walle_msg/srv/detail/add_two_ints__type_support.c.o[0m
[6.626s] [ 58%] [32mBuilding CXX object CMakeFiles/walle_msg__rosidl_typesupport_fastrtps_c.dir/rosidl_typesupport_fastrtps_c/walle_msg/srv/detail/add_two_ints__type_support_c.cpp.o[0m
[6.645s] [ 61%] [32m[1mLinking CXX shared library libwalle_msg__rosidl_typesupport_c.so[0m
[6.785s] [ 64%] [32m[1mLinking C shared library libwalle_msg__rosidl_typesupport_introspection_c.so[0m
[6.829s] [ 64%] Built target walle_msg__rosidl_typesupport_c
[6.904s] [ 66%] [32m[1mLinking CXX shared library libwalle_msg__rosidl_typesupport_cpp.so[0m
[6.910s] [ 66%] Built target walle_msg__rosidl_typesupport_introspection_c
[7.024s] [ 66%] Built target walle_msg__rosidl_typesupport_cpp
[7.184s] [ 69%] [32m[1mLinking CXX shared library libwalle_msg__rosidl_typesupport_introspection_cpp.so[0m
[7.315s] [ 71%] [32m[1mLinking CXX shared library libwalle_msg__rosidl_typesupport_fastrtps_cpp.so[0m
[7.356s] [ 71%] Built target walle_msg__rosidl_typesupport_introspection_cpp
[7.477s] [ 74%] [32m[1mLinking CXX shared library libwalle_msg__rosidl_typesupport_fastrtps_c.so[0m
[7.501s] [ 74%] Built target walle_msg__rosidl_typesupport_fastrtps_cpp
[7.662s] [ 74%] Built target walle_msg__rosidl_typesupport_fastrtps_c
[7.730s] [ 74%] Built target walle_msg
[7.801s] [ 76%] [34m[1mGenerating Python code for ROS interfaces[0m
[8.981s] [ 76%] Built target walle_msg__py
[9.044s] [ 79%] [32mBuilding C object CMakeFiles/walle_msg__rosidl_generator_py.dir/rosidl_generator_py/walle_msg/srv/_add_two_ints_s.c.o[0m
[9.045s] [ 82%] [32mBuilding C object CMakeFiles/walle_msg__rosidl_generator_py.dir/rosidl_generator_py/walle_msg/srv/_get_transform_s.c.o[0m
[9.297s] [ 84%] [32m[1mLinking C shared library rosidl_generator_py/walle_msg/libwalle_msg__rosidl_generator_py.so[0m
[9.401s] [ 84%] Built target walle_msg__rosidl_generator_py
[9.462s] [ 89%] [32mBuilding C object CMakeFiles/walle_msg__rosidl_typesupport_fastrtps_c__pyext.dir/rosidl_generator_py/walle_msg/_walle_msg_s.ep.rosidl_typesupport_fastrtps_c.c.o[0m
[9.462s] [ 89%] [32mBuilding C object CMakeFiles/walle_msg__rosidl_typesupport_c__pyext.dir/rosidl_generator_py/walle_msg/_walle_msg_s.ep.rosidl_typesupport_c.c.o[0m
[9.462s] [ 92%] [32mBuilding C object CMakeFiles/walle_msg__rosidl_typesupport_introspection_c__pyext.dir/rosidl_generator_py/walle_msg/_walle_msg_s.ep.rosidl_typesupport_introspection_c.c.o[0m
[9.677s] [ 94%] [32m[1mLinking C shared library rosidl_generator_py/walle_msg/walle_msg_s__rosidl_typesupport_c.cpython-310-x86_64-linux-gnu.so[0m
[9.677s] [ 97%] [32m[1mLinking C shared library rosidl_generator_py/walle_msg/walle_msg_s__rosidl_typesupport_introspection_c.cpython-310-x86_64-linux-gnu.so[0m
[9.678s] [100%] [32m[1mLinking C shared library rosidl_generator_py/walle_msg/walle_msg_s__rosidl_typesupport_fastrtps_c.cpython-310-x86_64-linux-gnu.so[0m
[9.771s] [100%] Built target walle_msg__rosidl_typesupport_c__pyext
[9.771s] [100%] Built target walle_msg__rosidl_typesupport_introspection_c__pyext
[9.771s] [100%] Built target walle_msg__rosidl_typesupport_fastrtps_c__pyext
[9.799s] Invoked command in '/home/bojithakash68/sid_ws/build/walle_msg' returned '0': CMAKE_PREFIX_PATH=/opt/ros/humble /usr/bin/cmake --build /home/bojithakash68/sid_ws/build/walle_msg -- -j16 -l16
[9.801s] Invoking command in '/home/bojithakash68/sid_ws/build/walle_msg': CMAKE_PREFIX_PATH=/opt/ros/humble /usr/bin/cmake --install /home/bojithakash68/sid_ws/build/walle_msg
[9.818s] -- Install configuration: ""
[9.818s] -- Installing: /home/bojithakash68/sid_ws/install/walle_msg/share/ament_index/resource_index/rosidl_interfaces/walle_msg
[9.819s] -- Installing: /home/bojithakash68/sid_ws/install/walle_msg/include/walle_msg/walle_msg
[9.819s] -- Installing: /home/bojithakash68/sid_ws/install/walle_msg/include/walle_msg/walle_msg/srv
[9.819s] -- Installing: /home/bojithakash68/sid_ws/install/walle_msg/include/walle_msg/walle_msg/srv/add_two_ints.h
[9.819s] -- Installing: /home/bojithakash68/sid_ws/install/walle_msg/include/walle_msg/walle_msg/srv/detail
[9.820s] -- Installing: /home/bojithakash68/sid_ws/install/walle_msg/include/walle_msg/walle_msg/srv/detail/add_two_ints__functions.c
[9.820s] -- Installing: /home/bojithakash68/sid_ws/install/walle_msg/include/walle_msg/walle_msg/srv/detail/add_two_ints__struct.h
[9.820s] -- Installing: /home/bojithakash68/sid_ws/install/walle_msg/include/walle_msg/walle_msg/srv/detail/get_transform__struct.h
[9.821s] -- Installing: /home/bojithakash68/sid_ws/install/walle_msg/include/walle_msg/walle_msg/srv/detail/get_transform__type_support.h
[9.821s] -- Installing: /home/bojithakash68/sid_ws/install/walle_msg/include/walle_msg/walle_msg/srv/detail/add_two_ints__type_support.h
[9.821s] -- Installing: /home/bojithakash68/sid_ws/install/walle_msg/include/walle_msg/walle_msg/srv/detail/add_two_ints__functions.h
[9.822s] -- Installing: /home/bojithakash68/sid_ws/install/walle_msg/include/walle_msg/walle_msg/srv/detail/get_transform__functions.c
[9.822s] -- Installing: /home/bojithakash68/sid_ws/install/walle_msg/include/walle_msg/walle_msg/srv/detail/get_transform__functions.h
[9.822s] -- Installing: /home/bojithakash68/sid_ws/install/walle_msg/include/walle_msg/walle_msg/srv/get_transform.h
[9.822s] -- Installing: /home/bojithakash68/sid_ws/install/walle_msg/include/walle_msg/walle_msg/msg
[9.822s] -- Installing: /home/bojithakash68/sid_ws/install/walle_msg/include/walle_msg/walle_msg/msg/rosidl_generator_c__visibility_control.h
[9.823s] -- Installing: /home/bojithakash68/sid_ws/install/walle_msg/share/walle_msg/environment/library_path.sh
[9.823s] -- Installing: /home/bojithakash68/sid_ws/install/walle_msg/share/walle_msg/environment/library_path.dsv
[9.824s] -- Installing: /home/bojithakash68/sid_ws/install/walle_msg/lib/libwalle_msg__rosidl_generator_c.so
[9.825s] -- Set runtime path of "/home/bojithakash68/sid_ws/install/walle_msg/lib/libwalle_msg__rosidl_generator_c.so" to ""
[9.825s] -- Up-to-date: /home/bojithakash68/sid_ws/install/walle_msg/include/walle_msg/walle_msg
[9.825s] -- Up-to-date: /home/bojithakash68/sid_ws/install/walle_msg/include/walle_msg/walle_msg/srv
[9.825s] -- Up-to-date: /home/bojithakash68/sid_ws/install/walle_msg/include/walle_msg/walle_msg/srv/detail
[9.825s] -- Installing: /home/bojithakash68/sid_ws/install/walle_msg/include/walle_msg/walle_msg/srv/detail/get_transform__rosidl_typesupport_fastrtps_c.h
[9.825s] -- Installing: /home/bojithakash68/sid_ws/install/walle_msg/include/walle_msg/walle_msg/srv/detail/add_two_ints__rosidl_typesupport_fastrtps_c.h
[9.825s] -- Up-to-date: /home/bojithakash68/sid_ws/install/walle_msg/include/walle_msg/walle_msg/msg
[9.826s] -- Installing: /home/bojithakash68/sid_ws/install/walle_msg/include/walle_msg/walle_msg/msg/rosidl_typesupport_fastrtps_c__visibility_control.h
[9.826s] -- Installing: /home/bojithakash68/sid_ws/install/walle_msg/lib/libwalle_msg__rosidl_typesupport_fastrtps_c.so
[9.827s] -- Set runtime path of "/home/bojithakash68/sid_ws/install/walle_msg/lib/libwalle_msg__rosidl_typesupport_fastrtps_c.so" to ""
[9.827s] -- Up-to-date: /home/bojithakash68/sid_ws/install/walle_msg/include/walle_msg/walle_msg
[9.827s] -- Up-to-date: /home/bojithakash68/sid_ws/install/walle_msg/include/walle_msg/walle_msg/srv
[9.827s] -- Installing: /home/bojithakash68/sid_ws/install/walle_msg/include/walle_msg/walle_msg/srv/add_two_ints.hpp
[9.827s] -- Installing: /home/bojithakash68/sid_ws/install/walle_msg/include/walle_msg/walle_msg/srv/get_transform.hpp
[9.828s] -- Up-to-date: /home/bojithakash68/sid_ws/install/walle_msg/include/walle_msg/walle_msg/srv/detail
[9.828s] -- Installing: /home/bojithakash68/sid_ws/install/walle_msg/include/walle_msg/walle_msg/srv/detail/add_two_ints__type_support.hpp
[9.828s] -- Installing: /home/bojithakash68/sid_ws/install/walle_msg/include/walle_msg/walle_msg/srv/detail/add_two_ints__traits.hpp
[9.828s] -- Installing: /home/bojithakash68/sid_ws/install/walle_msg/include/walle_msg/walle_msg/srv/detail/get_transform__traits.hpp
[9.828s] -- Installing: /home/bojithakash68/sid_ws/install/walle_msg/include/walle_msg/walle_msg/srv/detail/add_two_ints__struct.hpp
[9.829s] -- Installing: /home/bojithakash68/sid_ws/install/walle_msg/include/walle_msg/walle_msg/srv/detail/get_transform__type_support.hpp
[9.829s] -- Installing: /home/bojithakash68/sid_ws/install/walle_msg/include/walle_msg/walle_msg/srv/detail/add_two_ints__builder.hpp
[9.829s] -- Installing: /home/bojithakash68/sid_ws/install/walle_msg/include/walle_msg/walle_msg/srv/detail/get_transform__builder.hpp
[9.829s] -- Installing: /home/bojithakash68/sid_ws/install/walle_msg/include/walle_msg/walle_msg/srv/detail/get_transform__struct.hpp
[9.830s] -- Up-to-date: /home/bojithakash68/sid_ws/install/walle_msg/include/walle_msg/walle_msg/msg
[9.830s] -- Installing: /home/bojithakash68/sid_ws/install/walle_msg/include/walle_msg/walle_msg/msg/rosidl_generator_cpp__visibility_control.hpp
[9.830s] -- Up-to-date: /home/bojithakash68/sid_ws/install/walle_msg/include/walle_msg/walle_msg
[9.830s] -- Up-to-date: /home/bojithakash68/sid_ws/install/walle_msg/include/walle_msg/walle_msg/srv
[9.830s] -- Up-to-date: /home/bojithakash68/sid_ws/install/walle_msg/include/walle_msg/walle_msg/srv/detail
[9.831s] -- Installing: /home/bojithakash68/sid_ws/install/walle_msg/include/walle_msg/walle_msg/srv/detail/dds_fastrtps
[9.831s] -- Installing: /home/bojithakash68/sid_ws/install/walle_msg/include/walle_msg/walle_msg/srv/detail/get_transform__rosidl_typesupport_fastrtps_cpp.hpp
[9.831s] -- Installing: /home/bojithakash68/sid_ws/install/walle_msg/include/walle_msg/walle_msg/srv/detail/add_two_ints__rosidl_typesupport_fastrtps_cpp.hpp
[9.831s] -- Up-to-date: /home/bojithakash68/sid_ws/install/walle_msg/include/walle_msg/walle_msg/msg
[9.831s] -- Installing: /home/bojithakash68/sid_ws/install/walle_msg/include/walle_msg/walle_msg/msg/rosidl_typesupport_fastrtps_cpp__visibility_control.h
[9.831s] -- Installing: /home/bojithakash68/sid_ws/install/walle_msg/lib/libwalle_msg__rosidl_typesupport_fastrtps_cpp.so
[9.832s] -- Set runtime path of "/home/bojithakash68/sid_ws/install/walle_msg/lib/libwalle_msg__rosidl_typesupport_fastrtps_cpp.so" to ""
[9.832s] -- Up-to-date: /home/bojithakash68/sid_ws/install/walle_msg/include/walle_msg/walle_msg
[9.832s] -- Up-to-date: /home/bojithakash68/sid_ws/install/walle_msg/include/walle_msg/walle_msg/srv
[9.832s] -- Up-to-date: /home/bojithakash68/sid_ws/install/walle_msg/include/walle_msg/walle_msg/srv/detail
[9.833s] -- Installing: /home/bojithakash68/sid_ws/install/walle_msg/include/walle_msg/walle_msg/srv/detail/add_two_ints__type_support.c
[9.833s] -- Installing: /home/bojithakash68/sid_ws/install/walle_msg/include/walle_msg/walle_msg/srv/detail/get_transform__type_support.c
[9.833s] -- Installing: /home/bojithakash68/sid_ws/install/walle_msg/include/walle_msg/walle_msg/srv/detail/get_transform__rosidl_typesupport_introspection_c.h
[9.833s] -- Installing: /home/bojithakash68/sid_ws/install/walle_msg/include/walle_msg/walle_msg/srv/detail/add_two_ints__rosidl_typesupport_introspection_c.h
[9.834s] -- Up-to-date: /home/bojithakash68/sid_ws/install/walle_msg/include/walle_msg/walle_msg/msg
[9.834s] -- Installing: /home/bojithakash68/sid_ws/install/walle_msg/include/walle_msg/walle_msg/msg/rosidl_typesupport_introspection_c__visibility_control.h
[9.834s] -- Installing: /home/bojithakash68/sid_ws/install/walle_msg/lib/libwalle_msg__rosidl_typesupport_introspection_c.so
[9.835s] -- Set runtime path of "/home/bojithakash68/sid_ws/install/walle_msg/lib/libwalle_msg__rosidl_typesupport_introspection_c.so" to ""
[9.835s] -- Installing: /home/bojithakash68/sid_ws/install/walle_msg/lib/libwalle_msg__rosidl_typesupport_c.so
[9.835s] -- Set runtime path of "/home/bojithakash68/sid_ws/install/walle_msg/lib/libwalle_msg__rosidl_typesupport_c.so" to ""
[9.836s] -- Up-to-date: /home/bojithakash68/sid_ws/install/walle_msg/include/walle_msg/walle_msg
[9.836s] -- Up-to-date: /home/bojithakash68/sid_ws/install/walle_msg/include/walle_msg/walle_msg/srv
[9.836s] -- Up-to-date: /home/bojithakash68/sid_ws/install/walle_msg/include/walle_msg/walle_msg/srv/detail
[9.836s] -- Installing: /home/bojithakash68/sid_ws/install/walle_msg/include/walle_msg/walle_msg/srv/detail/get_transform__rosidl_typesupport_introspection_cpp.hpp
[9.836s] -- Installing: /home/bojithakash68/sid_ws/install/walle_msg/include/walle_msg/walle_msg/srv/detail/add_two_ints__type_support.cpp
[9.836s] -- Installing: /home/bojithakash68/sid_ws/install/walle_msg/include/walle_msg/walle_msg/srv/detail/get_transform__type_support.cpp
[9.836s] -- Installing: /home/bojithakash68/sid_ws/install/walle_msg/include/walle_msg/walle_msg/srv/detail/add_two_ints__rosidl_typesupport_introspection_cpp.hpp
[9.837s] -- Installing: /home/bojithakash68/sid_ws/install/walle_msg/lib/libwalle_msg__rosidl_typesupport_introspection_cpp.so
[9.838s] -- Set runtime path of "/home/bojithakash68/sid_ws/install/walle_msg/lib/libwalle_msg__rosidl_typesupport_introspection_cpp.so" to ""
[9.838s] -- Installing: /home/bojithakash68/sid_ws/install/walle_msg/lib/libwalle_msg__rosidl_typesupport_cpp.so
[9.838s] -- Set runtime path of "/home/bojithakash68/sid_ws/install/walle_msg/lib/libwalle_msg__rosidl_typesupport_cpp.so" to ""
[9.839s] -- Installing: /home/bojithakash68/sid_ws/install/walle_msg/share/walle_msg/environment/pythonpath.sh
[9.839s] -- Installing: /home/bojithakash68/sid_ws/install/walle_msg/share/walle_msg/environment/pythonpath.dsv
[9.839s] -- Installing: /home/bojithakash68/sid_ws/install/walle_msg/local/lib/python3.10/dist-packages/walle_msg-0.0.0-py3.10.egg-info
[9.840s] -- Installing: /home/bojithakash68/sid_ws/install/walle_msg/local/lib/python3.10/dist-packages/walle_msg-0.0.0-py3.10.egg-info/PKG-INFO
[9.840s] -- Installing: /home/bojithakash68/sid_ws/install/walle_msg/local/lib/python3.10/dist-packages/walle_msg-0.0.0-py3.10.egg-info/dependency_links.txt
[9.840s] -- Installing: /home/bojithakash68/sid_ws/install/walle_msg/local/lib/python3.10/dist-packages/walle_msg-0.0.0-py3.10.egg-info/top_level.txt
[9.840s] -- Installing: /home/bojithakash68/sid_ws/install/walle_msg/local/lib/python3.10/dist-packages/walle_msg-0.0.0-py3.10.egg-info/SOURCES.txt
[9.841s] -- Installing: /home/bojithakash68/sid_ws/install/walle_msg/local/lib/python3.10/dist-packages/walle_msg
[9.841s] -- Installing: /home/bojithakash68/sid_ws/install/walle_msg/local/lib/python3.10/dist-packages/walle_msg/srv
[9.841s] -- Installing: /home/bojithakash68/sid_ws/install/walle_msg/local/lib/python3.10/dist-packages/walle_msg/srv/_add_two_ints.py
[9.841s] -- Installing: /home/bojithakash68/sid_ws/install/walle_msg/local/lib/python3.10/dist-packages/walle_msg/srv/_get_transform.py
[9.842s] -- Installing: /home/bojithakash68/sid_ws/install/walle_msg/local/lib/python3.10/dist-packages/walle_msg/srv/__init__.py
[9.842s] -- Installing: /home/bojithakash68/sid_ws/install/walle_msg/local/lib/python3.10/dist-packages/walle_msg/srv/_get_transform_s.c
[9.842s] -- Installing: /home/bojithakash68/sid_ws/install/walle_msg/local/lib/python3.10/dist-packages/walle_msg/srv/_add_two_ints_s.c
[9.842s] -- Installing: /home/bojithakash68/sid_ws/install/walle_msg/local/lib/python3.10/dist-packages/walle_msg/_walle_msg_s.ep.rosidl_typesupport_introspection_c.c
[9.843s] -- Installing: /home/bojithakash68/sid_ws/install/walle_msg/local/lib/python3.10/dist-packages/walle_msg/walle_msg_s__rosidl_typesupport_c.cpython-310-x86_64-linux-gnu.so
[9.843s] -- Installing: /home/bojithakash68/sid_ws/install/walle_msg/local/lib/python3.10/dist-packages/walle_msg/walle_msg_s__rosidl_typesupport_introspection_c.cpython-310-x86_64-linux-gnu.so
[9.843s] -- Installing: /home/bojithakash68/sid_ws/install/walle_msg/local/lib/python3.10/dist-packages/walle_msg/_walle_msg_s.ep.rosidl_typesupport_c.c
[9.844s] -- Installing: /home/bojithakash68/sid_ws/install/walle_msg/local/lib/python3.10/dist-packages/walle_msg/_walle_msg_s.ep.rosidl_typesupport_fastrtps_c.c
[9.844s] -- Installing: /home/bojithakash68/sid_ws/install/walle_msg/local/lib/python3.10/dist-packages/walle_msg/libwalle_msg__rosidl_generator_py.so
[9.844s] -- Installing: /home/bojithakash68/sid_ws/install/walle_msg/local/lib/python3.10/dist-packages/walle_msg/__init__.py
[9.845s] -- Installing: /home/bojithakash68/sid_ws/install/walle_msg/local/lib/python3.10/dist-packages/walle_msg/walle_msg_s__rosidl_typesupport_fastrtps_c.cpython-310-x86_64-linux-gnu.so
[9.908s] Listing '/home/bojithakash68/sid_ws/install/walle_msg/local/lib/python3.10/dist-packages/walle_msg'...
[9.908s] Compiling '/home/bojithakash68/sid_ws/install/walle_msg/local/lib/python3.10/dist-packages/walle_msg/__init__.py'...
[9.909s] Listing '/home/bojithakash68/sid_ws/install/walle_msg/local/lib/python3.10/dist-packages/walle_msg/srv'...
[9.909s] Compiling '/home/bojithakash68/sid_ws/install/walle_msg/local/lib/python3.10/dist-packages/walle_msg/srv/__init__.py'...
[9.909s] Compiling '/home/bojithakash68/sid_ws/install/walle_msg/local/lib/python3.10/dist-packages/walle_msg/srv/_add_two_ints.py'...
[9.909s] Compiling '/home/bojithakash68/sid_ws/install/walle_msg/local/lib/python3.10/dist-packages/walle_msg/srv/_get_transform.py'...
[9.923s] -- Installing: /home/bojithakash68/sid_ws/install/walle_msg/local/lib/python3.10/dist-packages/walle_msg/walle_msg_s__rosidl_typesupport_fastrtps_c.cpython-310-x86_64-linux-gnu.so
[9.923s] -- Set runtime path of "/home/bojithakash68/sid_ws/install/walle_msg/local/lib/python3.10/dist-packages/walle_msg/walle_msg_s__rosidl_typesupport_fastrtps_c.cpython-310-x86_64-linux-gnu.so" to ""
[9.924s] -- Installing: /home/bojithakash68/sid_ws/install/walle_msg/local/lib/python3.10/dist-packages/walle_msg/walle_msg_s__rosidl_typesupport_introspection_c.cpython-310-x86_64-linux-gnu.so
[9.924s] -- Set runtime path of "/home/bojithakash68/sid_ws/install/walle_msg/local/lib/python3.10/dist-packages/walle_msg/walle_msg_s__rosidl_typesupport_introspection_c.cpython-310-x86_64-linux-gnu.so" to ""
[9.924s] -- Installing: /home/bojithakash68/sid_ws/install/walle_msg/local/lib/python3.10/dist-packages/walle_msg/walle_msg_s__rosidl_typesupport_c.cpython-310-x86_64-linux-gnu.so
[9.924s] -- Set runtime path of "/home/bojithakash68/sid_ws/install/walle_msg/local/lib/python3.10/dist-packages/walle_msg/walle_msg_s__rosidl_typesupport_c.cpython-310-x86_64-linux-gnu.so" to ""
[9.924s] -- Installing: /home/bojithakash68/sid_ws/install/walle_msg/lib/libwalle_msg__rosidl_generator_py.so
[9.925s] -- Set runtime path of "/home/bojithakash68/sid_ws/install/walle_msg/lib/libwalle_msg__rosidl_generator_py.so" to ""
[9.925s] -- Installing: /home/bojithakash68/sid_ws/install/walle_msg/share/walle_msg/srv/AddTwoInts.idl
[9.926s] -- Installing: /home/bojithakash68/sid_ws/install/walle_msg/share/walle_msg/srv/GetTransform.idl
[9.926s] -- Installing: /home/bojithakash68/sid_ws/install/walle_msg/share/walle_msg/srv/AddTwoInts.srv
[9.926s] -- Installing: /home/bojithakash68/sid_ws/install/walle_msg/share/walle_msg/srv/AddTwoInts_Request.msg
[9.927s] -- Installing: /home/bojithakash68/sid_ws/install/walle_msg/share/walle_msg/srv/AddTwoInts_Response.msg
[9.927s] -- Installing: /home/bojithakash68/sid_ws/install/walle_msg/share/walle_msg/srv/GetTransform.srv
[9.927s] -- Installing: /home/bojithakash68/sid_ws/install/walle_msg/share/walle_msg/srv/GetTransform_Request.msg
[9.928s] -- Installing: /home/bojithakash68/sid_ws/install/walle_msg/share/walle_msg/srv/GetTransform_Response.msg
[9.928s] -- Installing: /home/bojithakash68/sid_ws/install/walle_msg/share/ament_index/resource_index/package_run_dependencies/walle_msg
[9.928s] -- Installing: /home/bojithakash68/sid_ws/install/walle_msg/share/ament_index/resource_index/parent_prefix_path/walle_msg
[9.929s] -- Installing: /home/bojithakash68/sid_ws/install/walle_msg/share/walle_msg/environment/ament_prefix_path.sh
[9.929s] -- Installing: /home/bojithakash68/sid_ws/install/walle_msg/share/walle_msg/environment/ament_prefix_path.dsv
[9.929s] -- Installing: /home/bojithakash68/sid_ws/install/walle_msg/share/walle_msg/environment/path.sh
[9.930s] -- Installing: /home/bojithakash68/sid_ws/install/walle_msg/share/walle_msg/environment/path.dsv
[9.930s] -- Installing: /home/bojithakash68/sid_ws/install/walle_msg/share/walle_msg/local_setup.bash
[9.930s] -- Installing: /home/bojithakash68/sid_ws/install/walle_msg/share/walle_msg/local_setup.sh
[9.931s] -- Installing: /home/bojithakash68/sid_ws/install/walle_msg/share/walle_msg/local_setup.zsh
[9.931s] -- Installing: /home/bojithakash68/sid_ws/install/walle_msg/share/walle_msg/local_setup.dsv
[9.931s] -- Installing: /home/bojithakash68/sid_ws/install/walle_msg/share/walle_msg/package.dsv
[9.932s] -- Installing: /home/bojithakash68/sid_ws/install/walle_msg/share/ament_index/resource_index/packages/walle_msg
[9.932s] -- Installing: /home/bojithakash68/sid_ws/install/walle_msg/share/walle_msg/cmake/export_walle_msg__rosidl_generator_cExport.cmake
[9.932s] -- Installing: /home/bojithakash68/sid_ws/install/walle_msg/share/walle_msg/cmake/export_walle_msg__rosidl_generator_cExport-noconfig.cmake
[9.933s] -- Installing: /home/bojithakash68/sid_ws/install/walle_msg/share/walle_msg/cmake/export_walle_msg__rosidl_typesupport_fastrtps_cExport.cmake
[9.933s] -- Installing: /home/bojithakash68/sid_ws/install/walle_msg/share/walle_msg/cmake/export_walle_msg__rosidl_typesupport_fastrtps_cExport-noconfig.cmake
[9.933s] -- Installing: /home/bojithakash68/sid_ws/install/walle_msg/share/walle_msg/cmake/export_walle_msg__rosidl_generator_cppExport.cmake
[9.934s] -- Installing: /home/bojithakash68/sid_ws/install/walle_msg/share/walle_msg/cmake/export_walle_msg__rosidl_typesupport_fastrtps_cppExport.cmake
[9.934s] -- Installing: /home/bojithakash68/sid_ws/install/walle_msg/share/walle_msg/cmake/export_walle_msg__rosidl_typesupport_fastrtps_cppExport-noconfig.cmake
[9.935s] -- Installing: /home/bojithakash68/sid_ws/install/walle_msg/share/walle_msg/cmake/walle_msg__rosidl_typesupport_introspection_cExport.cmake
[9.935s] -- Installing: /home/bojithakash68/sid_ws/install/walle_msg/share/walle_msg/cmake/walle_msg__rosidl_typesupport_introspection_cExport-noconfig.cmake
[9.935s] -- Installing: /home/bojithakash68/sid_ws/install/walle_msg/share/walle_msg/cmake/walle_msg__rosidl_typesupport_cExport.cmake
[9.936s] -- Installing: /home/bojithakash68/sid_ws/install/walle_msg/share/walle_msg/cmake/walle_msg__rosidl_typesupport_cExport-noconfig.cmake
[9.936s] -- Installing: /home/bojithakash68/sid_ws/install/walle_msg/share/walle_msg/cmake/walle_msg__rosidl_typesupport_introspection_cppExport.cmake
[9.936s] -- Installing: /home/bojithakash68/sid_ws/install/walle_msg/share/walle_msg/cmake/walle_msg__rosidl_typesupport_introspection_cppExport-noconfig.cmake
[9.937s] -- Installing: /home/bojithakash68/sid_ws/install/walle_msg/share/walle_msg/cmake/walle_msg__rosidl_typesupport_cppExport.cmake
[9.937s] -- Installing: /home/bojithakash68/sid_ws/install/walle_msg/share/walle_msg/cmake/walle_msg__rosidl_typesupport_cppExport-noconfig.cmake
[9.937s] -- Installing: /home/bojithakash68/sid_ws/install/walle_msg/share/walle_msg/cmake/export_walle_msg__rosidl_generator_pyExport.cmake
[9.938s] -- Installing: /home/bojithakash68/sid_ws/install/walle_msg/share/walle_msg/cmake/export_walle_msg__rosidl_generator_pyExport-noconfig.cmake
[9.938s] -- Installing: /home/bojithakash68/sid_ws/install/walle_msg/share/walle_msg/cmake/rosidl_cmake-extras.cmake
[9.938s] -- Installing: /home/bojithakash68/sid_ws/install/walle_msg/share/walle_msg/cmake/ament_cmake_export_dependencies-extras.cmake
[9.939s] -- Installing: /home/bojithakash68/sid_ws/install/walle_msg/share/walle_msg/cmake/ament_cmake_export_include_directories-extras.cmake
[9.939s] -- Installing: /home/bojithakash68/sid_ws/install/walle_msg/share/walle_msg/cmake/ament_cmake_export_libraries-extras.cmake
[9.939s] -- Installing: /home/bojithakash68/sid_ws/install/walle_msg/share/walle_msg/cmake/ament_cmake_export_targets-extras.cmake
[9.940s] -- Installing: /home/bojithakash68/sid_ws/install/walle_msg/share/walle_msg/cmake/rosidl_cmake_export_typesupport_targets-extras.cmake
[9.940s] -- Installing: /home/bojithakash68/sid_ws/install/walle_msg/share/walle_msg/cmake/rosidl_cmake_export_typesupport_libraries-extras.cmake
[9.940s] -- Installing: /home/bojithakash68/sid_ws/install/walle_msg/share/walle_msg/cmake/walle_msgConfig.cmake
[9.941s] -- Installing: /home/bojithakash68/sid_ws/install/walle_msg/share/walle_msg/cmake/walle_msgConfig-version.cmake
[9.941s] -- Installing: /home/bojithakash68/sid_ws/install/walle_msg/share/walle_msg/package.xml
[9.946s] Invoked command in '/home/bojithakash68/sid_ws/build/walle_msg' returned '0': CMAKE_PREFIX_PATH=/opt/ros/humble /usr/bin/cmake --install /home/bojithakash68/sid_ws/build/walle_msg
