-- Found ament_cmake: 1.3.11 (/opt/ros/humble/share/ament_cmake/cmake)
-- Found urdf: 2.6.1 (/opt/ros/humble/share/urdf/cmake)
-- Found ament_lint_auto: 0.12.12 (/opt/ros/humble/share/ament_lint_auto/cmake)
-- Added test 'copyright' to check source files copyright and LICENSE
-- Added test 'flake8' to check Python code syntax and style conventions
-- Added test 'lint_cmake' to check CMake code style
-- Added test 'pep257' to check Python code against some of the docstring style conventions in PEP 257
-- Added test 'xmllint' to check XML markup files
-- Configuring done
-- Generating done
-- Build files have been written to: /home/bojithakash68/sid_ws/build/walle_description
-- Install configuration: ""
-- Up-to-date: /home/bojithakash68/sid_ws/install/walle_description/share/walle_description/launch
-- Up-to-date: /home/bojithakash68/sid_ws/install/walle_description/share/walle_description/launch/display.launch.py
-- Up-to-date: /home/bojithakash68/sid_ws/install/walle_description/share/walle_description/launch/gazebo.launch.py
-- Up-to-date: /home/bojithakash68/sid_ws/install/walle_description/share/walle_description/meshes
-- Up-to-date: /home/bojithakash68/sid_ws/install/walle_description/share/walle_description/meshes/base_link.stl
[31mCMake Error at cmake_install.cmake:46 (file):
  file INSTALL cannot find
  "/home/bojithakash68/sid_ws/src/walle_description/rviz": No such file or
  directory.

[0m
-- Up-to-date: /home/bojithakash68/sid_ws/install/walle_description/share/walle_description/meshes/lidar_1.stl
-- Up-to-date: /home/bojithakash68/sid_ws/install/walle_description/share/walle_description/meshes/caster_wheel_1.stl
-- Up-to-date: /home/bojithakash68/sid_ws/install/walle_description/share/walle_description/meshes/imu_1.stl
-- Up-to-date: /home/bojithakash68/sid_ws/install/walle_description/share/walle_description/meshes/right_wheel_1.stl
-- Up-to-date: /home/bojithakash68/sid_ws/install/walle_description/share/walle_description/meshes/left_wheel_1.stl
-- Up-to-date: /home/bojithakash68/sid_ws/install/walle_description/share/walle_description/urdf
-- Up-to-date: /home/bojithakash68/sid_ws/install/walle_description/share/walle_description/urdf/walle_gazebo.xacro
-- Up-to-date: /home/bojithakash68/sid_ws/install/walle_description/share/walle_description/urdf/walle_ros2_control.xacro
-- Installing: /home/bojithakash68/sid_ws/install/walle_description/share/walle_description/urdf/walle.xacro
-- Up-to-date: /home/bojithakash68/sid_ws/install/walle_description/share/walle_description/urdf/materials.xacro
