[0.010s] Invoking command in '/home/bojithakash68/sid_ws/build/walle_description': CMAKE_PREFIX_PATH=/opt/ros/humble /usr/bin/cmake --build /home/bojithakash68/sid_ws/build/walle_description -- -j16 -l16
[0.032s] -- Found ament_cmake: 1.3.11 (/opt/ros/humble/share/ament_cmake/cmake)
[0.158s] -- Found urdf: 2.6.1 (/opt/ros/humble/share/urdf/cmake)
[0.191s] -- Found ament_lint_auto: 0.12.12 (/opt/ros/humble/share/ament_lint_auto/cmake)
[0.274s] -- Added test 'copyright' to check source files copyright and LICENSE
[0.277s] -- Added test 'flake8' to check Python code syntax and style conventions
[0.278s] -- Added test 'lint_cmake' to check CMake code style
[0.278s] -- Added test 'pep257' to check Python code against some of the docstring style conventions in PEP 257
[0.280s] -- Added test 'xmllint' to check XML markup files
[0.281s] -- Configuring done
[0.285s] -- Generating done
[0.287s] -- Build files have been written to: /home/bojithakash68/sid_ws/build/walle_description
[0.314s] Invoked command in '/home/bojithakash68/sid_ws/build/walle_description' returned '0': CMAKE_PREFIX_PATH=/opt/ros/humble /usr/bin/cmake --build /home/bojithakash68/sid_ws/build/walle_description -- -j16 -l16
[0.326s] Invoking command in '/home/bojithakash68/sid_ws/build/walle_description': CMAKE_PREFIX_PATH=/opt/ros/humble /usr/bin/cmake --install /home/bojithakash68/sid_ws/build/walle_description
[0.335s] -- Install configuration: ""
[0.335s] -- Up-to-date: /home/bojithakash68/sid_ws/install/walle_description/share/walle_description/launch
[0.335s] -- Up-to-date: /home/bojithakash68/sid_ws/install/walle_description/share/walle_description/launch/display.launch.py
[0.335s] -- Up-to-date: /home/bojithakash68/sid_ws/install/walle_description/share/walle_description/launch/gazebo.launch.py
[0.335s] -- Up-to-date: /home/bojithakash68/sid_ws/install/walle_description/share/walle_description/meshes
[0.335s] -- Up-to-date: /home/bojithakash68/sid_ws/install/walle_description/share/walle_description/meshes/base_link.stl
[0.336s] [31mCMake Error at cmake_install.cmake:46 (file):
[0.336s]   file INSTALL cannot find
[0.336s]   "/home/bojithakash68/sid_ws/src/walle_description/rviz": No such file or
[0.336s]   directory.
[0.336s] 
[0.336s] [0m
[0.336s] -- Up-to-date: /home/bojithakash68/sid_ws/install/walle_description/share/walle_description/meshes/lidar_1.stl
[0.336s] -- Up-to-date: /home/bojithakash68/sid_ws/install/walle_description/share/walle_description/meshes/caster_wheel_1.stl
[0.336s] -- Up-to-date: /home/bojithakash68/sid_ws/install/walle_description/share/walle_description/meshes/imu_1.stl
[0.336s] -- Up-to-date: /home/bojithakash68/sid_ws/install/walle_description/share/walle_description/meshes/right_wheel_1.stl
[0.336s] -- Up-to-date: /home/bojithakash68/sid_ws/install/walle_description/share/walle_description/meshes/left_wheel_1.stl
[0.336s] -- Up-to-date: /home/bojithakash68/sid_ws/install/walle_description/share/walle_description/urdf
[0.336s] -- Up-to-date: /home/bojithakash68/sid_ws/install/walle_description/share/walle_description/urdf/walle_gazebo.xacro
[0.336s] -- Up-to-date: /home/bojithakash68/sid_ws/install/walle_description/share/walle_description/urdf/walle_ros2_control.xacro
[0.337s] -- Installing: /home/bojithakash68/sid_ws/install/walle_description/share/walle_description/urdf/walle.xacro
[0.337s] -- Up-to-date: /home/bojithakash68/sid_ws/install/walle_description/share/walle_description/urdf/materials.xacro
[0.337s] Invoked command in '/home/bojithakash68/sid_ws/build/walle_description' returned '1': CMAKE_PREFIX_PATH=/opt/ros/humble /usr/bin/cmake --install /home/bojithakash68/sid_ws/build/walle_description
