[0.036s] Invoking command in '/home/bojithakash68/sid_ws/build/walle_controller': AMENT_PREFIX_PATH=/home/bojithakash68/sid_ws/install/walle_msg:${AMENT_PREFIX_PATH} CMAKE_PREFIX_PATH=/home/bojithakash68/sid_ws/install/walle_msg:/opt/ros/humble LD_LIBRARY_PATH=/home/bojithakash68/sid_ws/install/walle_msg/lib:${LD_LIBRARY_PATH} PYTHONPATH=/home/bojithakash68/sid_ws/install/walle_msg/local/lib/python3.10/dist-packages:${PYTHONPATH} /usr/bin/cmake --build /home/bojithakash68/sid_ws/build/walle_controller -- -j16 -l16
[0.184s] [35m[1mConsolidate compiler generated dependencies of target simple_tf_kinematics[0m
[0.184s] [35m[1mConsolidate compiler generated dependencies of target simple_controller[0m
[0.184s] [35m[1mConsolidate compiler generated dependencies of target simple_service_server[0m
[0.184s] [35m[1mConsolidate compiler generated dependencies of target simple_client_server[0m
[0.240s] [  0%] Built target ament_cmake_python_copy_walle_controller
[0.252s] [ 50%] Built target simple_client_server
[0.252s] [ 50%] Built target simple_service_server
[0.254s] [ 75%] Built target simple_tf_kinematics
[0.262s] [100%] Built target simple_controller
[0.872s] running egg_info
[0.873s] writing walle_controller.egg-info/PKG-INFO
[0.873s] writing dependency_links to walle_controller.egg-info/dependency_links.txt
[0.874s] writing top-level names to walle_controller.egg-info/top_level.txt
[0.879s] reading manifest file 'walle_controller.egg-info/SOURCES.txt'
[0.882s] writing manifest file 'walle_controller.egg-info/SOURCES.txt'
[0.941s] [100%] Built target ament_cmake_python_build_walle_controller_egg
[0.974s] Invoked command in '/home/bojithakash68/sid_ws/build/walle_controller' returned '0': AMENT_PREFIX_PATH=/home/bojithakash68/sid_ws/install/walle_msg:${AMENT_PREFIX_PATH} CMAKE_PREFIX_PATH=/home/bojithakash68/sid_ws/install/walle_msg:/opt/ros/humble LD_LIBRARY_PATH=/home/bojithakash68/sid_ws/install/walle_msg/lib:${LD_LIBRARY_PATH} PYTHONPATH=/home/bojithakash68/sid_ws/install/walle_msg/local/lib/python3.10/dist-packages:${PYTHONPATH} /usr/bin/cmake --build /home/bojithakash68/sid_ws/build/walle_controller -- -j16 -l16
[0.978s] Invoking command in '/home/bojithakash68/sid_ws/build/walle_controller': AMENT_PREFIX_PATH=/home/bojithakash68/sid_ws/install/walle_msg:${AMENT_PREFIX_PATH} CMAKE_PREFIX_PATH=/home/bojithakash68/sid_ws/install/walle_msg:/opt/ros/humble LD_LIBRARY_PATH=/home/bojithakash68/sid_ws/install/walle_msg/lib:${LD_LIBRARY_PATH} PYTHONPATH=/home/bojithakash68/sid_ws/install/walle_msg/local/lib/python3.10/dist-packages:${PYTHONPATH} /usr/bin/cmake --install /home/bojithakash68/sid_ws/build/walle_controller
[0.999s] -- Install configuration: ""
[0.999s] -- Up-to-date: /home/bojithakash68/sid_ws/install/walle_controller/share/walle_controller/environment/pythonpath.sh
[1.000s] -- Up-to-date: /home/bojithakash68/sid_ws/install/walle_controller/share/walle_controller/environment/pythonpath.dsv
[1.000s] -- Up-to-date: /home/bojithakash68/sid_ws/install/walle_controller/local/lib/python3.10/dist-packages/walle_controller-0.0.0-py3.10.egg-info
[1.001s] -- Installing: /home/bojithakash68/sid_ws/install/walle_controller/local/lib/python3.10/dist-packages/walle_controller-0.0.0-py3.10.egg-info/PKG-INFO
[1.001s] -- Installing: /home/bojithakash68/sid_ws/install/walle_controller/local/lib/python3.10/dist-packages/walle_controller-0.0.0-py3.10.egg-info/dependency_links.txt
[1.002s] -- Installing: /home/bojithakash68/sid_ws/install/walle_controller/local/lib/python3.10/dist-packages/walle_controller-0.0.0-py3.10.egg-info/top_level.txt
[1.002s] -- Installing: /home/bojithakash68/sid_ws/install/walle_controller/local/lib/python3.10/dist-packages/walle_controller-0.0.0-py3.10.egg-info/SOURCES.txt
[1.003s] -- Up-to-date: /home/bojithakash68/sid_ws/install/walle_controller/local/lib/python3.10/dist-packages/walle_controller
[1.003s] -- Up-to-date: /home/bojithakash68/sid_ws/install/walle_controller/local/lib/python3.10/dist-packages/walle_controller/__init__.py
[1.077s] Listing '/home/bojithakash68/sid_ws/install/walle_controller/local/lib/python3.10/dist-packages/walle_controller'...
[1.086s] -- Up-to-date: /home/bojithakash68/sid_ws/install/walle_controller/include/include
[1.086s] -- Up-to-date: /home/bojithakash68/sid_ws/install/walle_controller/include/include/walle_controller
[1.086s] -- Up-to-date: /home/bojithakash68/sid_ws/install/walle_controller/include/include/walle_controller/simple_tf_kinematics.hpp
[1.087s] -- Up-to-date: /home/bojithakash68/sid_ws/install/walle_controller/include/include/walle_controller/simple_controller.hpp
[1.088s] -- Up-to-date: /home/bojithakash68/sid_ws/install/walle_controller/lib/walle_controller/simple_controller
[1.090s] -- Up-to-date: /home/bojithakash68/sid_ws/install/walle_controller/lib/walle_controller/simple_tf_kinematics
[1.091s] -- Up-to-date: /home/bojithakash68/sid_ws/install/walle_controller/lib/walle_controller/simple_service_server
[1.092s] -- Up-to-date: /home/bojithakash68/sid_ws/install/walle_controller/lib/walle_controller/simple_client_server
[1.093s] -- Up-to-date: /home/bojithakash68/sid_ws/install/walle_controller/share/walle_controller/config
[1.093s] -- Up-to-date: /home/bojithakash68/sid_ws/install/walle_controller/share/walle_controller/config/joy_config.yaml
[1.094s] -- Up-to-date: /home/bojithakash68/sid_ws/install/walle_controller/share/walle_controller/config/walle_controllers.yaml
[1.094s] -- Up-to-date: /home/bojithakash68/sid_ws/install/walle_controller/share/walle_controller/config/joy_teleop.yaml
[1.094s] -- Up-to-date: /home/bojithakash68/sid_ws/install/walle_controller/share/walle_controller/launch
[1.094s] -- Up-to-date: /home/bojithakash68/sid_ws/install/walle_controller/share/walle_controller/launch/controller.launch.py
[1.094s] -- Up-to-date: /home/bojithakash68/sid_ws/install/walle_controller/share/walle_controller/launch/keyboard.launch.py
[1.095s] -- Up-to-date: /home/bojithakash68/sid_ws/install/walle_controller/share/walle_controller/launch/joy_teleop.launch.py
[1.095s] -- Up-to-date: /home/bojithakash68/sid_ws/install/walle_controller/share/ament_index/resource_index/package_run_dependencies/walle_controller
[1.095s] -- Up-to-date: /home/bojithakash68/sid_ws/install/walle_controller/share/ament_index/resource_index/parent_prefix_path/walle_controller
[1.095s] -- Up-to-date: /home/bojithakash68/sid_ws/install/walle_controller/share/walle_controller/environment/ament_prefix_path.sh
[1.096s] -- Up-to-date: /home/bojithakash68/sid_ws/install/walle_controller/share/walle_controller/environment/ament_prefix_path.dsv
[1.096s] -- Up-to-date: /home/bojithakash68/sid_ws/install/walle_controller/share/walle_controller/environment/path.sh
[1.096s] -- Up-to-date: /home/bojithakash68/sid_ws/install/walle_controller/share/walle_controller/environment/path.dsv
[1.096s] -- Up-to-date: /home/bojithakash68/sid_ws/install/walle_controller/share/walle_controller/local_setup.bash
[1.096s] -- Up-to-date: /home/bojithakash68/sid_ws/install/walle_controller/share/walle_controller/local_setup.sh
[1.096s] -- Up-to-date: /home/bojithakash68/sid_ws/install/walle_controller/share/walle_controller/local_setup.zsh
[1.097s] -- Up-to-date: /home/bojithakash68/sid_ws/install/walle_controller/share/walle_controller/local_setup.dsv
[1.097s] -- Installing: /home/bojithakash68/sid_ws/install/walle_controller/share/walle_controller/package.dsv
[1.097s] -- Up-to-date: /home/bojithakash68/sid_ws/install/walle_controller/share/ament_index/resource_index/packages/walle_controller
[1.097s] -- Up-to-date: /home/bojithakash68/sid_ws/install/walle_controller/share/walle_controller/cmake/walle_controllerConfig.cmake
[1.098s] -- Up-to-date: /home/bojithakash68/sid_ws/install/walle_controller/share/walle_controller/cmake/walle_controllerConfig-version.cmake
[1.098s] -- Up-to-date: /home/bojithakash68/sid_ws/install/walle_controller/share/walle_controller/package.xml
[1.104s] Invoked command in '/home/bojithakash68/sid_ws/build/walle_controller' returned '0': AMENT_PREFIX_PATH=/home/bojithakash68/sid_ws/install/walle_msg:${AMENT_PREFIX_PATH} CMAKE_PREFIX_PATH=/home/bojithakash68/sid_ws/install/walle_msg:/opt/ros/humble LD_LIBRARY_PATH=/home/bojithakash68/sid_ws/install/walle_msg/lib:${LD_LIBRARY_PATH} PYTHONPATH=/home/bojithakash68/sid_ws/install/walle_msg/local/lib/python3.10/dist-packages:${PYTHONPATH} /usr/bin/cmake --install /home/bojithakash68/sid_ws/build/walle_controller
