[0.045s] Invoking command in '/home/bojithakash68/sid_ws/build/walle_msg': CMAKE_PREFIX_PATH=/opt/ros/humble /usr/bin/cmake --build /home/bojithakash68/sid_ws/build/walle_msg -- -j16 -l16
[0.279s] [  2%] Built target walle_msg__cpp
[0.295s] [ 12%] Built target walle_msg__rosidl_generator_c
[0.312s] [ 12%] Built target ament_cmake_python_copy_walle_msg
[0.371s] [ 30%] Built target walle_msg__rosidl_typesupport_fastrtps_cpp
[0.371s] [ 33%] Built target walle_msg__rosidl_typesupport_introspection_cpp
[0.372s] [ 43%] Built target walle_msg__rosidl_typesupport_cpp
[0.376s] [ 64%] Built target walle_msg__rosidl_typesupport_c
[0.377s] [ 64%] Built target walle_msg__rosidl_typesupport_introspection_c
[0.378s] [ 74%] Built target walle_msg__rosidl_typesupport_fastrtps_c
[0.454s] [ 74%] Built target walle_msg
[0.529s] [ 76%] Built target walle_msg__py
[0.618s] [ 84%] Built target walle_msg__rosidl_generator_py
[0.700s] [100%] Built target walle_msg__rosidl_typesupport_introspection_c__pyext
[0.700s] [100%] Built target walle_msg__rosidl_typesupport_fastrtps_c__pyext
[0.700s] [100%] Built target walle_msg__rosidl_typesupport_c__pyext
[0.997s] running egg_info
[0.998s] writing walle_msg.egg-info/PKG-INFO
[0.999s] writing dependency_links to walle_msg.egg-info/dependency_links.txt
[0.999s] writing top-level names to walle_msg.egg-info/top_level.txt
[1.005s] reading manifest file 'walle_msg.egg-info/SOURCES.txt'
[1.006s] writing manifest file 'walle_msg.egg-info/SOURCES.txt'
[1.076s] [100%] Built target ament_cmake_python_build_walle_msg_egg
[1.111s] Invoked command in '/home/bojithakash68/sid_ws/build/walle_msg' returned '0': CMAKE_PREFIX_PATH=/opt/ros/humble /usr/bin/cmake --build /home/bojithakash68/sid_ws/build/walle_msg -- -j16 -l16
[1.150s] Invoking command in '/home/bojithakash68/sid_ws/build/walle_msg': CMAKE_PREFIX_PATH=/opt/ros/humble /usr/bin/cmake --install /home/bojithakash68/sid_ws/build/walle_msg
[1.172s] -- Install configuration: ""
[1.174s] -- Up-to-date: /home/bojithakash68/sid_ws/install/walle_msg/share/ament_index/resource_index/rosidl_interfaces/walle_msg
[1.174s] -- Up-to-date: /home/bojithakash68/sid_ws/install/walle_msg/include/walle_msg/walle_msg
[1.175s] -- Up-to-date: /home/bojithakash68/sid_ws/install/walle_msg/include/walle_msg/walle_msg/srv
[1.175s] -- Up-to-date: /home/bojithakash68/sid_ws/install/walle_msg/include/walle_msg/walle_msg/srv/add_two_ints.h
[1.175s] -- Up-to-date: /home/bojithakash68/sid_ws/install/walle_msg/include/walle_msg/walle_msg/srv/detail
[1.175s] -- Up-to-date: /home/bojithakash68/sid_ws/install/walle_msg/include/walle_msg/walle_msg/srv/detail/add_two_ints__functions.c
[1.175s] -- Up-to-date: /home/bojithakash68/sid_ws/install/walle_msg/include/walle_msg/walle_msg/srv/detail/add_two_ints__struct.h
[1.176s] -- Up-to-date: /home/bojithakash68/sid_ws/install/walle_msg/include/walle_msg/walle_msg/srv/detail/get_transform__struct.h
[1.176s] -- Up-to-date: /home/bojithakash68/sid_ws/install/walle_msg/include/walle_msg/walle_msg/srv/detail/get_transform__type_support.h
[1.176s] -- Up-to-date: /home/bojithakash68/sid_ws/install/walle_msg/include/walle_msg/walle_msg/srv/detail/add_two_ints__type_support.h
[1.176s] -- Up-to-date: /home/bojithakash68/sid_ws/install/walle_msg/include/walle_msg/walle_msg/srv/detail/add_two_ints__functions.h
[1.176s] -- Up-to-date: /home/bojithakash68/sid_ws/install/walle_msg/include/walle_msg/walle_msg/srv/detail/get_transform__functions.c
[1.177s] -- Up-to-date: /home/bojithakash68/sid_ws/install/walle_msg/include/walle_msg/walle_msg/srv/detail/get_transform__functions.h
[1.177s] -- Up-to-date: /home/bojithakash68/sid_ws/install/walle_msg/include/walle_msg/walle_msg/srv/get_transform.h
[1.177s] -- Up-to-date: /home/bojithakash68/sid_ws/install/walle_msg/include/walle_msg/walle_msg/msg
[1.177s] -- Up-to-date: /home/bojithakash68/sid_ws/install/walle_msg/include/walle_msg/walle_msg/msg/rosidl_generator_c__visibility_control.h
[1.177s] -- Up-to-date: /home/bojithakash68/sid_ws/install/walle_msg/share/walle_msg/environment/library_path.sh
[1.177s] -- Up-to-date: /home/bojithakash68/sid_ws/install/walle_msg/share/walle_msg/environment/library_path.dsv
[1.178s] -- Up-to-date: /home/bojithakash68/sid_ws/install/walle_msg/lib/libwalle_msg__rosidl_generator_c.so
[1.179s] -- Up-to-date: /home/bojithakash68/sid_ws/install/walle_msg/include/walle_msg/walle_msg
[1.179s] -- Up-to-date: /home/bojithakash68/sid_ws/install/walle_msg/include/walle_msg/walle_msg/srv
[1.179s] -- Up-to-date: /home/bojithakash68/sid_ws/install/walle_msg/include/walle_msg/walle_msg/srv/detail
[1.179s] -- Up-to-date: /home/bojithakash68/sid_ws/install/walle_msg/include/walle_msg/walle_msg/srv/detail/get_transform__rosidl_typesupport_fastrtps_c.h
[1.180s] -- Up-to-date: /home/bojithakash68/sid_ws/install/walle_msg/include/walle_msg/walle_msg/srv/detail/add_two_ints__rosidl_typesupport_fastrtps_c.h
[1.180s] -- Up-to-date: /home/bojithakash68/sid_ws/install/walle_msg/include/walle_msg/walle_msg/msg
[1.180s] -- Up-to-date: /home/bojithakash68/sid_ws/install/walle_msg/include/walle_msg/walle_msg/msg/rosidl_typesupport_fastrtps_c__visibility_control.h
[1.180s] -- Up-to-date: /home/bojithakash68/sid_ws/install/walle_msg/lib/libwalle_msg__rosidl_typesupport_fastrtps_c.so
[1.181s] -- Up-to-date: /home/bojithakash68/sid_ws/install/walle_msg/include/walle_msg/walle_msg
[1.181s] -- Up-to-date: /home/bojithakash68/sid_ws/install/walle_msg/include/walle_msg/walle_msg/srv
[1.182s] -- Up-to-date: /home/bojithakash68/sid_ws/install/walle_msg/include/walle_msg/walle_msg/srv/add_two_ints.hpp
[1.182s] -- Up-to-date: /home/bojithakash68/sid_ws/install/walle_msg/include/walle_msg/walle_msg/srv/get_transform.hpp
[1.182s] -- Up-to-date: /home/bojithakash68/sid_ws/install/walle_msg/include/walle_msg/walle_msg/srv/detail
[1.182s] -- Up-to-date: /home/bojithakash68/sid_ws/install/walle_msg/include/walle_msg/walle_msg/srv/detail/add_two_ints__type_support.hpp
[1.182s] -- Up-to-date: /home/bojithakash68/sid_ws/install/walle_msg/include/walle_msg/walle_msg/srv/detail/add_two_ints__traits.hpp
[1.182s] -- Up-to-date: /home/bojithakash68/sid_ws/install/walle_msg/include/walle_msg/walle_msg/srv/detail/get_transform__traits.hpp
[1.183s] -- Up-to-date: /home/bojithakash68/sid_ws/install/walle_msg/include/walle_msg/walle_msg/srv/detail/add_two_ints__struct.hpp
[1.183s] -- Up-to-date: /home/bojithakash68/sid_ws/install/walle_msg/include/walle_msg/walle_msg/srv/detail/get_transform__type_support.hpp
[1.183s] -- Up-to-date: /home/bojithakash68/sid_ws/install/walle_msg/include/walle_msg/walle_msg/srv/detail/add_two_ints__builder.hpp
[1.183s] -- Up-to-date: /home/bojithakash68/sid_ws/install/walle_msg/include/walle_msg/walle_msg/srv/detail/get_transform__builder.hpp
[1.183s] -- Up-to-date: /home/bojithakash68/sid_ws/install/walle_msg/include/walle_msg/walle_msg/srv/detail/get_transform__struct.hpp
[1.183s] -- Up-to-date: /home/bojithakash68/sid_ws/install/walle_msg/include/walle_msg/walle_msg/msg
[1.184s] -- Up-to-date: /home/bojithakash68/sid_ws/install/walle_msg/include/walle_msg/walle_msg/msg/rosidl_generator_cpp__visibility_control.hpp
[1.184s] -- Up-to-date: /home/bojithakash68/sid_ws/install/walle_msg/include/walle_msg/walle_msg
[1.184s] -- Up-to-date: /home/bojithakash68/sid_ws/install/walle_msg/include/walle_msg/walle_msg/srv
[1.184s] -- Up-to-date: /home/bojithakash68/sid_ws/install/walle_msg/include/walle_msg/walle_msg/srv/detail
[1.184s] -- Up-to-date: /home/bojithakash68/sid_ws/install/walle_msg/include/walle_msg/walle_msg/srv/detail/dds_fastrtps
[1.184s] -- Up-to-date: /home/bojithakash68/sid_ws/install/walle_msg/include/walle_msg/walle_msg/srv/detail/get_transform__rosidl_typesupport_fastrtps_cpp.hpp
[1.184s] -- Up-to-date: /home/bojithakash68/sid_ws/install/walle_msg/include/walle_msg/walle_msg/srv/detail/add_two_ints__rosidl_typesupport_fastrtps_cpp.hpp
[1.185s] -- Up-to-date: /home/bojithakash68/sid_ws/install/walle_msg/include/walle_msg/walle_msg/msg
[1.185s] -- Up-to-date: /home/bojithakash68/sid_ws/install/walle_msg/include/walle_msg/walle_msg/msg/rosidl_typesupport_fastrtps_cpp__visibility_control.h
[1.185s] -- Up-to-date: /home/bojithakash68/sid_ws/install/walle_msg/lib/libwalle_msg__rosidl_typesupport_fastrtps_cpp.so
[1.185s] -- Up-to-date: /home/bojithakash68/sid_ws/install/walle_msg/include/walle_msg/walle_msg
[1.185s] -- Up-to-date: /home/bojithakash68/sid_ws/install/walle_msg/include/walle_msg/walle_msg/srv
[1.185s] -- Up-to-date: /home/bojithakash68/sid_ws/install/walle_msg/include/walle_msg/walle_msg/srv/detail
[1.186s] -- Up-to-date: /home/bojithakash68/sid_ws/install/walle_msg/include/walle_msg/walle_msg/srv/detail/add_two_ints__type_support.c
[1.186s] -- Up-to-date: /home/bojithakash68/sid_ws/install/walle_msg/include/walle_msg/walle_msg/srv/detail/get_transform__type_support.c
[1.186s] -- Up-to-date: /home/bojithakash68/sid_ws/install/walle_msg/include/walle_msg/walle_msg/srv/detail/get_transform__rosidl_typesupport_introspection_c.h
[1.186s] -- Up-to-date: /home/bojithakash68/sid_ws/install/walle_msg/include/walle_msg/walle_msg/srv/detail/add_two_ints__rosidl_typesupport_introspection_c.h
[1.186s] -- Up-to-date: /home/bojithakash68/sid_ws/install/walle_msg/include/walle_msg/walle_msg/msg
[1.186s] -- Up-to-date: /home/bojithakash68/sid_ws/install/walle_msg/include/walle_msg/walle_msg/msg/rosidl_typesupport_introspection_c__visibility_control.h
[1.187s] -- Up-to-date: /home/bojithakash68/sid_ws/install/walle_msg/lib/libwalle_msg__rosidl_typesupport_introspection_c.so
[1.187s] -- Up-to-date: /home/bojithakash68/sid_ws/install/walle_msg/lib/libwalle_msg__rosidl_typesupport_c.so
[1.188s] -- Up-to-date: /home/bojithakash68/sid_ws/install/walle_msg/include/walle_msg/walle_msg
[1.188s] -- Up-to-date: /home/bojithakash68/sid_ws/install/walle_msg/include/walle_msg/walle_msg/srv
[1.188s] -- Up-to-date: /home/bojithakash68/sid_ws/install/walle_msg/include/walle_msg/walle_msg/srv/detail
[1.188s] -- Up-to-date: /home/bojithakash68/sid_ws/install/walle_msg/include/walle_msg/walle_msg/srv/detail/get_transform__rosidl_typesupport_introspection_cpp.hpp
[1.189s] -- Up-to-date: /home/bojithakash68/sid_ws/install/walle_msg/include/walle_msg/walle_msg/srv/detail/add_two_ints__type_support.cpp
[1.189s] -- Up-to-date: /home/bojithakash68/sid_ws/install/walle_msg/include/walle_msg/walle_msg/srv/detail/get_transform__type_support.cpp
[1.189s] -- Up-to-date: /home/bojithakash68/sid_ws/install/walle_msg/include/walle_msg/walle_msg/srv/detail/add_two_ints__rosidl_typesupport_introspection_cpp.hpp
[1.189s] -- Up-to-date: /home/bojithakash68/sid_ws/install/walle_msg/lib/libwalle_msg__rosidl_typesupport_introspection_cpp.so
[1.191s] -- Up-to-date: /home/bojithakash68/sid_ws/install/walle_msg/lib/libwalle_msg__rosidl_typesupport_cpp.so
[1.191s] -- Up-to-date: /home/bojithakash68/sid_ws/install/walle_msg/share/walle_msg/environment/pythonpath.sh
[1.191s] -- Up-to-date: /home/bojithakash68/sid_ws/install/walle_msg/share/walle_msg/environment/pythonpath.dsv
[1.192s] -- Up-to-date: /home/bojithakash68/sid_ws/install/walle_msg/local/lib/python3.10/dist-packages/walle_msg-0.0.0-py3.10.egg-info
[1.193s] -- Installing: /home/bojithakash68/sid_ws/install/walle_msg/local/lib/python3.10/dist-packages/walle_msg-0.0.0-py3.10.egg-info/PKG-INFO
[1.193s] -- Installing: /home/bojithakash68/sid_ws/install/walle_msg/local/lib/python3.10/dist-packages/walle_msg-0.0.0-py3.10.egg-info/dependency_links.txt
[1.194s] -- Installing: /home/bojithakash68/sid_ws/install/walle_msg/local/lib/python3.10/dist-packages/walle_msg-0.0.0-py3.10.egg-info/top_level.txt
[1.194s] -- Installing: /home/bojithakash68/sid_ws/install/walle_msg/local/lib/python3.10/dist-packages/walle_msg-0.0.0-py3.10.egg-info/SOURCES.txt
[1.195s] -- Up-to-date: /home/bojithakash68/sid_ws/install/walle_msg/local/lib/python3.10/dist-packages/walle_msg
[1.195s] -- Up-to-date: /home/bojithakash68/sid_ws/install/walle_msg/local/lib/python3.10/dist-packages/walle_msg/srv
[1.195s] -- Up-to-date: /home/bojithakash68/sid_ws/install/walle_msg/local/lib/python3.10/dist-packages/walle_msg/srv/_add_two_ints.py
[1.196s] -- Up-to-date: /home/bojithakash68/sid_ws/install/walle_msg/local/lib/python3.10/dist-packages/walle_msg/srv/_get_transform.py
[1.196s] -- Up-to-date: /home/bojithakash68/sid_ws/install/walle_msg/local/lib/python3.10/dist-packages/walle_msg/srv/__init__.py
[1.196s] -- Up-to-date: /home/bojithakash68/sid_ws/install/walle_msg/local/lib/python3.10/dist-packages/walle_msg/srv/_get_transform_s.c
[1.196s] -- Up-to-date: /home/bojithakash68/sid_ws/install/walle_msg/local/lib/python3.10/dist-packages/walle_msg/srv/_add_two_ints_s.c
[1.196s] -- Up-to-date: /home/bojithakash68/sid_ws/install/walle_msg/local/lib/python3.10/dist-packages/walle_msg/_walle_msg_s.ep.rosidl_typesupport_introspection_c.c
[1.196s] -- Up-to-date: /home/bojithakash68/sid_ws/install/walle_msg/local/lib/python3.10/dist-packages/walle_msg/walle_msg_s__rosidl_typesupport_c.cpython-310-x86_64-linux-gnu.so
[1.197s] -- Up-to-date: /home/bojithakash68/sid_ws/install/walle_msg/local/lib/python3.10/dist-packages/walle_msg/walle_msg_s__rosidl_typesupport_introspection_c.cpython-310-x86_64-linux-gnu.so
[1.197s] -- Up-to-date: /home/bojithakash68/sid_ws/install/walle_msg/local/lib/python3.10/dist-packages/walle_msg/_walle_msg_s.ep.rosidl_typesupport_c.c
[1.197s] -- Up-to-date: /home/bojithakash68/sid_ws/install/walle_msg/local/lib/python3.10/dist-packages/walle_msg/_walle_msg_s.ep.rosidl_typesupport_fastrtps_c.c
[1.197s] -- Up-to-date: /home/bojithakash68/sid_ws/install/walle_msg/local/lib/python3.10/dist-packages/walle_msg/libwalle_msg__rosidl_generator_py.so
[1.197s] -- Up-to-date: /home/bojithakash68/sid_ws/install/walle_msg/local/lib/python3.10/dist-packages/walle_msg/__init__.py
[1.197s] -- Up-to-date: /home/bojithakash68/sid_ws/install/walle_msg/local/lib/python3.10/dist-packages/walle_msg/walle_msg_s__rosidl_typesupport_fastrtps_c.cpython-310-x86_64-linux-gnu.so
[1.273s] Listing '/home/bojithakash68/sid_ws/install/walle_msg/local/lib/python3.10/dist-packages/walle_msg'...
[1.273s] Listing '/home/bojithakash68/sid_ws/install/walle_msg/local/lib/python3.10/dist-packages/walle_msg/srv'...
[1.283s] -- Up-to-date: /home/bojithakash68/sid_ws/install/walle_msg/local/lib/python3.10/dist-packages/walle_msg/walle_msg_s__rosidl_typesupport_fastrtps_c.cpython-310-x86_64-linux-gnu.so
[1.284s] -- Up-to-date: /home/bojithakash68/sid_ws/install/walle_msg/local/lib/python3.10/dist-packages/walle_msg/walle_msg_s__rosidl_typesupport_introspection_c.cpython-310-x86_64-linux-gnu.so
[1.285s] -- Up-to-date: /home/bojithakash68/sid_ws/install/walle_msg/local/lib/python3.10/dist-packages/walle_msg/walle_msg_s__rosidl_typesupport_c.cpython-310-x86_64-linux-gnu.so
[1.287s] -- Up-to-date: /home/bojithakash68/sid_ws/install/walle_msg/lib/libwalle_msg__rosidl_generator_py.so
[1.287s] -- Up-to-date: /home/bojithakash68/sid_ws/install/walle_msg/share/walle_msg/srv/AddTwoInts.idl
[1.288s] -- Up-to-date: /home/bojithakash68/sid_ws/install/walle_msg/share/walle_msg/srv/GetTransform.idl
[1.288s] -- Up-to-date: /home/bojithakash68/sid_ws/install/walle_msg/share/walle_msg/srv/AddTwoInts.srv
[1.288s] -- Up-to-date: /home/bojithakash68/sid_ws/install/walle_msg/share/walle_msg/srv/AddTwoInts_Request.msg
[1.288s] -- Up-to-date: /home/bojithakash68/sid_ws/install/walle_msg/share/walle_msg/srv/AddTwoInts_Response.msg
[1.289s] -- Up-to-date: /home/bojithakash68/sid_ws/install/walle_msg/share/walle_msg/srv/GetTransform.srv
[1.289s] -- Up-to-date: /home/bojithakash68/sid_ws/install/walle_msg/share/walle_msg/srv/GetTransform_Request.msg
[1.289s] -- Up-to-date: /home/bojithakash68/sid_ws/install/walle_msg/share/walle_msg/srv/GetTransform_Response.msg
[1.289s] -- Up-to-date: /home/bojithakash68/sid_ws/install/walle_msg/share/ament_index/resource_index/package_run_dependencies/walle_msg
[1.289s] -- Up-to-date: /home/bojithakash68/sid_ws/install/walle_msg/share/ament_index/resource_index/parent_prefix_path/walle_msg
[1.289s] -- Up-to-date: /home/bojithakash68/sid_ws/install/walle_msg/share/walle_msg/environment/ament_prefix_path.sh
[1.290s] -- Up-to-date: /home/bojithakash68/sid_ws/install/walle_msg/share/walle_msg/environment/ament_prefix_path.dsv
[1.290s] -- Up-to-date: /home/bojithakash68/sid_ws/install/walle_msg/share/walle_msg/environment/path.sh
[1.290s] -- Up-to-date: /home/bojithakash68/sid_ws/install/walle_msg/share/walle_msg/environment/path.dsv
[1.290s] -- Up-to-date: /home/bojithakash68/sid_ws/install/walle_msg/share/walle_msg/local_setup.bash
[1.290s] -- Up-to-date: /home/bojithakash68/sid_ws/install/walle_msg/share/walle_msg/local_setup.sh
[1.290s] -- Up-to-date: /home/bojithakash68/sid_ws/install/walle_msg/share/walle_msg/local_setup.zsh
[1.291s] -- Up-to-date: /home/bojithakash68/sid_ws/install/walle_msg/share/walle_msg/local_setup.dsv
[1.291s] -- Installing: /home/bojithakash68/sid_ws/install/walle_msg/share/walle_msg/package.dsv
[1.291s] -- Up-to-date: /home/bojithakash68/sid_ws/install/walle_msg/share/ament_index/resource_index/packages/walle_msg
[1.293s] -- Up-to-date: /home/bojithakash68/sid_ws/install/walle_msg/share/walle_msg/cmake/export_walle_msg__rosidl_generator_cExport.cmake
[1.293s] -- Up-to-date: /home/bojithakash68/sid_ws/install/walle_msg/share/walle_msg/cmake/export_walle_msg__rosidl_generator_cExport-noconfig.cmake
[1.294s] -- Up-to-date: /home/bojithakash68/sid_ws/install/walle_msg/share/walle_msg/cmake/export_walle_msg__rosidl_typesupport_fastrtps_cExport.cmake
[1.294s] -- Up-to-date: /home/bojithakash68/sid_ws/install/walle_msg/share/walle_msg/cmake/export_walle_msg__rosidl_typesupport_fastrtps_cExport-noconfig.cmake
[1.294s] -- Up-to-date: /home/bojithakash68/sid_ws/install/walle_msg/share/walle_msg/cmake/export_walle_msg__rosidl_generator_cppExport.cmake
[1.295s] -- Up-to-date: /home/bojithakash68/sid_ws/install/walle_msg/share/walle_msg/cmake/export_walle_msg__rosidl_typesupport_fastrtps_cppExport.cmake
[1.295s] -- Up-to-date: /home/bojithakash68/sid_ws/install/walle_msg/share/walle_msg/cmake/export_walle_msg__rosidl_typesupport_fastrtps_cppExport-noconfig.cmake
[1.296s] -- Up-to-date: /home/bojithakash68/sid_ws/install/walle_msg/share/walle_msg/cmake/walle_msg__rosidl_typesupport_introspection_cExport.cmake
[1.296s] -- Up-to-date: /home/bojithakash68/sid_ws/install/walle_msg/share/walle_msg/cmake/walle_msg__rosidl_typesupport_introspection_cExport-noconfig.cmake
[1.297s] -- Up-to-date: /home/bojithakash68/sid_ws/install/walle_msg/share/walle_msg/cmake/walle_msg__rosidl_typesupport_cExport.cmake
[1.297s] -- Up-to-date: /home/bojithakash68/sid_ws/install/walle_msg/share/walle_msg/cmake/walle_msg__rosidl_typesupport_cExport-noconfig.cmake
[1.298s] -- Up-to-date: /home/bojithakash68/sid_ws/install/walle_msg/share/walle_msg/cmake/walle_msg__rosidl_typesupport_introspection_cppExport.cmake
[1.298s] -- Up-to-date: /home/bojithakash68/sid_ws/install/walle_msg/share/walle_msg/cmake/walle_msg__rosidl_typesupport_introspection_cppExport-noconfig.cmake
[1.299s] -- Up-to-date: /home/bojithakash68/sid_ws/install/walle_msg/share/walle_msg/cmake/walle_msg__rosidl_typesupport_cppExport.cmake
[1.299s] -- Up-to-date: /home/bojithakash68/sid_ws/install/walle_msg/share/walle_msg/cmake/walle_msg__rosidl_typesupport_cppExport-noconfig.cmake
[1.300s] -- Up-to-date: /home/bojithakash68/sid_ws/install/walle_msg/share/walle_msg/cmake/export_walle_msg__rosidl_generator_pyExport.cmake
[1.300s] -- Up-to-date: /home/bojithakash68/sid_ws/install/walle_msg/share/walle_msg/cmake/export_walle_msg__rosidl_generator_pyExport-noconfig.cmake
[1.301s] -- Up-to-date: /home/bojithakash68/sid_ws/install/walle_msg/share/walle_msg/cmake/rosidl_cmake-extras.cmake
[1.301s] -- Up-to-date: /home/bojithakash68/sid_ws/install/walle_msg/share/walle_msg/cmake/ament_cmake_export_dependencies-extras.cmake
[1.301s] -- Up-to-date: /home/bojithakash68/sid_ws/install/walle_msg/share/walle_msg/cmake/ament_cmake_export_include_directories-extras.cmake
[1.302s] -- Up-to-date: /home/bojithakash68/sid_ws/install/walle_msg/share/walle_msg/cmake/ament_cmake_export_libraries-extras.cmake
[1.302s] -- Up-to-date: /home/bojithakash68/sid_ws/install/walle_msg/share/walle_msg/cmake/ament_cmake_export_targets-extras.cmake
[1.302s] -- Up-to-date: /home/bojithakash68/sid_ws/install/walle_msg/share/walle_msg/cmake/rosidl_cmake_export_typesupport_targets-extras.cmake
[1.302s] -- Up-to-date: /home/bojithakash68/sid_ws/install/walle_msg/share/walle_msg/cmake/rosidl_cmake_export_typesupport_libraries-extras.cmake
[1.302s] -- Up-to-date: /home/bojithakash68/sid_ws/install/walle_msg/share/walle_msg/cmake/walle_msgConfig.cmake
[1.302s] -- Up-to-date: /home/bojithakash68/sid_ws/install/walle_msg/share/walle_msg/cmake/walle_msgConfig-version.cmake
[1.302s] -- Up-to-date: /home/bojithakash68/sid_ws/install/walle_msg/share/walle_msg/package.xml
[1.309s] Invoked command in '/home/bojithakash68/sid_ws/build/walle_msg' returned '0': CMAKE_PREFIX_PATH=/opt/ros/humble /usr/bin/cmake --install /home/bojithakash68/sid_ws/build/walle_msg
