[0.251s] DEBUG:colcon:Command line arguments: ['/usr/bin/colcon', 'build']
[0.251s] DEBUG:colcon:Parsed command line arguments: Namespace(log_base=None, log_level=None, verb_name='build', build_base='build', install_base='install', merge_install=False, symlink_install=False, test_result_base=None, continue_on_error=False, executor='parallel', parallel_workers=16, event_handlers=None, ignore_user_meta=False, metas=['./colcon.meta'], base_paths=['.'], packages_ignore=None, packages_ignore_regex=None, paths=None, packages_up_to=None, packages_up_to_regex=None, packages_above=None, packages_above_and_dependencies=None, packages_above_depth=None, packages_select_by_dep=None, packages_skip_by_dep=None, packages_skip_up_to=None, packages_select_build_failed=False, packages_skip_build_finished=False, packages_select_test_failures=False, packages_skip_test_passed=False, packages_select=None, packages_skip=None, packages_select_regex=None, packages_skip_regex=None, packages_start=None, packages_end=None, allow_overriding=[], cmake_args=None, cmake_target=None, cmake_target_skip_unavailable=False, cmake_clean_cache=False, cmake_clean_first=False, cmake_force_configure=False, ament_cmake_args=None, catkin_cmake_args=None, catkin_skip_building_tests=False, mixin_files=None, mixin=None, verb_parser=<colcon_mixin.mixin.mixin_argument.MixinArgumentDecorator object at 0x7d0416f62fe0>, verb_extension=<colcon_core.verb.build.BuildVerb object at 0x7d04170a4670>, main=<bound method BuildVerb.main of <colcon_core.verb.build.BuildVerb object at 0x7d04170a4670>>, mixin_verb=('build',))
[0.705s] Level 1:colcon.colcon_core.package_discovery:discover_packages(colcon_meta) check parameters
[0.705s] Level 1:colcon.colcon_core.package_discovery:discover_packages(recursive) check parameters
[0.705s] Level 1:colcon.colcon_core.package_discovery:discover_packages(ignore) check parameters
[0.705s] Level 1:colcon.colcon_core.package_discovery:discover_packages(path) check parameters
[0.706s] Level 1:colcon.colcon_core.package_discovery:discover_packages(colcon_meta) discover
[0.706s] Level 1:colcon.colcon_core.package_discovery:discover_packages(recursive) discover
[0.706s] INFO:colcon.colcon_core.package_discovery:Crawling recursively for packages in '/home/bojithakash68/sid_ws'
[0.706s] Level 1:colcon.colcon_core.package_identification:_identify(.) by extensions ['ignore', 'ignore_ament_install']
[0.706s] Level 1:colcon.colcon_core.package_identification:_identify(.) by extension 'ignore'
[0.706s] Level 1:colcon.colcon_core.package_identification:_identify(.) by extension 'ignore_ament_install'
[0.706s] Level 1:colcon.colcon_core.package_identification:_identify(.) by extensions ['colcon_pkg']
[0.707s] Level 1:colcon.colcon_core.package_identification:_identify(.) by extension 'colcon_pkg'
[0.707s] Level 1:colcon.colcon_core.package_identification:_identify(.) by extensions ['colcon_meta']
[0.707s] Level 1:colcon.colcon_core.package_identification:_identify(.) by extension 'colcon_meta'
[0.707s] Level 1:colcon.colcon_core.package_identification:_identify(.) by extensions ['ros']
[0.707s] Level 1:colcon.colcon_core.package_identification:_identify(.) by extension 'ros'
[0.732s] Level 1:colcon.colcon_core.package_identification:_identify(.) by extensions ['cmake', 'python']
[0.732s] Level 1:colcon.colcon_core.package_identification:_identify(.) by extension 'cmake'
[0.732s] Level 1:colcon.colcon_core.package_identification:_identify(.) by extension 'python'
[0.732s] Level 1:colcon.colcon_core.package_identification:_identify(.) by extensions ['python_setup_py']
[0.732s] Level 1:colcon.colcon_core.package_identification:_identify(.) by extension 'python_setup_py'
[0.733s] Level 1:colcon.colcon_core.package_identification:_identify(build) by extensions ['ignore', 'ignore_ament_install']
[0.733s] Level 1:colcon.colcon_core.package_identification:_identify(build) by extension 'ignore'
[0.733s] Level 1:colcon.colcon_core.package_identification:_identify(build) ignored
[0.733s] Level 1:colcon.colcon_core.package_identification:_identify(install) by extensions ['ignore', 'ignore_ament_install']
[0.733s] Level 1:colcon.colcon_core.package_identification:_identify(install) by extension 'ignore'
[0.734s] Level 1:colcon.colcon_core.package_identification:_identify(install) ignored
[0.734s] Level 1:colcon.colcon_core.package_identification:_identify(log) by extensions ['ignore', 'ignore_ament_install']
[0.734s] Level 1:colcon.colcon_core.package_identification:_identify(log) by extension 'ignore'
[0.734s] Level 1:colcon.colcon_core.package_identification:_identify(log) ignored
[0.734s] Level 1:colcon.colcon_core.package_identification:_identify(src) by extensions ['ignore', 'ignore_ament_install']
[0.734s] Level 1:colcon.colcon_core.package_identification:_identify(src) by extension 'ignore'
[0.735s] Level 1:colcon.colcon_core.package_identification:_identify(src) by extension 'ignore_ament_install'
[0.735s] Level 1:colcon.colcon_core.package_identification:_identify(src) by extensions ['colcon_pkg']
[0.735s] Level 1:colcon.colcon_core.package_identification:_identify(src) by extension 'colcon_pkg'
[0.735s] Level 1:colcon.colcon_core.package_identification:_identify(src) by extensions ['colcon_meta']
[0.735s] Level 1:colcon.colcon_core.package_identification:_identify(src) by extension 'colcon_meta'
[0.735s] Level 1:colcon.colcon_core.package_identification:_identify(src) by extensions ['ros']
[0.735s] Level 1:colcon.colcon_core.package_identification:_identify(src) by extension 'ros'
[0.735s] Level 1:colcon.colcon_core.package_identification:_identify(src) by extensions ['cmake', 'python']
[0.735s] Level 1:colcon.colcon_core.package_identification:_identify(src) by extension 'cmake'
[0.735s] Level 1:colcon.colcon_core.package_identification:_identify(src) by extension 'python'
[0.736s] Level 1:colcon.colcon_core.package_identification:_identify(src) by extensions ['python_setup_py']
[0.736s] Level 1:colcon.colcon_core.package_identification:_identify(src) by extension 'python_setup_py'
[0.736s] Level 1:colcon.colcon_core.package_identification:_identify(src/walle_controller) by extensions ['ignore', 'ignore_ament_install']
[0.736s] Level 1:colcon.colcon_core.package_identification:_identify(src/walle_controller) by extension 'ignore'
[0.736s] Level 1:colcon.colcon_core.package_identification:_identify(src/walle_controller) by extension 'ignore_ament_install'
[0.736s] Level 1:colcon.colcon_core.package_identification:_identify(src/walle_controller) by extensions ['colcon_pkg']
[0.736s] Level 1:colcon.colcon_core.package_identification:_identify(src/walle_controller) by extension 'colcon_pkg'
[0.736s] Level 1:colcon.colcon_core.package_identification:_identify(src/walle_controller) by extensions ['colcon_meta']
[0.736s] Level 1:colcon.colcon_core.package_identification:_identify(src/walle_controller) by extension 'colcon_meta'
[0.737s] Level 1:colcon.colcon_core.package_identification:_identify(src/walle_controller) by extensions ['ros']
[0.737s] Level 1:colcon.colcon_core.package_identification:_identify(src/walle_controller) by extension 'ros'
[0.767s] DEBUG:colcon.colcon_core.package_identification:Package 'src/walle_controller' with type 'ros.ament_cmake' and name 'walle_controller'
[0.768s] Level 1:colcon.colcon_core.package_identification:_identify(src/walle_description) by extensions ['ignore', 'ignore_ament_install']
[0.768s] Level 1:colcon.colcon_core.package_identification:_identify(src/walle_description) by extension 'ignore'
[0.768s] Level 1:colcon.colcon_core.package_identification:_identify(src/walle_description) by extension 'ignore_ament_install'
[0.768s] Level 1:colcon.colcon_core.package_identification:_identify(src/walle_description) by extensions ['colcon_pkg']
[0.768s] Level 1:colcon.colcon_core.package_identification:_identify(src/walle_description) by extension 'colcon_pkg'
[0.768s] Level 1:colcon.colcon_core.package_identification:_identify(src/walle_description) by extensions ['colcon_meta']
[0.768s] Level 1:colcon.colcon_core.package_identification:_identify(src/walle_description) by extension 'colcon_meta'
[0.769s] Level 1:colcon.colcon_core.package_identification:_identify(src/walle_description) by extensions ['ros']
[0.769s] Level 1:colcon.colcon_core.package_identification:_identify(src/walle_description) by extension 'ros'
[0.771s] DEBUG:colcon.colcon_core.package_identification:Package 'src/walle_description' with type 'ros.ament_python' and name 'walle_description'
[0.771s] Level 1:colcon.colcon_core.package_identification:_identify(src/walle_msg) by extensions ['ignore', 'ignore_ament_install']
[0.771s] Level 1:colcon.colcon_core.package_identification:_identify(src/walle_msg) by extension 'ignore'
[0.771s] Level 1:colcon.colcon_core.package_identification:_identify(src/walle_msg) by extension 'ignore_ament_install'
[0.771s] Level 1:colcon.colcon_core.package_identification:_identify(src/walle_msg) by extensions ['colcon_pkg']
[0.771s] Level 1:colcon.colcon_core.package_identification:_identify(src/walle_msg) by extension 'colcon_pkg'
[0.771s] Level 1:colcon.colcon_core.package_identification:_identify(src/walle_msg) by extensions ['colcon_meta']
[0.771s] Level 1:colcon.colcon_core.package_identification:_identify(src/walle_msg) by extension 'colcon_meta'
[0.772s] Level 1:colcon.colcon_core.package_identification:_identify(src/walle_msg) by extensions ['ros']
[0.772s] Level 1:colcon.colcon_core.package_identification:_identify(src/walle_msg) by extension 'ros'
[0.773s] DEBUG:colcon.colcon_core.package_identification:Package 'src/walle_msg' with type 'ros.ament_cmake' and name 'walle_msg'
[0.773s] Level 1:colcon.colcon_core.package_discovery:discover_packages(recursive) using defaults
[0.773s] Level 1:colcon.colcon_core.package_discovery:discover_packages(ignore) discover
[0.773s] Level 1:colcon.colcon_core.package_discovery:discover_packages(ignore) using defaults
[0.773s] Level 1:colcon.colcon_core.package_discovery:discover_packages(path) discover
[0.773s] Level 1:colcon.colcon_core.package_discovery:discover_packages(path) using defaults
[0.817s] Level 1:colcon.colcon_core.package_discovery:discover_packages(prefix_path) check parameters
[0.817s] Level 1:colcon.colcon_core.package_discovery:discover_packages(prefix_path) discover
[0.824s] DEBUG:colcon.colcon_installed_package_information.package_discovery:Found 392 installed packages in /opt/ros/humble
[0.829s] Level 1:colcon.colcon_core.package_discovery:discover_packages(prefix_path) using defaults
[0.933s] Level 5:colcon.colcon_core.verb:set package 'walle_description' build argument 'cmake_args' from command line to 'None'
[0.933s] Level 5:colcon.colcon_core.verb:set package 'walle_description' build argument 'cmake_target' from command line to 'None'
[0.933s] Level 5:colcon.colcon_core.verb:set package 'walle_description' build argument 'cmake_target_skip_unavailable' from command line to 'False'
[0.934s] Level 5:colcon.colcon_core.verb:set package 'walle_description' build argument 'cmake_clean_cache' from command line to 'False'
[0.934s] Level 5:colcon.colcon_core.verb:set package 'walle_description' build argument 'cmake_clean_first' from command line to 'False'
[0.934s] Level 5:colcon.colcon_core.verb:set package 'walle_description' build argument 'cmake_force_configure' from command line to 'False'
[0.934s] Level 5:colcon.colcon_core.verb:set package 'walle_description' build argument 'ament_cmake_args' from command line to 'None'
[0.934s] Level 5:colcon.colcon_core.verb:set package 'walle_description' build argument 'catkin_cmake_args' from command line to 'None'
[0.934s] Level 5:colcon.colcon_core.verb:set package 'walle_description' build argument 'catkin_skip_building_tests' from command line to 'False'
[0.934s] DEBUG:colcon.colcon_core.verb:Building package 'walle_description' with the following arguments: {'ament_cmake_args': None, 'build_base': '/home/bojithakash68/sid_ws/build/walle_description', 'catkin_cmake_args': None, 'catkin_skip_building_tests': False, 'cmake_args': None, 'cmake_clean_cache': False, 'cmake_clean_first': False, 'cmake_force_configure': False, 'cmake_target': None, 'cmake_target_skip_unavailable': False, 'install_base': '/home/bojithakash68/sid_ws/install/walle_description', 'merge_install': False, 'path': '/home/bojithakash68/sid_ws/src/walle_description', 'symlink_install': False, 'test_result_base': None}
[0.935s] Level 5:colcon.colcon_core.verb:set package 'walle_msg' build argument 'cmake_args' from command line to 'None'
[0.935s] Level 5:colcon.colcon_core.verb:set package 'walle_msg' build argument 'cmake_target' from command line to 'None'
[0.935s] Level 5:colcon.colcon_core.verb:set package 'walle_msg' build argument 'cmake_target_skip_unavailable' from command line to 'False'
[0.935s] Level 5:colcon.colcon_core.verb:set package 'walle_msg' build argument 'cmake_clean_cache' from command line to 'False'
[0.935s] Level 5:colcon.colcon_core.verb:set package 'walle_msg' build argument 'cmake_clean_first' from command line to 'False'
[0.935s] Level 5:colcon.colcon_core.verb:set package 'walle_msg' build argument 'cmake_force_configure' from command line to 'False'
[0.935s] Level 5:colcon.colcon_core.verb:set package 'walle_msg' build argument 'ament_cmake_args' from command line to 'None'
[0.935s] Level 5:colcon.colcon_core.verb:set package 'walle_msg' build argument 'catkin_cmake_args' from command line to 'None'
[0.935s] Level 5:colcon.colcon_core.verb:set package 'walle_msg' build argument 'catkin_skip_building_tests' from command line to 'False'
[0.935s] DEBUG:colcon.colcon_core.verb:Building package 'walle_msg' with the following arguments: {'ament_cmake_args': None, 'build_base': '/home/bojithakash68/sid_ws/build/walle_msg', 'catkin_cmake_args': None, 'catkin_skip_building_tests': False, 'cmake_args': None, 'cmake_clean_cache': False, 'cmake_clean_first': False, 'cmake_force_configure': False, 'cmake_target': None, 'cmake_target_skip_unavailable': False, 'install_base': '/home/bojithakash68/sid_ws/install/walle_msg', 'merge_install': False, 'path': '/home/bojithakash68/sid_ws/src/walle_msg', 'symlink_install': False, 'test_result_base': None}
[0.936s] Level 5:colcon.colcon_core.verb:set package 'walle_controller' build argument 'cmake_args' from command line to 'None'
[0.936s] Level 5:colcon.colcon_core.verb:set package 'walle_controller' build argument 'cmake_target' from command line to 'None'
[0.936s] Level 5:colcon.colcon_core.verb:set package 'walle_controller' build argument 'cmake_target_skip_unavailable' from command line to 'False'
[0.936s] Level 5:colcon.colcon_core.verb:set package 'walle_controller' build argument 'cmake_clean_cache' from command line to 'False'
[0.936s] Level 5:colcon.colcon_core.verb:set package 'walle_controller' build argument 'cmake_clean_first' from command line to 'False'
[0.936s] Level 5:colcon.colcon_core.verb:set package 'walle_controller' build argument 'cmake_force_configure' from command line to 'False'
[0.936s] Level 5:colcon.colcon_core.verb:set package 'walle_controller' build argument 'ament_cmake_args' from command line to 'None'
[0.936s] Level 5:colcon.colcon_core.verb:set package 'walle_controller' build argument 'catkin_cmake_args' from command line to 'None'
[0.936s] Level 5:colcon.colcon_core.verb:set package 'walle_controller' build argument 'catkin_skip_building_tests' from command line to 'False'
[0.937s] DEBUG:colcon.colcon_core.verb:Building package 'walle_controller' with the following arguments: {'ament_cmake_args': None, 'build_base': '/home/bojithakash68/sid_ws/build/walle_controller', 'catkin_cmake_args': None, 'catkin_skip_building_tests': False, 'cmake_args': None, 'cmake_clean_cache': False, 'cmake_clean_first': False, 'cmake_force_configure': False, 'cmake_target': None, 'cmake_target_skip_unavailable': False, 'install_base': '/home/bojithakash68/sid_ws/install/walle_controller', 'merge_install': False, 'path': '/home/bojithakash68/sid_ws/src/walle_controller', 'symlink_install': False, 'test_result_base': None}
[0.937s] INFO:colcon.colcon_core.executor:Executing jobs using 'parallel' executor
[0.939s] DEBUG:colcon.colcon_parallel_executor.executor.parallel:run_until_complete
[0.939s] INFO:colcon.colcon_ros.task.ament_cmake.build:Building ROS package in '/home/bojithakash68/sid_ws/src/walle_msg' with build type 'ament_cmake'
[0.940s] INFO:colcon.colcon_cmake.task.cmake.build:Building CMake package in '/home/bojithakash68/sid_ws/src/walle_msg'
[0.944s] INFO:colcon.colcon_core.plugin_system:Skipping extension 'colcon_core.shell.bat': Not used on non-Windows systems
[0.945s] INFO:colcon.colcon_core.shell:Skip shell extension 'powershell' for command environment: Not usable outside of PowerShell
[0.945s] DEBUG:colcon.colcon_core.shell:Skip shell extension 'dsv' for command environment
[0.953s] INFO:colcon.colcon_ros.task.ament_python.build:Building ROS package in '/home/bojithakash68/sid_ws/src/walle_description' with build type 'ament_python'
[0.953s] Level 1:colcon.colcon_core.shell:create_environment_hook('walle_description', 'ament_prefix_path')
[0.953s] INFO:colcon.colcon_core.shell:Creating environment hook '/home/bojithakash68/sid_ws/install/walle_description/share/walle_description/hook/ament_prefix_path.ps1'
[0.955s] INFO:colcon.colcon_core.shell:Creating environment descriptor '/home/bojithakash68/sid_ws/install/walle_description/share/walle_description/hook/ament_prefix_path.dsv'
[0.956s] INFO:colcon.colcon_core.shell:Creating environment hook '/home/bojithakash68/sid_ws/install/walle_description/share/walle_description/hook/ament_prefix_path.sh'
[0.958s] INFO:colcon.colcon_core.shell:Skip shell extension 'powershell' for command environment: Not usable outside of PowerShell
[0.958s] DEBUG:colcon.colcon_core.shell:Skip shell extension 'dsv' for command environment
[0.977s] DEBUG:colcon.colcon_core.event_handler.log_command:Invoking command in '/home/bojithakash68/sid_ws/build/walle_msg': CMAKE_PREFIX_PATH=/opt/ros/humble /usr/bin/cmake --build /home/bojithakash68/sid_ws/build/walle_msg -- -j16 -l16
[1.676s] INFO:colcon.colcon_core.task.python.build:Building Python package in '/home/bojithakash68/sid_ws/src/walle_description'
[1.676s] INFO:colcon.colcon_core.shell:Skip shell extension 'powershell' for command environment: Not usable outside of PowerShell
[1.677s] DEBUG:colcon.colcon_core.shell:Skip shell extension 'dsv' for command environment
[1.967s] DEBUG:colcon.colcon_core.event_handler.log_command:Invoked command in '/home/bojithakash68/sid_ws/build/walle_msg' returned '0': CMAKE_PREFIX_PATH=/opt/ros/humble /usr/bin/cmake --build /home/bojithakash68/sid_ws/build/walle_msg -- -j16 -l16
[1.997s] DEBUG:colcon.colcon_core.event_handler.log_command:Invoking command in '/home/bojithakash68/sid_ws/build/walle_msg': CMAKE_PREFIX_PATH=/opt/ros/humble /usr/bin/cmake --install /home/bojithakash68/sid_ws/build/walle_msg
[2.133s] Level 1:colcon.colcon_core.environment:create_environment_scripts_only(walle_msg)
[2.134s] DEBUG:colcon.colcon_core.event_handler.log_command:Invoked command in '/home/bojithakash68/sid_ws/build/walle_msg' returned '0': CMAKE_PREFIX_PATH=/opt/ros/humble /usr/bin/cmake --install /home/bojithakash68/sid_ws/build/walle_msg
[2.139s] Level 1:colcon.colcon_core.environment:checking '/home/bojithakash68/sid_ws/install/walle_msg' for CMake module files
[2.140s] Level 1:colcon.colcon_core.environment:checking '/home/bojithakash68/sid_ws/install/walle_msg' for CMake config files
[2.141s] Level 1:colcon.colcon_core.shell:create_environment_hook('walle_msg', 'cmake_prefix_path')
[2.142s] INFO:colcon.colcon_core.shell:Creating environment hook '/home/bojithakash68/sid_ws/install/walle_msg/share/walle_msg/hook/cmake_prefix_path.ps1'
[2.143s] INFO:colcon.colcon_core.shell:Creating environment descriptor '/home/bojithakash68/sid_ws/install/walle_msg/share/walle_msg/hook/cmake_prefix_path.dsv'
[2.144s] INFO:colcon.colcon_core.shell:Creating environment hook '/home/bojithakash68/sid_ws/install/walle_msg/share/walle_msg/hook/cmake_prefix_path.sh'
[2.145s] Level 1:colcon.colcon_core.environment:checking '/home/bojithakash68/sid_ws/install/walle_msg/lib'
[2.146s] Level 1:colcon.colcon_core.shell:create_environment_hook('walle_msg', 'ld_library_path_lib')
[2.146s] INFO:colcon.colcon_core.shell:Creating environment hook '/home/bojithakash68/sid_ws/install/walle_msg/share/walle_msg/hook/ld_library_path_lib.ps1'
[2.147s] INFO:colcon.colcon_core.shell:Creating environment descriptor '/home/bojithakash68/sid_ws/install/walle_msg/share/walle_msg/hook/ld_library_path_lib.dsv'
[2.148s] INFO:colcon.colcon_core.shell:Creating environment hook '/home/bojithakash68/sid_ws/install/walle_msg/share/walle_msg/hook/ld_library_path_lib.sh'
[2.149s] Level 1:colcon.colcon_core.environment:checking '/home/bojithakash68/sid_ws/install/walle_msg/bin'
[2.149s] Level 1:colcon.colcon_core.environment:checking '/home/bojithakash68/sid_ws/install/walle_msg/lib/pkgconfig/walle_msg.pc'
[2.150s] Level 1:colcon.colcon_core.environment:checking '/home/bojithakash68/sid_ws/install/walle_msg/lib/python3.10/site-packages'
[2.150s] Level 1:colcon.colcon_core.environment:checking '/home/bojithakash68/sid_ws/install/walle_msg/bin'
[2.151s] INFO:colcon.colcon_core.shell:Creating package script '/home/bojithakash68/sid_ws/install/walle_msg/share/walle_msg/package.ps1'
[2.153s] INFO:colcon.colcon_core.shell:Creating package descriptor '/home/bojithakash68/sid_ws/install/walle_msg/share/walle_msg/package.dsv'
[2.154s] INFO:colcon.colcon_core.shell:Creating package script '/home/bojithakash68/sid_ws/install/walle_msg/share/walle_msg/package.sh'
[2.156s] INFO:colcon.colcon_core.shell:Creating package script '/home/bojithakash68/sid_ws/install/walle_msg/share/walle_msg/package.bash'
[2.157s] INFO:colcon.colcon_core.shell:Creating package script '/home/bojithakash68/sid_ws/install/walle_msg/share/walle_msg/package.zsh'
[2.159s] Level 1:colcon.colcon_core.environment:create_file_with_runtime_dependencies(/home/bojithakash68/sid_ws/install/walle_msg/share/colcon-core/packages/walle_msg)
[2.160s] Level 1:colcon.colcon_core.environment:create_environment_scripts_only(walle_msg)
[2.160s] Level 1:colcon.colcon_core.environment:checking '/home/bojithakash68/sid_ws/install/walle_msg' for CMake module files
[2.162s] Level 1:colcon.colcon_core.environment:checking '/home/bojithakash68/sid_ws/install/walle_msg' for CMake config files
[2.163s] Level 1:colcon.colcon_core.shell:create_environment_hook('walle_msg', 'cmake_prefix_path')
[2.163s] INFO:colcon.colcon_core.shell:Creating environment hook '/home/bojithakash68/sid_ws/install/walle_msg/share/walle_msg/hook/cmake_prefix_path.ps1'
[2.164s] INFO:colcon.colcon_core.shell:Creating environment descriptor '/home/bojithakash68/sid_ws/install/walle_msg/share/walle_msg/hook/cmake_prefix_path.dsv'
[2.165s] INFO:colcon.colcon_core.shell:Creating environment hook '/home/bojithakash68/sid_ws/install/walle_msg/share/walle_msg/hook/cmake_prefix_path.sh'
[2.166s] Level 1:colcon.colcon_core.environment:checking '/home/bojithakash68/sid_ws/install/walle_msg/lib'
[2.166s] Level 1:colcon.colcon_core.shell:create_environment_hook('walle_msg', 'ld_library_path_lib')
[2.167s] INFO:colcon.colcon_core.shell:Creating environment hook '/home/bojithakash68/sid_ws/install/walle_msg/share/walle_msg/hook/ld_library_path_lib.ps1'
[2.168s] INFO:colcon.colcon_core.shell:Creating environment descriptor '/home/bojithakash68/sid_ws/install/walle_msg/share/walle_msg/hook/ld_library_path_lib.dsv'
[2.168s] INFO:colcon.colcon_core.shell:Creating environment hook '/home/bojithakash68/sid_ws/install/walle_msg/share/walle_msg/hook/ld_library_path_lib.sh'
[2.169s] Level 1:colcon.colcon_core.environment:checking '/home/bojithakash68/sid_ws/install/walle_msg/bin'
[2.169s] Level 1:colcon.colcon_core.environment:checking '/home/bojithakash68/sid_ws/install/walle_msg/lib/pkgconfig/walle_msg.pc'
[2.170s] Level 1:colcon.colcon_core.environment:checking '/home/bojithakash68/sid_ws/install/walle_msg/lib/python3.10/site-packages'
[2.171s] Level 1:colcon.colcon_core.environment:checking '/home/bojithakash68/sid_ws/install/walle_msg/bin'
[2.171s] INFO:colcon.colcon_core.shell:Creating package script '/home/bojithakash68/sid_ws/install/walle_msg/share/walle_msg/package.ps1'
[2.172s] INFO:colcon.colcon_core.shell:Creating package descriptor '/home/bojithakash68/sid_ws/install/walle_msg/share/walle_msg/package.dsv'
[2.174s] INFO:colcon.colcon_core.shell:Creating package script '/home/bojithakash68/sid_ws/install/walle_msg/share/walle_msg/package.sh'
[2.175s] INFO:colcon.colcon_core.shell:Creating package script '/home/bojithakash68/sid_ws/install/walle_msg/share/walle_msg/package.bash'
[2.175s] INFO:colcon.colcon_core.shell:Creating package script '/home/bojithakash68/sid_ws/install/walle_msg/share/walle_msg/package.zsh'
[2.176s] Level 1:colcon.colcon_core.environment:create_file_with_runtime_dependencies(/home/bojithakash68/sid_ws/install/walle_msg/share/colcon-core/packages/walle_msg)
[2.177s] INFO:colcon.colcon_ros.task.ament_cmake.build:Building ROS package in '/home/bojithakash68/sid_ws/src/walle_controller' with build type 'ament_cmake'
[2.177s] INFO:colcon.colcon_cmake.task.cmake.build:Building CMake package in '/home/bojithakash68/sid_ws/src/walle_controller'
[2.178s] INFO:colcon.colcon_core.shell:Skip shell extension 'powershell' for command environment: Not usable outside of PowerShell
[2.178s] DEBUG:colcon.colcon_core.shell:Skip shell extension 'dsv' for command environment
[2.215s] DEBUG:colcon.colcon_core.event_handler.log_command:Invoking command in '/home/bojithakash68/sid_ws/build/walle_controller': AMENT_PREFIX_PATH=/home/bojithakash68/sid_ws/install/walle_msg:${AMENT_PREFIX_PATH} CMAKE_PREFIX_PATH=/home/bojithakash68/sid_ws/install/walle_msg:/opt/ros/humble LD_LIBRARY_PATH=/home/bojithakash68/sid_ws/install/walle_msg/lib:${LD_LIBRARY_PATH} PYTHONPATH=/home/bojithakash68/sid_ws/install/walle_msg/local/lib/python3.10/dist-packages:${PYTHONPATH} /usr/bin/cmake --build /home/bojithakash68/sid_ws/build/walle_controller -- -j16 -l16
[2.731s] DEBUG:colcon.colcon_core.event_handler.log_command:Invoking command in '/home/bojithakash68/sid_ws/src/walle_description': PYTHONPATH=/home/bojithakash68/sid_ws/build/walle_description/prefix_override:/usr/lib/python3/dist-packages/colcon_core/task/python/colcon_distutils_commands:/home/bojithakash68/sid_ws/install/walle_description/lib/python3.10/site-packages:${PYTHONPATH} /usr/bin/python3 -W ignore:setup.py install is deprecated -W ignore:easy_install command is deprecated setup.py egg_info --egg-base ../../build/walle_description build --build-base /home/bojithakash68/sid_ws/build/walle_description/build install --record /home/bojithakash68/sid_ws/build/walle_description/install.log --single-version-externally-managed install_data
[3.171s] DEBUG:colcon.colcon_core.event_handler.log_command:Invoked command in '/home/bojithakash68/sid_ws/build/walle_controller' returned '0': AMENT_PREFIX_PATH=/home/bojithakash68/sid_ws/install/walle_msg:${AMENT_PREFIX_PATH} CMAKE_PREFIX_PATH=/home/bojithakash68/sid_ws/install/walle_msg:/opt/ros/humble LD_LIBRARY_PATH=/home/bojithakash68/sid_ws/install/walle_msg/lib:${LD_LIBRARY_PATH} PYTHONPATH=/home/bojithakash68/sid_ws/install/walle_msg/local/lib/python3.10/dist-packages:${PYTHONPATH} /usr/bin/cmake --build /home/bojithakash68/sid_ws/build/walle_controller -- -j16 -l16
[3.174s] DEBUG:colcon.colcon_core.event_handler.log_command:Invoking command in '/home/bojithakash68/sid_ws/build/walle_controller': AMENT_PREFIX_PATH=/home/bojithakash68/sid_ws/install/walle_msg:${AMENT_PREFIX_PATH} CMAKE_PREFIX_PATH=/home/bojithakash68/sid_ws/install/walle_msg:/opt/ros/humble LD_LIBRARY_PATH=/home/bojithakash68/sid_ws/install/walle_msg/lib:${LD_LIBRARY_PATH} PYTHONPATH=/home/bojithakash68/sid_ws/install/walle_msg/local/lib/python3.10/dist-packages:${PYTHONPATH} /usr/bin/cmake --install /home/bojithakash68/sid_ws/build/walle_controller
[3.292s] Level 1:colcon.colcon_core.environment:create_environment_scripts_only(walle_controller)
[3.293s] Level 1:colcon.colcon_core.environment:checking '/home/bojithakash68/sid_ws/install/walle_controller' for CMake module files
[3.294s] DEBUG:colcon.colcon_core.event_handler.log_command:Invoked command in '/home/bojithakash68/sid_ws/build/walle_controller' returned '0': AMENT_PREFIX_PATH=/home/bojithakash68/sid_ws/install/walle_msg:${AMENT_PREFIX_PATH} CMAKE_PREFIX_PATH=/home/bojithakash68/sid_ws/install/walle_msg:/opt/ros/humble LD_LIBRARY_PATH=/home/bojithakash68/sid_ws/install/walle_msg/lib:${LD_LIBRARY_PATH} PYTHONPATH=/home/bojithakash68/sid_ws/install/walle_msg/local/lib/python3.10/dist-packages:${PYTHONPATH} /usr/bin/cmake --install /home/bojithakash68/sid_ws/build/walle_controller
[3.295s] Level 1:colcon.colcon_core.environment:checking '/home/bojithakash68/sid_ws/install/walle_controller' for CMake config files
[3.296s] Level 1:colcon.colcon_core.shell:create_environment_hook('walle_controller', 'cmake_prefix_path')
[3.296s] INFO:colcon.colcon_core.shell:Creating environment hook '/home/bojithakash68/sid_ws/install/walle_controller/share/walle_controller/hook/cmake_prefix_path.ps1'
[3.297s] INFO:colcon.colcon_core.shell:Creating environment descriptor '/home/bojithakash68/sid_ws/install/walle_controller/share/walle_controller/hook/cmake_prefix_path.dsv'
[3.298s] INFO:colcon.colcon_core.shell:Creating environment hook '/home/bojithakash68/sid_ws/install/walle_controller/share/walle_controller/hook/cmake_prefix_path.sh'
[3.299s] Level 1:colcon.colcon_core.environment:checking '/home/bojithakash68/sid_ws/install/walle_controller/lib'
[3.299s] Level 1:colcon.colcon_core.environment:checking '/home/bojithakash68/sid_ws/install/walle_controller/bin'
[3.300s] Level 1:colcon.colcon_core.environment:checking '/home/bojithakash68/sid_ws/install/walle_controller/lib/pkgconfig/walle_controller.pc'
[3.300s] Level 1:colcon.colcon_core.environment:checking '/home/bojithakash68/sid_ws/install/walle_controller/lib/python3.10/site-packages'
[3.300s] Level 1:colcon.colcon_core.environment:checking '/home/bojithakash68/sid_ws/install/walle_controller/bin'
[3.301s] INFO:colcon.colcon_core.shell:Creating package script '/home/bojithakash68/sid_ws/install/walle_controller/share/walle_controller/package.ps1'
[3.302s] INFO:colcon.colcon_core.shell:Creating package descriptor '/home/bojithakash68/sid_ws/install/walle_controller/share/walle_controller/package.dsv'
[3.303s] INFO:colcon.colcon_core.shell:Creating package script '/home/bojithakash68/sid_ws/install/walle_controller/share/walle_controller/package.sh'
[3.304s] INFO:colcon.colcon_core.shell:Creating package script '/home/bojithakash68/sid_ws/install/walle_controller/share/walle_controller/package.bash'
[3.305s] INFO:colcon.colcon_core.shell:Creating package script '/home/bojithakash68/sid_ws/install/walle_controller/share/walle_controller/package.zsh'
[3.305s] Level 1:colcon.colcon_core.environment:create_file_with_runtime_dependencies(/home/bojithakash68/sid_ws/install/walle_controller/share/colcon-core/packages/walle_controller)
[3.307s] Level 1:colcon.colcon_core.environment:create_environment_scripts_only(walle_controller)
[3.307s] Level 1:colcon.colcon_core.environment:checking '/home/bojithakash68/sid_ws/install/walle_controller' for CMake module files
[3.308s] Level 1:colcon.colcon_core.environment:checking '/home/bojithakash68/sid_ws/install/walle_controller' for CMake config files
[3.309s] Level 1:colcon.colcon_core.shell:create_environment_hook('walle_controller', 'cmake_prefix_path')
[3.309s] INFO:colcon.colcon_core.shell:Creating environment hook '/home/bojithakash68/sid_ws/install/walle_controller/share/walle_controller/hook/cmake_prefix_path.ps1'
[3.310s] INFO:colcon.colcon_core.shell:Creating environment descriptor '/home/bojithakash68/sid_ws/install/walle_controller/share/walle_controller/hook/cmake_prefix_path.dsv'
[3.311s] INFO:colcon.colcon_core.shell:Creating environment hook '/home/bojithakash68/sid_ws/install/walle_controller/share/walle_controller/hook/cmake_prefix_path.sh'
[3.312s] Level 1:colcon.colcon_core.environment:checking '/home/bojithakash68/sid_ws/install/walle_controller/lib'
[3.312s] Level 1:colcon.colcon_core.environment:checking '/home/bojithakash68/sid_ws/install/walle_controller/bin'
[3.312s] Level 1:colcon.colcon_core.environment:checking '/home/bojithakash68/sid_ws/install/walle_controller/lib/pkgconfig/walle_controller.pc'
[3.313s] Level 1:colcon.colcon_core.environment:checking '/home/bojithakash68/sid_ws/install/walle_controller/lib/python3.10/site-packages'
[3.313s] Level 1:colcon.colcon_core.environment:checking '/home/bojithakash68/sid_ws/install/walle_controller/bin'
[3.314s] INFO:colcon.colcon_core.shell:Creating package script '/home/bojithakash68/sid_ws/install/walle_controller/share/walle_controller/package.ps1'
[3.315s] INFO:colcon.colcon_core.shell:Creating package descriptor '/home/bojithakash68/sid_ws/install/walle_controller/share/walle_controller/package.dsv'
[3.316s] INFO:colcon.colcon_core.shell:Creating package script '/home/bojithakash68/sid_ws/install/walle_controller/share/walle_controller/package.sh'
[3.317s] INFO:colcon.colcon_core.shell:Creating package script '/home/bojithakash68/sid_ws/install/walle_controller/share/walle_controller/package.bash'
[3.317s] INFO:colcon.colcon_core.shell:Creating package script '/home/bojithakash68/sid_ws/install/walle_controller/share/walle_controller/package.zsh'
[3.318s] Level 1:colcon.colcon_core.environment:create_file_with_runtime_dependencies(/home/bojithakash68/sid_ws/install/walle_controller/share/colcon-core/packages/walle_controller)
[3.461s] Level 1:colcon.colcon_core.environment:checking '/home/bojithakash68/sid_ws/install/walle_description' for CMake module files
[3.462s] DEBUG:colcon.colcon_core.event_handler.log_command:Invoked command in '/home/bojithakash68/sid_ws/src/walle_description' returned '0': PYTHONPATH=/home/bojithakash68/sid_ws/build/walle_description/prefix_override:/usr/lib/python3/dist-packages/colcon_core/task/python/colcon_distutils_commands:/home/bojithakash68/sid_ws/install/walle_description/lib/python3.10/site-packages:${PYTHONPATH} /usr/bin/python3 -W ignore:setup.py install is deprecated -W ignore:easy_install command is deprecated setup.py egg_info --egg-base ../../build/walle_description build --build-base /home/bojithakash68/sid_ws/build/walle_description/build install --record /home/bojithakash68/sid_ws/build/walle_description/install.log --single-version-externally-managed install_data
[3.463s] Level 1:colcon.colcon_core.environment:checking '/home/bojithakash68/sid_ws/install/walle_description' for CMake config files
[3.464s] Level 1:colcon.colcon_core.shell:create_environment_hook('walle_description', 'cmake_prefix_path')
[3.464s] INFO:colcon.colcon_core.shell:Creating environment hook '/home/bojithakash68/sid_ws/install/walle_description/share/walle_description/hook/cmake_prefix_path.ps1'
[3.465s] INFO:colcon.colcon_core.shell:Creating environment descriptor '/home/bojithakash68/sid_ws/install/walle_description/share/walle_description/hook/cmake_prefix_path.dsv'
[3.466s] INFO:colcon.colcon_core.shell:Creating environment hook '/home/bojithakash68/sid_ws/install/walle_description/share/walle_description/hook/cmake_prefix_path.sh'
[3.467s] Level 1:colcon.colcon_core.environment:checking '/home/bojithakash68/sid_ws/install/walle_description/lib'
[3.467s] Level 1:colcon.colcon_core.environment:checking '/home/bojithakash68/sid_ws/install/walle_description/bin'
[3.467s] Level 1:colcon.colcon_core.environment:checking '/home/bojithakash68/sid_ws/install/walle_description/lib/pkgconfig/walle_description.pc'
[3.468s] Level 1:colcon.colcon_core.environment:checking '/home/bojithakash68/sid_ws/install/walle_description/lib/python3.10/site-packages'
[3.468s] Level 1:colcon.colcon_core.shell:create_environment_hook('walle_description', 'pythonpath')
[3.468s] INFO:colcon.colcon_core.shell:Creating environment hook '/home/bojithakash68/sid_ws/install/walle_description/share/walle_description/hook/pythonpath.ps1'
[3.469s] INFO:colcon.colcon_core.shell:Creating environment descriptor '/home/bojithakash68/sid_ws/install/walle_description/share/walle_description/hook/pythonpath.dsv'
[3.470s] INFO:colcon.colcon_core.shell:Creating environment hook '/home/bojithakash68/sid_ws/install/walle_description/share/walle_description/hook/pythonpath.sh'
[3.471s] Level 1:colcon.colcon_core.environment:checking '/home/bojithakash68/sid_ws/install/walle_description/bin'
[3.471s] Level 1:colcon.colcon_core.environment:create_environment_scripts_only(walle_description)
[3.472s] INFO:colcon.colcon_core.shell:Creating package script '/home/bojithakash68/sid_ws/install/walle_description/share/walle_description/package.ps1'
[3.473s] INFO:colcon.colcon_core.shell:Creating package descriptor '/home/bojithakash68/sid_ws/install/walle_description/share/walle_description/package.dsv'
[3.474s] INFO:colcon.colcon_core.shell:Creating package script '/home/bojithakash68/sid_ws/install/walle_description/share/walle_description/package.sh'
[3.476s] INFO:colcon.colcon_core.shell:Creating package script '/home/bojithakash68/sid_ws/install/walle_description/share/walle_description/package.bash'
[3.476s] INFO:colcon.colcon_core.shell:Creating package script '/home/bojithakash68/sid_ws/install/walle_description/share/walle_description/package.zsh'
[3.477s] Level 1:colcon.colcon_core.environment:create_file_with_runtime_dependencies(/home/bojithakash68/sid_ws/install/walle_description/share/colcon-core/packages/walle_description)
[3.478s] DEBUG:colcon.colcon_parallel_executor.executor.parallel:closing loop
[3.479s] DEBUG:colcon.colcon_parallel_executor.executor.parallel:loop closed
[3.480s] DEBUG:colcon.colcon_parallel_executor.executor.parallel:run_until_complete finished with '0'
[3.480s] DEBUG:colcon.colcon_core.event_reactor:joining thread
[3.491s] INFO:colcon.colcon_core.plugin_system:Skipping extension 'colcon_notification.desktop_notification.terminal_notifier': Not used on non-Darwin systems
[3.491s] INFO:colcon.colcon_core.plugin_system:Skipping extension 'colcon_notification.desktop_notification.win32': Not used on non-Windows systems
[3.491s] INFO:colcon.colcon_notification.desktop_notification:Sending desktop notification using 'notify2'
[3.516s] DEBUG:colcon.colcon_core.event_reactor:joined thread
[3.517s] INFO:colcon.colcon_core.shell:Creating prefix script '/home/bojithakash68/sid_ws/install/local_setup.ps1'
[3.519s] INFO:colcon.colcon_core.shell:Creating prefix util module '/home/bojithakash68/sid_ws/install/_local_setup_util_ps1.py'
[3.522s] INFO:colcon.colcon_core.shell:Creating prefix chain script '/home/bojithakash68/sid_ws/install/setup.ps1'
[3.524s] INFO:colcon.colcon_core.shell:Creating prefix script '/home/bojithakash68/sid_ws/install/local_setup.sh'
[3.525s] INFO:colcon.colcon_core.shell:Creating prefix util module '/home/bojithakash68/sid_ws/install/_local_setup_util_sh.py'
[3.526s] INFO:colcon.colcon_core.shell:Creating prefix chain script '/home/bojithakash68/sid_ws/install/setup.sh'
[3.528s] INFO:colcon.colcon_core.shell:Creating prefix script '/home/bojithakash68/sid_ws/install/local_setup.bash'
[3.529s] INFO:colcon.colcon_core.shell:Creating prefix chain script '/home/bojithakash68/sid_ws/install/setup.bash'
[3.531s] INFO:colcon.colcon_core.shell:Creating prefix script '/home/bojithakash68/sid_ws/install/local_setup.zsh'
[3.532s] INFO:colcon.colcon_core.shell:Creating prefix chain script '/home/bojithakash68/sid_ws/install/setup.zsh'
