[  7%] Built target walle_msg__cpp
[ 12%] Built target walle_msg__rosidl_generator_c
[ 12%] Built target ament_cmake_python_copy_walle_msg
[ 23%] Built target walle_msg__rosidl_typesupport_introspection_c
[ 43%] Built target walle_msg__rosidl_typesupport_c
[ 43%] Built target walle_msg__rosidl_typesupport_cpp
[ 53%] Built target walle_msg__rosidl_typesupport_fastrtps_cpp
[ 64%] Built target walle_msg__rosidl_typesupport_fastrtps_c
[ 74%] Built target walle_msg__rosidl_typesupport_introspection_cpp
[ 74%] Built target walle_msg
[ 76%] Built target walle_msg__py
[ 84%] Built target walle_msg__rosidl_generator_py
[100%] Built target walle_msg__rosidl_typesupport_introspection_c__pyext
[100%] Built target walle_msg__rosidl_typesupport_fastrtps_c__pyext
[100%] Built target walle_msg__rosidl_typesupport_c__pyext
running egg_info
writing walle_msg.egg-info/PKG-INFO
writing dependency_links to walle_msg.egg-info/dependency_links.txt
writing top-level names to walle_msg.egg-info/top_level.txt
reading manifest file 'walle_msg.egg-info/SOURCES.txt'
writing manifest file 'walle_msg.egg-info/SOURCES.txt'
[100%] Built target ament_cmake_python_build_walle_msg_egg
-- Install configuration: ""
-- Up-to-date: /home/bojithakash68/sid_ws/install/walle_msg/share/ament_index/resource_index/rosidl_interfaces/walle_msg
-- Up-to-date: /home/bojithakash68/sid_ws/install/walle_msg/include/walle_msg/walle_msg
-- Up-to-date: /home/bojithakash68/sid_ws/install/walle_msg/include/walle_msg/walle_msg/srv
-- Up-to-date: /home/bojithakash68/sid_ws/install/walle_msg/include/walle_msg/walle_msg/srv/add_two_ints.h
-- Up-to-date: /home/bojithakash68/sid_ws/install/walle_msg/include/walle_msg/walle_msg/srv/detail
-- Up-to-date: /home/bojithakash68/sid_ws/install/walle_msg/include/walle_msg/walle_msg/srv/detail/add_two_ints__functions.c
-- Up-to-date: /home/bojithakash68/sid_ws/install/walle_msg/include/walle_msg/walle_msg/srv/detail/add_two_ints__struct.h
-- Up-to-date: /home/bojithakash68/sid_ws/install/walle_msg/include/walle_msg/walle_msg/srv/detail/get_transform__struct.h
-- Up-to-date: /home/bojithakash68/sid_ws/install/walle_msg/include/walle_msg/walle_msg/srv/detail/get_transform__type_support.h
-- Up-to-date: /home/bojithakash68/sid_ws/install/walle_msg/include/walle_msg/walle_msg/srv/detail/add_two_ints__type_support.h
-- Up-to-date: /home/bojithakash68/sid_ws/install/walle_msg/include/walle_msg/walle_msg/srv/detail/add_two_ints__functions.h
-- Up-to-date: /home/bojithakash68/sid_ws/install/walle_msg/include/walle_msg/walle_msg/srv/detail/get_transform__functions.c
-- Up-to-date: /home/bojithakash68/sid_ws/install/walle_msg/include/walle_msg/walle_msg/srv/detail/get_transform__functions.h
-- Up-to-date: /home/bojithakash68/sid_ws/install/walle_msg/include/walle_msg/walle_msg/srv/get_transform.h
-- Up-to-date: /home/bojithakash68/sid_ws/install/walle_msg/include/walle_msg/walle_msg/msg
-- Up-to-date: /home/bojithakash68/sid_ws/install/walle_msg/include/walle_msg/walle_msg/msg/rosidl_generator_c__visibility_control.h
-- Up-to-date: /home/bojithakash68/sid_ws/install/walle_msg/share/walle_msg/environment/library_path.sh
-- Up-to-date: /home/bojithakash68/sid_ws/install/walle_msg/share/walle_msg/environment/library_path.dsv
-- Up-to-date: /home/bojithakash68/sid_ws/install/walle_msg/lib/libwalle_msg__rosidl_generator_c.so
-- Up-to-date: /home/bojithakash68/sid_ws/install/walle_msg/include/walle_msg/walle_msg
-- Up-to-date: /home/bojithakash68/sid_ws/install/walle_msg/include/walle_msg/walle_msg/srv
-- Up-to-date: /home/bojithakash68/sid_ws/install/walle_msg/include/walle_msg/walle_msg/srv/detail
-- Up-to-date: /home/bojithakash68/sid_ws/install/walle_msg/include/walle_msg/walle_msg/srv/detail/get_transform__rosidl_typesupport_fastrtps_c.h
-- Up-to-date: /home/bojithakash68/sid_ws/install/walle_msg/include/walle_msg/walle_msg/srv/detail/add_two_ints__rosidl_typesupport_fastrtps_c.h
-- Up-to-date: /home/bojithakash68/sid_ws/install/walle_msg/include/walle_msg/walle_msg/msg
-- Up-to-date: /home/bojithakash68/sid_ws/install/walle_msg/include/walle_msg/walle_msg/msg/rosidl_typesupport_fastrtps_c__visibility_control.h
-- Up-to-date: /home/bojithakash68/sid_ws/install/walle_msg/lib/libwalle_msg__rosidl_typesupport_fastrtps_c.so
-- Up-to-date: /home/bojithakash68/sid_ws/install/walle_msg/include/walle_msg/walle_msg
-- Up-to-date: /home/bojithakash68/sid_ws/install/walle_msg/include/walle_msg/walle_msg/srv
-- Up-to-date: /home/bojithakash68/sid_ws/install/walle_msg/include/walle_msg/walle_msg/srv/add_two_ints.hpp
-- Up-to-date: /home/bojithakash68/sid_ws/install/walle_msg/include/walle_msg/walle_msg/srv/get_transform.hpp
-- Up-to-date: /home/bojithakash68/sid_ws/install/walle_msg/include/walle_msg/walle_msg/srv/detail
-- Up-to-date: /home/bojithakash68/sid_ws/install/walle_msg/include/walle_msg/walle_msg/srv/detail/add_two_ints__type_support.hpp
-- Up-to-date: /home/bojithakash68/sid_ws/install/walle_msg/include/walle_msg/walle_msg/srv/detail/add_two_ints__traits.hpp
-- Up-to-date: /home/bojithakash68/sid_ws/install/walle_msg/include/walle_msg/walle_msg/srv/detail/get_transform__traits.hpp
-- Up-to-date: /home/bojithakash68/sid_ws/install/walle_msg/include/walle_msg/walle_msg/srv/detail/add_two_ints__struct.hpp
-- Up-to-date: /home/bojithakash68/sid_ws/install/walle_msg/include/walle_msg/walle_msg/srv/detail/get_transform__type_support.hpp
-- Up-to-date: /home/bojithakash68/sid_ws/install/walle_msg/include/walle_msg/walle_msg/srv/detail/add_two_ints__builder.hpp
-- Up-to-date: /home/bojithakash68/sid_ws/install/walle_msg/include/walle_msg/walle_msg/srv/detail/get_transform__builder.hpp
-- Up-to-date: /home/bojithakash68/sid_ws/install/walle_msg/include/walle_msg/walle_msg/srv/detail/get_transform__struct.hpp
-- Up-to-date: /home/bojithakash68/sid_ws/install/walle_msg/include/walle_msg/walle_msg/msg
-- Up-to-date: /home/bojithakash68/sid_ws/install/walle_msg/include/walle_msg/walle_msg/msg/rosidl_generator_cpp__visibility_control.hpp
-- Up-to-date: /home/bojithakash68/sid_ws/install/walle_msg/include/walle_msg/walle_msg
-- Up-to-date: /home/bojithakash68/sid_ws/install/walle_msg/include/walle_msg/walle_msg/srv
-- Up-to-date: /home/bojithakash68/sid_ws/install/walle_msg/include/walle_msg/walle_msg/srv/detail
-- Up-to-date: /home/bojithakash68/sid_ws/install/walle_msg/include/walle_msg/walle_msg/srv/detail/dds_fastrtps
-- Up-to-date: /home/bojithakash68/sid_ws/install/walle_msg/include/walle_msg/walle_msg/srv/detail/get_transform__rosidl_typesupport_fastrtps_cpp.hpp
-- Up-to-date: /home/bojithakash68/sid_ws/install/walle_msg/include/walle_msg/walle_msg/srv/detail/add_two_ints__rosidl_typesupport_fastrtps_cpp.hpp
-- Up-to-date: /home/bojithakash68/sid_ws/install/walle_msg/include/walle_msg/walle_msg/msg
-- Up-to-date: /home/bojithakash68/sid_ws/install/walle_msg/include/walle_msg/walle_msg/msg/rosidl_typesupport_fastrtps_cpp__visibility_control.h
-- Up-to-date: /home/bojithakash68/sid_ws/install/walle_msg/lib/libwalle_msg__rosidl_typesupport_fastrtps_cpp.so
-- Up-to-date: /home/bojithakash68/sid_ws/install/walle_msg/include/walle_msg/walle_msg
-- Up-to-date: /home/bojithakash68/sid_ws/install/walle_msg/include/walle_msg/walle_msg/srv
-- Up-to-date: /home/bojithakash68/sid_ws/install/walle_msg/include/walle_msg/walle_msg/srv/detail
-- Up-to-date: /home/bojithakash68/sid_ws/install/walle_msg/include/walle_msg/walle_msg/srv/detail/add_two_ints__type_support.c
-- Up-to-date: /home/bojithakash68/sid_ws/install/walle_msg/include/walle_msg/walle_msg/srv/detail/get_transform__type_support.c
-- Up-to-date: /home/bojithakash68/sid_ws/install/walle_msg/include/walle_msg/walle_msg/srv/detail/get_transform__rosidl_typesupport_introspection_c.h
-- Up-to-date: /home/bojithakash68/sid_ws/install/walle_msg/include/walle_msg/walle_msg/srv/detail/add_two_ints__rosidl_typesupport_introspection_c.h
-- Up-to-date: /home/bojithakash68/sid_ws/install/walle_msg/include/walle_msg/walle_msg/msg
-- Up-to-date: /home/bojithakash68/sid_ws/install/walle_msg/include/walle_msg/walle_msg/msg/rosidl_typesupport_introspection_c__visibility_control.h
-- Up-to-date: /home/bojithakash68/sid_ws/install/walle_msg/lib/libwalle_msg__rosidl_typesupport_introspection_c.so
-- Up-to-date: /home/bojithakash68/sid_ws/install/walle_msg/lib/libwalle_msg__rosidl_typesupport_c.so
-- Up-to-date: /home/bojithakash68/sid_ws/install/walle_msg/include/walle_msg/walle_msg
-- Up-to-date: /home/bojithakash68/sid_ws/install/walle_msg/include/walle_msg/walle_msg/srv
-- Up-to-date: /home/bojithakash68/sid_ws/install/walle_msg/include/walle_msg/walle_msg/srv/detail
-- Up-to-date: /home/bojithakash68/sid_ws/install/walle_msg/include/walle_msg/walle_msg/srv/detail/get_transform__rosidl_typesupport_introspection_cpp.hpp
-- Up-to-date: /home/bojithakash68/sid_ws/install/walle_msg/include/walle_msg/walle_msg/srv/detail/add_two_ints__type_support.cpp
-- Up-to-date: /home/bojithakash68/sid_ws/install/walle_msg/include/walle_msg/walle_msg/srv/detail/get_transform__type_support.cpp
-- Up-to-date: /home/bojithakash68/sid_ws/install/walle_msg/include/walle_msg/walle_msg/srv/detail/add_two_ints__rosidl_typesupport_introspection_cpp.hpp
-- Up-to-date: /home/bojithakash68/sid_ws/install/walle_msg/lib/libwalle_msg__rosidl_typesupport_introspection_cpp.so
-- Up-to-date: /home/bojithakash68/sid_ws/install/walle_msg/lib/libwalle_msg__rosidl_typesupport_cpp.so
-- Up-to-date: /home/bojithakash68/sid_ws/install/walle_msg/share/walle_msg/environment/pythonpath.sh
-- Up-to-date: /home/bojithakash68/sid_ws/install/walle_msg/share/walle_msg/environment/pythonpath.dsv
-- Up-to-date: /home/bojithakash68/sid_ws/install/walle_msg/local/lib/python3.10/dist-packages/walle_msg-0.0.0-py3.10.egg-info
-- Installing: /home/bojithakash68/sid_ws/install/walle_msg/local/lib/python3.10/dist-packages/walle_msg-0.0.0-py3.10.egg-info/PKG-INFO
-- Installing: /home/bojithakash68/sid_ws/install/walle_msg/local/lib/python3.10/dist-packages/walle_msg-0.0.0-py3.10.egg-info/dependency_links.txt
-- Installing: /home/bojithakash68/sid_ws/install/walle_msg/local/lib/python3.10/dist-packages/walle_msg-0.0.0-py3.10.egg-info/top_level.txt
-- Installing: /home/bojithakash68/sid_ws/install/walle_msg/local/lib/python3.10/dist-packages/walle_msg-0.0.0-py3.10.egg-info/SOURCES.txt
-- Up-to-date: /home/bojithakash68/sid_ws/install/walle_msg/local/lib/python3.10/dist-packages/walle_msg
-- Up-to-date: /home/bojithakash68/sid_ws/install/walle_msg/local/lib/python3.10/dist-packages/walle_msg/srv
-- Up-to-date: /home/bojithakash68/sid_ws/install/walle_msg/local/lib/python3.10/dist-packages/walle_msg/srv/_add_two_ints.py
-- Up-to-date: /home/bojithakash68/sid_ws/install/walle_msg/local/lib/python3.10/dist-packages/walle_msg/srv/_get_transform.py
-- Up-to-date: /home/bojithakash68/sid_ws/install/walle_msg/local/lib/python3.10/dist-packages/walle_msg/srv/__init__.py
-- Up-to-date: /home/bojithakash68/sid_ws/install/walle_msg/local/lib/python3.10/dist-packages/walle_msg/srv/_get_transform_s.c
-- Up-to-date: /home/bojithakash68/sid_ws/install/walle_msg/local/lib/python3.10/dist-packages/walle_msg/srv/_add_two_ints_s.c
-- Up-to-date: /home/bojithakash68/sid_ws/install/walle_msg/local/lib/python3.10/dist-packages/walle_msg/_walle_msg_s.ep.rosidl_typesupport_introspection_c.c
-- Up-to-date: /home/bojithakash68/sid_ws/install/walle_msg/local/lib/python3.10/dist-packages/walle_msg/walle_msg_s__rosidl_typesupport_c.cpython-310-x86_64-linux-gnu.so
-- Up-to-date: /home/bojithakash68/sid_ws/install/walle_msg/local/lib/python3.10/dist-packages/walle_msg/walle_msg_s__rosidl_typesupport_introspection_c.cpython-310-x86_64-linux-gnu.so
-- Up-to-date: /home/bojithakash68/sid_ws/install/walle_msg/local/lib/python3.10/dist-packages/walle_msg/_walle_msg_s.ep.rosidl_typesupport_c.c
-- Up-to-date: /home/bojithakash68/sid_ws/install/walle_msg/local/lib/python3.10/dist-packages/walle_msg/_walle_msg_s.ep.rosidl_typesupport_fastrtps_c.c
-- Up-to-date: /home/bojithakash68/sid_ws/install/walle_msg/local/lib/python3.10/dist-packages/walle_msg/libwalle_msg__rosidl_generator_py.so
-- Up-to-date: /home/bojithakash68/sid_ws/install/walle_msg/local/lib/python3.10/dist-packages/walle_msg/__init__.py
-- Up-to-date: /home/bojithakash68/sid_ws/install/walle_msg/local/lib/python3.10/dist-packages/walle_msg/walle_msg_s__rosidl_typesupport_fastrtps_c.cpython-310-x86_64-linux-gnu.so
Listing '/home/bojithakash68/sid_ws/install/walle_msg/local/lib/python3.10/dist-packages/walle_msg'...
Listing '/home/bojithakash68/sid_ws/install/walle_msg/local/lib/python3.10/dist-packages/walle_msg/srv'...
-- Up-to-date: /home/bojithakash68/sid_ws/install/walle_msg/local/lib/python3.10/dist-packages/walle_msg/walle_msg_s__rosidl_typesupport_fastrtps_c.cpython-310-x86_64-linux-gnu.so
-- Up-to-date: /home/bojithakash68/sid_ws/install/walle_msg/local/lib/python3.10/dist-packages/walle_msg/walle_msg_s__rosidl_typesupport_introspection_c.cpython-310-x86_64-linux-gnu.so
-- Up-to-date: /home/bojithakash68/sid_ws/install/walle_msg/local/lib/python3.10/dist-packages/walle_msg/walle_msg_s__rosidl_typesupport_c.cpython-310-x86_64-linux-gnu.so
-- Up-to-date: /home/bojithakash68/sid_ws/install/walle_msg/lib/libwalle_msg__rosidl_generator_py.so
-- Up-to-date: /home/bojithakash68/sid_ws/install/walle_msg/share/walle_msg/srv/AddTwoInts.idl
-- Up-to-date: /home/bojithakash68/sid_ws/install/walle_msg/share/walle_msg/srv/GetTransform.idl
-- Up-to-date: /home/bojithakash68/sid_ws/install/walle_msg/share/walle_msg/srv/AddTwoInts.srv
-- Up-to-date: /home/bojithakash68/sid_ws/install/walle_msg/share/walle_msg/srv/AddTwoInts_Request.msg
-- Up-to-date: /home/bojithakash68/sid_ws/install/walle_msg/share/walle_msg/srv/AddTwoInts_Response.msg
-- Up-to-date: /home/bojithakash68/sid_ws/install/walle_msg/share/walle_msg/srv/GetTransform.srv
-- Up-to-date: /home/bojithakash68/sid_ws/install/walle_msg/share/walle_msg/srv/GetTransform_Request.msg
-- Up-to-date: /home/bojithakash68/sid_ws/install/walle_msg/share/walle_msg/srv/GetTransform_Response.msg
-- Up-to-date: /home/bojithakash68/sid_ws/install/walle_msg/share/ament_index/resource_index/package_run_dependencies/walle_msg
-- Up-to-date: /home/bojithakash68/sid_ws/install/walle_msg/share/ament_index/resource_index/parent_prefix_path/walle_msg
-- Up-to-date: /home/bojithakash68/sid_ws/install/walle_msg/share/walle_msg/environment/ament_prefix_path.sh
-- Up-to-date: /home/bojithakash68/sid_ws/install/walle_msg/share/walle_msg/environment/ament_prefix_path.dsv
-- Up-to-date: /home/bojithakash68/sid_ws/install/walle_msg/share/walle_msg/environment/path.sh
-- Up-to-date: /home/bojithakash68/sid_ws/install/walle_msg/share/walle_msg/environment/path.dsv
-- Up-to-date: /home/bojithakash68/sid_ws/install/walle_msg/share/walle_msg/local_setup.bash
-- Up-to-date: /home/bojithakash68/sid_ws/install/walle_msg/share/walle_msg/local_setup.sh
-- Up-to-date: /home/bojithakash68/sid_ws/install/walle_msg/share/walle_msg/local_setup.zsh
-- Up-to-date: /home/bojithakash68/sid_ws/install/walle_msg/share/walle_msg/local_setup.dsv
-- Installing: /home/bojithakash68/sid_ws/install/walle_msg/share/walle_msg/package.dsv
-- Up-to-date: /home/bojithakash68/sid_ws/install/walle_msg/share/ament_index/resource_index/packages/walle_msg
-- Up-to-date: /home/bojithakash68/sid_ws/install/walle_msg/share/walle_msg/cmake/export_walle_msg__rosidl_generator_cExport.cmake
-- Up-to-date: /home/bojithakash68/sid_ws/install/walle_msg/share/walle_msg/cmake/export_walle_msg__rosidl_generator_cExport-noconfig.cmake
-- Up-to-date: /home/bojithakash68/sid_ws/install/walle_msg/share/walle_msg/cmake/export_walle_msg__rosidl_typesupport_fastrtps_cExport.cmake
-- Up-to-date: /home/bojithakash68/sid_ws/install/walle_msg/share/walle_msg/cmake/export_walle_msg__rosidl_typesupport_fastrtps_cExport-noconfig.cmake
-- Up-to-date: /home/bojithakash68/sid_ws/install/walle_msg/share/walle_msg/cmake/export_walle_msg__rosidl_generator_cppExport.cmake
-- Up-to-date: /home/bojithakash68/sid_ws/install/walle_msg/share/walle_msg/cmake/export_walle_msg__rosidl_typesupport_fastrtps_cppExport.cmake
-- Up-to-date: /home/bojithakash68/sid_ws/install/walle_msg/share/walle_msg/cmake/export_walle_msg__rosidl_typesupport_fastrtps_cppExport-noconfig.cmake
-- Up-to-date: /home/bojithakash68/sid_ws/install/walle_msg/share/walle_msg/cmake/walle_msg__rosidl_typesupport_introspection_cExport.cmake
-- Up-to-date: /home/bojithakash68/sid_ws/install/walle_msg/share/walle_msg/cmake/walle_msg__rosidl_typesupport_introspection_cExport-noconfig.cmake
-- Up-to-date: /home/bojithakash68/sid_ws/install/walle_msg/share/walle_msg/cmake/walle_msg__rosidl_typesupport_cExport.cmake
-- Up-to-date: /home/bojithakash68/sid_ws/install/walle_msg/share/walle_msg/cmake/walle_msg__rosidl_typesupport_cExport-noconfig.cmake
-- Up-to-date: /home/bojithakash68/sid_ws/install/walle_msg/share/walle_msg/cmake/walle_msg__rosidl_typesupport_introspection_cppExport.cmake
-- Up-to-date: /home/bojithakash68/sid_ws/install/walle_msg/share/walle_msg/cmake/walle_msg__rosidl_typesupport_introspection_cppExport-noconfig.cmake
-- Up-to-date: /home/bojithakash68/sid_ws/install/walle_msg/share/walle_msg/cmake/walle_msg__rosidl_typesupport_cppExport.cmake
-- Up-to-date: /home/bojithakash68/sid_ws/install/walle_msg/share/walle_msg/cmake/walle_msg__rosidl_typesupport_cppExport-noconfig.cmake
-- Up-to-date: /home/bojithakash68/sid_ws/install/walle_msg/share/walle_msg/cmake/export_walle_msg__rosidl_generator_pyExport.cmake
-- Up-to-date: /home/bojithakash68/sid_ws/install/walle_msg/share/walle_msg/cmake/export_walle_msg__rosidl_generator_pyExport-noconfig.cmake
-- Up-to-date: /home/bojithakash68/sid_ws/install/walle_msg/share/walle_msg/cmake/rosidl_cmake-extras.cmake
-- Up-to-date: /home/bojithakash68/sid_ws/install/walle_msg/share/walle_msg/cmake/ament_cmake_export_dependencies-extras.cmake
-- Up-to-date: /home/bojithakash68/sid_ws/install/walle_msg/share/walle_msg/cmake/ament_cmake_export_include_directories-extras.cmake
-- Up-to-date: /home/bojithakash68/sid_ws/install/walle_msg/share/walle_msg/cmake/ament_cmake_export_libraries-extras.cmake
-- Up-to-date: /home/bojithakash68/sid_ws/install/walle_msg/share/walle_msg/cmake/ament_cmake_export_targets-extras.cmake
-- Up-to-date: /home/bojithakash68/sid_ws/install/walle_msg/share/walle_msg/cmake/rosidl_cmake_export_typesupport_targets-extras.cmake
-- Up-to-date: /home/bojithakash68/sid_ws/install/walle_msg/share/walle_msg/cmake/rosidl_cmake_export_typesupport_libraries-extras.cmake
-- Up-to-date: /home/bojithakash68/sid_ws/install/walle_msg/share/walle_msg/cmake/walle_msgConfig.cmake
-- Up-to-date: /home/bojithakash68/sid_ws/install/walle_msg/share/walle_msg/cmake/walle_msgConfig-version.cmake
-- Up-to-date: /home/bojithakash68/sid_ws/install/walle_msg/share/walle_msg/package.xml
