[  2%] Built target walle_msg__cpp
[ 12%] Built target walle_msg__rosidl_generator_c
[ 12%] Built target ament_cmake_python_copy_walle_msg
[ 51%] Built target walle_msg__rosidl_typesupport_introspection_cpp
[ 51%] Built target walle_msg__rosidl_typesupport_introspection_c
[ 51%] Built target walle_msg__rosidl_typesupport_cpp
[ 53%] Built target walle_msg__rosidl_typesupport_fastrtps_cpp
[ 64%] Built target walle_msg__rosidl_typesupport_fastrtps_c
[ 74%] Built target walle_msg__rosidl_typesupport_c
[ 74%] Built target walle_msg
[ 76%] Built target walle_msg__py
[ 84%] Built target walle_msg__rosidl_generator_py
[100%] Built target walle_msg__rosidl_typesupport_c__pyext
[100%] Built target walle_msg__rosidl_typesupport_fastrtps_c__pyext
[100%] Built target walle_msg__rosidl_typesupport_introspection_c__pyext
running egg_info
writing walle_msg.egg-info/PKG-INFO
writing dependency_links to walle_msg.egg-info/dependency_links.txt
writing top-level names to walle_msg.egg-info/top_level.txt
reading manifest file 'walle_msg.egg-info/SOURCES.txt'
writing manifest file 'walle_msg.egg-info/SOURCES.txt'
[100%] Built target ament_cmake_python_build_walle_msg_egg
