[0.012s] Invoking command in '/home/bojithakash68/sid_ws/build/walle_msg': CMAKE_PREFIX_PATH=/opt/ros/humble /usr/bin/cmake --build /home/bojithakash68/sid_ws/build/walle_msg -- -j16 -l16
[0.075s] [  2%] Built target walle_msg__cpp
[0.076s] [ 12%] Built target walle_msg__rosidl_generator_c
[0.089s] [ 12%] Built target ament_cmake_python_copy_walle_msg
[0.108s] [ 51%] Built target walle_msg__rosidl_typesupport_introspection_cpp
[0.108s] [ 51%] Built target walle_msg__rosidl_typesupport_introspection_c
[0.108s] [ 51%] Built target walle_msg__rosidl_typesupport_cpp
[0.108s] [ 53%] Built target walle_msg__rosidl_typesupport_fastrtps_cpp
[0.108s] [ 64%] Built target walle_msg__rosidl_typesupport_fastrtps_c
[0.110s] [ 74%] Built target walle_msg__rosidl_typesupport_c
[0.139s] [ 74%] Built target walle_msg
[0.169s] [ 76%] Built target walle_msg__py
[0.197s] [ 84%] Built target walle_msg__rosidl_generator_py
[0.228s] [100%] Built target walle_msg__rosidl_typesupport_c__pyext
[0.228s] [100%] Built target walle_msg__rosidl_typesupport_fastrtps_c__pyext
[0.228s] [100%] Built target walle_msg__rosidl_typesupport_introspection_c__pyext
[0.331s] running egg_info
[0.332s] writing walle_msg.egg-info/PKG-INFO
[0.332s] writing dependency_links to walle_msg.egg-info/dependency_links.txt
[0.332s] writing top-level names to walle_msg.egg-info/top_level.txt
[0.334s] reading manifest file 'walle_msg.egg-info/SOURCES.txt'
[0.334s] writing manifest file 'walle_msg.egg-info/SOURCES.txt'
[0.366s] [100%] Built target ament_cmake_python_build_walle_msg_egg
