[0.013s] Invoking command in '/home/bojithakash68/sid_ws/build/walle_controller': AMENT_PREFIX_PATH=/home/bojithakash68/sid_ws/install/walle_msg:${AMENT_PREFIX_PATH} CMAKE_PREFIX_PATH=/home/bojithakash68/sid_ws/install/walle_msg:/opt/ros/humble LD_LIBRARY_PATH=/home/bojithakash68/sid_ws/install/walle_msg/lib:${LD_LIBRARY_PATH} PYTHONPATH=/home/bojithakash68/sid_ws/install/walle_msg/local/lib/python3.10/dist-packages:${PYTHONPATH} /usr/bin/cmake --build /home/bojithakash68/sid_ws/build/walle_controller -- -j16 -l16
[0.088s] [100%] Built target noisy_controller
[0.088s] [100%] Built target simple_service_server
[0.088s] [100%] Built target simple_tf_kinematics
[0.088s] [100%] Built target simple_client_server
[0.088s] [100%] Built target simple_controller
[0.094s] [100%] Built target ament_cmake_python_copy_walle_controller
[0.336s] running egg_info
[0.337s] writing walle_controller.egg-info/PKG-INFO
[0.337s] writing dependency_links to walle_controller.egg-info/dependency_links.txt
[0.337s] writing top-level names to walle_controller.egg-info/top_level.txt
[0.339s] reading manifest file 'walle_controller.egg-info/SOURCES.txt'
[0.340s] writing manifest file 'walle_controller.egg-info/SOURCES.txt'
[0.375s] [100%] Built target ament_cmake_python_build_walle_controller_egg
[0.393s] Invoked command in '/home/bojithakash68/sid_ws/build/walle_controller' returned '0': AMENT_PREFIX_PATH=/home/bojithakash68/sid_ws/install/walle_msg:${AMENT_PREFIX_PATH} CMAKE_PREFIX_PATH=/home/bojithakash68/sid_ws/install/walle_msg:/opt/ros/humble LD_LIBRARY_PATH=/home/bojithakash68/sid_ws/install/walle_msg/lib:${LD_LIBRARY_PATH} PYTHONPATH=/home/bojithakash68/sid_ws/install/walle_msg/local/lib/python3.10/dist-packages:${PYTHONPATH} /usr/bin/cmake --build /home/bojithakash68/sid_ws/build/walle_controller -- -j16 -l16
[0.395s] Invoking command in '/home/bojithakash68/sid_ws/build/walle_controller': AMENT_PREFIX_PATH=/home/bojithakash68/sid_ws/install/walle_msg:${AMENT_PREFIX_PATH} CMAKE_PREFIX_PATH=/home/bojithakash68/sid_ws/install/walle_msg:/opt/ros/humble LD_LIBRARY_PATH=/home/bojithakash68/sid_ws/install/walle_msg/lib:${LD_LIBRARY_PATH} PYTHONPATH=/home/bojithakash68/sid_ws/install/walle_msg/local/lib/python3.10/dist-packages:${PYTHONPATH} /usr/bin/cmake --install /home/bojithakash68/sid_ws/build/walle_controller
[0.409s] -- Install configuration: ""
[0.409s] -- Up-to-date: /home/bojithakash68/sid_ws/install/walle_controller/share/walle_controller/environment/pythonpath.sh
[0.409s] -- Up-to-date: /home/bojithakash68/sid_ws/install/walle_controller/share/walle_controller/environment/pythonpath.dsv
[0.409s] -- Up-to-date: /home/bojithakash68/sid_ws/install/walle_controller/local/lib/python3.10/dist-packages/walle_controller-0.0.0-py3.10.egg-info
[0.409s] -- Installing: /home/bojithakash68/sid_ws/install/walle_controller/local/lib/python3.10/dist-packages/walle_controller-0.0.0-py3.10.egg-info/PKG-INFO
[0.409s] -- Installing: /home/bojithakash68/sid_ws/install/walle_controller/local/lib/python3.10/dist-packages/walle_controller-0.0.0-py3.10.egg-info/dependency_links.txt
[0.409s] -- Installing: /home/bojithakash68/sid_ws/install/walle_controller/local/lib/python3.10/dist-packages/walle_controller-0.0.0-py3.10.egg-info/top_level.txt
[0.410s] -- Installing: /home/bojithakash68/sid_ws/install/walle_controller/local/lib/python3.10/dist-packages/walle_controller-0.0.0-py3.10.egg-info/SOURCES.txt
[0.410s] -- Up-to-date: /home/bojithakash68/sid_ws/install/walle_controller/local/lib/python3.10/dist-packages/walle_controller
[0.410s] -- Up-to-date: /home/bojithakash68/sid_ws/install/walle_controller/local/lib/python3.10/dist-packages/walle_controller/__init__.py
[0.451s] Listing '/home/bojithakash68/sid_ws/install/walle_controller/local/lib/python3.10/dist-packages/walle_controller'...
[0.458s] -- Up-to-date: /home/bojithakash68/sid_ws/install/walle_controller/include/include
[0.458s] -- Up-to-date: /home/bojithakash68/sid_ws/install/walle_controller/include/include/walle_controller
[0.458s] -- Up-to-date: /home/bojithakash68/sid_ws/install/walle_controller/include/include/walle_controller/simple_tf_kinematics.hpp
[0.458s] -- Up-to-date: /home/bojithakash68/sid_ws/install/walle_controller/include/include/walle_controller/simple_controller.hpp
[0.458s] -- Up-to-date: /home/bojithakash68/sid_ws/install/walle_controller/include/include/walle_controller/noisy_controller.hpp
[0.458s] -- Up-to-date: /home/bojithakash68/sid_ws/install/walle_controller/lib/walle_controller/simple_controller
[0.458s] -- Up-to-date: /home/bojithakash68/sid_ws/install/walle_controller/lib/walle_controller/simple_tf_kinematics
[0.459s] -- Up-to-date: /home/bojithakash68/sid_ws/install/walle_controller/lib/walle_controller/simple_service_server
[0.459s] -- Up-to-date: /home/bojithakash68/sid_ws/install/walle_controller/lib/walle_controller/simple_client_server
[0.460s] -- Up-to-date: /home/bojithakash68/sid_ws/install/walle_controller/lib/walle_controller/noisy_controller
[0.460s] -- Up-to-date: /home/bojithakash68/sid_ws/install/walle_controller/share/walle_controller/config
[0.460s] -- Up-to-date: /home/bojithakash68/sid_ws/install/walle_controller/share/walle_controller/config/joy_config.yaml
[0.460s] -- Up-to-date: /home/bojithakash68/sid_ws/install/walle_controller/share/walle_controller/config/walle_controllers.yaml
[0.460s] -- Up-to-date: /home/bojithakash68/sid_ws/install/walle_controller/share/walle_controller/config/joy_teleop.yaml
[0.460s] -- Up-to-date: /home/bojithakash68/sid_ws/install/walle_controller/share/walle_controller/launch
[0.460s] -- Up-to-date: /home/bojithakash68/sid_ws/install/walle_controller/share/walle_controller/launch/controller.launch.py
[0.461s] -- Up-to-date: /home/bojithakash68/sid_ws/install/walle_controller/share/walle_controller/launch/keyboard.launch.py
[0.461s] -- Up-to-date: /home/bojithakash68/sid_ws/install/walle_controller/share/walle_controller/launch/joy_teleop.launch.py
[0.461s] -- Up-to-date: /home/bojithakash68/sid_ws/install/walle_controller/share/ament_index/resource_index/package_run_dependencies/walle_controller
[0.461s] -- Up-to-date: /home/bojithakash68/sid_ws/install/walle_controller/share/ament_index/resource_index/parent_prefix_path/walle_controller
[0.461s] -- Up-to-date: /home/bojithakash68/sid_ws/install/walle_controller/share/walle_controller/environment/ament_prefix_path.sh
[0.461s] -- Up-to-date: /home/bojithakash68/sid_ws/install/walle_controller/share/walle_controller/environment/ament_prefix_path.dsv
[0.461s] -- Up-to-date: /home/bojithakash68/sid_ws/install/walle_controller/share/walle_controller/environment/path.sh
[0.461s] -- Up-to-date: /home/bojithakash68/sid_ws/install/walle_controller/share/walle_controller/environment/path.dsv
[0.461s] -- Up-to-date: /home/bojithakash68/sid_ws/install/walle_controller/share/walle_controller/local_setup.bash
[0.461s] -- Up-to-date: /home/bojithakash68/sid_ws/install/walle_controller/share/walle_controller/local_setup.sh
[0.462s] -- Up-to-date: /home/bojithakash68/sid_ws/install/walle_controller/share/walle_controller/local_setup.zsh
[0.462s] -- Up-to-date: /home/bojithakash68/sid_ws/install/walle_controller/share/walle_controller/local_setup.dsv
[0.462s] -- Installing: /home/bojithakash68/sid_ws/install/walle_controller/share/walle_controller/package.dsv
[0.462s] -- Up-to-date: /home/bojithakash68/sid_ws/install/walle_controller/share/ament_index/resource_index/packages/walle_controller
[0.462s] -- Up-to-date: /home/bojithakash68/sid_ws/install/walle_controller/share/walle_controller/cmake/walle_controllerConfig.cmake
[0.462s] -- Up-to-date: /home/bojithakash68/sid_ws/install/walle_controller/share/walle_controller/cmake/walle_controllerConfig-version.cmake
[0.462s] -- Up-to-date: /home/bojithakash68/sid_ws/install/walle_controller/share/walle_controller/package.xml
[0.466s] Invoked command in '/home/bojithakash68/sid_ws/build/walle_controller' returned '0': AMENT_PREFIX_PATH=/home/bojithakash68/sid_ws/install/walle_msg:${AMENT_PREFIX_PATH} CMAKE_PREFIX_PATH=/home/bojithakash68/sid_ws/install/walle_msg:/opt/ros/humble LD_LIBRARY_PATH=/home/bojithakash68/sid_ws/install/walle_msg/lib:${LD_LIBRARY_PATH} PYTHONPATH=/home/bojithakash68/sid_ws/install/walle_msg/local/lib/python3.10/dist-packages:${PYTHONPATH} /usr/bin/cmake --install /home/bojithakash68/sid_ws/build/walle_controller
