[0.011s] Invoking command in '/home/bojithakash68/sid_ws/build/walle_description': CMAKE_PREFIX_PATH=/opt/ros/humble /usr/bin/cmake --build /home/bojithakash68/sid_ws/build/walle_description -- -j16 -l16
[0.057s] Invoked command in '/home/bojithakash68/sid_ws/build/walle_description' returned '0': CMAKE_PREFIX_PATH=/opt/ros/humble /usr/bin/cmake --build /home/bojithakash68/sid_ws/build/walle_description -- -j16 -l16
[0.069s] Invoking command in '/home/bojithakash68/sid_ws/build/walle_description': CMAKE_PREFIX_PATH=/opt/ros/humble /usr/bin/cmake --install /home/bojithakash68/sid_ws/build/walle_description
[0.078s] -- Install configuration: ""
[0.078s] -- Up-to-date: /home/bojithakash68/sid_ws/install/walle_description/share/walle_description/launch
[0.078s] -- Up-to-date: /home/bojithakash68/sid_ws/install/walle_description/share/walle_description/launch/display.launch.py
[0.078s] -- Up-to-date: /home/bojithakash68/sid_ws/install/walle_description/share/walle_description/launch/gazebo.launch.py
[0.078s] -- Up-to-date: /home/bojithakash68/sid_ws/install/walle_description/share/walle_description/meshes
[0.078s] -- Up-to-date: /home/bojithakash68/sid_ws/install/walle_description/share/walle_description/meshes/base_link.stl
[0.078s] -- Up-to-date: /home/bojithakash68/sid_ws/install/walle_description/share/walle_description/meshes/lidar_1.stl
[0.079s] -- Up-to-date: /home/bojithakash68/sid_ws/install/walle_description/share/walle_description/meshes/caster_wheel_1.stl
[0.079s] -- Up-to-date: /home/bojithakash68/sid_ws/install/walle_description/share/walle_description/meshes/right_wheel_1.stl
[0.079s] -- Up-to-date: /home/bojithakash68/sid_ws/install/walle_description/share/walle_description/meshes/left_wheel_1.stl
[0.079s] -- Up-to-date: /home/bojithakash68/sid_ws/install/walle_description/share/walle_description/urdf
[0.079s] -- Up-to-date: /home/bojithakash68/sid_ws/install/walle_description/share/walle_description/urdf/walle_gazebo.xacro
[0.079s] -- Up-to-date: /home/bojithakash68/sid_ws/install/walle_description/share/walle_description/urdf/walle_ros2_control.xacro
[0.079s] -- Up-to-date: /home/bojithakash68/sid_ws/install/walle_description/share/walle_description/urdf/walle.xacro
[0.079s] -- Up-to-date: /home/bojithakash68/sid_ws/install/walle_description/share/walle_description/urdf/materials.xacro
[0.079s] -- Up-to-date: /home/bojithakash68/sid_ws/install/walle_description/share/ament_index/resource_index/package_run_dependencies/walle_description
[0.079s] -- Up-to-date: /home/bojithakash68/sid_ws/install/walle_description/share/ament_index/resource_index/parent_prefix_path/walle_description
[0.079s] -- Up-to-date: /home/bojithakash68/sid_ws/install/walle_description/share/walle_description/environment/ament_prefix_path.sh
[0.080s] -- Up-to-date: /home/bojithakash68/sid_ws/install/walle_description/share/walle_description/environment/ament_prefix_path.dsv
[0.080s] -- Up-to-date: /home/bojithakash68/sid_ws/install/walle_description/share/walle_description/environment/path.sh
[0.080s] -- Up-to-date: /home/bojithakash68/sid_ws/install/walle_description/share/walle_description/environment/path.dsv
[0.080s] -- Up-to-date: /home/bojithakash68/sid_ws/install/walle_description/share/walle_description/local_setup.bash
[0.080s] -- Up-to-date: /home/bojithakash68/sid_ws/install/walle_description/share/walle_description/local_setup.sh
[0.080s] -- Up-to-date: /home/bojithakash68/sid_ws/install/walle_description/share/walle_description/local_setup.zsh
[0.080s] -- Up-to-date: /home/bojithakash68/sid_ws/install/walle_description/share/walle_description/local_setup.dsv
[0.080s] -- Installing: /home/bojithakash68/sid_ws/install/walle_description/share/walle_description/package.dsv
[0.080s] -- Up-to-date: /home/bojithakash68/sid_ws/install/walle_description/share/ament_index/resource_index/packages/walle_description
[0.080s] -- Up-to-date: /home/bojithakash68/sid_ws/install/walle_description/share/walle_description/cmake/walle_descriptionConfig.cmake
[0.080s] -- Up-to-date: /home/bojithakash68/sid_ws/install/walle_description/share/walle_description/cmake/walle_descriptionConfig-version.cmake
[0.080s] -- Up-to-date: /home/bojithakash68/sid_ws/install/walle_description/share/walle_description/package.xml
[0.083s] Invoked command in '/home/bojithakash68/sid_ws/build/walle_description' returned '0': CMAKE_PREFIX_PATH=/opt/ros/humble /usr/bin/cmake --install /home/bojithakash68/sid_ws/build/walle_description
