/home/bojithakash68/sid_ws/install/walle_description/lib/python3.10/site-packages/walle_description/__init__.py
/home/bojithakash68/sid_ws/install/walle_description/lib/python3.10/site-packages/walle_description/__pycache__/__init__.cpython-310.pyc
/home/bojithakash68/sid_ws/install/walle_description/share/ament_index/resource_index/packages/walle_description
/home/bojithakash68/sid_ws/install/walle_description/share/walle_description/package.xml
/home/bojithakash68/sid_ws/install/walle_description/share/walle_description/launch/display.launch.py
/home/bojithakash68/sid_ws/install/walle_description/share/walle_description/launch/gazebo.launch.py
/home/bojithakash68/sid_ws/install/walle_description/share/walle_description/urdf/walle_gazebo.xacro
/home/bojithakash68/sid_ws/install/walle_description/share/walle_description/urdf/walle_ros2_control.xacro
/home/bojithakash68/sid_ws/install/walle_description/share/walle_description/urdf/walle.xacro
/home/bojithakash68/sid_ws/install/walle_description/share/walle_description/urdf/materials.xacro
/home/bojithakash68/sid_ws/install/walle_description/share/walle_description/meshes/base_link.stl
/home/bojithakash68/sid_ws/install/walle_description/share/walle_description/meshes/lidar_1.stl
/home/bojithakash68/sid_ws/install/walle_description/share/walle_description/meshes/caster_wheel_1.stl
/home/bojithakash68/sid_ws/install/walle_description/share/walle_description/meshes/imu_1.stl
/home/bojithakash68/sid_ws/install/walle_description/share/walle_description/meshes/right_wheel_1.stl
/home/bojithakash68/sid_ws/install/walle_description/share/walle_description/meshes/left_wheel_1.stl
/home/bojithakash68/sid_ws/install/walle_description/share/walle_description/config/gazebo.rviz
/home/bojithakash68/sid_ws/install/walle_description/share/walle_description/config/display.rviz
/home/bojithakash68/sid_ws/install/walle_description/share/walle_description/config/ros_gz_bridge_gazebo.yaml
/home/bojithakash68/sid_ws/install/walle_description/lib/python3.10/site-packages/walle_description-0.0.0-py3.10.egg-info/PKG-INFO
/home/bojithakash68/sid_ws/install/walle_description/lib/python3.10/site-packages/walle_description-0.0.0-py3.10.egg-info/zip-safe
/home/bojithakash68/sid_ws/install/walle_description/lib/python3.10/site-packages/walle_description-0.0.0-py3.10.egg-info/dependency_links.txt
/home/bojithakash68/sid_ws/install/walle_description/lib/python3.10/site-packages/walle_description-0.0.0-py3.10.egg-info/top_level.txt
/home/bojithakash68/sid_ws/install/walle_description/lib/python3.10/site-packages/walle_description-0.0.0-py3.10.egg-info/SOURCES.txt
/home/bojithakash68/sid_ws/install/walle_description/lib/python3.10/site-packages/walle_description-0.0.0-py3.10.egg-info/requires.txt
/home/bojithakash68/sid_ws/install/walle_description/lib/python3.10/site-packages/walle_description-0.0.0-py3.10.egg-info/entry_points.txt
