[0.012s] Invoking command in '/home/bojithakash68/sid_ws/build/walle_msg': CMAKE_PREFIX_PATH=/opt/ros/humble /usr/bin/cmake --build /home/bojithakash68/sid_ws/build/walle_msg -- -j16 -l16
[0.075s] [  2%] Built target walle_msg__cpp
[0.076s] [ 12%] Built target walle_msg__rosidl_generator_c
[0.088s] [ 12%] Built target ament_cmake_python_copy_walle_msg
[0.106s] [ 33%] Built target walle_msg__rosidl_typesupport_introspection_c
[0.106s] [ 33%] Built target walle_msg__rosidl_typesupport_c
[0.106s] [ 46%] Built target walle_msg__rosidl_typesupport_cpp
[0.106s] [ 53%] Built target walle_msg__rosidl_typesupport_introspection_cpp
[0.107s] [ 64%] Built target walle_msg__rosidl_typesupport_fastrtps_cpp
[0.124s] [ 74%] Built target walle_msg__rosidl_typesupport_fastrtps_c
[0.157s] [ 74%] Built target walle_msg
[0.189s] [ 76%] Built target walle_msg__py
[0.222s] [ 84%] Built target walle_msg__rosidl_generator_py
[0.256s] [100%] Built target walle_msg__rosidl_typesupport_introspection_c__pyext
[0.256s] [100%] Built target walle_msg__rosidl_typesupport_c__pyext
[0.256s] [100%] Built target walle_msg__rosidl_typesupport_fastrtps_c__pyext
[0.337s] running egg_info
[0.337s] writing walle_msg.egg-info/PKG-INFO
[0.337s] writing dependency_links to walle_msg.egg-info/dependency_links.txt
[0.338s] writing top-level names to walle_msg.egg-info/top_level.txt
[0.340s] reading manifest file 'walle_msg.egg-info/SOURCES.txt'
[0.341s] writing manifest file 'walle_msg.egg-info/SOURCES.txt'
[0.378s] [100%] Built target ament_cmake_python_build_walle_msg_egg
