[0.255s] DEBUG:colcon:Command line arguments: ['/usr/bin/colcon', 'build']
[0.256s] DEBUG:colcon:Parsed command line arguments: Namespace(log_base=None, log_level=None, verb_name='build', build_base='build', install_base='install', merge_install=False, symlink_install=False, test_result_base=None, continue_on_error=False, executor='parallel', parallel_workers=16, event_handlers=None, ignore_user_meta=False, metas=['./colcon.meta'], base_paths=['.'], packages_ignore=None, packages_ignore_regex=None, paths=None, packages_up_to=None, packages_up_to_regex=None, packages_above=None, packages_above_and_dependencies=None, packages_above_depth=None, packages_select_by_dep=None, packages_skip_by_dep=None, packages_skip_up_to=None, packages_select_build_failed=False, packages_skip_build_finished=False, packages_select_test_failures=False, packages_skip_test_passed=False, packages_select=None, packages_skip=None, packages_select_regex=None, packages_skip_regex=None, packages_start=None, packages_end=None, allow_overriding=[], cmake_args=None, cmake_target=None, cmake_target_skip_unavailable=False, cmake_clean_cache=False, cmake_clean_first=False, cmake_force_configure=False, ament_cmake_args=None, catkin_cmake_args=None, catkin_skip_building_tests=False, mixin_files=None, mixin=None, verb_parser=<colcon_mixin.mixin.mixin_argument.MixinArgumentDecorator object at 0x76cee5e5b070>, verb_extension=<colcon_core.verb.build.BuildVerb object at 0x76cee5fa0700>, main=<bound method BuildVerb.main of <colcon_core.verb.build.BuildVerb object at 0x76cee5fa0700>>, mixin_verb=('build',))
[0.731s] Level 1:colcon.colcon_core.package_discovery:discover_packages(colcon_meta) check parameters
[0.731s] Level 1:colcon.colcon_core.package_discovery:discover_packages(recursive) check parameters
[0.731s] Level 1:colcon.colcon_core.package_discovery:discover_packages(ignore) check parameters
[0.731s] Level 1:colcon.colcon_core.package_discovery:discover_packages(path) check parameters
[0.731s] Level 1:colcon.colcon_core.package_discovery:discover_packages(colcon_meta) discover
[0.731s] Level 1:colcon.colcon_core.package_discovery:discover_packages(recursive) discover
[0.731s] INFO:colcon.colcon_core.package_discovery:Crawling recursively for packages in '/home/bojithakash68/sid_ws'
[0.732s] Level 1:colcon.colcon_core.package_identification:_identify(.) by extensions ['ignore', 'ignore_ament_install']
[0.732s] Level 1:colcon.colcon_core.package_identification:_identify(.) by extension 'ignore'
[0.732s] Level 1:colcon.colcon_core.package_identification:_identify(.) by extension 'ignore_ament_install'
[0.732s] Level 1:colcon.colcon_core.package_identification:_identify(.) by extensions ['colcon_pkg']
[0.732s] Level 1:colcon.colcon_core.package_identification:_identify(.) by extension 'colcon_pkg'
[0.732s] Level 1:colcon.colcon_core.package_identification:_identify(.) by extensions ['colcon_meta']
[0.732s] Level 1:colcon.colcon_core.package_identification:_identify(.) by extension 'colcon_meta'
[0.733s] Level 1:colcon.colcon_core.package_identification:_identify(.) by extensions ['ros']
[0.733s] Level 1:colcon.colcon_core.package_identification:_identify(.) by extension 'ros'
[0.758s] Level 1:colcon.colcon_core.package_identification:_identify(.) by extensions ['cmake', 'python']
[0.758s] Level 1:colcon.colcon_core.package_identification:_identify(.) by extension 'cmake'
[0.758s] Level 1:colcon.colcon_core.package_identification:_identify(.) by extension 'python'
[0.758s] Level 1:colcon.colcon_core.package_identification:_identify(.) by extensions ['python_setup_py']
[0.758s] Level 1:colcon.colcon_core.package_identification:_identify(.) by extension 'python_setup_py'
[0.758s] Level 1:colcon.colcon_core.package_identification:_identify(build) by extensions ['ignore', 'ignore_ament_install']
[0.759s] Level 1:colcon.colcon_core.package_identification:_identify(build) by extension 'ignore'
[0.759s] Level 1:colcon.colcon_core.package_identification:_identify(build) ignored
[0.759s] Level 1:colcon.colcon_core.package_identification:_identify(install) by extensions ['ignore', 'ignore_ament_install']
[0.759s] Level 1:colcon.colcon_core.package_identification:_identify(install) by extension 'ignore'
[0.759s] Level 1:colcon.colcon_core.package_identification:_identify(install) ignored
[0.760s] Level 1:colcon.colcon_core.package_identification:_identify(log) by extensions ['ignore', 'ignore_ament_install']
[0.760s] Level 1:colcon.colcon_core.package_identification:_identify(log) by extension 'ignore'
[0.760s] Level 1:colcon.colcon_core.package_identification:_identify(log) ignored
[0.760s] Level 1:colcon.colcon_core.package_identification:_identify(src) by extensions ['ignore', 'ignore_ament_install']
[0.760s] Level 1:colcon.colcon_core.package_identification:_identify(src) by extension 'ignore'
[0.761s] Level 1:colcon.colcon_core.package_identification:_identify(src) by extension 'ignore_ament_install'
[0.761s] Level 1:colcon.colcon_core.package_identification:_identify(src) by extensions ['colcon_pkg']
[0.761s] Level 1:colcon.colcon_core.package_identification:_identify(src) by extension 'colcon_pkg'
[0.761s] Level 1:colcon.colcon_core.package_identification:_identify(src) by extensions ['colcon_meta']
[0.761s] Level 1:colcon.colcon_core.package_identification:_identify(src) by extension 'colcon_meta'
[0.761s] Level 1:colcon.colcon_core.package_identification:_identify(src) by extensions ['ros']
[0.761s] Level 1:colcon.colcon_core.package_identification:_identify(src) by extension 'ros'
[0.761s] Level 1:colcon.colcon_core.package_identification:_identify(src) by extensions ['cmake', 'python']
[0.761s] Level 1:colcon.colcon_core.package_identification:_identify(src) by extension 'cmake'
[0.762s] Level 1:colcon.colcon_core.package_identification:_identify(src) by extension 'python'
[0.762s] Level 1:colcon.colcon_core.package_identification:_identify(src) by extensions ['python_setup_py']
[0.762s] Level 1:colcon.colcon_core.package_identification:_identify(src) by extension 'python_setup_py'
[0.762s] Level 1:colcon.colcon_core.package_identification:_identify(src/walle_controller) by extensions ['ignore', 'ignore_ament_install']
[0.762s] Level 1:colcon.colcon_core.package_identification:_identify(src/walle_controller) by extension 'ignore'
[0.762s] Level 1:colcon.colcon_core.package_identification:_identify(src/walle_controller) by extension 'ignore_ament_install'
[0.762s] Level 1:colcon.colcon_core.package_identification:_identify(src/walle_controller) by extensions ['colcon_pkg']
[0.763s] Level 1:colcon.colcon_core.package_identification:_identify(src/walle_controller) by extension 'colcon_pkg'
[0.763s] Level 1:colcon.colcon_core.package_identification:_identify(src/walle_controller) by extensions ['colcon_meta']
[0.763s] Level 1:colcon.colcon_core.package_identification:_identify(src/walle_controller) by extension 'colcon_meta'
[0.763s] Level 1:colcon.colcon_core.package_identification:_identify(src/walle_controller) by extensions ['ros']
[0.763s] Level 1:colcon.colcon_core.package_identification:_identify(src/walle_controller) by extension 'ros'
[0.786s] DEBUG:colcon.colcon_core.package_identification:Package 'src/walle_controller' with type 'ros.ament_cmake' and name 'walle_controller'
[0.786s] Level 1:colcon.colcon_core.package_identification:_identify(src/walle_description) by extensions ['ignore', 'ignore_ament_install']
[0.787s] Level 1:colcon.colcon_core.package_identification:_identify(src/walle_description) by extension 'ignore'
[0.787s] Level 1:colcon.colcon_core.package_identification:_identify(src/walle_description) by extension 'ignore_ament_install'
[0.787s] Level 1:colcon.colcon_core.package_identification:_identify(src/walle_description) by extensions ['colcon_pkg']
[0.787s] Level 1:colcon.colcon_core.package_identification:_identify(src/walle_description) by extension 'colcon_pkg'
[0.787s] Level 1:colcon.colcon_core.package_identification:_identify(src/walle_description) by extensions ['colcon_meta']
[0.787s] Level 1:colcon.colcon_core.package_identification:_identify(src/walle_description) by extension 'colcon_meta'
[0.787s] Level 1:colcon.colcon_core.package_identification:_identify(src/walle_description) by extensions ['ros']
[0.788s] Level 1:colcon.colcon_core.package_identification:_identify(src/walle_description) by extension 'ros'
[0.789s] DEBUG:colcon.colcon_core.package_identification:Package 'src/walle_description' with type 'ros.ament_python' and name 'walle_description'
[0.790s] Level 1:colcon.colcon_core.package_identification:_identify(src/walle_msg) by extensions ['ignore', 'ignore_ament_install']
[0.790s] Level 1:colcon.colcon_core.package_identification:_identify(src/walle_msg) by extension 'ignore'
[0.790s] Level 1:colcon.colcon_core.package_identification:_identify(src/walle_msg) by extension 'ignore_ament_install'
[0.790s] Level 1:colcon.colcon_core.package_identification:_identify(src/walle_msg) by extensions ['colcon_pkg']
[0.790s] Level 1:colcon.colcon_core.package_identification:_identify(src/walle_msg) by extension 'colcon_pkg'
[0.790s] Level 1:colcon.colcon_core.package_identification:_identify(src/walle_msg) by extensions ['colcon_meta']
[0.790s] Level 1:colcon.colcon_core.package_identification:_identify(src/walle_msg) by extension 'colcon_meta'
[0.791s] Level 1:colcon.colcon_core.package_identification:_identify(src/walle_msg) by extensions ['ros']
[0.791s] Level 1:colcon.colcon_core.package_identification:_identify(src/walle_msg) by extension 'ros'
[0.792s] DEBUG:colcon.colcon_core.package_identification:Package 'src/walle_msg' with type 'ros.ament_cmake' and name 'walle_msg'
[0.792s] Level 1:colcon.colcon_core.package_discovery:discover_packages(recursive) using defaults
[0.792s] Level 1:colcon.colcon_core.package_discovery:discover_packages(ignore) discover
[0.792s] Level 1:colcon.colcon_core.package_discovery:discover_packages(ignore) using defaults
[0.792s] Level 1:colcon.colcon_core.package_discovery:discover_packages(path) discover
[0.793s] Level 1:colcon.colcon_core.package_discovery:discover_packages(path) using defaults
[0.837s] Level 1:colcon.colcon_core.package_discovery:discover_packages(prefix_path) check parameters
[0.837s] Level 1:colcon.colcon_core.package_discovery:discover_packages(prefix_path) discover
[0.845s] DEBUG:colcon.colcon_installed_package_information.package_discovery:Found 392 installed packages in /opt/ros/humble
[0.851s] Level 1:colcon.colcon_core.package_discovery:discover_packages(prefix_path) using defaults
[0.977s] Level 5:colcon.colcon_core.verb:set package 'walle_description' build argument 'cmake_args' from command line to 'None'
[0.977s] Level 5:colcon.colcon_core.verb:set package 'walle_description' build argument 'cmake_target' from command line to 'None'
[0.978s] Level 5:colcon.colcon_core.verb:set package 'walle_description' build argument 'cmake_target_skip_unavailable' from command line to 'False'
[0.978s] Level 5:colcon.colcon_core.verb:set package 'walle_description' build argument 'cmake_clean_cache' from command line to 'False'
[0.978s] Level 5:colcon.colcon_core.verb:set package 'walle_description' build argument 'cmake_clean_first' from command line to 'False'
[0.978s] Level 5:colcon.colcon_core.verb:set package 'walle_description' build argument 'cmake_force_configure' from command line to 'False'
[0.978s] Level 5:colcon.colcon_core.verb:set package 'walle_description' build argument 'ament_cmake_args' from command line to 'None'
[0.978s] Level 5:colcon.colcon_core.verb:set package 'walle_description' build argument 'catkin_cmake_args' from command line to 'None'
[0.978s] Level 5:colcon.colcon_core.verb:set package 'walle_description' build argument 'catkin_skip_building_tests' from command line to 'False'
[0.978s] DEBUG:colcon.colcon_core.verb:Building package 'walle_description' with the following arguments: {'ament_cmake_args': None, 'build_base': '/home/bojithakash68/sid_ws/build/walle_description', 'catkin_cmake_args': None, 'catkin_skip_building_tests': False, 'cmake_args': None, 'cmake_clean_cache': False, 'cmake_clean_first': False, 'cmake_force_configure': False, 'cmake_target': None, 'cmake_target_skip_unavailable': False, 'install_base': '/home/bojithakash68/sid_ws/install/walle_description', 'merge_install': False, 'path': '/home/bojithakash68/sid_ws/src/walle_description', 'symlink_install': False, 'test_result_base': None}
[0.979s] Level 5:colcon.colcon_core.verb:set package 'walle_msg' build argument 'cmake_args' from command line to 'None'
[0.979s] Level 5:colcon.colcon_core.verb:set package 'walle_msg' build argument 'cmake_target' from command line to 'None'
[0.979s] Level 5:colcon.colcon_core.verb:set package 'walle_msg' build argument 'cmake_target_skip_unavailable' from command line to 'False'
[0.979s] Level 5:colcon.colcon_core.verb:set package 'walle_msg' build argument 'cmake_clean_cache' from command line to 'False'
[0.979s] Level 5:colcon.colcon_core.verb:set package 'walle_msg' build argument 'cmake_clean_first' from command line to 'False'
[0.979s] Level 5:colcon.colcon_core.verb:set package 'walle_msg' build argument 'cmake_force_configure' from command line to 'False'
[0.979s] Level 5:colcon.colcon_core.verb:set package 'walle_msg' build argument 'ament_cmake_args' from command line to 'None'
[0.980s] Level 5:colcon.colcon_core.verb:set package 'walle_msg' build argument 'catkin_cmake_args' from command line to 'None'
[0.980s] Level 5:colcon.colcon_core.verb:set package 'walle_msg' build argument 'catkin_skip_building_tests' from command line to 'False'
[0.980s] DEBUG:colcon.colcon_core.verb:Building package 'walle_msg' with the following arguments: {'ament_cmake_args': None, 'build_base': '/home/bojithakash68/sid_ws/build/walle_msg', 'catkin_cmake_args': None, 'catkin_skip_building_tests': False, 'cmake_args': None, 'cmake_clean_cache': False, 'cmake_clean_first': False, 'cmake_force_configure': False, 'cmake_target': None, 'cmake_target_skip_unavailable': False, 'install_base': '/home/bojithakash68/sid_ws/install/walle_msg', 'merge_install': False, 'path': '/home/bojithakash68/sid_ws/src/walle_msg', 'symlink_install': False, 'test_result_base': None}
[0.980s] Level 5:colcon.colcon_core.verb:set package 'walle_controller' build argument 'cmake_args' from command line to 'None'
[0.980s] Level 5:colcon.colcon_core.verb:set package 'walle_controller' build argument 'cmake_target' from command line to 'None'
[0.980s] Level 5:colcon.colcon_core.verb:set package 'walle_controller' build argument 'cmake_target_skip_unavailable' from command line to 'False'
[0.981s] Level 5:colcon.colcon_core.verb:set package 'walle_controller' build argument 'cmake_clean_cache' from command line to 'False'
[0.981s] Level 5:colcon.colcon_core.verb:set package 'walle_controller' build argument 'cmake_clean_first' from command line to 'False'
[0.981s] Level 5:colcon.colcon_core.verb:set package 'walle_controller' build argument 'cmake_force_configure' from command line to 'False'
[0.981s] Level 5:colcon.colcon_core.verb:set package 'walle_controller' build argument 'ament_cmake_args' from command line to 'None'
[0.981s] Level 5:colcon.colcon_core.verb:set package 'walle_controller' build argument 'catkin_cmake_args' from command line to 'None'
[0.981s] Level 5:colcon.colcon_core.verb:set package 'walle_controller' build argument 'catkin_skip_building_tests' from command line to 'False'
[0.981s] DEBUG:colcon.colcon_core.verb:Building package 'walle_controller' with the following arguments: {'ament_cmake_args': None, 'build_base': '/home/bojithakash68/sid_ws/build/walle_controller', 'catkin_cmake_args': None, 'catkin_skip_building_tests': False, 'cmake_args': None, 'cmake_clean_cache': False, 'cmake_clean_first': False, 'cmake_force_configure': False, 'cmake_target': None, 'cmake_target_skip_unavailable': False, 'install_base': '/home/bojithakash68/sid_ws/install/walle_controller', 'merge_install': False, 'path': '/home/bojithakash68/sid_ws/src/walle_controller', 'symlink_install': False, 'test_result_base': None}
[0.981s] INFO:colcon.colcon_core.executor:Executing jobs using 'parallel' executor
[0.984s] DEBUG:colcon.colcon_parallel_executor.executor.parallel:run_until_complete
[0.984s] INFO:colcon.colcon_ros.task.ament_cmake.build:Building ROS package in '/home/bojithakash68/sid_ws/src/walle_msg' with build type 'ament_cmake'
[0.985s] INFO:colcon.colcon_cmake.task.cmake.build:Building CMake package in '/home/bojithakash68/sid_ws/src/walle_msg'
[0.990s] INFO:colcon.colcon_core.plugin_system:Skipping extension 'colcon_core.shell.bat': Not used on non-Windows systems
[0.991s] INFO:colcon.colcon_core.shell:Skip shell extension 'powershell' for command environment: Not usable outside of PowerShell
[0.991s] DEBUG:colcon.colcon_core.shell:Skip shell extension 'dsv' for command environment
[1.000s] INFO:colcon.colcon_ros.task.ament_python.build:Building ROS package in '/home/bojithakash68/sid_ws/src/walle_description' with build type 'ament_python'
[1.000s] Level 1:colcon.colcon_core.shell:create_environment_hook('walle_description', 'ament_prefix_path')
[1.001s] INFO:colcon.colcon_core.shell:Creating environment hook '/home/bojithakash68/sid_ws/install/walle_description/share/walle_description/hook/ament_prefix_path.ps1'
[1.003s] INFO:colcon.colcon_core.shell:Creating environment descriptor '/home/bojithakash68/sid_ws/install/walle_description/share/walle_description/hook/ament_prefix_path.dsv'
[1.004s] INFO:colcon.colcon_core.shell:Creating environment hook '/home/bojithakash68/sid_ws/install/walle_description/share/walle_description/hook/ament_prefix_path.sh'
[1.006s] INFO:colcon.colcon_core.shell:Skip shell extension 'powershell' for command environment: Not usable outside of PowerShell
[1.006s] DEBUG:colcon.colcon_core.shell:Skip shell extension 'dsv' for command environment
[1.030s] DEBUG:colcon.colcon_core.event_handler.log_command:Invoking command in '/home/bojithakash68/sid_ws/build/walle_msg': CMAKE_PREFIX_PATH=/opt/ros/humble /usr/bin/cmake --build /home/bojithakash68/sid_ws/build/walle_msg -- -j16 -l16
[1.769s] INFO:colcon.colcon_core.task.python.build:Building Python package in '/home/bojithakash68/sid_ws/src/walle_description'
[1.770s] INFO:colcon.colcon_core.shell:Skip shell extension 'powershell' for command environment: Not usable outside of PowerShell
[1.770s] DEBUG:colcon.colcon_core.shell:Skip shell extension 'dsv' for command environment
[2.047s] DEBUG:colcon.colcon_core.event_handler.log_command:Invoked command in '/home/bojithakash68/sid_ws/build/walle_msg' returned '0': CMAKE_PREFIX_PATH=/opt/ros/humble /usr/bin/cmake --build /home/bojithakash68/sid_ws/build/walle_msg -- -j16 -l16
[2.079s] DEBUG:colcon.colcon_core.event_handler.log_command:Invoking command in '/home/bojithakash68/sid_ws/build/walle_msg': CMAKE_PREFIX_PATH=/opt/ros/humble /usr/bin/cmake --install /home/bojithakash68/sid_ws/build/walle_msg
[2.219s] Level 1:colcon.colcon_core.environment:create_environment_scripts_only(walle_msg)
[2.221s] DEBUG:colcon.colcon_core.event_handler.log_command:Invoked command in '/home/bojithakash68/sid_ws/build/walle_msg' returned '0': CMAKE_PREFIX_PATH=/opt/ros/humble /usr/bin/cmake --install /home/bojithakash68/sid_ws/build/walle_msg
[2.225s] Level 1:colcon.colcon_core.environment:checking '/home/bojithakash68/sid_ws/install/walle_msg' for CMake module files
[2.227s] Level 1:colcon.colcon_core.environment:checking '/home/bojithakash68/sid_ws/install/walle_msg' for CMake config files
[2.228s] Level 1:colcon.colcon_core.shell:create_environment_hook('walle_msg', 'cmake_prefix_path')
[2.228s] INFO:colcon.colcon_core.shell:Creating environment hook '/home/bojithakash68/sid_ws/install/walle_msg/share/walle_msg/hook/cmake_prefix_path.ps1'
[2.229s] INFO:colcon.colcon_core.shell:Creating environment descriptor '/home/bojithakash68/sid_ws/install/walle_msg/share/walle_msg/hook/cmake_prefix_path.dsv'
[2.230s] INFO:colcon.colcon_core.shell:Creating environment hook '/home/bojithakash68/sid_ws/install/walle_msg/share/walle_msg/hook/cmake_prefix_path.sh'
[2.232s] Level 1:colcon.colcon_core.environment:checking '/home/bojithakash68/sid_ws/install/walle_msg/lib'
[2.232s] Level 1:colcon.colcon_core.shell:create_environment_hook('walle_msg', 'ld_library_path_lib')
[2.232s] INFO:colcon.colcon_core.shell:Creating environment hook '/home/bojithakash68/sid_ws/install/walle_msg/share/walle_msg/hook/ld_library_path_lib.ps1'
[2.233s] INFO:colcon.colcon_core.shell:Creating environment descriptor '/home/bojithakash68/sid_ws/install/walle_msg/share/walle_msg/hook/ld_library_path_lib.dsv'
[2.234s] INFO:colcon.colcon_core.shell:Creating environment hook '/home/bojithakash68/sid_ws/install/walle_msg/share/walle_msg/hook/ld_library_path_lib.sh'
[2.235s] Level 1:colcon.colcon_core.environment:checking '/home/bojithakash68/sid_ws/install/walle_msg/bin'
[2.235s] Level 1:colcon.colcon_core.environment:checking '/home/bojithakash68/sid_ws/install/walle_msg/lib/pkgconfig/walle_msg.pc'
[2.236s] Level 1:colcon.colcon_core.environment:checking '/home/bojithakash68/sid_ws/install/walle_msg/lib/python3.10/site-packages'
[2.236s] Level 1:colcon.colcon_core.environment:checking '/home/bojithakash68/sid_ws/install/walle_msg/bin'
[2.237s] INFO:colcon.colcon_core.shell:Creating package script '/home/bojithakash68/sid_ws/install/walle_msg/share/walle_msg/package.ps1'
[2.238s] INFO:colcon.colcon_core.shell:Creating package descriptor '/home/bojithakash68/sid_ws/install/walle_msg/share/walle_msg/package.dsv'
[2.240s] INFO:colcon.colcon_core.shell:Creating package script '/home/bojithakash68/sid_ws/install/walle_msg/share/walle_msg/package.sh'
[2.241s] INFO:colcon.colcon_core.shell:Creating package script '/home/bojithakash68/sid_ws/install/walle_msg/share/walle_msg/package.bash'
[2.243s] INFO:colcon.colcon_core.shell:Creating package script '/home/bojithakash68/sid_ws/install/walle_msg/share/walle_msg/package.zsh'
[2.244s] Level 1:colcon.colcon_core.environment:create_file_with_runtime_dependencies(/home/bojithakash68/sid_ws/install/walle_msg/share/colcon-core/packages/walle_msg)
[2.246s] Level 1:colcon.colcon_core.environment:create_environment_scripts_only(walle_msg)
[2.246s] Level 1:colcon.colcon_core.environment:checking '/home/bojithakash68/sid_ws/install/walle_msg' for CMake module files
[2.248s] Level 1:colcon.colcon_core.environment:checking '/home/bojithakash68/sid_ws/install/walle_msg' for CMake config files
[2.249s] Level 1:colcon.colcon_core.shell:create_environment_hook('walle_msg', 'cmake_prefix_path')
[2.249s] INFO:colcon.colcon_core.shell:Creating environment hook '/home/bojithakash68/sid_ws/install/walle_msg/share/walle_msg/hook/cmake_prefix_path.ps1'
[2.250s] INFO:colcon.colcon_core.shell:Creating environment descriptor '/home/bojithakash68/sid_ws/install/walle_msg/share/walle_msg/hook/cmake_prefix_path.dsv'
[2.251s] INFO:colcon.colcon_core.shell:Creating environment hook '/home/bojithakash68/sid_ws/install/walle_msg/share/walle_msg/hook/cmake_prefix_path.sh'
[2.252s] Level 1:colcon.colcon_core.environment:checking '/home/bojithakash68/sid_ws/install/walle_msg/lib'
[2.252s] Level 1:colcon.colcon_core.shell:create_environment_hook('walle_msg', 'ld_library_path_lib')
[2.253s] INFO:colcon.colcon_core.shell:Creating environment hook '/home/bojithakash68/sid_ws/install/walle_msg/share/walle_msg/hook/ld_library_path_lib.ps1'
[2.254s] INFO:colcon.colcon_core.shell:Creating environment descriptor '/home/bojithakash68/sid_ws/install/walle_msg/share/walle_msg/hook/ld_library_path_lib.dsv'
[2.255s] INFO:colcon.colcon_core.shell:Creating environment hook '/home/bojithakash68/sid_ws/install/walle_msg/share/walle_msg/hook/ld_library_path_lib.sh'
[2.255s] Level 1:colcon.colcon_core.environment:checking '/home/bojithakash68/sid_ws/install/walle_msg/bin'
[2.256s] Level 1:colcon.colcon_core.environment:checking '/home/bojithakash68/sid_ws/install/walle_msg/lib/pkgconfig/walle_msg.pc'
[2.256s] Level 1:colcon.colcon_core.environment:checking '/home/bojithakash68/sid_ws/install/walle_msg/lib/python3.10/site-packages'
[2.256s] Level 1:colcon.colcon_core.environment:checking '/home/bojithakash68/sid_ws/install/walle_msg/bin'
[2.257s] INFO:colcon.colcon_core.shell:Creating package script '/home/bojithakash68/sid_ws/install/walle_msg/share/walle_msg/package.ps1'
[2.258s] INFO:colcon.colcon_core.shell:Creating package descriptor '/home/bojithakash68/sid_ws/install/walle_msg/share/walle_msg/package.dsv'
[2.259s] INFO:colcon.colcon_core.shell:Creating package script '/home/bojithakash68/sid_ws/install/walle_msg/share/walle_msg/package.sh'
[2.260s] INFO:colcon.colcon_core.shell:Creating package script '/home/bojithakash68/sid_ws/install/walle_msg/share/walle_msg/package.bash'
[2.261s] INFO:colcon.colcon_core.shell:Creating package script '/home/bojithakash68/sid_ws/install/walle_msg/share/walle_msg/package.zsh'
[2.262s] Level 1:colcon.colcon_core.environment:create_file_with_runtime_dependencies(/home/bojithakash68/sid_ws/install/walle_msg/share/colcon-core/packages/walle_msg)
[2.263s] INFO:colcon.colcon_ros.task.ament_cmake.build:Building ROS package in '/home/bojithakash68/sid_ws/src/walle_controller' with build type 'ament_cmake'
[2.263s] INFO:colcon.colcon_cmake.task.cmake.build:Building CMake package in '/home/bojithakash68/sid_ws/src/walle_controller'
[2.264s] INFO:colcon.colcon_core.shell:Skip shell extension 'powershell' for command environment: Not usable outside of PowerShell
[2.264s] DEBUG:colcon.colcon_core.shell:Skip shell extension 'dsv' for command environment
[2.301s] DEBUG:colcon.colcon_core.event_handler.log_command:Invoking command in '/home/bojithakash68/sid_ws/build/walle_controller': AMENT_PREFIX_PATH=/home/bojithakash68/sid_ws/install/walle_msg:${AMENT_PREFIX_PATH} CMAKE_PREFIX_PATH=/home/bojithakash68/sid_ws/install/walle_msg:/opt/ros/humble LD_LIBRARY_PATH=/home/bojithakash68/sid_ws/install/walle_msg/lib:${LD_LIBRARY_PATH} PYTHONPATH=/home/bojithakash68/sid_ws/install/walle_msg/local/lib/python3.10/dist-packages:${PYTHONPATH} /usr/bin/cmake --build /home/bojithakash68/sid_ws/build/walle_controller -- -j16 -l16
[2.828s] DEBUG:colcon.colcon_core.event_handler.log_command:Invoking command in '/home/bojithakash68/sid_ws/src/walle_description': PYTHONPATH=/home/bojithakash68/sid_ws/build/walle_description/prefix_override:/usr/lib/python3/dist-packages/colcon_core/task/python/colcon_distutils_commands:/home/bojithakash68/sid_ws/install/walle_description/lib/python3.10/site-packages:${PYTHONPATH} /usr/bin/python3 -W ignore:setup.py install is deprecated -W ignore:easy_install command is deprecated setup.py egg_info --egg-base ../../build/walle_description build --build-base /home/bojithakash68/sid_ws/build/walle_description/build install --record /home/bojithakash68/sid_ws/build/walle_description/install.log --single-version-externally-managed install_data
[3.274s] DEBUG:colcon.colcon_core.event_handler.log_command:Invoked command in '/home/bojithakash68/sid_ws/build/walle_controller' returned '0': AMENT_PREFIX_PATH=/home/bojithakash68/sid_ws/install/walle_msg:${AMENT_PREFIX_PATH} CMAKE_PREFIX_PATH=/home/bojithakash68/sid_ws/install/walle_msg:/opt/ros/humble LD_LIBRARY_PATH=/home/bojithakash68/sid_ws/install/walle_msg/lib:${LD_LIBRARY_PATH} PYTHONPATH=/home/bojithakash68/sid_ws/install/walle_msg/local/lib/python3.10/dist-packages:${PYTHONPATH} /usr/bin/cmake --build /home/bojithakash68/sid_ws/build/walle_controller -- -j16 -l16
[3.278s] DEBUG:colcon.colcon_core.event_handler.log_command:Invoking command in '/home/bojithakash68/sid_ws/build/walle_controller': AMENT_PREFIX_PATH=/home/bojithakash68/sid_ws/install/walle_msg:${AMENT_PREFIX_PATH} CMAKE_PREFIX_PATH=/home/bojithakash68/sid_ws/install/walle_msg:/opt/ros/humble LD_LIBRARY_PATH=/home/bojithakash68/sid_ws/install/walle_msg/lib:${LD_LIBRARY_PATH} PYTHONPATH=/home/bojithakash68/sid_ws/install/walle_msg/local/lib/python3.10/dist-packages:${PYTHONPATH} /usr/bin/cmake --install /home/bojithakash68/sid_ws/build/walle_controller
[3.402s] Level 1:colcon.colcon_core.environment:create_environment_scripts_only(walle_controller)
[3.403s] Level 1:colcon.colcon_core.environment:checking '/home/bojithakash68/sid_ws/install/walle_controller' for CMake module files
[3.404s] DEBUG:colcon.colcon_core.event_handler.log_command:Invoked command in '/home/bojithakash68/sid_ws/build/walle_controller' returned '0': AMENT_PREFIX_PATH=/home/bojithakash68/sid_ws/install/walle_msg:${AMENT_PREFIX_PATH} CMAKE_PREFIX_PATH=/home/bojithakash68/sid_ws/install/walle_msg:/opt/ros/humble LD_LIBRARY_PATH=/home/bojithakash68/sid_ws/install/walle_msg/lib:${LD_LIBRARY_PATH} PYTHONPATH=/home/bojithakash68/sid_ws/install/walle_msg/local/lib/python3.10/dist-packages:${PYTHONPATH} /usr/bin/cmake --install /home/bojithakash68/sid_ws/build/walle_controller
[3.405s] Level 1:colcon.colcon_core.environment:checking '/home/bojithakash68/sid_ws/install/walle_controller' for CMake config files
[3.406s] Level 1:colcon.colcon_core.shell:create_environment_hook('walle_controller', 'cmake_prefix_path')
[3.406s] INFO:colcon.colcon_core.shell:Creating environment hook '/home/bojithakash68/sid_ws/install/walle_controller/share/walle_controller/hook/cmake_prefix_path.ps1'
[3.407s] INFO:colcon.colcon_core.shell:Creating environment descriptor '/home/bojithakash68/sid_ws/install/walle_controller/share/walle_controller/hook/cmake_prefix_path.dsv'
[3.408s] INFO:colcon.colcon_core.shell:Creating environment hook '/home/bojithakash68/sid_ws/install/walle_controller/share/walle_controller/hook/cmake_prefix_path.sh'
[3.410s] Level 1:colcon.colcon_core.environment:checking '/home/bojithakash68/sid_ws/install/walle_controller/lib'
[3.410s] Level 1:colcon.colcon_core.environment:checking '/home/bojithakash68/sid_ws/install/walle_controller/bin'
[3.410s] Level 1:colcon.colcon_core.environment:checking '/home/bojithakash68/sid_ws/install/walle_controller/lib/pkgconfig/walle_controller.pc'
[3.410s] Level 1:colcon.colcon_core.environment:checking '/home/bojithakash68/sid_ws/install/walle_controller/lib/python3.10/site-packages'
[3.411s] Level 1:colcon.colcon_core.environment:checking '/home/bojithakash68/sid_ws/install/walle_controller/bin'
[3.411s] INFO:colcon.colcon_core.shell:Creating package script '/home/bojithakash68/sid_ws/install/walle_controller/share/walle_controller/package.ps1'
[3.412s] INFO:colcon.colcon_core.shell:Creating package descriptor '/home/bojithakash68/sid_ws/install/walle_controller/share/walle_controller/package.dsv'
[3.413s] INFO:colcon.colcon_core.shell:Creating package script '/home/bojithakash68/sid_ws/install/walle_controller/share/walle_controller/package.sh'
[3.414s] INFO:colcon.colcon_core.shell:Creating package script '/home/bojithakash68/sid_ws/install/walle_controller/share/walle_controller/package.bash'
[3.415s] INFO:colcon.colcon_core.shell:Creating package script '/home/bojithakash68/sid_ws/install/walle_controller/share/walle_controller/package.zsh'
[3.416s] Level 1:colcon.colcon_core.environment:create_file_with_runtime_dependencies(/home/bojithakash68/sid_ws/install/walle_controller/share/colcon-core/packages/walle_controller)
[3.417s] Level 1:colcon.colcon_core.environment:create_environment_scripts_only(walle_controller)
[3.417s] Level 1:colcon.colcon_core.environment:checking '/home/bojithakash68/sid_ws/install/walle_controller' for CMake module files
[3.419s] Level 1:colcon.colcon_core.environment:checking '/home/bojithakash68/sid_ws/install/walle_controller' for CMake config files
[3.419s] Level 1:colcon.colcon_core.shell:create_environment_hook('walle_controller', 'cmake_prefix_path')
[3.420s] INFO:colcon.colcon_core.shell:Creating environment hook '/home/bojithakash68/sid_ws/install/walle_controller/share/walle_controller/hook/cmake_prefix_path.ps1'
[3.421s] INFO:colcon.colcon_core.shell:Creating environment descriptor '/home/bojithakash68/sid_ws/install/walle_controller/share/walle_controller/hook/cmake_prefix_path.dsv'
[3.422s] INFO:colcon.colcon_core.shell:Creating environment hook '/home/bojithakash68/sid_ws/install/walle_controller/share/walle_controller/hook/cmake_prefix_path.sh'
[3.423s] Level 1:colcon.colcon_core.environment:checking '/home/bojithakash68/sid_ws/install/walle_controller/lib'
[3.423s] Level 1:colcon.colcon_core.environment:checking '/home/bojithakash68/sid_ws/install/walle_controller/bin'
[3.423s] Level 1:colcon.colcon_core.environment:checking '/home/bojithakash68/sid_ws/install/walle_controller/lib/pkgconfig/walle_controller.pc'
[3.424s] Level 1:colcon.colcon_core.environment:checking '/home/bojithakash68/sid_ws/install/walle_controller/lib/python3.10/site-packages'
[3.424s] Level 1:colcon.colcon_core.environment:checking '/home/bojithakash68/sid_ws/install/walle_controller/bin'
[3.425s] INFO:colcon.colcon_core.shell:Creating package script '/home/bojithakash68/sid_ws/install/walle_controller/share/walle_controller/package.ps1'
[3.426s] INFO:colcon.colcon_core.shell:Creating package descriptor '/home/bojithakash68/sid_ws/install/walle_controller/share/walle_controller/package.dsv'
[3.427s] INFO:colcon.colcon_core.shell:Creating package script '/home/bojithakash68/sid_ws/install/walle_controller/share/walle_controller/package.sh'
[3.428s] INFO:colcon.colcon_core.shell:Creating package script '/home/bojithakash68/sid_ws/install/walle_controller/share/walle_controller/package.bash'
[3.429s] INFO:colcon.colcon_core.shell:Creating package script '/home/bojithakash68/sid_ws/install/walle_controller/share/walle_controller/package.zsh'
[3.430s] Level 1:colcon.colcon_core.environment:create_file_with_runtime_dependencies(/home/bojithakash68/sid_ws/install/walle_controller/share/colcon-core/packages/walle_controller)
[3.571s] Level 1:colcon.colcon_core.environment:checking '/home/bojithakash68/sid_ws/install/walle_description' for CMake module files
[3.572s] DEBUG:colcon.colcon_core.event_handler.log_command:Invoked command in '/home/bojithakash68/sid_ws/src/walle_description' returned '0': PYTHONPATH=/home/bojithakash68/sid_ws/build/walle_description/prefix_override:/usr/lib/python3/dist-packages/colcon_core/task/python/colcon_distutils_commands:/home/bojithakash68/sid_ws/install/walle_description/lib/python3.10/site-packages:${PYTHONPATH} /usr/bin/python3 -W ignore:setup.py install is deprecated -W ignore:easy_install command is deprecated setup.py egg_info --egg-base ../../build/walle_description build --build-base /home/bojithakash68/sid_ws/build/walle_description/build install --record /home/bojithakash68/sid_ws/build/walle_description/install.log --single-version-externally-managed install_data
[3.573s] Level 1:colcon.colcon_core.environment:checking '/home/bojithakash68/sid_ws/install/walle_description' for CMake config files
[3.574s] Level 1:colcon.colcon_core.shell:create_environment_hook('walle_description', 'cmake_prefix_path')
[3.575s] INFO:colcon.colcon_core.shell:Creating environment hook '/home/bojithakash68/sid_ws/install/walle_description/share/walle_description/hook/cmake_prefix_path.ps1'
[3.576s] INFO:colcon.colcon_core.shell:Creating environment descriptor '/home/bojithakash68/sid_ws/install/walle_description/share/walle_description/hook/cmake_prefix_path.dsv'
[3.577s] INFO:colcon.colcon_core.shell:Creating environment hook '/home/bojithakash68/sid_ws/install/walle_description/share/walle_description/hook/cmake_prefix_path.sh'
[3.578s] Level 1:colcon.colcon_core.environment:checking '/home/bojithakash68/sid_ws/install/walle_description/lib'
[3.578s] Level 1:colcon.colcon_core.environment:checking '/home/bojithakash68/sid_ws/install/walle_description/bin'
[3.579s] Level 1:colcon.colcon_core.environment:checking '/home/bojithakash68/sid_ws/install/walle_description/lib/pkgconfig/walle_description.pc'
[3.579s] Level 1:colcon.colcon_core.environment:checking '/home/bojithakash68/sid_ws/install/walle_description/lib/python3.10/site-packages'
[3.579s] Level 1:colcon.colcon_core.shell:create_environment_hook('walle_description', 'pythonpath')
[3.580s] INFO:colcon.colcon_core.shell:Creating environment hook '/home/bojithakash68/sid_ws/install/walle_description/share/walle_description/hook/pythonpath.ps1'
[3.581s] INFO:colcon.colcon_core.shell:Creating environment descriptor '/home/bojithakash68/sid_ws/install/walle_description/share/walle_description/hook/pythonpath.dsv'
[3.582s] INFO:colcon.colcon_core.shell:Creating environment hook '/home/bojithakash68/sid_ws/install/walle_description/share/walle_description/hook/pythonpath.sh'
[3.583s] Level 1:colcon.colcon_core.environment:checking '/home/bojithakash68/sid_ws/install/walle_description/bin'
[3.583s] Level 1:colcon.colcon_core.environment:create_environment_scripts_only(walle_description)
[3.584s] INFO:colcon.colcon_core.shell:Creating package script '/home/bojithakash68/sid_ws/install/walle_description/share/walle_description/package.ps1'
[3.585s] INFO:colcon.colcon_core.shell:Creating package descriptor '/home/bojithakash68/sid_ws/install/walle_description/share/walle_description/package.dsv'
[3.586s] INFO:colcon.colcon_core.shell:Creating package script '/home/bojithakash68/sid_ws/install/walle_description/share/walle_description/package.sh'
[3.587s] INFO:colcon.colcon_core.shell:Creating package script '/home/bojithakash68/sid_ws/install/walle_description/share/walle_description/package.bash'
[3.588s] INFO:colcon.colcon_core.shell:Creating package script '/home/bojithakash68/sid_ws/install/walle_description/share/walle_description/package.zsh'
[3.589s] Level 1:colcon.colcon_core.environment:create_file_with_runtime_dependencies(/home/bojithakash68/sid_ws/install/walle_description/share/colcon-core/packages/walle_description)
[3.590s] DEBUG:colcon.colcon_parallel_executor.executor.parallel:closing loop
[3.591s] DEBUG:colcon.colcon_parallel_executor.executor.parallel:loop closed
[3.591s] DEBUG:colcon.colcon_parallel_executor.executor.parallel:run_until_complete finished with '0'
[3.591s] DEBUG:colcon.colcon_core.event_reactor:joining thread
[3.604s] INFO:colcon.colcon_core.plugin_system:Skipping extension 'colcon_notification.desktop_notification.terminal_notifier': Not used on non-Darwin systems
[3.604s] INFO:colcon.colcon_core.plugin_system:Skipping extension 'colcon_notification.desktop_notification.win32': Not used on non-Windows systems
[3.604s] INFO:colcon.colcon_notification.desktop_notification:Sending desktop notification using 'notify2'
[3.629s] DEBUG:colcon.colcon_core.event_reactor:joined thread
[3.630s] INFO:colcon.colcon_core.shell:Creating prefix script '/home/bojithakash68/sid_ws/install/local_setup.ps1'
[3.632s] INFO:colcon.colcon_core.shell:Creating prefix util module '/home/bojithakash68/sid_ws/install/_local_setup_util_ps1.py'
[3.635s] INFO:colcon.colcon_core.shell:Creating prefix chain script '/home/bojithakash68/sid_ws/install/setup.ps1'
[3.637s] INFO:colcon.colcon_core.shell:Creating prefix script '/home/bojithakash68/sid_ws/install/local_setup.sh'
[3.639s] INFO:colcon.colcon_core.shell:Creating prefix util module '/home/bojithakash68/sid_ws/install/_local_setup_util_sh.py'
[3.640s] INFO:colcon.colcon_core.shell:Creating prefix chain script '/home/bojithakash68/sid_ws/install/setup.sh'
[3.643s] INFO:colcon.colcon_core.shell:Creating prefix script '/home/bojithakash68/sid_ws/install/local_setup.bash'
[3.644s] INFO:colcon.colcon_core.shell:Creating prefix chain script '/home/bojithakash68/sid_ws/install/setup.bash'
[3.646s] INFO:colcon.colcon_core.shell:Creating prefix script '/home/bojithakash68/sid_ws/install/local_setup.zsh'
[3.647s] INFO:colcon.colcon_core.shell:Creating prefix chain script '/home/bojithakash68/sid_ws/install/setup.zsh'
