[0.036s] Invoking command in '/home/bojithakash68/sid_ws/build/walle_controller': AMENT_PREFIX_PATH=/home/bojithakash68/sid_ws/install/walle_msg:${AMENT_PREFIX_PATH} CMAKE_PREFIX_PATH=/home/bojithakash68/sid_ws/install/walle_msg:/opt/ros/humble LD_LIBRARY_PATH=/home/bojithakash68/sid_ws/install/walle_msg/lib:${LD_LIBRARY_PATH} PYTHONPATH=/home/bojithakash68/sid_ws/install/walle_msg/local/lib/python3.10/dist-packages:${PYTHONPATH} /usr/bin/cmake --build /home/bojithakash68/sid_ws/build/walle_controller -- -j16 -l16
[0.226s] [ 60%] Built target simple_client_server
[0.226s] [ 60%] Built target simple_service_server
[0.226s] [ 60%] Built target simple_tf_kinematics
[0.227s] [ 80%] Built target noisy_controller
[0.230s] [100%] Built target simple_controller
[0.237s] [100%] Built target ament_cmake_python_copy_walle_controller
[0.906s] running egg_info
[0.908s] writing walle_controller.egg-info/PKG-INFO
[0.908s] writing dependency_links to walle_controller.egg-info/dependency_links.txt
[0.909s] writing top-level names to walle_controller.egg-info/top_level.txt
[0.915s] reading manifest file 'walle_controller.egg-info/SOURCES.txt'
[0.916s] writing manifest file 'walle_controller.egg-info/SOURCES.txt'
[0.982s] [100%] Built target ament_cmake_python_build_walle_controller_egg
[1.017s] Invoked command in '/home/bojithakash68/sid_ws/build/walle_controller' returned '0': AMENT_PREFIX_PATH=/home/bojithakash68/sid_ws/install/walle_msg:${AMENT_PREFIX_PATH} CMAKE_PREFIX_PATH=/home/bojithakash68/sid_ws/install/walle_msg:/opt/ros/humble LD_LIBRARY_PATH=/home/bojithakash68/sid_ws/install/walle_msg/lib:${LD_LIBRARY_PATH} PYTHONPATH=/home/bojithakash68/sid_ws/install/walle_msg/local/lib/python3.10/dist-packages:${PYTHONPATH} /usr/bin/cmake --build /home/bojithakash68/sid_ws/build/walle_controller -- -j16 -l16
[1.021s] Invoking command in '/home/bojithakash68/sid_ws/build/walle_controller': AMENT_PREFIX_PATH=/home/bojithakash68/sid_ws/install/walle_msg:${AMENT_PREFIX_PATH} CMAKE_PREFIX_PATH=/home/bojithakash68/sid_ws/install/walle_msg:/opt/ros/humble LD_LIBRARY_PATH=/home/bojithakash68/sid_ws/install/walle_msg/lib:${LD_LIBRARY_PATH} PYTHONPATH=/home/bojithakash68/sid_ws/install/walle_msg/local/lib/python3.10/dist-packages:${PYTHONPATH} /usr/bin/cmake --install /home/bojithakash68/sid_ws/build/walle_controller
[1.043s] -- Install configuration: ""
[1.043s] -- Up-to-date: /home/bojithakash68/sid_ws/install/walle_controller/share/walle_controller/environment/pythonpath.sh
[1.044s] -- Up-to-date: /home/bojithakash68/sid_ws/install/walle_controller/share/walle_controller/environment/pythonpath.dsv
[1.044s] -- Up-to-date: /home/bojithakash68/sid_ws/install/walle_controller/local/lib/python3.10/dist-packages/walle_controller-0.0.0-py3.10.egg-info
[1.044s] -- Installing: /home/bojithakash68/sid_ws/install/walle_controller/local/lib/python3.10/dist-packages/walle_controller-0.0.0-py3.10.egg-info/PKG-INFO
[1.045s] -- Installing: /home/bojithakash68/sid_ws/install/walle_controller/local/lib/python3.10/dist-packages/walle_controller-0.0.0-py3.10.egg-info/dependency_links.txt
[1.045s] -- Installing: /home/bojithakash68/sid_ws/install/walle_controller/local/lib/python3.10/dist-packages/walle_controller-0.0.0-py3.10.egg-info/top_level.txt
[1.046s] -- Installing: /home/bojithakash68/sid_ws/install/walle_controller/local/lib/python3.10/dist-packages/walle_controller-0.0.0-py3.10.egg-info/SOURCES.txt
[1.046s] -- Up-to-date: /home/bojithakash68/sid_ws/install/walle_controller/local/lib/python3.10/dist-packages/walle_controller
[1.046s] -- Up-to-date: /home/bojithakash68/sid_ws/install/walle_controller/local/lib/python3.10/dist-packages/walle_controller/__init__.py
[1.122s] Listing '/home/bojithakash68/sid_ws/install/walle_controller/local/lib/python3.10/dist-packages/walle_controller'...
[1.132s] -- Up-to-date: /home/bojithakash68/sid_ws/install/walle_controller/include/include
[1.133s] -- Up-to-date: /home/bojithakash68/sid_ws/install/walle_controller/include/include/walle_controller
[1.133s] -- Up-to-date: /home/bojithakash68/sid_ws/install/walle_controller/include/include/walle_controller/simple_tf_kinematics.hpp
[1.133s] -- Up-to-date: /home/bojithakash68/sid_ws/install/walle_controller/include/include/walle_controller/simple_controller.hpp
[1.134s] -- Up-to-date: /home/bojithakash68/sid_ws/install/walle_controller/include/include/walle_controller/noisy_controller.hpp
[1.134s] -- Up-to-date: /home/bojithakash68/sid_ws/install/walle_controller/lib/walle_controller/simple_controller
[1.134s] -- Up-to-date: /home/bojithakash68/sid_ws/install/walle_controller/lib/walle_controller/simple_tf_kinematics
[1.135s] -- Up-to-date: /home/bojithakash68/sid_ws/install/walle_controller/lib/walle_controller/simple_service_server
[1.135s] -- Up-to-date: /home/bojithakash68/sid_ws/install/walle_controller/lib/walle_controller/simple_client_server
[1.136s] -- Up-to-date: /home/bojithakash68/sid_ws/install/walle_controller/lib/walle_controller/noisy_controller
[1.137s] -- Up-to-date: /home/bojithakash68/sid_ws/install/walle_controller/share/walle_controller/config
[1.137s] -- Up-to-date: /home/bojithakash68/sid_ws/install/walle_controller/share/walle_controller/config/joy_config.yaml
[1.137s] -- Up-to-date: /home/bojithakash68/sid_ws/install/walle_controller/share/walle_controller/config/walle_controllers.yaml
[1.138s] -- Up-to-date: /home/bojithakash68/sid_ws/install/walle_controller/share/walle_controller/config/joy_teleop.yaml
[1.138s] -- Up-to-date: /home/bojithakash68/sid_ws/install/walle_controller/share/walle_controller/launch
[1.138s] -- Up-to-date: /home/bojithakash68/sid_ws/install/walle_controller/share/walle_controller/launch/controller.launch.py
[1.138s] -- Up-to-date: /home/bojithakash68/sid_ws/install/walle_controller/share/walle_controller/launch/keyboard.launch.py
[1.139s] -- Up-to-date: /home/bojithakash68/sid_ws/install/walle_controller/share/walle_controller/launch/joy_teleop.launch.py
[1.139s] -- Up-to-date: /home/bojithakash68/sid_ws/install/walle_controller/share/ament_index/resource_index/package_run_dependencies/walle_controller
[1.139s] -- Up-to-date: /home/bojithakash68/sid_ws/install/walle_controller/share/ament_index/resource_index/parent_prefix_path/walle_controller
[1.139s] -- Up-to-date: /home/bojithakash68/sid_ws/install/walle_controller/share/walle_controller/environment/ament_prefix_path.sh
[1.139s] -- Up-to-date: /home/bojithakash68/sid_ws/install/walle_controller/share/walle_controller/environment/ament_prefix_path.dsv
[1.139s] -- Up-to-date: /home/bojithakash68/sid_ws/install/walle_controller/share/walle_controller/environment/path.sh
[1.140s] -- Up-to-date: /home/bojithakash68/sid_ws/install/walle_controller/share/walle_controller/environment/path.dsv
[1.140s] -- Up-to-date: /home/bojithakash68/sid_ws/install/walle_controller/share/walle_controller/local_setup.bash
[1.140s] -- Up-to-date: /home/bojithakash68/sid_ws/install/walle_controller/share/walle_controller/local_setup.sh
[1.140s] -- Up-to-date: /home/bojithakash68/sid_ws/install/walle_controller/share/walle_controller/local_setup.zsh
[1.140s] -- Up-to-date: /home/bojithakash68/sid_ws/install/walle_controller/share/walle_controller/local_setup.dsv
[1.140s] -- Installing: /home/bojithakash68/sid_ws/install/walle_controller/share/walle_controller/package.dsv
[1.140s] -- Up-to-date: /home/bojithakash68/sid_ws/install/walle_controller/share/ament_index/resource_index/packages/walle_controller
[1.140s] -- Up-to-date: /home/bojithakash68/sid_ws/install/walle_controller/share/walle_controller/cmake/walle_controllerConfig.cmake
[1.141s] -- Up-to-date: /home/bojithakash68/sid_ws/install/walle_controller/share/walle_controller/cmake/walle_controllerConfig-version.cmake
[1.141s] -- Up-to-date: /home/bojithakash68/sid_ws/install/walle_controller/share/walle_controller/package.xml
[1.145s] Invoked command in '/home/bojithakash68/sid_ws/build/walle_controller' returned '0': AMENT_PREFIX_PATH=/home/bojithakash68/sid_ws/install/walle_msg:${AMENT_PREFIX_PATH} CMAKE_PREFIX_PATH=/home/bojithakash68/sid_ws/install/walle_msg:/opt/ros/humble LD_LIBRARY_PATH=/home/bojithakash68/sid_ws/install/walle_msg/lib:${LD_LIBRARY_PATH} PYTHONPATH=/home/bojithakash68/sid_ws/install/walle_msg/local/lib/python3.10/dist-packages:${PYTHONPATH} /usr/bin/cmake --install /home/bojithakash68/sid_ws/build/walle_controller
