[0.254s] DEBUG:colcon:Command line arguments: ['/usr/bin/colcon', 'build']
[0.254s] DEBUG:colcon:Parsed command line arguments: Namespace(log_base=None, log_level=None, verb_name='build', build_base='build', install_base='install', merge_install=False, symlink_install=False, test_result_base=None, continue_on_error=False, executor='parallel', parallel_workers=16, event_handlers=None, ignore_user_meta=False, metas=['./colcon.meta'], base_paths=['.'], packages_ignore=None, packages_ignore_regex=None, paths=None, packages_up_to=None, packages_up_to_regex=None, packages_above=None, packages_above_and_dependencies=None, packages_above_depth=None, packages_select_by_dep=None, packages_skip_by_dep=None, packages_skip_up_to=None, packages_select_build_failed=False, packages_skip_build_finished=False, packages_select_test_failures=False, packages_skip_test_passed=False, packages_select=None, packages_skip=None, packages_select_regex=None, packages_skip_regex=None, packages_start=None, packages_end=None, allow_overriding=[], cmake_args=None, cmake_target=None, cmake_target_skip_unavailable=False, cmake_clean_cache=False, cmake_clean_first=False, cmake_force_configure=False, ament_cmake_args=None, catkin_cmake_args=None, catkin_skip_building_tests=False, mixin_files=None, mixin=None, verb_parser=<colcon_mixin.mixin.mixin_argument.MixinArgumentDecorator object at 0x7496c0967070>, verb_extension=<colcon_core.verb.build.BuildVerb object at 0x7496c0a9c700>, main=<bound method BuildVerb.main of <colcon_core.verb.build.BuildVerb object at 0x7496c0a9c700>>, mixin_verb=('build',))
[0.716s] Level 1:colcon.colcon_core.package_discovery:discover_packages(colcon_meta) check parameters
[0.716s] Level 1:colcon.colcon_core.package_discovery:discover_packages(recursive) check parameters
[0.716s] Level 1:colcon.colcon_core.package_discovery:discover_packages(ignore) check parameters
[0.716s] Level 1:colcon.colcon_core.package_discovery:discover_packages(path) check parameters
[0.716s] Level 1:colcon.colcon_core.package_discovery:discover_packages(colcon_meta) discover
[0.717s] Level 1:colcon.colcon_core.package_discovery:discover_packages(recursive) discover
[0.717s] INFO:colcon.colcon_core.package_discovery:Crawling recursively for packages in '/home/bojithakash68/sid_ws'
[0.717s] Level 1:colcon.colcon_core.package_identification:_identify(.) by extensions ['ignore', 'ignore_ament_install']
[0.717s] Level 1:colcon.colcon_core.package_identification:_identify(.) by extension 'ignore'
[0.717s] Level 1:colcon.colcon_core.package_identification:_identify(.) by extension 'ignore_ament_install'
[0.718s] Level 1:colcon.colcon_core.package_identification:_identify(.) by extensions ['colcon_pkg']
[0.718s] Level 1:colcon.colcon_core.package_identification:_identify(.) by extension 'colcon_pkg'
[0.718s] Level 1:colcon.colcon_core.package_identification:_identify(.) by extensions ['colcon_meta']
[0.718s] Level 1:colcon.colcon_core.package_identification:_identify(.) by extension 'colcon_meta'
[0.718s] Level 1:colcon.colcon_core.package_identification:_identify(.) by extensions ['ros']
[0.718s] Level 1:colcon.colcon_core.package_identification:_identify(.) by extension 'ros'
[0.743s] Level 1:colcon.colcon_core.package_identification:_identify(.) by extensions ['cmake', 'python']
[0.743s] Level 1:colcon.colcon_core.package_identification:_identify(.) by extension 'cmake'
[0.743s] Level 1:colcon.colcon_core.package_identification:_identify(.) by extension 'python'
[0.743s] Level 1:colcon.colcon_core.package_identification:_identify(.) by extensions ['python_setup_py']
[0.743s] Level 1:colcon.colcon_core.package_identification:_identify(.) by extension 'python_setup_py'
[0.744s] Level 1:colcon.colcon_core.package_identification:_identify(build) by extensions ['ignore', 'ignore_ament_install']
[0.744s] Level 1:colcon.colcon_core.package_identification:_identify(build) by extension 'ignore'
[0.744s] Level 1:colcon.colcon_core.package_identification:_identify(build) ignored
[0.744s] Level 1:colcon.colcon_core.package_identification:_identify(install) by extensions ['ignore', 'ignore_ament_install']
[0.745s] Level 1:colcon.colcon_core.package_identification:_identify(install) by extension 'ignore'
[0.745s] Level 1:colcon.colcon_core.package_identification:_identify(install) ignored
[0.745s] Level 1:colcon.colcon_core.package_identification:_identify(log) by extensions ['ignore', 'ignore_ament_install']
[0.745s] Level 1:colcon.colcon_core.package_identification:_identify(log) by extension 'ignore'
[0.745s] Level 1:colcon.colcon_core.package_identification:_identify(log) ignored
[0.746s] Level 1:colcon.colcon_core.package_identification:_identify(src) by extensions ['ignore', 'ignore_ament_install']
[0.746s] Level 1:colcon.colcon_core.package_identification:_identify(src) by extension 'ignore'
[0.746s] Level 1:colcon.colcon_core.package_identification:_identify(src) by extension 'ignore_ament_install'
[0.746s] Level 1:colcon.colcon_core.package_identification:_identify(src) by extensions ['colcon_pkg']
[0.746s] Level 1:colcon.colcon_core.package_identification:_identify(src) by extension 'colcon_pkg'
[0.746s] Level 1:colcon.colcon_core.package_identification:_identify(src) by extensions ['colcon_meta']
[0.746s] Level 1:colcon.colcon_core.package_identification:_identify(src) by extension 'colcon_meta'
[0.746s] Level 1:colcon.colcon_core.package_identification:_identify(src) by extensions ['ros']
[0.747s] Level 1:colcon.colcon_core.package_identification:_identify(src) by extension 'ros'
[0.747s] Level 1:colcon.colcon_core.package_identification:_identify(src) by extensions ['cmake', 'python']
[0.747s] Level 1:colcon.colcon_core.package_identification:_identify(src) by extension 'cmake'
[0.747s] Level 1:colcon.colcon_core.package_identification:_identify(src) by extension 'python'
[0.747s] Level 1:colcon.colcon_core.package_identification:_identify(src) by extensions ['python_setup_py']
[0.747s] Level 1:colcon.colcon_core.package_identification:_identify(src) by extension 'python_setup_py'
[0.747s] Level 1:colcon.colcon_core.package_identification:_identify(src/walle_controller) by extensions ['ignore', 'ignore_ament_install']
[0.748s] Level 1:colcon.colcon_core.package_identification:_identify(src/walle_controller) by extension 'ignore'
[0.748s] Level 1:colcon.colcon_core.package_identification:_identify(src/walle_controller) by extension 'ignore_ament_install'
[0.748s] Level 1:colcon.colcon_core.package_identification:_identify(src/walle_controller) by extensions ['colcon_pkg']
[0.748s] Level 1:colcon.colcon_core.package_identification:_identify(src/walle_controller) by extension 'colcon_pkg'
[0.748s] Level 1:colcon.colcon_core.package_identification:_identify(src/walle_controller) by extensions ['colcon_meta']
[0.748s] Level 1:colcon.colcon_core.package_identification:_identify(src/walle_controller) by extension 'colcon_meta'
[0.748s] Level 1:colcon.colcon_core.package_identification:_identify(src/walle_controller) by extensions ['ros']
[0.748s] Level 1:colcon.colcon_core.package_identification:_identify(src/walle_controller) by extension 'ros'
[0.772s] DEBUG:colcon.colcon_core.package_identification:Package 'src/walle_controller' with type 'ros.ament_cmake' and name 'walle_controller'
[0.772s] Level 1:colcon.colcon_core.package_identification:_identify(src/walle_description) by extensions ['ignore', 'ignore_ament_install']
[0.772s] Level 1:colcon.colcon_core.package_identification:_identify(src/walle_description) by extension 'ignore'
[0.772s] Level 1:colcon.colcon_core.package_identification:_identify(src/walle_description) by extension 'ignore_ament_install'
[0.773s] Level 1:colcon.colcon_core.package_identification:_identify(src/walle_description) by extensions ['colcon_pkg']
[0.773s] Level 1:colcon.colcon_core.package_identification:_identify(src/walle_description) by extension 'colcon_pkg'
[0.773s] Level 1:colcon.colcon_core.package_identification:_identify(src/walle_description) by extensions ['colcon_meta']
[0.773s] Level 1:colcon.colcon_core.package_identification:_identify(src/walle_description) by extension 'colcon_meta'
[0.773s] Level 1:colcon.colcon_core.package_identification:_identify(src/walle_description) by extensions ['ros']
[0.773s] Level 1:colcon.colcon_core.package_identification:_identify(src/walle_description) by extension 'ros'
[0.775s] DEBUG:colcon.colcon_core.package_identification:Package 'src/walle_description' with type 'ros.ament_python' and name 'walle_description'
[0.775s] Level 1:colcon.colcon_core.package_identification:_identify(src/walle_msg) by extensions ['ignore', 'ignore_ament_install']
[0.776s] Level 1:colcon.colcon_core.package_identification:_identify(src/walle_msg) by extension 'ignore'
[0.776s] Level 1:colcon.colcon_core.package_identification:_identify(src/walle_msg) by extension 'ignore_ament_install'
[0.776s] Level 1:colcon.colcon_core.package_identification:_identify(src/walle_msg) by extensions ['colcon_pkg']
[0.776s] Level 1:colcon.colcon_core.package_identification:_identify(src/walle_msg) by extension 'colcon_pkg'
[0.776s] Level 1:colcon.colcon_core.package_identification:_identify(src/walle_msg) by extensions ['colcon_meta']
[0.776s] Level 1:colcon.colcon_core.package_identification:_identify(src/walle_msg) by extension 'colcon_meta'
[0.776s] Level 1:colcon.colcon_core.package_identification:_identify(src/walle_msg) by extensions ['ros']
[0.776s] Level 1:colcon.colcon_core.package_identification:_identify(src/walle_msg) by extension 'ros'
[0.778s] DEBUG:colcon.colcon_core.package_identification:Package 'src/walle_msg' with type 'ros.ament_cmake' and name 'walle_msg'
[0.778s] Level 1:colcon.colcon_core.package_discovery:discover_packages(recursive) using defaults
[0.778s] Level 1:colcon.colcon_core.package_discovery:discover_packages(ignore) discover
[0.778s] Level 1:colcon.colcon_core.package_discovery:discover_packages(ignore) using defaults
[0.778s] Level 1:colcon.colcon_core.package_discovery:discover_packages(path) discover
[0.778s] Level 1:colcon.colcon_core.package_discovery:discover_packages(path) using defaults
[0.821s] Level 1:colcon.colcon_core.package_discovery:discover_packages(prefix_path) check parameters
[0.821s] Level 1:colcon.colcon_core.package_discovery:discover_packages(prefix_path) discover
[0.828s] DEBUG:colcon.colcon_installed_package_information.package_discovery:Found 392 installed packages in /opt/ros/humble
[0.834s] Level 1:colcon.colcon_core.package_discovery:discover_packages(prefix_path) using defaults
[0.953s] Level 5:colcon.colcon_core.verb:set package 'walle_description' build argument 'cmake_args' from command line to 'None'
[0.953s] Level 5:colcon.colcon_core.verb:set package 'walle_description' build argument 'cmake_target' from command line to 'None'
[0.953s] Level 5:colcon.colcon_core.verb:set package 'walle_description' build argument 'cmake_target_skip_unavailable' from command line to 'False'
[0.954s] Level 5:colcon.colcon_core.verb:set package 'walle_description' build argument 'cmake_clean_cache' from command line to 'False'
[0.954s] Level 5:colcon.colcon_core.verb:set package 'walle_description' build argument 'cmake_clean_first' from command line to 'False'
[0.954s] Level 5:colcon.colcon_core.verb:set package 'walle_description' build argument 'cmake_force_configure' from command line to 'False'
[0.954s] Level 5:colcon.colcon_core.verb:set package 'walle_description' build argument 'ament_cmake_args' from command line to 'None'
[0.954s] Level 5:colcon.colcon_core.verb:set package 'walle_description' build argument 'catkin_cmake_args' from command line to 'None'
[0.954s] Level 5:colcon.colcon_core.verb:set package 'walle_description' build argument 'catkin_skip_building_tests' from command line to 'False'
[0.954s] DEBUG:colcon.colcon_core.verb:Building package 'walle_description' with the following arguments: {'ament_cmake_args': None, 'build_base': '/home/bojithakash68/sid_ws/build/walle_description', 'catkin_cmake_args': None, 'catkin_skip_building_tests': False, 'cmake_args': None, 'cmake_clean_cache': False, 'cmake_clean_first': False, 'cmake_force_configure': False, 'cmake_target': None, 'cmake_target_skip_unavailable': False, 'install_base': '/home/bojithakash68/sid_ws/install/walle_description', 'merge_install': False, 'path': '/home/bojithakash68/sid_ws/src/walle_description', 'symlink_install': False, 'test_result_base': None}
[0.955s] Level 5:colcon.colcon_core.verb:set package 'walle_msg' build argument 'cmake_args' from command line to 'None'
[0.955s] Level 5:colcon.colcon_core.verb:set package 'walle_msg' build argument 'cmake_target' from command line to 'None'
[0.955s] Level 5:colcon.colcon_core.verb:set package 'walle_msg' build argument 'cmake_target_skip_unavailable' from command line to 'False'
[0.955s] Level 5:colcon.colcon_core.verb:set package 'walle_msg' build argument 'cmake_clean_cache' from command line to 'False'
[0.955s] Level 5:colcon.colcon_core.verb:set package 'walle_msg' build argument 'cmake_clean_first' from command line to 'False'
[0.955s] Level 5:colcon.colcon_core.verb:set package 'walle_msg' build argument 'cmake_force_configure' from command line to 'False'
[0.955s] Level 5:colcon.colcon_core.verb:set package 'walle_msg' build argument 'ament_cmake_args' from command line to 'None'
[0.955s] Level 5:colcon.colcon_core.verb:set package 'walle_msg' build argument 'catkin_cmake_args' from command line to 'None'
[0.955s] Level 5:colcon.colcon_core.verb:set package 'walle_msg' build argument 'catkin_skip_building_tests' from command line to 'False'
[0.955s] DEBUG:colcon.colcon_core.verb:Building package 'walle_msg' with the following arguments: {'ament_cmake_args': None, 'build_base': '/home/bojithakash68/sid_ws/build/walle_msg', 'catkin_cmake_args': None, 'catkin_skip_building_tests': False, 'cmake_args': None, 'cmake_clean_cache': False, 'cmake_clean_first': False, 'cmake_force_configure': False, 'cmake_target': None, 'cmake_target_skip_unavailable': False, 'install_base': '/home/bojithakash68/sid_ws/install/walle_msg', 'merge_install': False, 'path': '/home/bojithakash68/sid_ws/src/walle_msg', 'symlink_install': False, 'test_result_base': None}
[0.956s] Level 5:colcon.colcon_core.verb:set package 'walle_controller' build argument 'cmake_args' from command line to 'None'
[0.956s] Level 5:colcon.colcon_core.verb:set package 'walle_controller' build argument 'cmake_target' from command line to 'None'
[0.956s] Level 5:colcon.colcon_core.verb:set package 'walle_controller' build argument 'cmake_target_skip_unavailable' from command line to 'False'
[0.956s] Level 5:colcon.colcon_core.verb:set package 'walle_controller' build argument 'cmake_clean_cache' from command line to 'False'
[0.956s] Level 5:colcon.colcon_core.verb:set package 'walle_controller' build argument 'cmake_clean_first' from command line to 'False'
[0.956s] Level 5:colcon.colcon_core.verb:set package 'walle_controller' build argument 'cmake_force_configure' from command line to 'False'
[0.956s] Level 5:colcon.colcon_core.verb:set package 'walle_controller' build argument 'ament_cmake_args' from command line to 'None'
[0.957s] Level 5:colcon.colcon_core.verb:set package 'walle_controller' build argument 'catkin_cmake_args' from command line to 'None'
[0.957s] Level 5:colcon.colcon_core.verb:set package 'walle_controller' build argument 'catkin_skip_building_tests' from command line to 'False'
[0.957s] DEBUG:colcon.colcon_core.verb:Building package 'walle_controller' with the following arguments: {'ament_cmake_args': None, 'build_base': '/home/bojithakash68/sid_ws/build/walle_controller', 'catkin_cmake_args': None, 'catkin_skip_building_tests': False, 'cmake_args': None, 'cmake_clean_cache': False, 'cmake_clean_first': False, 'cmake_force_configure': False, 'cmake_target': None, 'cmake_target_skip_unavailable': False, 'install_base': '/home/bojithakash68/sid_ws/install/walle_controller', 'merge_install': False, 'path': '/home/bojithakash68/sid_ws/src/walle_controller', 'symlink_install': False, 'test_result_base': None}
[0.957s] INFO:colcon.colcon_core.executor:Executing jobs using 'parallel' executor
[0.959s] DEBUG:colcon.colcon_parallel_executor.executor.parallel:run_until_complete
[0.960s] INFO:colcon.colcon_ros.task.ament_cmake.build:Building ROS package in '/home/bojithakash68/sid_ws/src/walle_msg' with build type 'ament_cmake'
[0.961s] INFO:colcon.colcon_cmake.task.cmake.build:Building CMake package in '/home/bojithakash68/sid_ws/src/walle_msg'
[0.965s] INFO:colcon.colcon_core.plugin_system:Skipping extension 'colcon_core.shell.bat': Not used on non-Windows systems
[0.966s] INFO:colcon.colcon_core.shell:Skip shell extension 'powershell' for command environment: Not usable outside of PowerShell
[0.966s] DEBUG:colcon.colcon_core.shell:Skip shell extension 'dsv' for command environment
[0.974s] INFO:colcon.colcon_ros.task.ament_python.build:Building ROS package in '/home/bojithakash68/sid_ws/src/walle_description' with build type 'ament_python'
[0.974s] Level 1:colcon.colcon_core.shell:create_environment_hook('walle_description', 'ament_prefix_path')
[0.975s] INFO:colcon.colcon_core.shell:Creating environment hook '/home/bojithakash68/sid_ws/install/walle_description/share/walle_description/hook/ament_prefix_path.ps1'
[0.977s] INFO:colcon.colcon_core.shell:Creating environment descriptor '/home/bojithakash68/sid_ws/install/walle_description/share/walle_description/hook/ament_prefix_path.dsv'
[0.978s] INFO:colcon.colcon_core.shell:Creating environment hook '/home/bojithakash68/sid_ws/install/walle_description/share/walle_description/hook/ament_prefix_path.sh'
[0.979s] INFO:colcon.colcon_core.shell:Skip shell extension 'powershell' for command environment: Not usable outside of PowerShell
[0.980s] DEBUG:colcon.colcon_core.shell:Skip shell extension 'dsv' for command environment
[0.999s] DEBUG:colcon.colcon_core.event_handler.log_command:Invoking command in '/home/bojithakash68/sid_ws/build/walle_msg': CMAKE_PREFIX_PATH=/opt/ros/humble /usr/bin/cmake --build /home/bojithakash68/sid_ws/build/walle_msg -- -j16 -l16
[1.723s] INFO:colcon.colcon_core.task.python.build:Building Python package in '/home/bojithakash68/sid_ws/src/walle_description'
[1.724s] INFO:colcon.colcon_core.shell:Skip shell extension 'powershell' for command environment: Not usable outside of PowerShell
[1.724s] DEBUG:colcon.colcon_core.shell:Skip shell extension 'dsv' for command environment
[2.056s] DEBUG:colcon.colcon_core.event_handler.log_command:Invoked command in '/home/bojithakash68/sid_ws/build/walle_msg' returned '0': CMAKE_PREFIX_PATH=/opt/ros/humble /usr/bin/cmake --build /home/bojithakash68/sid_ws/build/walle_msg -- -j16 -l16
[2.087s] DEBUG:colcon.colcon_core.event_handler.log_command:Invoking command in '/home/bojithakash68/sid_ws/build/walle_msg': CMAKE_PREFIX_PATH=/opt/ros/humble /usr/bin/cmake --install /home/bojithakash68/sid_ws/build/walle_msg
[2.231s] Level 1:colcon.colcon_core.environment:create_environment_scripts_only(walle_msg)
[2.233s] DEBUG:colcon.colcon_core.event_handler.log_command:Invoked command in '/home/bojithakash68/sid_ws/build/walle_msg' returned '0': CMAKE_PREFIX_PATH=/opt/ros/humble /usr/bin/cmake --install /home/bojithakash68/sid_ws/build/walle_msg
[2.237s] Level 1:colcon.colcon_core.environment:checking '/home/bojithakash68/sid_ws/install/walle_msg' for CMake module files
[2.238s] Level 1:colcon.colcon_core.environment:checking '/home/bojithakash68/sid_ws/install/walle_msg' for CMake config files
[2.239s] Level 1:colcon.colcon_core.shell:create_environment_hook('walle_msg', 'cmake_prefix_path')
[2.240s] INFO:colcon.colcon_core.shell:Creating environment hook '/home/bojithakash68/sid_ws/install/walle_msg/share/walle_msg/hook/cmake_prefix_path.ps1'
[2.241s] INFO:colcon.colcon_core.shell:Creating environment descriptor '/home/bojithakash68/sid_ws/install/walle_msg/share/walle_msg/hook/cmake_prefix_path.dsv'
[2.242s] INFO:colcon.colcon_core.shell:Creating environment hook '/home/bojithakash68/sid_ws/install/walle_msg/share/walle_msg/hook/cmake_prefix_path.sh'
[2.243s] Level 1:colcon.colcon_core.environment:checking '/home/bojithakash68/sid_ws/install/walle_msg/lib'
[2.244s] Level 1:colcon.colcon_core.shell:create_environment_hook('walle_msg', 'ld_library_path_lib')
[2.244s] INFO:colcon.colcon_core.shell:Creating environment hook '/home/bojithakash68/sid_ws/install/walle_msg/share/walle_msg/hook/ld_library_path_lib.ps1'
[2.245s] INFO:colcon.colcon_core.shell:Creating environment descriptor '/home/bojithakash68/sid_ws/install/walle_msg/share/walle_msg/hook/ld_library_path_lib.dsv'
[2.246s] INFO:colcon.colcon_core.shell:Creating environment hook '/home/bojithakash68/sid_ws/install/walle_msg/share/walle_msg/hook/ld_library_path_lib.sh'
[2.247s] Level 1:colcon.colcon_core.environment:checking '/home/bojithakash68/sid_ws/install/walle_msg/bin'
[2.247s] Level 1:colcon.colcon_core.environment:checking '/home/bojithakash68/sid_ws/install/walle_msg/lib/pkgconfig/walle_msg.pc'
[2.247s] Level 1:colcon.colcon_core.environment:checking '/home/bojithakash68/sid_ws/install/walle_msg/lib/python3.10/site-packages'
[2.248s] Level 1:colcon.colcon_core.environment:checking '/home/bojithakash68/sid_ws/install/walle_msg/bin'
[2.249s] INFO:colcon.colcon_core.shell:Creating package script '/home/bojithakash68/sid_ws/install/walle_msg/share/walle_msg/package.ps1'
[2.250s] INFO:colcon.colcon_core.shell:Creating package descriptor '/home/bojithakash68/sid_ws/install/walle_msg/share/walle_msg/package.dsv'
[2.252s] INFO:colcon.colcon_core.shell:Creating package script '/home/bojithakash68/sid_ws/install/walle_msg/share/walle_msg/package.sh'
[2.253s] INFO:colcon.colcon_core.shell:Creating package script '/home/bojithakash68/sid_ws/install/walle_msg/share/walle_msg/package.bash'
[2.255s] INFO:colcon.colcon_core.shell:Creating package script '/home/bojithakash68/sid_ws/install/walle_msg/share/walle_msg/package.zsh'
[2.256s] Level 1:colcon.colcon_core.environment:create_file_with_runtime_dependencies(/home/bojithakash68/sid_ws/install/walle_msg/share/colcon-core/packages/walle_msg)
[2.258s] Level 1:colcon.colcon_core.environment:create_environment_scripts_only(walle_msg)
[2.258s] Level 1:colcon.colcon_core.environment:checking '/home/bojithakash68/sid_ws/install/walle_msg' for CMake module files
[2.260s] Level 1:colcon.colcon_core.environment:checking '/home/bojithakash68/sid_ws/install/walle_msg' for CMake config files
[2.261s] Level 1:colcon.colcon_core.shell:create_environment_hook('walle_msg', 'cmake_prefix_path')
[2.261s] INFO:colcon.colcon_core.shell:Creating environment hook '/home/bojithakash68/sid_ws/install/walle_msg/share/walle_msg/hook/cmake_prefix_path.ps1'
[2.263s] INFO:colcon.colcon_core.shell:Creating environment descriptor '/home/bojithakash68/sid_ws/install/walle_msg/share/walle_msg/hook/cmake_prefix_path.dsv'
[2.264s] INFO:colcon.colcon_core.shell:Creating environment hook '/home/bojithakash68/sid_ws/install/walle_msg/share/walle_msg/hook/cmake_prefix_path.sh'
[2.265s] Level 1:colcon.colcon_core.environment:checking '/home/bojithakash68/sid_ws/install/walle_msg/lib'
[2.265s] Level 1:colcon.colcon_core.shell:create_environment_hook('walle_msg', 'ld_library_path_lib')
[2.266s] INFO:colcon.colcon_core.shell:Creating environment hook '/home/bojithakash68/sid_ws/install/walle_msg/share/walle_msg/hook/ld_library_path_lib.ps1'
[2.267s] INFO:colcon.colcon_core.shell:Creating environment descriptor '/home/bojithakash68/sid_ws/install/walle_msg/share/walle_msg/hook/ld_library_path_lib.dsv'
[2.267s] INFO:colcon.colcon_core.shell:Creating environment hook '/home/bojithakash68/sid_ws/install/walle_msg/share/walle_msg/hook/ld_library_path_lib.sh'
[2.268s] Level 1:colcon.colcon_core.environment:checking '/home/bojithakash68/sid_ws/install/walle_msg/bin'
[2.269s] Level 1:colcon.colcon_core.environment:checking '/home/bojithakash68/sid_ws/install/walle_msg/lib/pkgconfig/walle_msg.pc'
[2.269s] Level 1:colcon.colcon_core.environment:checking '/home/bojithakash68/sid_ws/install/walle_msg/lib/python3.10/site-packages'
[2.270s] Level 1:colcon.colcon_core.environment:checking '/home/bojithakash68/sid_ws/install/walle_msg/bin'
[2.270s] INFO:colcon.colcon_core.shell:Creating package script '/home/bojithakash68/sid_ws/install/walle_msg/share/walle_msg/package.ps1'
[2.271s] INFO:colcon.colcon_core.shell:Creating package descriptor '/home/bojithakash68/sid_ws/install/walle_msg/share/walle_msg/package.dsv'
[2.273s] INFO:colcon.colcon_core.shell:Creating package script '/home/bojithakash68/sid_ws/install/walle_msg/share/walle_msg/package.sh'
[2.274s] INFO:colcon.colcon_core.shell:Creating package script '/home/bojithakash68/sid_ws/install/walle_msg/share/walle_msg/package.bash'
[2.275s] INFO:colcon.colcon_core.shell:Creating package script '/home/bojithakash68/sid_ws/install/walle_msg/share/walle_msg/package.zsh'
[2.276s] Level 1:colcon.colcon_core.environment:create_file_with_runtime_dependencies(/home/bojithakash68/sid_ws/install/walle_msg/share/colcon-core/packages/walle_msg)
[2.277s] INFO:colcon.colcon_ros.task.ament_cmake.build:Building ROS package in '/home/bojithakash68/sid_ws/src/walle_controller' with build type 'ament_cmake'
[2.277s] INFO:colcon.colcon_cmake.task.cmake.build:Building CMake package in '/home/bojithakash68/sid_ws/src/walle_controller'
[2.278s] INFO:colcon.colcon_core.shell:Skip shell extension 'powershell' for command environment: Not usable outside of PowerShell
[2.278s] DEBUG:colcon.colcon_core.shell:Skip shell extension 'dsv' for command environment
[2.315s] DEBUG:colcon.colcon_core.event_handler.log_command:Invoking command in '/home/bojithakash68/sid_ws/build/walle_controller': AMENT_PREFIX_PATH=/home/bojithakash68/sid_ws/install/walle_msg:${AMENT_PREFIX_PATH} CMAKE_PREFIX_PATH=/home/bojithakash68/sid_ws/install/walle_msg:/opt/ros/humble LD_LIBRARY_PATH=/home/bojithakash68/sid_ws/install/walle_msg/lib:${LD_LIBRARY_PATH} PYTHONPATH=/home/bojithakash68/sid_ws/install/walle_msg/local/lib/python3.10/dist-packages:${PYTHONPATH} /usr/bin/cmake --build /home/bojithakash68/sid_ws/build/walle_controller -- -j16 -l16
[2.788s] DEBUG:colcon.colcon_core.event_handler.log_command:Invoking command in '/home/bojithakash68/sid_ws/src/walle_description': PYTHONPATH=/home/bojithakash68/sid_ws/build/walle_description/prefix_override:/usr/lib/python3/dist-packages/colcon_core/task/python/colcon_distutils_commands:/home/bojithakash68/sid_ws/install/walle_description/lib/python3.10/site-packages:${PYTHONPATH} /usr/bin/python3 -W ignore:setup.py install is deprecated -W ignore:easy_install command is deprecated setup.py egg_info --egg-base ../../build/walle_description build --build-base /home/bojithakash68/sid_ws/build/walle_description/build install --record /home/bojithakash68/sid_ws/build/walle_description/install.log --single-version-externally-managed install_data
[3.286s] DEBUG:colcon.colcon_core.event_handler.log_command:Invoked command in '/home/bojithakash68/sid_ws/build/walle_controller' returned '0': AMENT_PREFIX_PATH=/home/bojithakash68/sid_ws/install/walle_msg:${AMENT_PREFIX_PATH} CMAKE_PREFIX_PATH=/home/bojithakash68/sid_ws/install/walle_msg:/opt/ros/humble LD_LIBRARY_PATH=/home/bojithakash68/sid_ws/install/walle_msg/lib:${LD_LIBRARY_PATH} PYTHONPATH=/home/bojithakash68/sid_ws/install/walle_msg/local/lib/python3.10/dist-packages:${PYTHONPATH} /usr/bin/cmake --build /home/bojithakash68/sid_ws/build/walle_controller -- -j16 -l16
[3.290s] DEBUG:colcon.colcon_core.event_handler.log_command:Invoking command in '/home/bojithakash68/sid_ws/build/walle_controller': AMENT_PREFIX_PATH=/home/bojithakash68/sid_ws/install/walle_msg:${AMENT_PREFIX_PATH} CMAKE_PREFIX_PATH=/home/bojithakash68/sid_ws/install/walle_msg:/opt/ros/humble LD_LIBRARY_PATH=/home/bojithakash68/sid_ws/install/walle_msg/lib:${LD_LIBRARY_PATH} PYTHONPATH=/home/bojithakash68/sid_ws/install/walle_msg/local/lib/python3.10/dist-packages:${PYTHONPATH} /usr/bin/cmake --install /home/bojithakash68/sid_ws/build/walle_controller
[3.414s] Level 1:colcon.colcon_core.environment:create_environment_scripts_only(walle_controller)
[3.415s] Level 1:colcon.colcon_core.environment:checking '/home/bojithakash68/sid_ws/install/walle_controller' for CMake module files
[3.416s] DEBUG:colcon.colcon_core.event_handler.log_command:Invoked command in '/home/bojithakash68/sid_ws/build/walle_controller' returned '0': AMENT_PREFIX_PATH=/home/bojithakash68/sid_ws/install/walle_msg:${AMENT_PREFIX_PATH} CMAKE_PREFIX_PATH=/home/bojithakash68/sid_ws/install/walle_msg:/opt/ros/humble LD_LIBRARY_PATH=/home/bojithakash68/sid_ws/install/walle_msg/lib:${LD_LIBRARY_PATH} PYTHONPATH=/home/bojithakash68/sid_ws/install/walle_msg/local/lib/python3.10/dist-packages:${PYTHONPATH} /usr/bin/cmake --install /home/bojithakash68/sid_ws/build/walle_controller
[3.418s] Level 1:colcon.colcon_core.environment:checking '/home/bojithakash68/sid_ws/install/walle_controller' for CMake config files
[3.420s] Level 1:colcon.colcon_core.shell:create_environment_hook('walle_controller', 'cmake_prefix_path')
[3.421s] INFO:colcon.colcon_core.shell:Creating environment hook '/home/bojithakash68/sid_ws/install/walle_controller/share/walle_controller/hook/cmake_prefix_path.ps1'
[3.422s] INFO:colcon.colcon_core.shell:Creating environment descriptor '/home/bojithakash68/sid_ws/install/walle_controller/share/walle_controller/hook/cmake_prefix_path.dsv'
[3.423s] INFO:colcon.colcon_core.shell:Creating environment hook '/home/bojithakash68/sid_ws/install/walle_controller/share/walle_controller/hook/cmake_prefix_path.sh'
[3.425s] Level 1:colcon.colcon_core.environment:checking '/home/bojithakash68/sid_ws/install/walle_controller/lib'
[3.425s] Level 1:colcon.colcon_core.environment:checking '/home/bojithakash68/sid_ws/install/walle_controller/bin'
[3.425s] Level 1:colcon.colcon_core.environment:checking '/home/bojithakash68/sid_ws/install/walle_controller/lib/pkgconfig/walle_controller.pc'
[3.426s] Level 1:colcon.colcon_core.environment:checking '/home/bojithakash68/sid_ws/install/walle_controller/lib/python3.10/site-packages'
[3.426s] Level 1:colcon.colcon_core.environment:checking '/home/bojithakash68/sid_ws/install/walle_controller/bin'
[3.427s] INFO:colcon.colcon_core.shell:Creating package script '/home/bojithakash68/sid_ws/install/walle_controller/share/walle_controller/package.ps1'
[3.429s] INFO:colcon.colcon_core.shell:Creating package descriptor '/home/bojithakash68/sid_ws/install/walle_controller/share/walle_controller/package.dsv'
[3.431s] INFO:colcon.colcon_core.shell:Creating package script '/home/bojithakash68/sid_ws/install/walle_controller/share/walle_controller/package.sh'
[3.433s] INFO:colcon.colcon_core.shell:Creating package script '/home/bojithakash68/sid_ws/install/walle_controller/share/walle_controller/package.bash'
[3.434s] INFO:colcon.colcon_core.shell:Creating package script '/home/bojithakash68/sid_ws/install/walle_controller/share/walle_controller/package.zsh'
[3.434s] Level 1:colcon.colcon_core.environment:create_file_with_runtime_dependencies(/home/bojithakash68/sid_ws/install/walle_controller/share/colcon-core/packages/walle_controller)
[3.436s] Level 1:colcon.colcon_core.environment:create_environment_scripts_only(walle_controller)
[3.437s] Level 1:colcon.colcon_core.environment:checking '/home/bojithakash68/sid_ws/install/walle_controller' for CMake module files
[3.439s] Level 1:colcon.colcon_core.environment:checking '/home/bojithakash68/sid_ws/install/walle_controller' for CMake config files
[3.440s] Level 1:colcon.colcon_core.shell:create_environment_hook('walle_controller', 'cmake_prefix_path')
[3.440s] INFO:colcon.colcon_core.shell:Creating environment hook '/home/bojithakash68/sid_ws/install/walle_controller/share/walle_controller/hook/cmake_prefix_path.ps1'
[3.441s] INFO:colcon.colcon_core.shell:Creating environment descriptor '/home/bojithakash68/sid_ws/install/walle_controller/share/walle_controller/hook/cmake_prefix_path.dsv'
[3.442s] INFO:colcon.colcon_core.shell:Creating environment hook '/home/bojithakash68/sid_ws/install/walle_controller/share/walle_controller/hook/cmake_prefix_path.sh'
[3.444s] Level 1:colcon.colcon_core.environment:checking '/home/bojithakash68/sid_ws/install/walle_controller/lib'
[3.444s] Level 1:colcon.colcon_core.environment:checking '/home/bojithakash68/sid_ws/install/walle_controller/bin'
[3.444s] Level 1:colcon.colcon_core.environment:checking '/home/bojithakash68/sid_ws/install/walle_controller/lib/pkgconfig/walle_controller.pc'
[3.444s] Level 1:colcon.colcon_core.environment:checking '/home/bojithakash68/sid_ws/install/walle_controller/lib/python3.10/site-packages'
[3.445s] Level 1:colcon.colcon_core.environment:checking '/home/bojithakash68/sid_ws/install/walle_controller/bin'
[3.445s] INFO:colcon.colcon_core.shell:Creating package script '/home/bojithakash68/sid_ws/install/walle_controller/share/walle_controller/package.ps1'
[3.446s] INFO:colcon.colcon_core.shell:Creating package descriptor '/home/bojithakash68/sid_ws/install/walle_controller/share/walle_controller/package.dsv'
[3.448s] INFO:colcon.colcon_core.shell:Creating package script '/home/bojithakash68/sid_ws/install/walle_controller/share/walle_controller/package.sh'
[3.449s] INFO:colcon.colcon_core.shell:Creating package script '/home/bojithakash68/sid_ws/install/walle_controller/share/walle_controller/package.bash'
[3.450s] INFO:colcon.colcon_core.shell:Creating package script '/home/bojithakash68/sid_ws/install/walle_controller/share/walle_controller/package.zsh'
[3.451s] Level 1:colcon.colcon_core.environment:create_file_with_runtime_dependencies(/home/bojithakash68/sid_ws/install/walle_controller/share/colcon-core/packages/walle_controller)
[3.529s] Level 1:colcon.colcon_core.environment:checking '/home/bojithakash68/sid_ws/install/walle_description' for CMake module files
[3.531s] DEBUG:colcon.colcon_core.event_handler.log_command:Invoked command in '/home/bojithakash68/sid_ws/src/walle_description' returned '0': PYTHONPATH=/home/bojithakash68/sid_ws/build/walle_description/prefix_override:/usr/lib/python3/dist-packages/colcon_core/task/python/colcon_distutils_commands:/home/bojithakash68/sid_ws/install/walle_description/lib/python3.10/site-packages:${PYTHONPATH} /usr/bin/python3 -W ignore:setup.py install is deprecated -W ignore:easy_install command is deprecated setup.py egg_info --egg-base ../../build/walle_description build --build-base /home/bojithakash68/sid_ws/build/walle_description/build install --record /home/bojithakash68/sid_ws/build/walle_description/install.log --single-version-externally-managed install_data
[3.532s] Level 1:colcon.colcon_core.environment:checking '/home/bojithakash68/sid_ws/install/walle_description' for CMake config files
[3.533s] Level 1:colcon.colcon_core.shell:create_environment_hook('walle_description', 'cmake_prefix_path')
[3.533s] INFO:colcon.colcon_core.shell:Creating environment hook '/home/bojithakash68/sid_ws/install/walle_description/share/walle_description/hook/cmake_prefix_path.ps1'
[3.534s] INFO:colcon.colcon_core.shell:Creating environment descriptor '/home/bojithakash68/sid_ws/install/walle_description/share/walle_description/hook/cmake_prefix_path.dsv'
[3.535s] INFO:colcon.colcon_core.shell:Creating environment hook '/home/bojithakash68/sid_ws/install/walle_description/share/walle_description/hook/cmake_prefix_path.sh'
[3.537s] Level 1:colcon.colcon_core.environment:checking '/home/bojithakash68/sid_ws/install/walle_description/lib'
[3.537s] Level 1:colcon.colcon_core.environment:checking '/home/bojithakash68/sid_ws/install/walle_description/bin'
[3.537s] Level 1:colcon.colcon_core.environment:checking '/home/bojithakash68/sid_ws/install/walle_description/lib/pkgconfig/walle_description.pc'
[3.538s] Level 1:colcon.colcon_core.environment:checking '/home/bojithakash68/sid_ws/install/walle_description/lib/python3.10/site-packages'
[3.538s] Level 1:colcon.colcon_core.shell:create_environment_hook('walle_description', 'pythonpath')
[3.538s] INFO:colcon.colcon_core.shell:Creating environment hook '/home/bojithakash68/sid_ws/install/walle_description/share/walle_description/hook/pythonpath.ps1'
[3.539s] INFO:colcon.colcon_core.shell:Creating environment descriptor '/home/bojithakash68/sid_ws/install/walle_description/share/walle_description/hook/pythonpath.dsv'
[3.540s] INFO:colcon.colcon_core.shell:Creating environment hook '/home/bojithakash68/sid_ws/install/walle_description/share/walle_description/hook/pythonpath.sh'
[3.542s] Level 1:colcon.colcon_core.environment:checking '/home/bojithakash68/sid_ws/install/walle_description/bin'
[3.542s] Level 1:colcon.colcon_core.environment:create_environment_scripts_only(walle_description)
[3.543s] INFO:colcon.colcon_core.shell:Creating package script '/home/bojithakash68/sid_ws/install/walle_description/share/walle_description/package.ps1'
[3.544s] INFO:colcon.colcon_core.shell:Creating package descriptor '/home/bojithakash68/sid_ws/install/walle_description/share/walle_description/package.dsv'
[3.545s] INFO:colcon.colcon_core.shell:Creating package script '/home/bojithakash68/sid_ws/install/walle_description/share/walle_description/package.sh'
[3.546s] INFO:colcon.colcon_core.shell:Creating package script '/home/bojithakash68/sid_ws/install/walle_description/share/walle_description/package.bash'
[3.547s] INFO:colcon.colcon_core.shell:Creating package script '/home/bojithakash68/sid_ws/install/walle_description/share/walle_description/package.zsh'
[3.548s] Level 1:colcon.colcon_core.environment:create_file_with_runtime_dependencies(/home/bojithakash68/sid_ws/install/walle_description/share/colcon-core/packages/walle_description)
[3.549s] DEBUG:colcon.colcon_parallel_executor.executor.parallel:closing loop
[3.549s] DEBUG:colcon.colcon_parallel_executor.executor.parallel:loop closed
[3.550s] DEBUG:colcon.colcon_parallel_executor.executor.parallel:run_until_complete finished with '0'
[3.550s] DEBUG:colcon.colcon_core.event_reactor:joining thread
[3.561s] INFO:colcon.colcon_core.plugin_system:Skipping extension 'colcon_notification.desktop_notification.terminal_notifier': Not used on non-Darwin systems
[3.562s] INFO:colcon.colcon_core.plugin_system:Skipping extension 'colcon_notification.desktop_notification.win32': Not used on non-Windows systems
[3.562s] INFO:colcon.colcon_notification.desktop_notification:Sending desktop notification using 'notify2'
[3.587s] DEBUG:colcon.colcon_core.event_reactor:joined thread
[3.588s] INFO:colcon.colcon_core.shell:Creating prefix script '/home/bojithakash68/sid_ws/install/local_setup.ps1'
[3.590s] INFO:colcon.colcon_core.shell:Creating prefix util module '/home/bojithakash68/sid_ws/install/_local_setup_util_ps1.py'
[3.593s] INFO:colcon.colcon_core.shell:Creating prefix chain script '/home/bojithakash68/sid_ws/install/setup.ps1'
[3.595s] INFO:colcon.colcon_core.shell:Creating prefix script '/home/bojithakash68/sid_ws/install/local_setup.sh'
[3.597s] INFO:colcon.colcon_core.shell:Creating prefix util module '/home/bojithakash68/sid_ws/install/_local_setup_util_sh.py'
[3.598s] INFO:colcon.colcon_core.shell:Creating prefix chain script '/home/bojithakash68/sid_ws/install/setup.sh'
[3.601s] INFO:colcon.colcon_core.shell:Creating prefix script '/home/bojithakash68/sid_ws/install/local_setup.bash'
[3.602s] INFO:colcon.colcon_core.shell:Creating prefix chain script '/home/bojithakash68/sid_ws/install/setup.bash'
[3.604s] INFO:colcon.colcon_core.shell:Creating prefix script '/home/bojithakash68/sid_ws/install/local_setup.zsh'
[3.605s] INFO:colcon.colcon_core.shell:Creating prefix chain script '/home/bojithakash68/sid_ws/install/setup.zsh'
