[0.036s] Invoking command in '/home/bojithakash68/sid_ws/build/walle_msg': CMAKE_PREFIX_PATH=/opt/ros/humble /usr/bin/cmake --build /home/bojithakash68/sid_ws/build/walle_msg -- -j16 -l16
[0.199s] [  2%] Built target walle_msg__cpp
[0.200s] [ 12%] Built target walle_msg__rosidl_generator_c
[0.230s] [ 12%] Built target ament_cmake_python_copy_walle_msg
[0.278s] [ 41%] Built target walle_msg__rosidl_typesupport_introspection_c
[0.278s] [ 41%] Built target walle_msg__rosidl_typesupport_cpp
[0.278s] [ 43%] Built target walle_msg__rosidl_typesupport_c
[0.279s] [ 53%] Built target walle_msg__rosidl_typesupport_fastrtps_cpp
[0.279s] [ 64%] Built target walle_msg__rosidl_typesupport_introspection_cpp
[0.309s] [ 74%] Built target walle_msg__rosidl_typesupport_fastrtps_c
[0.384s] [ 74%] Built target walle_msg
[0.459s] [ 76%] Built target walle_msg__py
[0.535s] [ 84%] Built target walle_msg__rosidl_generator_py
[0.613s] [100%] Built target walle_msg__rosidl_typesupport_introspection_c__pyext
[0.613s] [100%] Built target walle_msg__rosidl_typesupport_c__pyext
[0.613s] [100%] Built target walle_msg__rosidl_typesupport_fastrtps_c__pyext
[0.904s] running egg_info
[0.906s] writing walle_msg.egg-info/PKG-INFO
[0.907s] writing dependency_links to walle_msg.egg-info/dependency_links.txt
[0.907s] writing top-level names to walle_msg.egg-info/top_level.txt
[0.912s] reading manifest file 'walle_msg.egg-info/SOURCES.txt'
[0.914s] writing manifest file 'walle_msg.egg-info/SOURCES.txt'
[0.990s] [100%] Built target ament_cmake_python_build_walle_msg_egg
[1.026s] Invoked command in '/home/bojithakash68/sid_ws/build/walle_msg' returned '0': CMAKE_PREFIX_PATH=/opt/ros/humble /usr/bin/cmake --build /home/bojithakash68/sid_ws/build/walle_msg -- -j16 -l16
[1.057s] Invoking command in '/home/bojithakash68/sid_ws/build/walle_msg': CMAKE_PREFIX_PATH=/opt/ros/humble /usr/bin/cmake --install /home/bojithakash68/sid_ws/build/walle_msg
[1.079s] -- Install configuration: ""
[1.079s] -- Up-to-date: /home/bojithakash68/sid_ws/install/walle_msg/share/ament_index/resource_index/rosidl_interfaces/walle_msg
[1.079s] -- Up-to-date: /home/bojithakash68/sid_ws/install/walle_msg/include/walle_msg/walle_msg
[1.080s] -- Up-to-date: /home/bojithakash68/sid_ws/install/walle_msg/include/walle_msg/walle_msg/srv
[1.080s] -- Up-to-date: /home/bojithakash68/sid_ws/install/walle_msg/include/walle_msg/walle_msg/srv/add_two_ints.h
[1.080s] -- Up-to-date: /home/bojithakash68/sid_ws/install/walle_msg/include/walle_msg/walle_msg/srv/detail
[1.080s] -- Up-to-date: /home/bojithakash68/sid_ws/install/walle_msg/include/walle_msg/walle_msg/srv/detail/add_two_ints__functions.c
[1.080s] -- Up-to-date: /home/bojithakash68/sid_ws/install/walle_msg/include/walle_msg/walle_msg/srv/detail/add_two_ints__struct.h
[1.081s] -- Up-to-date: /home/bojithakash68/sid_ws/install/walle_msg/include/walle_msg/walle_msg/srv/detail/get_transform__struct.h
[1.081s] -- Up-to-date: /home/bojithakash68/sid_ws/install/walle_msg/include/walle_msg/walle_msg/srv/detail/get_transform__type_support.h
[1.081s] -- Up-to-date: /home/bojithakash68/sid_ws/install/walle_msg/include/walle_msg/walle_msg/srv/detail/add_two_ints__type_support.h
[1.081s] -- Up-to-date: /home/bojithakash68/sid_ws/install/walle_msg/include/walle_msg/walle_msg/srv/detail/add_two_ints__functions.h
[1.081s] -- Up-to-date: /home/bojithakash68/sid_ws/install/walle_msg/include/walle_msg/walle_msg/srv/detail/get_transform__functions.c
[1.081s] -- Up-to-date: /home/bojithakash68/sid_ws/install/walle_msg/include/walle_msg/walle_msg/srv/detail/get_transform__functions.h
[1.081s] -- Up-to-date: /home/bojithakash68/sid_ws/install/walle_msg/include/walle_msg/walle_msg/srv/get_transform.h
[1.082s] -- Up-to-date: /home/bojithakash68/sid_ws/install/walle_msg/include/walle_msg/walle_msg/msg
[1.082s] -- Up-to-date: /home/bojithakash68/sid_ws/install/walle_msg/include/walle_msg/walle_msg/msg/rosidl_generator_c__visibility_control.h
[1.082s] -- Up-to-date: /home/bojithakash68/sid_ws/install/walle_msg/share/walle_msg/environment/library_path.sh
[1.082s] -- Up-to-date: /home/bojithakash68/sid_ws/install/walle_msg/share/walle_msg/environment/library_path.dsv
[1.082s] -- Up-to-date: /home/bojithakash68/sid_ws/install/walle_msg/lib/libwalle_msg__rosidl_generator_c.so
[1.082s] -- Up-to-date: /home/bojithakash68/sid_ws/install/walle_msg/include/walle_msg/walle_msg
[1.083s] -- Up-to-date: /home/bojithakash68/sid_ws/install/walle_msg/include/walle_msg/walle_msg/srv
[1.083s] -- Up-to-date: /home/bojithakash68/sid_ws/install/walle_msg/include/walle_msg/walle_msg/srv/detail
[1.083s] -- Up-to-date: /home/bojithakash68/sid_ws/install/walle_msg/include/walle_msg/walle_msg/srv/detail/get_transform__rosidl_typesupport_fastrtps_c.h
[1.083s] -- Up-to-date: /home/bojithakash68/sid_ws/install/walle_msg/include/walle_msg/walle_msg/srv/detail/add_two_ints__rosidl_typesupport_fastrtps_c.h
[1.083s] -- Up-to-date: /home/bojithakash68/sid_ws/install/walle_msg/include/walle_msg/walle_msg/msg
[1.084s] -- Up-to-date: /home/bojithakash68/sid_ws/install/walle_msg/include/walle_msg/walle_msg/msg/rosidl_typesupport_fastrtps_c__visibility_control.h
[1.084s] -- Up-to-date: /home/bojithakash68/sid_ws/install/walle_msg/lib/libwalle_msg__rosidl_typesupport_fastrtps_c.so
[1.084s] -- Up-to-date: /home/bojithakash68/sid_ws/install/walle_msg/include/walle_msg/walle_msg
[1.084s] -- Up-to-date: /home/bojithakash68/sid_ws/install/walle_msg/include/walle_msg/walle_msg/srv
[1.084s] -- Up-to-date: /home/bojithakash68/sid_ws/install/walle_msg/include/walle_msg/walle_msg/srv/add_two_ints.hpp
[1.084s] -- Up-to-date: /home/bojithakash68/sid_ws/install/walle_msg/include/walle_msg/walle_msg/srv/get_transform.hpp
[1.084s] -- Up-to-date: /home/bojithakash68/sid_ws/install/walle_msg/include/walle_msg/walle_msg/srv/detail
[1.085s] -- Up-to-date: /home/bojithakash68/sid_ws/install/walle_msg/include/walle_msg/walle_msg/srv/detail/add_two_ints__type_support.hpp
[1.085s] -- Up-to-date: /home/bojithakash68/sid_ws/install/walle_msg/include/walle_msg/walle_msg/srv/detail/add_two_ints__traits.hpp
[1.085s] -- Up-to-date: /home/bojithakash68/sid_ws/install/walle_msg/include/walle_msg/walle_msg/srv/detail/get_transform__traits.hpp
[1.085s] -- Up-to-date: /home/bojithakash68/sid_ws/install/walle_msg/include/walle_msg/walle_msg/srv/detail/add_two_ints__struct.hpp
[1.085s] -- Up-to-date: /home/bojithakash68/sid_ws/install/walle_msg/include/walle_msg/walle_msg/srv/detail/get_transform__type_support.hpp
[1.085s] -- Up-to-date: /home/bojithakash68/sid_ws/install/walle_msg/include/walle_msg/walle_msg/srv/detail/add_two_ints__builder.hpp
[1.085s] -- Up-to-date: /home/bojithakash68/sid_ws/install/walle_msg/include/walle_msg/walle_msg/srv/detail/get_transform__builder.hpp
[1.086s] -- Up-to-date: /home/bojithakash68/sid_ws/install/walle_msg/include/walle_msg/walle_msg/srv/detail/get_transform__struct.hpp
[1.086s] -- Up-to-date: /home/bojithakash68/sid_ws/install/walle_msg/include/walle_msg/walle_msg/msg
[1.086s] -- Up-to-date: /home/bojithakash68/sid_ws/install/walle_msg/include/walle_msg/walle_msg/msg/rosidl_generator_cpp__visibility_control.hpp
[1.086s] -- Up-to-date: /home/bojithakash68/sid_ws/install/walle_msg/include/walle_msg/walle_msg
[1.086s] -- Up-to-date: /home/bojithakash68/sid_ws/install/walle_msg/include/walle_msg/walle_msg/srv
[1.086s] -- Up-to-date: /home/bojithakash68/sid_ws/install/walle_msg/include/walle_msg/walle_msg/srv/detail
[1.086s] -- Up-to-date: /home/bojithakash68/sid_ws/install/walle_msg/include/walle_msg/walle_msg/srv/detail/dds_fastrtps
[1.087s] -- Up-to-date: /home/bojithakash68/sid_ws/install/walle_msg/include/walle_msg/walle_msg/srv/detail/get_transform__rosidl_typesupport_fastrtps_cpp.hpp
[1.087s] -- Up-to-date: /home/bojithakash68/sid_ws/install/walle_msg/include/walle_msg/walle_msg/srv/detail/add_two_ints__rosidl_typesupport_fastrtps_cpp.hpp
[1.087s] -- Up-to-date: /home/bojithakash68/sid_ws/install/walle_msg/include/walle_msg/walle_msg/msg
[1.087s] -- Up-to-date: /home/bojithakash68/sid_ws/install/walle_msg/include/walle_msg/walle_msg/msg/rosidl_typesupport_fastrtps_cpp__visibility_control.h
[1.087s] -- Up-to-date: /home/bojithakash68/sid_ws/install/walle_msg/lib/libwalle_msg__rosidl_typesupport_fastrtps_cpp.so
[1.087s] -- Up-to-date: /home/bojithakash68/sid_ws/install/walle_msg/include/walle_msg/walle_msg
[1.087s] -- Up-to-date: /home/bojithakash68/sid_ws/install/walle_msg/include/walle_msg/walle_msg/srv
[1.088s] -- Up-to-date: /home/bojithakash68/sid_ws/install/walle_msg/include/walle_msg/walle_msg/srv/detail
[1.088s] -- Up-to-date: /home/bojithakash68/sid_ws/install/walle_msg/include/walle_msg/walle_msg/srv/detail/add_two_ints__type_support.c
[1.088s] -- Up-to-date: /home/bojithakash68/sid_ws/install/walle_msg/include/walle_msg/walle_msg/srv/detail/get_transform__type_support.c
[1.088s] -- Up-to-date: /home/bojithakash68/sid_ws/install/walle_msg/include/walle_msg/walle_msg/srv/detail/get_transform__rosidl_typesupport_introspection_c.h
[1.088s] -- Up-to-date: /home/bojithakash68/sid_ws/install/walle_msg/include/walle_msg/walle_msg/srv/detail/add_two_ints__rosidl_typesupport_introspection_c.h
[1.088s] -- Up-to-date: /home/bojithakash68/sid_ws/install/walle_msg/include/walle_msg/walle_msg/msg
[1.088s] -- Up-to-date: /home/bojithakash68/sid_ws/install/walle_msg/include/walle_msg/walle_msg/msg/rosidl_typesupport_introspection_c__visibility_control.h
[1.089s] -- Up-to-date: /home/bojithakash68/sid_ws/install/walle_msg/lib/libwalle_msg__rosidl_typesupport_introspection_c.so
[1.089s] -- Up-to-date: /home/bojithakash68/sid_ws/install/walle_msg/lib/libwalle_msg__rosidl_typesupport_c.so
[1.089s] -- Up-to-date: /home/bojithakash68/sid_ws/install/walle_msg/include/walle_msg/walle_msg
[1.089s] -- Up-to-date: /home/bojithakash68/sid_ws/install/walle_msg/include/walle_msg/walle_msg/srv
[1.089s] -- Up-to-date: /home/bojithakash68/sid_ws/install/walle_msg/include/walle_msg/walle_msg/srv/detail
[1.089s] -- Up-to-date: /home/bojithakash68/sid_ws/install/walle_msg/include/walle_msg/walle_msg/srv/detail/get_transform__rosidl_typesupport_introspection_cpp.hpp
[1.089s] -- Up-to-date: /home/bojithakash68/sid_ws/install/walle_msg/include/walle_msg/walle_msg/srv/detail/add_two_ints__type_support.cpp
[1.090s] -- Up-to-date: /home/bojithakash68/sid_ws/install/walle_msg/include/walle_msg/walle_msg/srv/detail/get_transform__type_support.cpp
[1.090s] -- Up-to-date: /home/bojithakash68/sid_ws/install/walle_msg/include/walle_msg/walle_msg/srv/detail/add_two_ints__rosidl_typesupport_introspection_cpp.hpp
[1.090s] -- Up-to-date: /home/bojithakash68/sid_ws/install/walle_msg/lib/libwalle_msg__rosidl_typesupport_introspection_cpp.so
[1.090s] -- Up-to-date: /home/bojithakash68/sid_ws/install/walle_msg/lib/libwalle_msg__rosidl_typesupport_cpp.so
[1.090s] -- Up-to-date: /home/bojithakash68/sid_ws/install/walle_msg/share/walle_msg/environment/pythonpath.sh
[1.090s] -- Up-to-date: /home/bojithakash68/sid_ws/install/walle_msg/share/walle_msg/environment/pythonpath.dsv
[1.090s] -- Up-to-date: /home/bojithakash68/sid_ws/install/walle_msg/local/lib/python3.10/dist-packages/walle_msg-0.0.0-py3.10.egg-info
[1.091s] -- Installing: /home/bojithakash68/sid_ws/install/walle_msg/local/lib/python3.10/dist-packages/walle_msg-0.0.0-py3.10.egg-info/PKG-INFO
[1.091s] -- Installing: /home/bojithakash68/sid_ws/install/walle_msg/local/lib/python3.10/dist-packages/walle_msg-0.0.0-py3.10.egg-info/dependency_links.txt
[1.091s] -- Installing: /home/bojithakash68/sid_ws/install/walle_msg/local/lib/python3.10/dist-packages/walle_msg-0.0.0-py3.10.egg-info/top_level.txt
[1.091s] -- Installing: /home/bojithakash68/sid_ws/install/walle_msg/local/lib/python3.10/dist-packages/walle_msg-0.0.0-py3.10.egg-info/SOURCES.txt
[1.091s] -- Up-to-date: /home/bojithakash68/sid_ws/install/walle_msg/local/lib/python3.10/dist-packages/walle_msg
[1.091s] -- Up-to-date: /home/bojithakash68/sid_ws/install/walle_msg/local/lib/python3.10/dist-packages/walle_msg/srv
[1.092s] -- Up-to-date: /home/bojithakash68/sid_ws/install/walle_msg/local/lib/python3.10/dist-packages/walle_msg/srv/_add_two_ints.py
[1.092s] -- Up-to-date: /home/bojithakash68/sid_ws/install/walle_msg/local/lib/python3.10/dist-packages/walle_msg/srv/_get_transform.py
[1.092s] -- Up-to-date: /home/bojithakash68/sid_ws/install/walle_msg/local/lib/python3.10/dist-packages/walle_msg/srv/__init__.py
[1.092s] -- Up-to-date: /home/bojithakash68/sid_ws/install/walle_msg/local/lib/python3.10/dist-packages/walle_msg/srv/_get_transform_s.c
[1.092s] -- Up-to-date: /home/bojithakash68/sid_ws/install/walle_msg/local/lib/python3.10/dist-packages/walle_msg/srv/_add_two_ints_s.c
[1.092s] -- Up-to-date: /home/bojithakash68/sid_ws/install/walle_msg/local/lib/python3.10/dist-packages/walle_msg/_walle_msg_s.ep.rosidl_typesupport_introspection_c.c
[1.092s] -- Up-to-date: /home/bojithakash68/sid_ws/install/walle_msg/local/lib/python3.10/dist-packages/walle_msg/walle_msg_s__rosidl_typesupport_c.cpython-310-x86_64-linux-gnu.so
[1.093s] -- Up-to-date: /home/bojithakash68/sid_ws/install/walle_msg/local/lib/python3.10/dist-packages/walle_msg/walle_msg_s__rosidl_typesupport_introspection_c.cpython-310-x86_64-linux-gnu.so
[1.093s] -- Up-to-date: /home/bojithakash68/sid_ws/install/walle_msg/local/lib/python3.10/dist-packages/walle_msg/_walle_msg_s.ep.rosidl_typesupport_c.c
[1.093s] -- Up-to-date: /home/bojithakash68/sid_ws/install/walle_msg/local/lib/python3.10/dist-packages/walle_msg/_walle_msg_s.ep.rosidl_typesupport_fastrtps_c.c
[1.093s] -- Up-to-date: /home/bojithakash68/sid_ws/install/walle_msg/local/lib/python3.10/dist-packages/walle_msg/libwalle_msg__rosidl_generator_py.so
[1.093s] -- Up-to-date: /home/bojithakash68/sid_ws/install/walle_msg/local/lib/python3.10/dist-packages/walle_msg/__init__.py
[1.093s] -- Up-to-date: /home/bojithakash68/sid_ws/install/walle_msg/local/lib/python3.10/dist-packages/walle_msg/walle_msg_s__rosidl_typesupport_fastrtps_c.cpython-310-x86_64-linux-gnu.so
[1.167s] Listing '/home/bojithakash68/sid_ws/install/walle_msg/local/lib/python3.10/dist-packages/walle_msg'...
[1.168s] Listing '/home/bojithakash68/sid_ws/install/walle_msg/local/lib/python3.10/dist-packages/walle_msg/srv'...
[1.177s] -- Up-to-date: /home/bojithakash68/sid_ws/install/walle_msg/local/lib/python3.10/dist-packages/walle_msg/walle_msg_s__rosidl_typesupport_fastrtps_c.cpython-310-x86_64-linux-gnu.so
[1.178s] -- Up-to-date: /home/bojithakash68/sid_ws/install/walle_msg/local/lib/python3.10/dist-packages/walle_msg/walle_msg_s__rosidl_typesupport_introspection_c.cpython-310-x86_64-linux-gnu.so
[1.178s] -- Up-to-date: /home/bojithakash68/sid_ws/install/walle_msg/local/lib/python3.10/dist-packages/walle_msg/walle_msg_s__rosidl_typesupport_c.cpython-310-x86_64-linux-gnu.so
[1.179s] -- Up-to-date: /home/bojithakash68/sid_ws/install/walle_msg/lib/libwalle_msg__rosidl_generator_py.so
[1.180s] -- Up-to-date: /home/bojithakash68/sid_ws/install/walle_msg/share/walle_msg/srv/AddTwoInts.idl
[1.180s] -- Up-to-date: /home/bojithakash68/sid_ws/install/walle_msg/share/walle_msg/srv/GetTransform.idl
[1.181s] -- Up-to-date: /home/bojithakash68/sid_ws/install/walle_msg/share/walle_msg/srv/AddTwoInts.srv
[1.181s] -- Up-to-date: /home/bojithakash68/sid_ws/install/walle_msg/share/walle_msg/srv/AddTwoInts_Request.msg
[1.181s] -- Up-to-date: /home/bojithakash68/sid_ws/install/walle_msg/share/walle_msg/srv/AddTwoInts_Response.msg
[1.181s] -- Up-to-date: /home/bojithakash68/sid_ws/install/walle_msg/share/walle_msg/srv/GetTransform.srv
[1.182s] -- Up-to-date: /home/bojithakash68/sid_ws/install/walle_msg/share/walle_msg/srv/GetTransform_Request.msg
[1.182s] -- Up-to-date: /home/bojithakash68/sid_ws/install/walle_msg/share/walle_msg/srv/GetTransform_Response.msg
[1.182s] -- Up-to-date: /home/bojithakash68/sid_ws/install/walle_msg/share/ament_index/resource_index/package_run_dependencies/walle_msg
[1.182s] -- Up-to-date: /home/bojithakash68/sid_ws/install/walle_msg/share/ament_index/resource_index/parent_prefix_path/walle_msg
[1.182s] -- Up-to-date: /home/bojithakash68/sid_ws/install/walle_msg/share/walle_msg/environment/ament_prefix_path.sh
[1.183s] -- Up-to-date: /home/bojithakash68/sid_ws/install/walle_msg/share/walle_msg/environment/ament_prefix_path.dsv
[1.183s] -- Up-to-date: /home/bojithakash68/sid_ws/install/walle_msg/share/walle_msg/environment/path.sh
[1.183s] -- Up-to-date: /home/bojithakash68/sid_ws/install/walle_msg/share/walle_msg/environment/path.dsv
[1.184s] -- Up-to-date: /home/bojithakash68/sid_ws/install/walle_msg/share/walle_msg/local_setup.bash
[1.184s] -- Up-to-date: /home/bojithakash68/sid_ws/install/walle_msg/share/walle_msg/local_setup.sh
[1.184s] -- Up-to-date: /home/bojithakash68/sid_ws/install/walle_msg/share/walle_msg/local_setup.zsh
[1.184s] -- Up-to-date: /home/bojithakash68/sid_ws/install/walle_msg/share/walle_msg/local_setup.dsv
[1.185s] -- Installing: /home/bojithakash68/sid_ws/install/walle_msg/share/walle_msg/package.dsv
[1.185s] -- Up-to-date: /home/bojithakash68/sid_ws/install/walle_msg/share/ament_index/resource_index/packages/walle_msg
[1.185s] -- Up-to-date: /home/bojithakash68/sid_ws/install/walle_msg/share/walle_msg/cmake/export_walle_msg__rosidl_generator_cExport.cmake
[1.185s] -- Up-to-date: /home/bojithakash68/sid_ws/install/walle_msg/share/walle_msg/cmake/export_walle_msg__rosidl_generator_cExport-noconfig.cmake
[1.186s] -- Up-to-date: /home/bojithakash68/sid_ws/install/walle_msg/share/walle_msg/cmake/export_walle_msg__rosidl_typesupport_fastrtps_cExport.cmake
[1.186s] -- Up-to-date: /home/bojithakash68/sid_ws/install/walle_msg/share/walle_msg/cmake/export_walle_msg__rosidl_typesupport_fastrtps_cExport-noconfig.cmake
[1.186s] -- Up-to-date: /home/bojithakash68/sid_ws/install/walle_msg/share/walle_msg/cmake/export_walle_msg__rosidl_generator_cppExport.cmake
[1.186s] -- Up-to-date: /home/bojithakash68/sid_ws/install/walle_msg/share/walle_msg/cmake/export_walle_msg__rosidl_typesupport_fastrtps_cppExport.cmake
[1.186s] -- Up-to-date: /home/bojithakash68/sid_ws/install/walle_msg/share/walle_msg/cmake/export_walle_msg__rosidl_typesupport_fastrtps_cppExport-noconfig.cmake
[1.187s] -- Up-to-date: /home/bojithakash68/sid_ws/install/walle_msg/share/walle_msg/cmake/walle_msg__rosidl_typesupport_introspection_cExport.cmake
[1.187s] -- Up-to-date: /home/bojithakash68/sid_ws/install/walle_msg/share/walle_msg/cmake/walle_msg__rosidl_typesupport_introspection_cExport-noconfig.cmake
[1.187s] -- Up-to-date: /home/bojithakash68/sid_ws/install/walle_msg/share/walle_msg/cmake/walle_msg__rosidl_typesupport_cExport.cmake
[1.187s] -- Up-to-date: /home/bojithakash68/sid_ws/install/walle_msg/share/walle_msg/cmake/walle_msg__rosidl_typesupport_cExport-noconfig.cmake
[1.187s] -- Up-to-date: /home/bojithakash68/sid_ws/install/walle_msg/share/walle_msg/cmake/walle_msg__rosidl_typesupport_introspection_cppExport.cmake
[1.187s] -- Up-to-date: /home/bojithakash68/sid_ws/install/walle_msg/share/walle_msg/cmake/walle_msg__rosidl_typesupport_introspection_cppExport-noconfig.cmake
[1.187s] -- Up-to-date: /home/bojithakash68/sid_ws/install/walle_msg/share/walle_msg/cmake/walle_msg__rosidl_typesupport_cppExport.cmake
[1.187s] -- Up-to-date: /home/bojithakash68/sid_ws/install/walle_msg/share/walle_msg/cmake/walle_msg__rosidl_typesupport_cppExport-noconfig.cmake
[1.188s] -- Up-to-date: /home/bojithakash68/sid_ws/install/walle_msg/share/walle_msg/cmake/export_walle_msg__rosidl_generator_pyExport.cmake
[1.188s] -- Up-to-date: /home/bojithakash68/sid_ws/install/walle_msg/share/walle_msg/cmake/export_walle_msg__rosidl_generator_pyExport-noconfig.cmake
[1.188s] -- Up-to-date: /home/bojithakash68/sid_ws/install/walle_msg/share/walle_msg/cmake/rosidl_cmake-extras.cmake
[1.188s] -- Up-to-date: /home/bojithakash68/sid_ws/install/walle_msg/share/walle_msg/cmake/ament_cmake_export_dependencies-extras.cmake
[1.188s] -- Up-to-date: /home/bojithakash68/sid_ws/install/walle_msg/share/walle_msg/cmake/ament_cmake_export_include_directories-extras.cmake
[1.188s] -- Up-to-date: /home/bojithakash68/sid_ws/install/walle_msg/share/walle_msg/cmake/ament_cmake_export_libraries-extras.cmake
[1.188s] -- Up-to-date: /home/bojithakash68/sid_ws/install/walle_msg/share/walle_msg/cmake/ament_cmake_export_targets-extras.cmake
[1.188s] -- Up-to-date: /home/bojithakash68/sid_ws/install/walle_msg/share/walle_msg/cmake/rosidl_cmake_export_typesupport_targets-extras.cmake
[1.188s] -- Up-to-date: /home/bojithakash68/sid_ws/install/walle_msg/share/walle_msg/cmake/rosidl_cmake_export_typesupport_libraries-extras.cmake
[1.189s] -- Up-to-date: /home/bojithakash68/sid_ws/install/walle_msg/share/walle_msg/cmake/walle_msgConfig.cmake
[1.189s] -- Up-to-date: /home/bojithakash68/sid_ws/install/walle_msg/share/walle_msg/cmake/walle_msgConfig-version.cmake
[1.189s] -- Up-to-date: /home/bojithakash68/sid_ws/install/walle_msg/share/walle_msg/package.xml
[1.193s] Invoked command in '/home/bojithakash68/sid_ws/build/walle_msg' returned '0': CMAKE_PREFIX_PATH=/opt/ros/humble /usr/bin/cmake --install /home/bojithakash68/sid_ws/build/walle_msg
