[0.774s] Invoking command in '/home/bojithakash68/sid_ws/src/walle_description': PYTHONPATH=/home/bojithakash68/sid_ws/build/walle_description/prefix_override:/usr/lib/python3/dist-packages/colcon_core/task/python/colcon_distutils_commands:/home/bojithakash68/sid_ws/install/walle_description/lib/python3.10/site-packages:${PYTHONPATH} /usr/bin/python3 -W ignore:setup.py install is deprecated -W ignore:easy_install command is deprecated setup.py egg_info --egg-base ../../build/walle_description build --build-base /home/bojithakash68/sid_ws/build/walle_description/build install --record /home/bojithakash68/sid_ws/build/walle_description/install.log --single-version-externally-managed install_data
[0.987s] running egg_info
[0.987s] writing ../../build/walle_description/walle_description.egg-info/PKG-INFO
[0.987s] writing dependency_links to ../../build/walle_description/walle_description.egg-info/dependency_links.txt
[0.987s] writing entry points to ../../build/walle_description/walle_description.egg-info/entry_points.txt
[0.987s] writing requirements to ../../build/walle_description/walle_description.egg-info/requires.txt
[0.987s] writing top-level names to ../../build/walle_description/walle_description.egg-info/top_level.txt
[0.989s] reading manifest file '../../build/walle_description/walle_description.egg-info/SOURCES.txt'
[0.991s] writing manifest file '../../build/walle_description/walle_description.egg-info/SOURCES.txt'
[0.991s] running build
[0.991s] running build_py
[0.991s] running install
[0.991s] running install_lib
[0.992s] running install_data
[0.994s] running install_egg_info
[0.995s] removing '/home/bojithakash68/sid_ws/install/walle_description/lib/python3.10/site-packages/walle_description-0.0.0-py3.10.egg-info' (and everything under it)
[0.996s] Copying ../../build/walle_description/walle_description.egg-info to /home/bojithakash68/sid_ws/install/walle_description/lib/python3.10/site-packages/walle_description-0.0.0-py3.10.egg-info
[0.997s] running install_scripts
[1.012s] writing list of installed files to '/home/bojithakash68/sid_ws/build/walle_description/install.log'
[1.033s] Invoked command in '/home/bojithakash68/sid_ws/src/walle_description' returned '0': PYTHONPATH=/home/bojithakash68/sid_ws/build/walle_description/prefix_override:/usr/lib/python3/dist-packages/colcon_core/task/python/colcon_distutils_commands:/home/bojithakash68/sid_ws/install/walle_description/lib/python3.10/site-packages:${PYTHONPATH} /usr/bin/python3 -W ignore:setup.py install is deprecated -W ignore:easy_install command is deprecated setup.py egg_info --egg-base ../../build/walle_description build --build-base /home/bojithakash68/sid_ws/build/walle_description/build install --record /home/bojithakash68/sid_ws/build/walle_description/install.log --single-version-externally-managed install_data
